<?xml version="1.0" encoding="UTF-8"?>
<testsuite xmlns:xsi="http://www.w3.org/2001/XMLSchema-instance" xsi:noNamespaceSchemaLocation="https://maven.apache.org/surefire/maven-failsafe-plugin/xsd/failsafe-test-report-3.0.xsd" version="3.0" name="starter.CucumberTestSuite" time="29.004" tests="18" errors="0" skipped="0" failures="0">
  <properties>
    <property name="java.specification.version" value="19"/>
    <property name="sun.cpu.isalist" value="amd64"/>
    <property name="sun.jnu.encoding" value="Cp1252"/>
    <property name="java.class.path" value="E:\RestAPi\target\test-classes;C:\Users\GITA\.m2\repository\net\serenity-bdd\serenity-core\3.5.1\serenity-core-3.5.1.jar;C:\Users\GITA\.m2\repository\net\serenity-bdd\serenity-model\3.5.1\serenity-model-3.5.1.jar;C:\Users\GITA\.m2\repository\org\apache\commons\commons-text\1.10.0\commons-text-1.10.0.jar;C:\Users\GITA\.m2\repository\commons-net\commons-net\3.8.0\commons-net-3.8.0.jar;C:\Users\GITA\.m2\repository\com\google\guava\guava\31.1-jre\guava-31.1-jre.jar;C:\Users\GITA\.m2\repository\com\google\guava\failureaccess\1.0.1\failureaccess-1.0.1.jar;C:\Users\GITA\.m2\repository\com\google\guava\listenablefuture\9999.0-empty-to-avoid-conflict-with-guava\listenablefuture-9999.0-empty-to-avoid-conflict-with-guava.jar;C:\Users\GITA\.m2\repository\com\google\code\findbugs\jsr305\3.0.2\jsr305-3.0.2.jar;C:\Users\GITA\.m2\repository\org\checkerframework\checker-qual\3.12.0\checker-qual-3.12.0.jar;C:\Users\GITA\.m2\repository\com\google\errorprone\error_prone_annotations\2.11.0\error_prone_annotations-2.11.0.jar;C:\Users\GITA\.m2\repository\com\google\j2objc\j2objc-annotations\1.3\j2objc-annotations-1.3.jar;C:\Users\GITA\.m2\repository\com\google\inject\guice\5.1.0\guice-5.1.0.jar;C:\Users\GITA\.m2\repository\javax\inject\javax.inject\1\javax.inject-1.jar;C:\Users\GITA\.m2\repository\aopalliance\aopalliance\1.0\aopalliance-1.0.jar;C:\Users\GITA\.m2\repository\org\jsoup\jsoup\1.14.3\jsoup-1.14.3.jar;C:\Users\GITA\.m2\repository\com\thoughtworks\xstream\xstream\1.4.19\xstream-1.4.19.jar;C:\Users\GITA\.m2\repository\io\github\x-stream\mxparser\1.2.2\mxparser-1.2.2.jar;C:\Users\GITA\.m2\repository\xmlpull\xmlpull\1.1.3.1\xmlpull-1.1.3.1.jar;C:\Users\GITA\.m2\repository\com\typesafe\config\1.4.2\config-1.4.2.jar;C:\Users\GITA\.m2\repository\org\imgscalr\imgscalr-lib\4.2\imgscalr-lib-4.2.jar;C:\Users\GITA\.m2\repository\org\awaitility\awaitility\4.2.0\awaitility-4.2.0.jar;C:\Users\GITA\.m2\repository\org\freemarker\freemarker\2.3.31\freemarker-2.3.31.jar;C:\Users\GITA\.m2\repository\io\github\classgraph\classgraph\4.8.138\classgraph-4.8.138.jar;C:\Users\GITA\.m2\repository\net\sourceforge\jexcelapi\jxl\2.6.12\jxl-2.6.12.jar;C:\Users\GITA\.m2\repository\net\bytebuddy\byte-buddy-agent\1.12.18\byte-buddy-agent-1.12.18.jar;C:\Users\GITA\.m2\repository\org\objenesis\objenesis\3.1\objenesis-3.1.jar;C:\Users\GITA\.m2\repository\net\serenity-bdd\serenity-reports\3.5.1\serenity-reports-3.5.1.jar;C:\Users\GITA\.m2\repository\net\serenity-bdd\serenity-stats\3.5.1\serenity-stats-3.5.1.jar;C:\Users\GITA\.m2\repository\net\serenity-bdd\serenity-reports-configuration\3.5.1\serenity-reports-configuration-3.5.1.jar;C:\Users\GITA\.m2\repository\com\vladsch\flexmark\flexmark-all\0.34.30\flexmark-all-0.34.30.jar;C:\Users\GITA\.m2\repository\com\vladsch\flexmark\flexmark\0.34.30\flexmark-0.34.30.jar;C:\Users\GITA\.m2\repository\com\vladsch\flexmark\flexmark-ext-abbreviation\0.34.30\flexmark-ext-abbreviation-0.34.30.jar;C:\Users\GITA\.m2\repository\com\vladsch\flexmark\flexmark-ext-admonition\0.34.30\flexmark-ext-admonition-0.34.30.jar;C:\Users\GITA\.m2\repository\com\vladsch\flexmark\flexmark-ext-anchorlink\0.34.30\flexmark-ext-anchorlink-0.34.30.jar;C:\Users\GITA\.m2\repository\com\vladsch\flexmark\flexmark-ext-aside\0.34.30\flexmark-ext-aside-0.34.30.jar;C:\Users\GITA\.m2\repository\com\vladsch\flexmark\flexmark-ext-attributes\0.34.30\flexmark-ext-attributes-0.34.30.jar;C:\Users\GITA\.m2\repository\com\vladsch\flexmark\flexmark-ext-autolink\0.34.30\flexmark-ext-autolink-0.34.30.jar;C:\Users\GITA\.m2\repository\org\nibor\autolink\autolink\0.6.0\autolink-0.6.0.jar;C:\Users\GITA\.m2\repository\com\vladsch\flexmark\flexmark-ext-definition\0.34.30\flexmark-ext-definition-0.34.30.jar;C:\Users\GITA\.m2\repository\com\vladsch\flexmark\flexmark-ext-emoji\0.34.30\flexmark-ext-emoji-0.34.30.jar;C:\Users\GITA\.m2\repository\com\vladsch\flexmark\flexmark-ext-enumerated-reference\0.34.30\flexmark-ext-enumerated-reference-0.34.30.jar;C:\Users\GITA\.m2\repository\com\vladsch\flexmark\flexmark-ext-escaped-character\0.34.30\flexmark-ext-escaped-character-0.34.30.jar;C:\Users\GITA\.m2\repository\com\vladsch\flexmark\flexmark-ext-footnotes\0.34.30\flexmark-ext-footnotes-0.34.30.jar;C:\Users\GITA\.m2\repository\com\vladsch\flexmark\flexmark-ext-gfm-issues\0.34.30\flexmark-ext-gfm-issues-0.34.30.jar;C:\Users\GITA\.m2\repository\com\vladsch\flexmark\flexmark-ext-gfm-strikethrough\0.34.30\flexmark-ext-gfm-strikethrough-0.34.30.jar;C:\Users\GITA\.m2\repository\com\vladsch\flexmark\flexmark-ext-gfm-tables\0.34.30\flexmark-ext-gfm-tables-0.34.30.jar;C:\Users\GITA\.m2\repository\com\vladsch\flexmark\flexmark-ext-gfm-tasklist\0.34.30\flexmark-ext-gfm-tasklist-0.34.30.jar;C:\Users\GITA\.m2\repository\com\vladsch\flexmark\flexmark-ext-gfm-users\0.34.30\flexmark-ext-gfm-users-0.34.30.jar;C:\Users\GITA\.m2\repository\com\vladsch\flexmark\flexmark-ext-gitlab\0.34.30\flexmark-ext-gitlab-0.34.30.jar;C:\Users\GITA\.m2\repository\com\vladsch\flexmark\flexmark-ext-jekyll-front-matter\0.34.30\flexmark-ext-jekyll-front-matter-0.34.30.jar;C:\Users\GITA\.m2\repository\com\vladsch\flexmark\flexmark-ext-jekyll-tag\0.34.30\flexmark-ext-jekyll-tag-0.34.30.jar;C:\Users\GITA\.m2\repository\com\vladsch\flexmark\flexmark-ext-media-tags\0.34.30\flexmark-ext-media-tags-0.34.30.jar;C:\Users\GITA\.m2\repository\com\vladsch\flexmark\flexmark-test-util\0.34.30\flexmark-test-util-0.34.30.jar;C:\Users\GITA\.m2\repository\com\vladsch\flexmark\flexmark-ext-ins\0.34.30\flexmark-ext-ins-0.34.30.jar;C:\Users\GITA\.m2\repository\com\vladsch\flexmark\flexmark-ext-xwiki-macros\0.34.30\flexmark-ext-xwiki-macros-0.34.30.jar;C:\Users\GITA\.m2\repository\com\vladsch\flexmark\flexmark-ext-superscript\0.34.30\flexmark-ext-superscript-0.34.30.jar;C:\Users\GITA\.m2\repository\com\vladsch\flexmark\flexmark-ext-tables\0.34.30\flexmark-ext-tables-0.34.30.jar;C:\Users\GITA\.m2\repository\com\vladsch\flexmark\flexmark-ext-toc\0.34.30\flexmark-ext-toc-0.34.30.jar;C:\Users\GITA\.m2\repository\com\vladsch\flexmark\flexmark-ext-typographic\0.34.30\flexmark-ext-typographic-0.34.30.jar;C:\Users\GITA\.m2\repository\com\vladsch\flexmark\flexmark-ext-wikilink\0.34.30\flexmark-ext-wikilink-0.34.30.jar;C:\Users\GITA\.m2\repository\com\vladsch\flexmark\flexmark-ext-yaml-front-matter\0.34.30\flexmark-ext-yaml-front-matter-0.34.30.jar;C:\Users\GITA\.m2\repository\com\vladsch\flexmark\flexmark-ext-youtube-embedded\0.34.30\flexmark-ext-youtube-embedded-0.34.30.jar;C:\Users\GITA\.m2\repository\com\vladsch\flexmark\flexmark-formatter\0.34.30\flexmark-formatter-0.34.30.jar;C:\Users\GITA\.m2\repository\com\vladsch\flexmark\flexmark-html-parser\0.34.30\flexmark-html-parser-0.34.30.jar;C:\Users\GITA\.m2\repository\com\vladsch\flexmark\flexmark-jira-converter\0.34.30\flexmark-jira-converter-0.34.30.jar;C:\Users\GITA\.m2\repository\com\vladsch\flexmark\flexmark-pdf-converter\0.34.30\flexmark-pdf-converter-0.34.30.jar;C:\Users\GITA\.m2\repository\com\openhtmltopdf\openhtmltopdf-core\0.0.1-RC13\openhtmltopdf-core-0.0.1-RC13.jar;C:\Users\GITA\.m2\repository\com\openhtmltopdf\openhtmltopdf-pdfbox\0.0.1-RC13\openhtmltopdf-pdfbox-0.0.1-RC13.jar;C:\Users\GITA\.m2\repository\org\apache\pdfbox\pdfbox\2.0.8\pdfbox-2.0.8.jar;C:\Users\GITA\.m2\repository\org\apache\pdfbox\fontbox\2.0.8\fontbox-2.0.8.jar;C:\Users\GITA\.m2\repository\org\apache\pdfbox\xmpbox\2.0.8\xmpbox-2.0.8.jar;C:\Users\GITA\.m2\repository\de\rototor\pdfbox\graphics2d\0.12\graphics2d-0.12.jar;C:\Users\GITA\.m2\repository\com\openhtmltopdf\openhtmltopdf-rtl-support\0.0.1-RC13\openhtmltopdf-rtl-support-0.0.1-RC13.jar;C:\Users\GITA\.m2\repository\com\ibm\icu\icu4j\59.1\icu4j-59.1.jar;C:\Users\GITA\.m2\repository\com\openhtmltopdf\openhtmltopdf-jsoup-dom-converter\0.0.1-RC13\openhtmltopdf-jsoup-dom-converter-0.0.1-RC13.jar;C:\Users\GITA\.m2\repository\com\vladsch\flexmark\flexmark-profile-pegdown\0.34.30\flexmark-profile-pegdown-0.34.30.jar;C:\Users\GITA\.m2\repository\com\vladsch\flexmark\flexmark-util\0.34.30\flexmark-util-0.34.30.jar;C:\Users\GITA\.m2\repository\com\vladsch\flexmark\flexmark-youtrack-converter\0.34.30\flexmark-youtrack-converter-0.34.30.jar;C:\Users\GITA\.m2\repository\es\nitaur\markdown\txtmark\0.16\txtmark-0.16.jar;C:\Users\GITA\.m2\repository\net\serenity-bdd\serenity-report-resources\3.5.1\serenity-report-resources-3.5.1.jar;C:\Users\GITA\.m2\repository\com\google\code\gson\gson\2.9.0\gson-2.9.0.jar;C:\Users\GITA\.m2\repository\com\fasterxml\jackson\core\jackson-core\2.13.4\jackson-core-2.13.4.jar;C:\Users\GITA\.m2\repository\com\fasterxml\jackson\core\jackson-databind\2.13.4\jackson-databind-2.13.4.jar;C:\Users\GITA\.m2\repository\com\fasterxml\jackson\core\jackson-annotations\2.13.4\jackson-annotations-2.13.4.jar;C:\Users\GITA\.m2\repository\commons-codec\commons-codec\1.15\commons-codec-1.15.jar;C:\Users\GITA\.m2\repository\commons-io\commons-io\2.11.0\commons-io-2.11.0.jar;C:\Users\GITA\.m2\repository\org\apache\httpcomponents\httpclient\4.5.13\httpclient-4.5.13.jar;C:\Users\GITA\.m2\repository\org\apache\httpcomponents\httpcore\4.4.13\httpcore-4.4.13.jar;C:\Users\GITA\.m2\repository\commons-logging\commons-logging\1.2\commons-logging-1.2.jar;C:\Users\GITA\.m2\repository\org\seleniumhq\selenium\selenium-java\4.7.1\selenium-java-4.7.1.jar;C:\Users\GITA\.m2\repository\org\seleniumhq\selenium\selenium-devtools-v106\4.7.1\selenium-devtools-v106-4.7.1.jar;C:\Users\GITA\.m2\repository\org\seleniumhq\selenium\selenium-devtools-v107\4.7.1\selenium-devtools-v107-4.7.1.jar;C:\Users\GITA\.m2\repository\org\seleniumhq\selenium\selenium-devtools-v108\4.7.1\selenium-devtools-v108-4.7.1.jar;C:\Users\GITA\.m2\repository\org\seleniumhq\selenium\selenium-devtools-v85\4.7.1\selenium-devtools-v85-4.7.1.jar;C:\Users\GITA\.m2\repository\org\seleniumhq\selenium\selenium-remote-driver\4.7.1\selenium-remote-driver-4.7.1.jar;C:\Users\GITA\.m2\repository\com\beust\jcommander\1.82\jcommander-1.82.jar;C:\Users\GITA\.m2\repository\io\netty\netty-buffer\4.1.84.Final\netty-buffer-4.1.84.Final.jar;C:\Users\GITA\.m2\repository\io\netty\netty-codec-http\4.1.84.Final\netty-codec-http-4.1.84.Final.jar;C:\Users\GITA\.m2\repository\io\netty\netty-codec\4.1.84.Final\netty-codec-4.1.84.Final.jar;C:\Users\GITA\.m2\repository\io\netty\netty-handler\4.1.84.Final\netty-handler-4.1.84.Final.jar;C:\Users\GITA\.m2\repository\io\netty\netty-common\4.1.84.Final\netty-common-4.1.84.Final.jar;C:\Users\GITA\.m2\repository\io\netty\netty-transport-classes-epoll\4.1.84.Final\netty-transport-classes-epoll-4.1.84.Final.jar;C:\Users\GITA\.m2\repository\io\netty\netty-transport-classes-kqueue\4.1.84.Final\netty-transport-classes-kqueue-4.1.84.Final.jar;C:\Users\GITA\.m2\repository\io\netty\netty-transport-native-epoll\4.1.84.Final\netty-transport-native-epoll-4.1.84.Final.jar;C:\Users\GITA\.m2\repository\io\netty\netty-transport-native-kqueue\4.1.84.Final\netty-transport-native-kqueue-4.1.84.Final.jar;C:\Users\GITA\.m2\repository\io\netty\netty-transport-native-unix-common\4.1.84.Final\netty-transport-native-unix-common-4.1.84.Final.jar;C:\Users\GITA\.m2\repository\io\netty\netty-transport\4.1.84.Final\netty-transport-4.1.84.Final.jar;C:\Users\GITA\.m2\repository\io\netty\netty-resolver\4.1.84.Final\netty-resolver-4.1.84.Final.jar;C:\Users\GITA\.m2\repository\io\opentelemetry\opentelemetry-api\1.19.0\opentelemetry-api-1.19.0.jar;C:\Users\GITA\.m2\repository\io\opentelemetry\opentelemetry-context\1.19.0\opentelemetry-context-1.19.0.jar;C:\Users\GITA\.m2\repository\io\opentelemetry\opentelemetry-exporter-logging\1.19.0\opentelemetry-exporter-logging-1.19.0.jar;C:\Users\GITA\.m2\repository\io\opentelemetry\opentelemetry-sdk-metrics\1.19.0\opentelemetry-sdk-metrics-1.19.0.jar;C:\Users\GITA\.m2\repository\io\opentelemetry\opentelemetry-sdk-logs\1.19.0-alpha\opentelemetry-sdk-logs-1.19.0-alpha.jar;C:\Users\GITA\.m2\repository\io\opentelemetry\opentelemetry-api-logs\1.19.0-alpha\opentelemetry-api-logs-1.19.0-alpha.jar;C:\Users\GITA\.m2\repository\io\opentelemetry\opentelemetry-sdk-common\1.19.0\opentelemetry-sdk-common-1.19.0.jar;C:\Users\GITA\.m2\repository\io\opentelemetry\opentelemetry-sdk-extension-autoconfigure-spi\1.19.0\opentelemetry-sdk-extension-autoconfigure-spi-1.19.0.jar;C:\Users\GITA\.m2\repository\io\opentelemetry\opentelemetry-sdk-extension-autoconfigure\1.19.0-alpha\opentelemetry-sdk-extension-autoconfigure-1.19.0-alpha.jar;C:\Users\GITA\.m2\repository\io\opentelemetry\opentelemetry-exporter-common\1.19.0\opentelemetry-exporter-common-1.19.0.jar;C:\Users\GITA\.m2\repository\io\opentelemetry\opentelemetry-sdk-trace\1.19.0\opentelemetry-sdk-trace-1.19.0.jar;C:\Users\GITA\.m2\repository\io\opentelemetry\opentelemetry-sdk\1.19.0\opentelemetry-sdk-1.19.0.jar;C:\Users\GITA\.m2\repository\io\opentelemetry\opentelemetry-semconv\1.19.0-alpha\opentelemetry-semconv-1.19.0-alpha.jar;C:\Users\GITA\.m2\repository\io\ous\jtoml\2.0.0\jtoml-2.0.0.jar;C:\Users\GITA\.m2\repository\org\apache\commons\commons-exec\1.3\commons-exec-1.3.jar;C:\Users\GITA\.m2\repository\org\asynchttpclient\async-http-client\2.12.3\async-http-client-2.12.3.jar;C:\Users\GITA\.m2\repository\org\asynchttpclient\async-http-client-netty-utils\2.12.3\async-http-client-netty-utils-2.12.3.jar;C:\Users\GITA\.m2\repository\io\netty\netty-codec-socks\4.1.60.Final\netty-codec-socks-4.1.60.Final.jar;C:\Users\GITA\.m2\repository\io\netty\netty-handler-proxy\4.1.60.Final\netty-handler-proxy-4.1.60.Final.jar;C:\Users\GITA\.m2\repository\io\netty\netty-transport-native-epoll\4.1.60.Final\netty-transport-native-epoll-4.1.60.Final-linux-x86_64.jar;C:\Users\GITA\.m2\repository\io\netty\netty-transport-native-kqueue\4.1.60.Final\netty-transport-native-kqueue-4.1.60.Final-osx-x86_64.jar;C:\Users\GITA\.m2\repository\org\reactivestreams\reactive-streams\1.0.3\reactive-streams-1.0.3.jar;C:\Users\GITA\.m2\repository\com\typesafe\netty\netty-reactive-streams\2.0.4\netty-reactive-streams-2.0.4.jar;C:\Users\GITA\.m2\repository\org\seleniumhq\selenium\selenium-manager\4.7.1\selenium-manager-4.7.1.jar;C:\Users\GITA\.m2\repository\org\seleniumhq\selenium\selenium-safari-driver\4.7.1\selenium-safari-driver-4.7.1.jar;C:\Users\GITA\.m2\repository\org\seleniumhq\selenium\selenium-api\4.7.1\selenium-api-4.7.1.jar;C:\Users\GITA\.m2\repository\org\seleniumhq\selenium\selenium-support\4.7.1\selenium-support-4.7.1.jar;C:\Users\GITA\.m2\repository\com\google\auto\service\auto-service-annotations\1.0.1\auto-service-annotations-1.0.1.jar;C:\Users\GITA\.m2\repository\com\google\auto\service\auto-service\1.0.1\auto-service-1.0.1.jar;C:\Users\GITA\.m2\repository\com\google\auto\auto-common\1.2\auto-common-1.2.jar;C:\Users\GITA\.m2\repository\org\seleniumhq\selenium\selenium-json\4.7.1\selenium-json-4.7.1.jar;C:\Users\GITA\.m2\repository\org\seleniumhq\selenium\selenium-chrome-driver\4.7.1\selenium-chrome-driver-4.7.1.jar;C:\Users\GITA\.m2\repository\org\seleniumhq\selenium\selenium-chromium-driver\4.7.1\selenium-chromium-driver-4.7.1.jar;C:\Users\GITA\.m2\repository\org\seleniumhq\selenium\selenium-firefox-driver\4.7.1\selenium-firefox-driver-4.7.1.jar;C:\Users\GITA\.m2\repository\org\seleniumhq\selenium\selenium-http\4.7.1\selenium-http-4.7.1.jar;C:\Users\GITA\.m2\repository\dev\failsafe\failsafe\3.3.0\failsafe-3.3.0.jar;C:\Users\GITA\.m2\repository\org\seleniumhq\selenium\selenium-edge-driver\4.7.1\selenium-edge-driver-4.7.1.jar;C:\Users\GITA\.m2\repository\org\seleniumhq\selenium\selenium-ie-driver\4.7.1\selenium-ie-driver-4.7.1.jar;C:\Users\GITA\.m2\repository\org\projectlombok\lombok\1.18.20\lombok-1.18.20.jar;C:\Users\GITA\.m2\repository\io\appium\java-client\8.3.0\java-client-8.3.0.jar;C:\Users\GITA\.m2\repository\commons-validator\commons-validator\1.7\commons-validator-1.7.jar;C:\Users\GITA\.m2\repository\commons-digester\commons-digester\2.1\commons-digester-2.1.jar;C:\Users\GITA\.m2\repository\org\apache\groovy\groovy\4.0.6\groovy-4.0.6.jar;C:\Users\GITA\.m2\repository\net\sf\opencsv\opencsv\2.0\opencsv-2.0.jar;C:\Users\GITA\.m2\repository\commons-beanutils\commons-beanutils\1.9.4\commons-beanutils-1.9.4.jar;C:\Users\GITA\.m2\repository\org\apache\commons\commons-lang3\3.12.0\commons-lang3-3.12.0.jar;C:\Users\GITA\.m2\repository\commons-collections\commons-collections\3.2.2\commons-collections-3.2.2.jar;C:\Users\GITA\.m2\repository\org\fluentlenium\fluentlenium-core\0.10.2\fluentlenium-core-0.10.2.jar;C:\Users\GITA\.m2\repository\io\github\bonigarcia\webdrivermanager\5.3.0\webdrivermanager-5.3.0.jar;C:\Users\GITA\.m2\repository\com\github\docker-java\docker-java\3.2.13\docker-java-3.2.13.jar;C:\Users\GITA\.m2\repository\com\github\docker-java\docker-java-core\3.2.13\docker-java-core-3.2.13.jar;C:\Users\GITA\.m2\repository\com\github\docker-java\docker-java-api\3.2.13\docker-java-api-3.2.13.jar;C:\Users\GITA\.m2\repository\org\apache\commons\commons-compress\1.21\commons-compress-1.21.jar;C:\Users\GITA\.m2\repository\org\bouncycastle\bcpkix-jdk15on\1.64\bcpkix-jdk15on-1.64.jar;C:\Users\GITA\.m2\repository\org\bouncycastle\bcprov-jdk15on\1.64\bcprov-jdk15on-1.64.jar;C:\Users\GITA\.m2\repository\org\slf4j\jcl-over-slf4j\1.7.30\jcl-over-slf4j-1.7.30.jar;C:\Users\GITA\.m2\repository\com\github\docker-java\docker-java-transport-httpclient5\3.2.13\docker-java-transport-httpclient5-3.2.13.jar;C:\Users\GITA\.m2\repository\com\github\docker-java\docker-java-transport\3.2.13\docker-java-transport-3.2.13.jar;C:\Users\GITA\.m2\repository\net\java\dev\jna\jna\5.8.0\jna-5.8.0.jar;C:\Users\GITA\.m2\repository\org\brotli\dec\0.1.2\dec-0.1.2.jar;C:\Users\GITA\.m2\repository\org\apache\httpcomponents\client5\httpclient5\5.1.3\httpclient5-5.1.3.jar;C:\Users\GITA\.m2\repository\org\apache\httpcomponents\core5\httpcore5\5.1.3\httpcore5-5.1.3.jar;C:\Users\GITA\.m2\repository\org\apache\httpcomponents\core5\httpcore5-h2\5.1.3\httpcore5-h2-5.1.3.jar;C:\Users\GITA\.m2\repository\com\jhlabs\filters\2.0.235\filters-2.0.235.jar;C:\Users\GITA\.m2\repository\com\paulhammant\ngwebdriver\1.1.6\ngwebdriver-1.1.6.jar;C:\Users\GITA\.m2\repository\joda-time\joda-time\2.8.2\joda-time-2.8.2.jar;C:\Users\GITA\.m2\repository\org\hamcrest\hamcrest\2.2\hamcrest-2.2.jar;C:\Users\GITA\.m2\repository\com\google\jimfs\jimfs\1.2\jimfs-1.2.jar;C:\Users\GITA\.m2\repository\org\mockito\mockito-core\3.3.3\mockito-core-3.3.3.jar;C:\Users\GITA\.m2\repository\javax\xml\bind\jaxb-api\2.3.1\jaxb-api-2.3.1.jar;C:\Users\GITA\.m2\repository\javax\activation\javax.activation-api\1.2.0\javax.activation-api-1.2.0.jar;C:\Users\GITA\.m2\repository\com\sun\xml\bind\jaxb-core\2.3.0.1\jaxb-core-2.3.0.1.jar;C:\Users\GITA\.m2\repository\com\sun\xml\bind\jaxb-impl\2.3.3\jaxb-impl-2.3.3.jar;C:\Users\GITA\.m2\repository\jakarta\xml\bind\jakarta.xml.bind-api\2.3.3\jakarta.xml.bind-api-2.3.3.jar;C:\Users\GITA\.m2\repository\com\sun\activation\jakarta.activation\1.2.2\jakarta.activation-1.2.2.jar;C:\Users\GITA\.m2\repository\javax\activation\activation\1.1.1\activation-1.1.1.jar;C:\Users\GITA\.m2\repository\net\serenity-bdd\serenity-rest-assured\3.5.1\serenity-rest-assured-3.5.1.jar;C:\Users\GITA\.m2\repository\io\rest-assured\rest-assured\5.2.0\rest-assured-5.2.0.jar;C:\Users\GITA\.m2\repository\org\apache\httpcomponents\httpmime\4.5.13\httpmime-4.5.13.jar;C:\Users\GITA\.m2\repository\org\ccil\cowan\tagsoup\tagsoup\1.2.1\tagsoup-1.2.1.jar;C:\Users\GITA\.m2\repository\io\rest-assured\json-path\5.2.0\json-path-5.2.0.jar;C:\Users\GITA\.m2\repository\io\rest-assured\rest-assured-common\5.2.0\rest-assured-common-5.2.0.jar;C:\Users\GITA\.m2\repository\io\rest-assured\xml-path\5.2.0\xml-path-5.2.0.jar;C:\Users\GITA\.m2\repository\org\apache\groovy\groovy-json\4.0.6\groovy-json-4.0.6.jar;C:\Users\GITA\.m2\repository\org\apache\groovy\groovy-xml\4.0.6\groovy-xml-4.0.6.jar;C:\Users\GITA\.m2\repository\org\opentest4j\opentest4j\1.2.0\opentest4j-1.2.0.jar;C:\Users\GITA\.m2\repository\net\serenity-bdd\serenity-cucumber\3.5.1\serenity-cucumber-3.5.1.jar;C:\Users\GITA\.m2\repository\io\cucumber\cucumber-core\7.8.1\cucumber-core-7.8.1.jar;C:\Users\GITA\.m2\repository\io\cucumber\cucumber-gherkin\7.8.1\cucumber-gherkin-7.8.1.jar;C:\Users\GITA\.m2\repository\io\cucumber\cucumber-gherkin-messages\7.8.1\cucumber-gherkin-messages-7.8.1.jar;C:\Users\GITA\.m2\repository\io\cucumber\gherkin\24.0.0\gherkin-24.0.0.jar;C:\Users\GITA\.m2\repository\io\cucumber\messages\19.1.4\messages-19.1.4.jar;C:\Users\GITA\.m2\repository\io\cucumber\tag-expressions\4.1.0\tag-expressions-4.1.0.jar;C:\Users\GITA\.m2\repository\io\cucumber\cucumber-expressions\16.0.0\cucumber-expressions-16.0.0.jar;C:\Users\GITA\.m2\repository\io\cucumber\datatable\7.8.1\datatable-7.8.1.jar;C:\Users\GITA\.m2\repository\io\cucumber\cucumber-plugin\7.8.1\cucumber-plugin-7.8.1.jar;C:\Users\GITA\.m2\repository\io\cucumber\docstring\7.8.1\docstring-7.8.1.jar;C:\Users\GITA\.m2\repository\io\cucumber\html-formatter\20.1.0\html-formatter-20.1.0.jar;C:\Users\GITA\.m2\repository\io\cucumber\ci-environment\9.1.0\ci-environment-9.1.0.jar;C:\Users\GITA\.m2\repository\io\cucumber\cucumber-java\7.8.1\cucumber-java-7.8.1.jar;C:\Users\GITA\.m2\repository\io\cucumber\cucumber-junit\7.8.1\cucumber-junit-7.8.1.jar;C:\Users\GITA\.m2\repository\org\apache\commons\commons-csv\1.5\commons-csv-1.5.jar;C:\Users\GITA\.m2\repository\net\serenity-bdd\serenity-screenplay\3.5.1\serenity-screenplay-3.5.1.jar;C:\Users\GITA\.m2\repository\net\serenity-bdd\serenity-screenplay-webdriver\3.5.1\serenity-screenplay-webdriver-3.5.1.jar;C:\Users\GITA\.m2\repository\net\serenity-bdd\serenity-ensure\3.5.1\serenity-ensure-3.5.1.jar;C:\Users\GITA\.m2\repository\net\serenity-bdd\serenity-junit\3.5.1\serenity-junit-3.5.1.jar;C:\Users\GITA\.m2\repository\org\jetbrains\kotlin\kotlin-stdlib\1.7.21\kotlin-stdlib-1.7.21.jar;C:\Users\GITA\.m2\repository\org\jetbrains\kotlin\kotlin-stdlib-common\1.7.21\kotlin-stdlib-common-1.7.21.jar;C:\Users\GITA\.m2\repository\org\jetbrains\annotations\13.0\annotations-13.0.jar;C:\Users\GITA\.m2\repository\org\junit\platform\junit-platform-launcher\1.8.2\junit-platform-launcher-1.8.2.jar;C:\Users\GITA\.m2\repository\org\junit\platform\junit-platform-engine\1.8.2\junit-platform-engine-1.8.2.jar;C:\Users\GITA\.m2\repository\org\junit\platform\junit-platform-commons\1.8.2\junit-platform-commons-1.8.2.jar;C:\Users\GITA\.m2\repository\org\apiguardian\apiguardian-api\1.1.2\apiguardian-api-1.1.2.jar;C:\Users\GITA\.m2\repository\org\junit\jupiter\junit-jupiter-engine\5.8.2\junit-jupiter-engine-5.8.2.jar;C:\Users\GITA\.m2\repository\org\junit\jupiter\junit-jupiter-api\5.8.2\junit-jupiter-api-5.8.2.jar;C:\Users\GITA\.m2\repository\org\junit\vintage\junit-vintage-engine\5.8.2\junit-vintage-engine-5.8.2.jar;C:\Users\GITA\.m2\repository\junit\junit\4.13.2\junit-4.13.2.jar;C:\Users\GITA\.m2\repository\org\hamcrest\hamcrest-core\1.3\hamcrest-core-1.3.jar;C:\Users\GITA\.m2\repository\ch\qos\logback\logback-classic\1.2.10\logback-classic-1.2.10.jar;C:\Users\GITA\.m2\repository\ch\qos\logback\logback-core\1.2.10\logback-core-1.2.10.jar;C:\Users\GITA\.m2\repository\org\slf4j\slf4j-api\1.7.32\slf4j-api-1.7.32.jar;C:\Users\GITA\.m2\repository\org\assertj\assertj-core\3.23.1\assertj-core-3.23.1.jar;C:\Users\GITA\.m2\repository\net\bytebuddy\byte-buddy\1.12.10\byte-buddy-1.12.10.jar;C:\Users\GITA\.m2\repository\com\googlecode\json-simple\json-simple\1.1.1\json-simple-1.1.1.jar;"/>
    <property name="java.vm.vendor" value="Oracle Corporation"/>
    <property name="sun.arch.data.model" value="64"/>
    <property name="user.variant" value=""/>
    <property name="java.vendor.url" value="https://java.oracle.com/"/>
    <property name="user.timezone" value="Asia/Jakarta"/>
    <property name="os.name" value="Windows 10"/>
    <property name="java.vm.specification.version" value="19"/>
    <property name="sun.java.launcher" value="SUN_STANDARD"/>
    <property name="user.country" value="ID"/>
    <property name="sun.boot.library.path" value="C:\Program Files\Java\jdk-19\bin"/>
    <property name="sun.java.command" value="org.apache.maven.surefire.booter.ForkedBooter C:\Users\GITA\AppData\Local\Temp\surefire8176257895259366438 2023-05-10T19-16-50_444-jvmRun1 surefire8904861765228843848tmp surefire_011788039426187069495tmp"/>
    <property name="jdk.debug" value="release"/>
    <property name="surefire.test.class.path" value="E:\RestAPi\target\test-classes;C:\Users\GITA\.m2\repository\net\serenity-bdd\serenity-core\3.5.1\serenity-core-3.5.1.jar;C:\Users\GITA\.m2\repository\net\serenity-bdd\serenity-model\3.5.1\serenity-model-3.5.1.jar;C:\Users\GITA\.m2\repository\org\apache\commons\commons-text\1.10.0\commons-text-1.10.0.jar;C:\Users\GITA\.m2\repository\commons-net\commons-net\3.8.0\commons-net-3.8.0.jar;C:\Users\GITA\.m2\repository\com\google\guava\guava\31.1-jre\guava-31.1-jre.jar;C:\Users\GITA\.m2\repository\com\google\guava\failureaccess\1.0.1\failureaccess-1.0.1.jar;C:\Users\GITA\.m2\repository\com\google\guava\listenablefuture\9999.0-empty-to-avoid-conflict-with-guava\listenablefuture-9999.0-empty-to-avoid-conflict-with-guava.jar;C:\Users\GITA\.m2\repository\com\google\code\findbugs\jsr305\3.0.2\jsr305-3.0.2.jar;C:\Users\GITA\.m2\repository\org\checkerframework\checker-qual\3.12.0\checker-qual-3.12.0.jar;C:\Users\GITA\.m2\repository\com\google\errorprone\error_prone_annotations\2.11.0\error_prone_annotations-2.11.0.jar;C:\Users\GITA\.m2\repository\com\google\j2objc\j2objc-annotations\1.3\j2objc-annotations-1.3.jar;C:\Users\GITA\.m2\repository\com\google\inject\guice\5.1.0\guice-5.1.0.jar;C:\Users\GITA\.m2\repository\javax\inject\javax.inject\1\javax.inject-1.jar;C:\Users\GITA\.m2\repository\aopalliance\aopalliance\1.0\aopalliance-1.0.jar;C:\Users\GITA\.m2\repository\org\jsoup\jsoup\1.14.3\jsoup-1.14.3.jar;C:\Users\GITA\.m2\repository\com\thoughtworks\xstream\xstream\1.4.19\xstream-1.4.19.jar;C:\Users\GITA\.m2\repository\io\github\x-stream\mxparser\1.2.2\mxparser-1.2.2.jar;C:\Users\GITA\.m2\repository\xmlpull\xmlpull\1.1.3.1\xmlpull-1.1.3.1.jar;C:\Users\GITA\.m2\repository\com\typesafe\config\1.4.2\config-1.4.2.jar;C:\Users\GITA\.m2\repository\org\imgscalr\imgscalr-lib\4.2\imgscalr-lib-4.2.jar;C:\Users\GITA\.m2\repository\org\awaitility\awaitility\4.2.0\awaitility-4.2.0.jar;C:\Users\GITA\.m2\repository\org\freemarker\freemarker\2.3.31\freemarker-2.3.31.jar;C:\Users\GITA\.m2\repository\io\github\classgraph\classgraph\4.8.138\classgraph-4.8.138.jar;C:\Users\GITA\.m2\repository\net\sourceforge\jexcelapi\jxl\2.6.12\jxl-2.6.12.jar;C:\Users\GITA\.m2\repository\net\bytebuddy\byte-buddy-agent\1.12.18\byte-buddy-agent-1.12.18.jar;C:\Users\GITA\.m2\repository\org\objenesis\objenesis\3.1\objenesis-3.1.jar;C:\Users\GITA\.m2\repository\net\serenity-bdd\serenity-reports\3.5.1\serenity-reports-3.5.1.jar;C:\Users\GITA\.m2\repository\net\serenity-bdd\serenity-stats\3.5.1\serenity-stats-3.5.1.jar;C:\Users\GITA\.m2\repository\net\serenity-bdd\serenity-reports-configuration\3.5.1\serenity-reports-configuration-3.5.1.jar;C:\Users\GITA\.m2\repository\com\vladsch\flexmark\flexmark-all\0.34.30\flexmark-all-0.34.30.jar;C:\Users\GITA\.m2\repository\com\vladsch\flexmark\flexmark\0.34.30\flexmark-0.34.30.jar;C:\Users\GITA\.m2\repository\com\vladsch\flexmark\flexmark-ext-abbreviation\0.34.30\flexmark-ext-abbreviation-0.34.30.jar;C:\Users\GITA\.m2\repository\com\vladsch\flexmark\flexmark-ext-admonition\0.34.30\flexmark-ext-admonition-0.34.30.jar;C:\Users\GITA\.m2\repository\com\vladsch\flexmark\flexmark-ext-anchorlink\0.34.30\flexmark-ext-anchorlink-0.34.30.jar;C:\Users\GITA\.m2\repository\com\vladsch\flexmark\flexmark-ext-aside\0.34.30\flexmark-ext-aside-0.34.30.jar;C:\Users\GITA\.m2\repository\com\vladsch\flexmark\flexmark-ext-attributes\0.34.30\flexmark-ext-attributes-0.34.30.jar;C:\Users\GITA\.m2\repository\com\vladsch\flexmark\flexmark-ext-autolink\0.34.30\flexmark-ext-autolink-0.34.30.jar;C:\Users\GITA\.m2\repository\org\nibor\autolink\autolink\0.6.0\autolink-0.6.0.jar;C:\Users\GITA\.m2\repository\com\vladsch\flexmark\flexmark-ext-definition\0.34.30\flexmark-ext-definition-0.34.30.jar;C:\Users\GITA\.m2\repository\com\vladsch\flexmark\flexmark-ext-emoji\0.34.30\flexmark-ext-emoji-0.34.30.jar;C:\Users\GITA\.m2\repository\com\vladsch\flexmark\flexmark-ext-enumerated-reference\0.34.30\flexmark-ext-enumerated-reference-0.34.30.jar;C:\Users\GITA\.m2\repository\com\vladsch\flexmark\flexmark-ext-escaped-character\0.34.30\flexmark-ext-escaped-character-0.34.30.jar;C:\Users\GITA\.m2\repository\com\vladsch\flexmark\flexmark-ext-footnotes\0.34.30\flexmark-ext-footnotes-0.34.30.jar;C:\Users\GITA\.m2\repository\com\vladsch\flexmark\flexmark-ext-gfm-issues\0.34.30\flexmark-ext-gfm-issues-0.34.30.jar;C:\Users\GITA\.m2\repository\com\vladsch\flexmark\flexmark-ext-gfm-strikethrough\0.34.30\flexmark-ext-gfm-strikethrough-0.34.30.jar;C:\Users\GITA\.m2\repository\com\vladsch\flexmark\flexmark-ext-gfm-tables\0.34.30\flexmark-ext-gfm-tables-0.34.30.jar;C:\Users\GITA\.m2\repository\com\vladsch\flexmark\flexmark-ext-gfm-tasklist\0.34.30\flexmark-ext-gfm-tasklist-0.34.30.jar;C:\Users\GITA\.m2\repository\com\vladsch\flexmark\flexmark-ext-gfm-users\0.34.30\flexmark-ext-gfm-users-0.34.30.jar;C:\Users\GITA\.m2\repository\com\vladsch\flexmark\flexmark-ext-gitlab\0.34.30\flexmark-ext-gitlab-0.34.30.jar;C:\Users\GITA\.m2\repository\com\vladsch\flexmark\flexmark-ext-jekyll-front-matter\0.34.30\flexmark-ext-jekyll-front-matter-0.34.30.jar;C:\Users\GITA\.m2\repository\com\vladsch\flexmark\flexmark-ext-jekyll-tag\0.34.30\flexmark-ext-jekyll-tag-0.34.30.jar;C:\Users\GITA\.m2\repository\com\vladsch\flexmark\flexmark-ext-media-tags\0.34.30\flexmark-ext-media-tags-0.34.30.jar;C:\Users\GITA\.m2\repository\com\vladsch\flexmark\flexmark-test-util\0.34.30\flexmark-test-util-0.34.30.jar;C:\Users\GITA\.m2\repository\com\vladsch\flexmark\flexmark-ext-ins\0.34.30\flexmark-ext-ins-0.34.30.jar;C:\Users\GITA\.m2\repository\com\vladsch\flexmark\flexmark-ext-xwiki-macros\0.34.30\flexmark-ext-xwiki-macros-0.34.30.jar;C:\Users\GITA\.m2\repository\com\vladsch\flexmark\flexmark-ext-superscript\0.34.30\flexmark-ext-superscript-0.34.30.jar;C:\Users\GITA\.m2\repository\com\vladsch\flexmark\flexmark-ext-tables\0.34.30\flexmark-ext-tables-0.34.30.jar;C:\Users\GITA\.m2\repository\com\vladsch\flexmark\flexmark-ext-toc\0.34.30\flexmark-ext-toc-0.34.30.jar;C:\Users\GITA\.m2\repository\com\vladsch\flexmark\flexmark-ext-typographic\0.34.30\flexmark-ext-typographic-0.34.30.jar;C:\Users\GITA\.m2\repository\com\vladsch\flexmark\flexmark-ext-wikilink\0.34.30\flexmark-ext-wikilink-0.34.30.jar;C:\Users\GITA\.m2\repository\com\vladsch\flexmark\flexmark-ext-yaml-front-matter\0.34.30\flexmark-ext-yaml-front-matter-0.34.30.jar;C:\Users\GITA\.m2\repository\com\vladsch\flexmark\flexmark-ext-youtube-embedded\0.34.30\flexmark-ext-youtube-embedded-0.34.30.jar;C:\Users\GITA\.m2\repository\com\vladsch\flexmark\flexmark-formatter\0.34.30\flexmark-formatter-0.34.30.jar;C:\Users\GITA\.m2\repository\com\vladsch\flexmark\flexmark-html-parser\0.34.30\flexmark-html-parser-0.34.30.jar;C:\Users\GITA\.m2\repository\com\vladsch\flexmark\flexmark-jira-converter\0.34.30\flexmark-jira-converter-0.34.30.jar;C:\Users\GITA\.m2\repository\com\vladsch\flexmark\flexmark-pdf-converter\0.34.30\flexmark-pdf-converter-0.34.30.jar;C:\Users\GITA\.m2\repository\com\openhtmltopdf\openhtmltopdf-core\0.0.1-RC13\openhtmltopdf-core-0.0.1-RC13.jar;C:\Users\GITA\.m2\repository\com\openhtmltopdf\openhtmltopdf-pdfbox\0.0.1-RC13\openhtmltopdf-pdfbox-0.0.1-RC13.jar;C:\Users\GITA\.m2\repository\org\apache\pdfbox\pdfbox\2.0.8\pdfbox-2.0.8.jar;C:\Users\GITA\.m2\repository\org\apache\pdfbox\fontbox\2.0.8\fontbox-2.0.8.jar;C:\Users\GITA\.m2\repository\org\apache\pdfbox\xmpbox\2.0.8\xmpbox-2.0.8.jar;C:\Users\GITA\.m2\repository\de\rototor\pdfbox\graphics2d\0.12\graphics2d-0.12.jar;C:\Users\GITA\.m2\repository\com\openhtmltopdf\openhtmltopdf-rtl-support\0.0.1-RC13\openhtmltopdf-rtl-support-0.0.1-RC13.jar;C:\Users\GITA\.m2\repository\com\ibm\icu\icu4j\59.1\icu4j-59.1.jar;C:\Users\GITA\.m2\repository\com\openhtmltopdf\openhtmltopdf-jsoup-dom-converter\0.0.1-RC13\openhtmltopdf-jsoup-dom-converter-0.0.1-RC13.jar;C:\Users\GITA\.m2\repository\com\vladsch\flexmark\flexmark-profile-pegdown\0.34.30\flexmark-profile-pegdown-0.34.30.jar;C:\Users\GITA\.m2\repository\com\vladsch\flexmark\flexmark-util\0.34.30\flexmark-util-0.34.30.jar;C:\Users\GITA\.m2\repository\com\vladsch\flexmark\flexmark-youtrack-converter\0.34.30\flexmark-youtrack-converter-0.34.30.jar;C:\Users\GITA\.m2\repository\es\nitaur\markdown\txtmark\0.16\txtmark-0.16.jar;C:\Users\GITA\.m2\repository\net\serenity-bdd\serenity-report-resources\3.5.1\serenity-report-resources-3.5.1.jar;C:\Users\GITA\.m2\repository\com\google\code\gson\gson\2.9.0\gson-2.9.0.jar;C:\Users\GITA\.m2\repository\com\fasterxml\jackson\core\jackson-core\2.13.4\jackson-core-2.13.4.jar;C:\Users\GITA\.m2\repository\com\fasterxml\jackson\core\jackson-databind\2.13.4\jackson-databind-2.13.4.jar;C:\Users\GITA\.m2\repository\com\fasterxml\jackson\core\jackson-annotations\2.13.4\jackson-annotations-2.13.4.jar;C:\Users\GITA\.m2\repository\commons-codec\commons-codec\1.15\commons-codec-1.15.jar;C:\Users\GITA\.m2\repository\commons-io\commons-io\2.11.0\commons-io-2.11.0.jar;C:\Users\GITA\.m2\repository\org\apache\httpcomponents\httpclient\4.5.13\httpclient-4.5.13.jar;C:\Users\GITA\.m2\repository\org\apache\httpcomponents\httpcore\4.4.13\httpcore-4.4.13.jar;C:\Users\GITA\.m2\repository\commons-logging\commons-logging\1.2\commons-logging-1.2.jar;C:\Users\GITA\.m2\repository\org\seleniumhq\selenium\selenium-java\4.7.1\selenium-java-4.7.1.jar;C:\Users\GITA\.m2\repository\org\seleniumhq\selenium\selenium-devtools-v106\4.7.1\selenium-devtools-v106-4.7.1.jar;C:\Users\GITA\.m2\repository\org\seleniumhq\selenium\selenium-devtools-v107\4.7.1\selenium-devtools-v107-4.7.1.jar;C:\Users\GITA\.m2\repository\org\seleniumhq\selenium\selenium-devtools-v108\4.7.1\selenium-devtools-v108-4.7.1.jar;C:\Users\GITA\.m2\repository\org\seleniumhq\selenium\selenium-devtools-v85\4.7.1\selenium-devtools-v85-4.7.1.jar;C:\Users\GITA\.m2\repository\org\seleniumhq\selenium\selenium-remote-driver\4.7.1\selenium-remote-driver-4.7.1.jar;C:\Users\GITA\.m2\repository\com\beust\jcommander\1.82\jcommander-1.82.jar;C:\Users\GITA\.m2\repository\io\netty\netty-buffer\4.1.84.Final\netty-buffer-4.1.84.Final.jar;C:\Users\GITA\.m2\repository\io\netty\netty-codec-http\4.1.84.Final\netty-codec-http-4.1.84.Final.jar;C:\Users\GITA\.m2\repository\io\netty\netty-codec\4.1.84.Final\netty-codec-4.1.84.Final.jar;C:\Users\GITA\.m2\repository\io\netty\netty-handler\4.1.84.Final\netty-handler-4.1.84.Final.jar;C:\Users\GITA\.m2\repository\io\netty\netty-common\4.1.84.Final\netty-common-4.1.84.Final.jar;C:\Users\GITA\.m2\repository\io\netty\netty-transport-classes-epoll\4.1.84.Final\netty-transport-classes-epoll-4.1.84.Final.jar;C:\Users\GITA\.m2\repository\io\netty\netty-transport-classes-kqueue\4.1.84.Final\netty-transport-classes-kqueue-4.1.84.Final.jar;C:\Users\GITA\.m2\repository\io\netty\netty-transport-native-epoll\4.1.84.Final\netty-transport-native-epoll-4.1.84.Final.jar;C:\Users\GITA\.m2\repository\io\netty\netty-transport-native-kqueue\4.1.84.Final\netty-transport-native-kqueue-4.1.84.Final.jar;C:\Users\GITA\.m2\repository\io\netty\netty-transport-native-unix-common\4.1.84.Final\netty-transport-native-unix-common-4.1.84.Final.jar;C:\Users\GITA\.m2\repository\io\netty\netty-transport\4.1.84.Final\netty-transport-4.1.84.Final.jar;C:\Users\GITA\.m2\repository\io\netty\netty-resolver\4.1.84.Final\netty-resolver-4.1.84.Final.jar;C:\Users\GITA\.m2\repository\io\opentelemetry\opentelemetry-api\1.19.0\opentelemetry-api-1.19.0.jar;C:\Users\GITA\.m2\repository\io\opentelemetry\opentelemetry-context\1.19.0\opentelemetry-context-1.19.0.jar;C:\Users\GITA\.m2\repository\io\opentelemetry\opentelemetry-exporter-logging\1.19.0\opentelemetry-exporter-logging-1.19.0.jar;C:\Users\GITA\.m2\repository\io\opentelemetry\opentelemetry-sdk-metrics\1.19.0\opentelemetry-sdk-metrics-1.19.0.jar;C:\Users\GITA\.m2\repository\io\opentelemetry\opentelemetry-sdk-logs\1.19.0-alpha\opentelemetry-sdk-logs-1.19.0-alpha.jar;C:\Users\GITA\.m2\repository\io\opentelemetry\opentelemetry-api-logs\1.19.0-alpha\opentelemetry-api-logs-1.19.0-alpha.jar;C:\Users\GITA\.m2\repository\io\opentelemetry\opentelemetry-sdk-common\1.19.0\opentelemetry-sdk-common-1.19.0.jar;C:\Users\GITA\.m2\repository\io\opentelemetry\opentelemetry-sdk-extension-autoconfigure-spi\1.19.0\opentelemetry-sdk-extension-autoconfigure-spi-1.19.0.jar;C:\Users\GITA\.m2\repository\io\opentelemetry\opentelemetry-sdk-extension-autoconfigure\1.19.0-alpha\opentelemetry-sdk-extension-autoconfigure-1.19.0-alpha.jar;C:\Users\GITA\.m2\repository\io\opentelemetry\opentelemetry-exporter-common\1.19.0\opentelemetry-exporter-common-1.19.0.jar;C:\Users\GITA\.m2\repository\io\opentelemetry\opentelemetry-sdk-trace\1.19.0\opentelemetry-sdk-trace-1.19.0.jar;C:\Users\GITA\.m2\repository\io\opentelemetry\opentelemetry-sdk\1.19.0\opentelemetry-sdk-1.19.0.jar;C:\Users\GITA\.m2\repository\io\opentelemetry\opentelemetry-semconv\1.19.0-alpha\opentelemetry-semconv-1.19.0-alpha.jar;C:\Users\GITA\.m2\repository\io\ous\jtoml\2.0.0\jtoml-2.0.0.jar;C:\Users\GITA\.m2\repository\org\apache\commons\commons-exec\1.3\commons-exec-1.3.jar;C:\Users\GITA\.m2\repository\org\asynchttpclient\async-http-client\2.12.3\async-http-client-2.12.3.jar;C:\Users\GITA\.m2\repository\org\asynchttpclient\async-http-client-netty-utils\2.12.3\async-http-client-netty-utils-2.12.3.jar;C:\Users\GITA\.m2\repository\io\netty\netty-codec-socks\4.1.60.Final\netty-codec-socks-4.1.60.Final.jar;C:\Users\GITA\.m2\repository\io\netty\netty-handler-proxy\4.1.60.Final\netty-handler-proxy-4.1.60.Final.jar;C:\Users\GITA\.m2\repository\io\netty\netty-transport-native-epoll\4.1.60.Final\netty-transport-native-epoll-4.1.60.Final-linux-x86_64.jar;C:\Users\GITA\.m2\repository\io\netty\netty-transport-native-kqueue\4.1.60.Final\netty-transport-native-kqueue-4.1.60.Final-osx-x86_64.jar;C:\Users\GITA\.m2\repository\org\reactivestreams\reactive-streams\1.0.3\reactive-streams-1.0.3.jar;C:\Users\GITA\.m2\repository\com\typesafe\netty\netty-reactive-streams\2.0.4\netty-reactive-streams-2.0.4.jar;C:\Users\GITA\.m2\repository\org\seleniumhq\selenium\selenium-manager\4.7.1\selenium-manager-4.7.1.jar;C:\Users\GITA\.m2\repository\org\seleniumhq\selenium\selenium-safari-driver\4.7.1\selenium-safari-driver-4.7.1.jar;C:\Users\GITA\.m2\repository\org\seleniumhq\selenium\selenium-api\4.7.1\selenium-api-4.7.1.jar;C:\Users\GITA\.m2\repository\org\seleniumhq\selenium\selenium-support\4.7.1\selenium-support-4.7.1.jar;C:\Users\GITA\.m2\repository\com\google\auto\service\auto-service-annotations\1.0.1\auto-service-annotations-1.0.1.jar;C:\Users\GITA\.m2\repository\com\google\auto\service\auto-service\1.0.1\auto-service-1.0.1.jar;C:\Users\GITA\.m2\repository\com\google\auto\auto-common\1.2\auto-common-1.2.jar;C:\Users\GITA\.m2\repository\org\seleniumhq\selenium\selenium-json\4.7.1\selenium-json-4.7.1.jar;C:\Users\GITA\.m2\repository\org\seleniumhq\selenium\selenium-chrome-driver\4.7.1\selenium-chrome-driver-4.7.1.jar;C:\Users\GITA\.m2\repository\org\seleniumhq\selenium\selenium-chromium-driver\4.7.1\selenium-chromium-driver-4.7.1.jar;C:\Users\GITA\.m2\repository\org\seleniumhq\selenium\selenium-firefox-driver\4.7.1\selenium-firefox-driver-4.7.1.jar;C:\Users\GITA\.m2\repository\org\seleniumhq\selenium\selenium-http\4.7.1\selenium-http-4.7.1.jar;C:\Users\GITA\.m2\repository\dev\failsafe\failsafe\3.3.0\failsafe-3.3.0.jar;C:\Users\GITA\.m2\repository\org\seleniumhq\selenium\selenium-edge-driver\4.7.1\selenium-edge-driver-4.7.1.jar;C:\Users\GITA\.m2\repository\org\seleniumhq\selenium\selenium-ie-driver\4.7.1\selenium-ie-driver-4.7.1.jar;C:\Users\GITA\.m2\repository\org\projectlombok\lombok\1.18.20\lombok-1.18.20.jar;C:\Users\GITA\.m2\repository\io\appium\java-client\8.3.0\java-client-8.3.0.jar;C:\Users\GITA\.m2\repository\commons-validator\commons-validator\1.7\commons-validator-1.7.jar;C:\Users\GITA\.m2\repository\commons-digester\commons-digester\2.1\commons-digester-2.1.jar;C:\Users\GITA\.m2\repository\org\apache\groovy\groovy\4.0.6\groovy-4.0.6.jar;C:\Users\GITA\.m2\repository\net\sf\opencsv\opencsv\2.0\opencsv-2.0.jar;C:\Users\GITA\.m2\repository\commons-beanutils\commons-beanutils\1.9.4\commons-beanutils-1.9.4.jar;C:\Users\GITA\.m2\repository\org\apache\commons\commons-lang3\3.12.0\commons-lang3-3.12.0.jar;C:\Users\GITA\.m2\repository\commons-collections\commons-collections\3.2.2\commons-collections-3.2.2.jar;C:\Users\GITA\.m2\repository\org\fluentlenium\fluentlenium-core\0.10.2\fluentlenium-core-0.10.2.jar;C:\Users\GITA\.m2\repository\io\github\bonigarcia\webdrivermanager\5.3.0\webdrivermanager-5.3.0.jar;C:\Users\GITA\.m2\repository\com\github\docker-java\docker-java\3.2.13\docker-java-3.2.13.jar;C:\Users\GITA\.m2\repository\com\github\docker-java\docker-java-core\3.2.13\docker-java-core-3.2.13.jar;C:\Users\GITA\.m2\repository\com\github\docker-java\docker-java-api\3.2.13\docker-java-api-3.2.13.jar;C:\Users\GITA\.m2\repository\org\apache\commons\commons-compress\1.21\commons-compress-1.21.jar;C:\Users\GITA\.m2\repository\org\bouncycastle\bcpkix-jdk15on\1.64\bcpkix-jdk15on-1.64.jar;C:\Users\GITA\.m2\repository\org\bouncycastle\bcprov-jdk15on\1.64\bcprov-jdk15on-1.64.jar;C:\Users\GITA\.m2\repository\org\slf4j\jcl-over-slf4j\1.7.30\jcl-over-slf4j-1.7.30.jar;C:\Users\GITA\.m2\repository\com\github\docker-java\docker-java-transport-httpclient5\3.2.13\docker-java-transport-httpclient5-3.2.13.jar;C:\Users\GITA\.m2\repository\com\github\docker-java\docker-java-transport\3.2.13\docker-java-transport-3.2.13.jar;C:\Users\GITA\.m2\repository\net\java\dev\jna\jna\5.8.0\jna-5.8.0.jar;C:\Users\GITA\.m2\repository\org\brotli\dec\0.1.2\dec-0.1.2.jar;C:\Users\GITA\.m2\repository\org\apache\httpcomponents\client5\httpclient5\5.1.3\httpclient5-5.1.3.jar;C:\Users\GITA\.m2\repository\org\apache\httpcomponents\core5\httpcore5\5.1.3\httpcore5-5.1.3.jar;C:\Users\GITA\.m2\repository\org\apache\httpcomponents\core5\httpcore5-h2\5.1.3\httpcore5-h2-5.1.3.jar;C:\Users\GITA\.m2\repository\com\jhlabs\filters\2.0.235\filters-2.0.235.jar;C:\Users\GITA\.m2\repository\com\paulhammant\ngwebdriver\1.1.6\ngwebdriver-1.1.6.jar;C:\Users\GITA\.m2\repository\joda-time\joda-time\2.8.2\joda-time-2.8.2.jar;C:\Users\GITA\.m2\repository\org\hamcrest\hamcrest\2.2\hamcrest-2.2.jar;C:\Users\GITA\.m2\repository\com\google\jimfs\jimfs\1.2\jimfs-1.2.jar;C:\Users\GITA\.m2\repository\org\mockito\mockito-core\3.3.3\mockito-core-3.3.3.jar;C:\Users\GITA\.m2\repository\javax\xml\bind\jaxb-api\2.3.1\jaxb-api-2.3.1.jar;C:\Users\GITA\.m2\repository\javax\activation\javax.activation-api\1.2.0\javax.activation-api-1.2.0.jar;C:\Users\GITA\.m2\repository\com\sun\xml\bind\jaxb-core\2.3.0.1\jaxb-core-2.3.0.1.jar;C:\Users\GITA\.m2\repository\com\sun\xml\bind\jaxb-impl\2.3.3\jaxb-impl-2.3.3.jar;C:\Users\GITA\.m2\repository\jakarta\xml\bind\jakarta.xml.bind-api\2.3.3\jakarta.xml.bind-api-2.3.3.jar;C:\Users\GITA\.m2\repository\com\sun\activation\jakarta.activation\1.2.2\jakarta.activation-1.2.2.jar;C:\Users\GITA\.m2\repository\javax\activation\activation\1.1.1\activation-1.1.1.jar;C:\Users\GITA\.m2\repository\net\serenity-bdd\serenity-rest-assured\3.5.1\serenity-rest-assured-3.5.1.jar;C:\Users\GITA\.m2\repository\io\rest-assured\rest-assured\5.2.0\rest-assured-5.2.0.jar;C:\Users\GITA\.m2\repository\org\apache\httpcomponents\httpmime\4.5.13\httpmime-4.5.13.jar;C:\Users\GITA\.m2\repository\org\ccil\cowan\tagsoup\tagsoup\1.2.1\tagsoup-1.2.1.jar;C:\Users\GITA\.m2\repository\io\rest-assured\json-path\5.2.0\json-path-5.2.0.jar;C:\Users\GITA\.m2\repository\io\rest-assured\rest-assured-common\5.2.0\rest-assured-common-5.2.0.jar;C:\Users\GITA\.m2\repository\io\rest-assured\xml-path\5.2.0\xml-path-5.2.0.jar;C:\Users\GITA\.m2\repository\org\apache\groovy\groovy-json\4.0.6\groovy-json-4.0.6.jar;C:\Users\GITA\.m2\repository\org\apache\groovy\groovy-xml\4.0.6\groovy-xml-4.0.6.jar;C:\Users\GITA\.m2\repository\org\opentest4j\opentest4j\1.2.0\opentest4j-1.2.0.jar;C:\Users\GITA\.m2\repository\net\serenity-bdd\serenity-cucumber\3.5.1\serenity-cucumber-3.5.1.jar;C:\Users\GITA\.m2\repository\io\cucumber\cucumber-core\7.8.1\cucumber-core-7.8.1.jar;C:\Users\GITA\.m2\repository\io\cucumber\cucumber-gherkin\7.8.1\cucumber-gherkin-7.8.1.jar;C:\Users\GITA\.m2\repository\io\cucumber\cucumber-gherkin-messages\7.8.1\cucumber-gherkin-messages-7.8.1.jar;C:\Users\GITA\.m2\repository\io\cucumber\gherkin\24.0.0\gherkin-24.0.0.jar;C:\Users\GITA\.m2\repository\io\cucumber\messages\19.1.4\messages-19.1.4.jar;C:\Users\GITA\.m2\repository\io\cucumber\tag-expressions\4.1.0\tag-expressions-4.1.0.jar;C:\Users\GITA\.m2\repository\io\cucumber\cucumber-expressions\16.0.0\cucumber-expressions-16.0.0.jar;C:\Users\GITA\.m2\repository\io\cucumber\datatable\7.8.1\datatable-7.8.1.jar;C:\Users\GITA\.m2\repository\io\cucumber\cucumber-plugin\7.8.1\cucumber-plugin-7.8.1.jar;C:\Users\GITA\.m2\repository\io\cucumber\docstring\7.8.1\docstring-7.8.1.jar;C:\Users\GITA\.m2\repository\io\cucumber\html-formatter\20.1.0\html-formatter-20.1.0.jar;C:\Users\GITA\.m2\repository\io\cucumber\ci-environment\9.1.0\ci-environment-9.1.0.jar;C:\Users\GITA\.m2\repository\io\cucumber\cucumber-java\7.8.1\cucumber-java-7.8.1.jar;C:\Users\GITA\.m2\repository\io\cucumber\cucumber-junit\7.8.1\cucumber-junit-7.8.1.jar;C:\Users\GITA\.m2\repository\org\apache\commons\commons-csv\1.5\commons-csv-1.5.jar;C:\Users\GITA\.m2\repository\net\serenity-bdd\serenity-screenplay\3.5.1\serenity-screenplay-3.5.1.jar;C:\Users\GITA\.m2\repository\net\serenity-bdd\serenity-screenplay-webdriver\3.5.1\serenity-screenplay-webdriver-3.5.1.jar;C:\Users\GITA\.m2\repository\net\serenity-bdd\serenity-ensure\3.5.1\serenity-ensure-3.5.1.jar;C:\Users\GITA\.m2\repository\net\serenity-bdd\serenity-junit\3.5.1\serenity-junit-3.5.1.jar;C:\Users\GITA\.m2\repository\org\jetbrains\kotlin\kotlin-stdlib\1.7.21\kotlin-stdlib-1.7.21.jar;C:\Users\GITA\.m2\repository\org\jetbrains\kotlin\kotlin-stdlib-common\1.7.21\kotlin-stdlib-common-1.7.21.jar;C:\Users\GITA\.m2\repository\org\jetbrains\annotations\13.0\annotations-13.0.jar;C:\Users\GITA\.m2\repository\org\junit\platform\junit-platform-launcher\1.8.2\junit-platform-launcher-1.8.2.jar;C:\Users\GITA\.m2\repository\org\junit\platform\junit-platform-engine\1.8.2\junit-platform-engine-1.8.2.jar;C:\Users\GITA\.m2\repository\org\junit\platform\junit-platform-commons\1.8.2\junit-platform-commons-1.8.2.jar;C:\Users\GITA\.m2\repository\org\apiguardian\apiguardian-api\1.1.2\apiguardian-api-1.1.2.jar;C:\Users\GITA\.m2\repository\org\junit\jupiter\junit-jupiter-engine\5.8.2\junit-jupiter-engine-5.8.2.jar;C:\Users\GITA\.m2\repository\org\junit\jupiter\junit-jupiter-api\5.8.2\junit-jupiter-api-5.8.2.jar;C:\Users\GITA\.m2\repository\org\junit\vintage\junit-vintage-engine\5.8.2\junit-vintage-engine-5.8.2.jar;C:\Users\GITA\.m2\repository\junit\junit\4.13.2\junit-4.13.2.jar;C:\Users\GITA\.m2\repository\org\hamcrest\hamcrest-core\1.3\hamcrest-core-1.3.jar;C:\Users\GITA\.m2\repository\ch\qos\logback\logback-classic\1.2.10\logback-classic-1.2.10.jar;C:\Users\GITA\.m2\repository\ch\qos\logback\logback-core\1.2.10\logback-core-1.2.10.jar;C:\Users\GITA\.m2\repository\org\slf4j\slf4j-api\1.7.32\slf4j-api-1.7.32.jar;C:\Users\GITA\.m2\repository\org\assertj\assertj-core\3.23.1\assertj-core-3.23.1.jar;C:\Users\GITA\.m2\repository\net\bytebuddy\byte-buddy\1.12.10\byte-buddy-1.12.10.jar;C:\Users\GITA\.m2\repository\com\googlecode\json-simple\json-simple\1.1.1\json-simple-1.1.1.jar;"/>
    <property name="sun.cpu.endian" value="little"/>
    <property name="user.home" value="C:\Users\GITA"/>
    <property name="user.language" value="en"/>
    <property name="java.specification.vendor" value="Oracle Corporation"/>
    <property name="jdk.module.path" value="E:\RestAPi\target\RestApi-1.0-SNAPSHOT.jar"/>
    <property name="java.version.date" value="2023-01-17"/>
    <property name="java.home" value="C:\Program Files\Java\jdk-19"/>
    <property name="file.separator" value="\"/>
    <property name="basedir" value="E:\RestAPi"/>
    <property name="java.vm.compressedOopsMode" value="32-bit"/>
    <property name="line.separator" value="&#10;"/>
    <property name="java.vm.specification.vendor" value="Oracle Corporation"/>
    <property name="java.specification.name" value="Java Platform API Specification"/>
    <property name="surefire.real.class.path" value="C:\Users\GITA\.m2\repository\org\apache\maven\surefire\surefire-booter\3.0.0-M5\surefire-booter-3.0.0-M5.jar;C:\Users\GITA\.m2\repository\org\apache\maven\surefire\surefire-api\3.0.0-M5\surefire-api-3.0.0-M5.jar;C:\Users\GITA\.m2\repository\org\apache\maven\surefire\surefire-logger-api\3.0.0-M5\surefire-logger-api-3.0.0-M5.jar;C:\Users\GITA\.m2\repository\org\apache\maven\surefire\surefire-shared-utils\3.0.0-M4\surefire-shared-utils-3.0.0-M4.jar;C:\Users\GITA\.m2\repository\org\apache\maven\surefire\surefire-extensions-spi\3.0.0-M5\surefire-extensions-spi-3.0.0-M5.jar;E:\RestAPi\target\test-classes;C:\Users\GITA\.m2\repository\net\serenity-bdd\serenity-core\3.5.1\serenity-core-3.5.1.jar;C:\Users\GITA\.m2\repository\net\serenity-bdd\serenity-model\3.5.1\serenity-model-3.5.1.jar;C:\Users\GITA\.m2\repository\org\apache\commons\commons-text\1.10.0\commons-text-1.10.0.jar;C:\Users\GITA\.m2\repository\commons-net\commons-net\3.8.0\commons-net-3.8.0.jar;C:\Users\GITA\.m2\repository\com\google\guava\guava\31.1-jre\guava-31.1-jre.jar;C:\Users\GITA\.m2\repository\com\google\guava\failureaccess\1.0.1\failureaccess-1.0.1.jar;C:\Users\GITA\.m2\repository\com\google\guava\listenablefuture\9999.0-empty-to-avoid-conflict-with-guava\listenablefuture-9999.0-empty-to-avoid-conflict-with-guava.jar;C:\Users\GITA\.m2\repository\com\google\code\findbugs\jsr305\3.0.2\jsr305-3.0.2.jar;C:\Users\GITA\.m2\repository\org\checkerframework\checker-qual\3.12.0\checker-qual-3.12.0.jar;C:\Users\GITA\.m2\repository\com\google\errorprone\error_prone_annotations\2.11.0\error_prone_annotations-2.11.0.jar;C:\Users\GITA\.m2\repository\com\google\j2objc\j2objc-annotations\1.3\j2objc-annotations-1.3.jar;C:\Users\GITA\.m2\repository\com\google\inject\guice\5.1.0\guice-5.1.0.jar;C:\Users\GITA\.m2\repository\javax\inject\javax.inject\1\javax.inject-1.jar;C:\Users\GITA\.m2\repository\aopalliance\aopalliance\1.0\aopalliance-1.0.jar;C:\Users\GITA\.m2\repository\org\jsoup\jsoup\1.14.3\jsoup-1.14.3.jar;C:\Users\GITA\.m2\repository\com\thoughtworks\xstream\xstream\1.4.19\xstream-1.4.19.jar;C:\Users\GITA\.m2\repository\io\github\x-stream\mxparser\1.2.2\mxparser-1.2.2.jar;C:\Users\GITA\.m2\repository\xmlpull\xmlpull\1.1.3.1\xmlpull-1.1.3.1.jar;C:\Users\GITA\.m2\repository\com\typesafe\config\1.4.2\config-1.4.2.jar;C:\Users\GITA\.m2\repository\org\imgscalr\imgscalr-lib\4.2\imgscalr-lib-4.2.jar;C:\Users\GITA\.m2\repository\org\awaitility\awaitility\4.2.0\awaitility-4.2.0.jar;C:\Users\GITA\.m2\repository\org\freemarker\freemarker\2.3.31\freemarker-2.3.31.jar;C:\Users\GITA\.m2\repository\io\github\classgraph\classgraph\4.8.138\classgraph-4.8.138.jar;C:\Users\GITA\.m2\repository\net\sourceforge\jexcelapi\jxl\2.6.12\jxl-2.6.12.jar;C:\Users\GITA\.m2\repository\net\bytebuddy\byte-buddy-agent\1.12.18\byte-buddy-agent-1.12.18.jar;C:\Users\GITA\.m2\repository\org\objenesis\objenesis\3.1\objenesis-3.1.jar;C:\Users\GITA\.m2\repository\net\serenity-bdd\serenity-reports\3.5.1\serenity-reports-3.5.1.jar;C:\Users\GITA\.m2\repository\net\serenity-bdd\serenity-stats\3.5.1\serenity-stats-3.5.1.jar;C:\Users\GITA\.m2\repository\net\serenity-bdd\serenity-reports-configuration\3.5.1\serenity-reports-configuration-3.5.1.jar;C:\Users\GITA\.m2\repository\com\vladsch\flexmark\flexmark-all\0.34.30\flexmark-all-0.34.30.jar;C:\Users\GITA\.m2\repository\com\vladsch\flexmark\flexmark\0.34.30\flexmark-0.34.30.jar;C:\Users\GITA\.m2\repository\com\vladsch\flexmark\flexmark-ext-abbreviation\0.34.30\flexmark-ext-abbreviation-0.34.30.jar;C:\Users\GITA\.m2\repository\com\vladsch\flexmark\flexmark-ext-admonition\0.34.30\flexmark-ext-admonition-0.34.30.jar;C:\Users\GITA\.m2\repository\com\vladsch\flexmark\flexmark-ext-anchorlink\0.34.30\flexmark-ext-anchorlink-0.34.30.jar;C:\Users\GITA\.m2\repository\com\vladsch\flexmark\flexmark-ext-aside\0.34.30\flexmark-ext-aside-0.34.30.jar;C:\Users\GITA\.m2\repository\com\vladsch\flexmark\flexmark-ext-attributes\0.34.30\flexmark-ext-attributes-0.34.30.jar;C:\Users\GITA\.m2\repository\com\vladsch\flexmark\flexmark-ext-autolink\0.34.30\flexmark-ext-autolink-0.34.30.jar;C:\Users\GITA\.m2\repository\org\nibor\autolink\autolink\0.6.0\autolink-0.6.0.jar;C:\Users\GITA\.m2\repository\com\vladsch\flexmark\flexmark-ext-definition\0.34.30\flexmark-ext-definition-0.34.30.jar;C:\Users\GITA\.m2\repository\com\vladsch\flexmark\flexmark-ext-emoji\0.34.30\flexmark-ext-emoji-0.34.30.jar;C:\Users\GITA\.m2\repository\com\vladsch\flexmark\flexmark-ext-enumerated-reference\0.34.30\flexmark-ext-enumerated-reference-0.34.30.jar;C:\Users\GITA\.m2\repository\com\vladsch\flexmark\flexmark-ext-escaped-character\0.34.30\flexmark-ext-escaped-character-0.34.30.jar;C:\Users\GITA\.m2\repository\com\vladsch\flexmark\flexmark-ext-footnotes\0.34.30\flexmark-ext-footnotes-0.34.30.jar;C:\Users\GITA\.m2\repository\com\vladsch\flexmark\flexmark-ext-gfm-issues\0.34.30\flexmark-ext-gfm-issues-0.34.30.jar;C:\Users\GITA\.m2\repository\com\vladsch\flexmark\flexmark-ext-gfm-strikethrough\0.34.30\flexmark-ext-gfm-strikethrough-0.34.30.jar;C:\Users\GITA\.m2\repository\com\vladsch\flexmark\flexmark-ext-gfm-tables\0.34.30\flexmark-ext-gfm-tables-0.34.30.jar;C:\Users\GITA\.m2\repository\com\vladsch\flexmark\flexmark-ext-gfm-tasklist\0.34.30\flexmark-ext-gfm-tasklist-0.34.30.jar;C:\Users\GITA\.m2\repository\com\vladsch\flexmark\flexmark-ext-gfm-users\0.34.30\flexmark-ext-gfm-users-0.34.30.jar;C:\Users\GITA\.m2\repository\com\vladsch\flexmark\flexmark-ext-gitlab\0.34.30\flexmark-ext-gitlab-0.34.30.jar;C:\Users\GITA\.m2\repository\com\vladsch\flexmark\flexmark-ext-jekyll-front-matter\0.34.30\flexmark-ext-jekyll-front-matter-0.34.30.jar;C:\Users\GITA\.m2\repository\com\vladsch\flexmark\flexmark-ext-jekyll-tag\0.34.30\flexmark-ext-jekyll-tag-0.34.30.jar;C:\Users\GITA\.m2\repository\com\vladsch\flexmark\flexmark-ext-media-tags\0.34.30\flexmark-ext-media-tags-0.34.30.jar;C:\Users\GITA\.m2\repository\com\vladsch\flexmark\flexmark-test-util\0.34.30\flexmark-test-util-0.34.30.jar;C:\Users\GITA\.m2\repository\com\vladsch\flexmark\flexmark-ext-ins\0.34.30\flexmark-ext-ins-0.34.30.jar;C:\Users\GITA\.m2\repository\com\vladsch\flexmark\flexmark-ext-xwiki-macros\0.34.30\flexmark-ext-xwiki-macros-0.34.30.jar;C:\Users\GITA\.m2\repository\com\vladsch\flexmark\flexmark-ext-superscript\0.34.30\flexmark-ext-superscript-0.34.30.jar;C:\Users\GITA\.m2\repository\com\vladsch\flexmark\flexmark-ext-tables\0.34.30\flexmark-ext-tables-0.34.30.jar;C:\Users\GITA\.m2\repository\com\vladsch\flexmark\flexmark-ext-toc\0.34.30\flexmark-ext-toc-0.34.30.jar;C:\Users\GITA\.m2\repository\com\vladsch\flexmark\flexmark-ext-typographic\0.34.30\flexmark-ext-typographic-0.34.30.jar;C:\Users\GITA\.m2\repository\com\vladsch\flexmark\flexmark-ext-wikilink\0.34.30\flexmark-ext-wikilink-0.34.30.jar;C:\Users\GITA\.m2\repository\com\vladsch\flexmark\flexmark-ext-yaml-front-matter\0.34.30\flexmark-ext-yaml-front-matter-0.34.30.jar;C:\Users\GITA\.m2\repository\com\vladsch\flexmark\flexmark-ext-youtube-embedded\0.34.30\flexmark-ext-youtube-embedded-0.34.30.jar;C:\Users\GITA\.m2\repository\com\vladsch\flexmark\flexmark-formatter\0.34.30\flexmark-formatter-0.34.30.jar;C:\Users\GITA\.m2\repository\com\vladsch\flexmark\flexmark-html-parser\0.34.30\flexmark-html-parser-0.34.30.jar;C:\Users\GITA\.m2\repository\com\vladsch\flexmark\flexmark-jira-converter\0.34.30\flexmark-jira-converter-0.34.30.jar;C:\Users\GITA\.m2\repository\com\vladsch\flexmark\flexmark-pdf-converter\0.34.30\flexmark-pdf-converter-0.34.30.jar;C:\Users\GITA\.m2\repository\com\openhtmltopdf\openhtmltopdf-core\0.0.1-RC13\openhtmltopdf-core-0.0.1-RC13.jar;C:\Users\GITA\.m2\repository\com\openhtmltopdf\openhtmltopdf-pdfbox\0.0.1-RC13\openhtmltopdf-pdfbox-0.0.1-RC13.jar;C:\Users\GITA\.m2\repository\org\apache\pdfbox\pdfbox\2.0.8\pdfbox-2.0.8.jar;C:\Users\GITA\.m2\repository\org\apache\pdfbox\fontbox\2.0.8\fontbox-2.0.8.jar;C:\Users\GITA\.m2\repository\org\apache\pdfbox\xmpbox\2.0.8\xmpbox-2.0.8.jar;C:\Users\GITA\.m2\repository\de\rototor\pdfbox\graphics2d\0.12\graphics2d-0.12.jar;C:\Users\GITA\.m2\repository\com\openhtmltopdf\openhtmltopdf-rtl-support\0.0.1-RC13\openhtmltopdf-rtl-support-0.0.1-RC13.jar;C:\Users\GITA\.m2\repository\com\ibm\icu\icu4j\59.1\icu4j-59.1.jar;C:\Users\GITA\.m2\repository\com\openhtmltopdf\openhtmltopdf-jsoup-dom-converter\0.0.1-RC13\openhtmltopdf-jsoup-dom-converter-0.0.1-RC13.jar;C:\Users\GITA\.m2\repository\com\vladsch\flexmark\flexmark-profile-pegdown\0.34.30\flexmark-profile-pegdown-0.34.30.jar;C:\Users\GITA\.m2\repository\com\vladsch\flexmark\flexmark-util\0.34.30\flexmark-util-0.34.30.jar;C:\Users\GITA\.m2\repository\com\vladsch\flexmark\flexmark-youtrack-converter\0.34.30\flexmark-youtrack-converter-0.34.30.jar;C:\Users\GITA\.m2\repository\es\nitaur\markdown\txtmark\0.16\txtmark-0.16.jar;C:\Users\GITA\.m2\repository\net\serenity-bdd\serenity-report-resources\3.5.1\serenity-report-resources-3.5.1.jar;C:\Users\GITA\.m2\repository\com\google\code\gson\gson\2.9.0\gson-2.9.0.jar;C:\Users\GITA\.m2\repository\com\fasterxml\jackson\core\jackson-core\2.13.4\jackson-core-2.13.4.jar;C:\Users\GITA\.m2\repository\com\fasterxml\jackson\core\jackson-databind\2.13.4\jackson-databind-2.13.4.jar;C:\Users\GITA\.m2\repository\com\fasterxml\jackson\core\jackson-annotations\2.13.4\jackson-annotations-2.13.4.jar;C:\Users\GITA\.m2\repository\commons-codec\commons-codec\1.15\commons-codec-1.15.jar;C:\Users\GITA\.m2\repository\commons-io\commons-io\2.11.0\commons-io-2.11.0.jar;C:\Users\GITA\.m2\repository\org\apache\httpcomponents\httpclient\4.5.13\httpclient-4.5.13.jar;C:\Users\GITA\.m2\repository\org\apache\httpcomponents\httpcore\4.4.13\httpcore-4.4.13.jar;C:\Users\GITA\.m2\repository\commons-logging\commons-logging\1.2\commons-logging-1.2.jar;C:\Users\GITA\.m2\repository\org\seleniumhq\selenium\selenium-java\4.7.1\selenium-java-4.7.1.jar;C:\Users\GITA\.m2\repository\org\seleniumhq\selenium\selenium-devtools-v106\4.7.1\selenium-devtools-v106-4.7.1.jar;C:\Users\GITA\.m2\repository\org\seleniumhq\selenium\selenium-devtools-v107\4.7.1\selenium-devtools-v107-4.7.1.jar;C:\Users\GITA\.m2\repository\org\seleniumhq\selenium\selenium-devtools-v108\4.7.1\selenium-devtools-v108-4.7.1.jar;C:\Users\GITA\.m2\repository\org\seleniumhq\selenium\selenium-devtools-v85\4.7.1\selenium-devtools-v85-4.7.1.jar;C:\Users\GITA\.m2\repository\org\seleniumhq\selenium\selenium-remote-driver\4.7.1\selenium-remote-driver-4.7.1.jar;C:\Users\GITA\.m2\repository\com\beust\jcommander\1.82\jcommander-1.82.jar;C:\Users\GITA\.m2\repository\io\netty\netty-buffer\4.1.84.Final\netty-buffer-4.1.84.Final.jar;C:\Users\GITA\.m2\repository\io\netty\netty-codec-http\4.1.84.Final\netty-codec-http-4.1.84.Final.jar;C:\Users\GITA\.m2\repository\io\netty\netty-codec\4.1.84.Final\netty-codec-4.1.84.Final.jar;C:\Users\GITA\.m2\repository\io\netty\netty-handler\4.1.84.Final\netty-handler-4.1.84.Final.jar;C:\Users\GITA\.m2\repository\io\netty\netty-common\4.1.84.Final\netty-common-4.1.84.Final.jar;C:\Users\GITA\.m2\repository\io\netty\netty-transport-classes-epoll\4.1.84.Final\netty-transport-classes-epoll-4.1.84.Final.jar;C:\Users\GITA\.m2\repository\io\netty\netty-transport-classes-kqueue\4.1.84.Final\netty-transport-classes-kqueue-4.1.84.Final.jar;C:\Users\GITA\.m2\repository\io\netty\netty-transport-native-epoll\4.1.84.Final\netty-transport-native-epoll-4.1.84.Final.jar;C:\Users\GITA\.m2\repository\io\netty\netty-transport-native-kqueue\4.1.84.Final\netty-transport-native-kqueue-4.1.84.Final.jar;C:\Users\GITA\.m2\repository\io\netty\netty-transport-native-unix-common\4.1.84.Final\netty-transport-native-unix-common-4.1.84.Final.jar;C:\Users\GITA\.m2\repository\io\netty\netty-transport\4.1.84.Final\netty-transport-4.1.84.Final.jar;C:\Users\GITA\.m2\repository\io\netty\netty-resolver\4.1.84.Final\netty-resolver-4.1.84.Final.jar;C:\Users\GITA\.m2\repository\io\opentelemetry\opentelemetry-api\1.19.0\opentelemetry-api-1.19.0.jar;C:\Users\GITA\.m2\repository\io\opentelemetry\opentelemetry-context\1.19.0\opentelemetry-context-1.19.0.jar;C:\Users\GITA\.m2\repository\io\opentelemetry\opentelemetry-exporter-logging\1.19.0\opentelemetry-exporter-logging-1.19.0.jar;C:\Users\GITA\.m2\repository\io\opentelemetry\opentelemetry-sdk-metrics\1.19.0\opentelemetry-sdk-metrics-1.19.0.jar;C:\Users\GITA\.m2\repository\io\opentelemetry\opentelemetry-sdk-logs\1.19.0-alpha\opentelemetry-sdk-logs-1.19.0-alpha.jar;C:\Users\GITA\.m2\repository\io\opentelemetry\opentelemetry-api-logs\1.19.0-alpha\opentelemetry-api-logs-1.19.0-alpha.jar;C:\Users\GITA\.m2\repository\io\opentelemetry\opentelemetry-sdk-common\1.19.0\opentelemetry-sdk-common-1.19.0.jar;C:\Users\GITA\.m2\repository\io\opentelemetry\opentelemetry-sdk-extension-autoconfigure-spi\1.19.0\opentelemetry-sdk-extension-autoconfigure-spi-1.19.0.jar;C:\Users\GITA\.m2\repository\io\opentelemetry\opentelemetry-sdk-extension-autoconfigure\1.19.0-alpha\opentelemetry-sdk-extension-autoconfigure-1.19.0-alpha.jar;C:\Users\GITA\.m2\repository\io\opentelemetry\opentelemetry-exporter-common\1.19.0\opentelemetry-exporter-common-1.19.0.jar;C:\Users\GITA\.m2\repository\io\opentelemetry\opentelemetry-sdk-trace\1.19.0\opentelemetry-sdk-trace-1.19.0.jar;C:\Users\GITA\.m2\repository\io\opentelemetry\opentelemetry-sdk\1.19.0\opentelemetry-sdk-1.19.0.jar;C:\Users\GITA\.m2\repository\io\opentelemetry\opentelemetry-semconv\1.19.0-alpha\opentelemetry-semconv-1.19.0-alpha.jar;C:\Users\GITA\.m2\repository\io\ous\jtoml\2.0.0\jtoml-2.0.0.jar;C:\Users\GITA\.m2\repository\org\apache\commons\commons-exec\1.3\commons-exec-1.3.jar;C:\Users\GITA\.m2\repository\org\asynchttpclient\async-http-client\2.12.3\async-http-client-2.12.3.jar;C:\Users\GITA\.m2\repository\org\asynchttpclient\async-http-client-netty-utils\2.12.3\async-http-client-netty-utils-2.12.3.jar;C:\Users\GITA\.m2\repository\io\netty\netty-codec-socks\4.1.60.Final\netty-codec-socks-4.1.60.Final.jar;C:\Users\GITA\.m2\repository\io\netty\netty-handler-proxy\4.1.60.Final\netty-handler-proxy-4.1.60.Final.jar;C:\Users\GITA\.m2\repository\io\netty\netty-transport-native-epoll\4.1.60.Final\netty-transport-native-epoll-4.1.60.Final-linux-x86_64.jar;C:\Users\GITA\.m2\repository\io\netty\netty-transport-native-kqueue\4.1.60.Final\netty-transport-native-kqueue-4.1.60.Final-osx-x86_64.jar;C:\Users\GITA\.m2\repository\org\reactivestreams\reactive-streams\1.0.3\reactive-streams-1.0.3.jar;C:\Users\GITA\.m2\repository\com\typesafe\netty\netty-reactive-streams\2.0.4\netty-reactive-streams-2.0.4.jar;C:\Users\GITA\.m2\repository\org\seleniumhq\selenium\selenium-manager\4.7.1\selenium-manager-4.7.1.jar;C:\Users\GITA\.m2\repository\org\seleniumhq\selenium\selenium-safari-driver\4.7.1\selenium-safari-driver-4.7.1.jar;C:\Users\GITA\.m2\repository\org\seleniumhq\selenium\selenium-api\4.7.1\selenium-api-4.7.1.jar;C:\Users\GITA\.m2\repository\org\seleniumhq\selenium\selenium-support\4.7.1\selenium-support-4.7.1.jar;C:\Users\GITA\.m2\repository\com\google\auto\service\auto-service-annotations\1.0.1\auto-service-annotations-1.0.1.jar;C:\Users\GITA\.m2\repository\com\google\auto\service\auto-service\1.0.1\auto-service-1.0.1.jar;C:\Users\GITA\.m2\repository\com\google\auto\auto-common\1.2\auto-common-1.2.jar;C:\Users\GITA\.m2\repository\org\seleniumhq\selenium\selenium-json\4.7.1\selenium-json-4.7.1.jar;C:\Users\GITA\.m2\repository\org\seleniumhq\selenium\selenium-chrome-driver\4.7.1\selenium-chrome-driver-4.7.1.jar;C:\Users\GITA\.m2\repository\org\seleniumhq\selenium\selenium-chromium-driver\4.7.1\selenium-chromium-driver-4.7.1.jar;C:\Users\GITA\.m2\repository\org\seleniumhq\selenium\selenium-firefox-driver\4.7.1\selenium-firefox-driver-4.7.1.jar;C:\Users\GITA\.m2\repository\org\seleniumhq\selenium\selenium-http\4.7.1\selenium-http-4.7.1.jar;C:\Users\GITA\.m2\repository\dev\failsafe\failsafe\3.3.0\failsafe-3.3.0.jar;C:\Users\GITA\.m2\repository\org\seleniumhq\selenium\selenium-edge-driver\4.7.1\selenium-edge-driver-4.7.1.jar;C:\Users\GITA\.m2\repository\org\seleniumhq\selenium\selenium-ie-driver\4.7.1\selenium-ie-driver-4.7.1.jar;C:\Users\GITA\.m2\repository\org\projectlombok\lombok\1.18.20\lombok-1.18.20.jar;C:\Users\GITA\.m2\repository\io\appium\java-client\8.3.0\java-client-8.3.0.jar;C:\Users\GITA\.m2\repository\commons-validator\commons-validator\1.7\commons-validator-1.7.jar;C:\Users\GITA\.m2\repository\commons-digester\commons-digester\2.1\commons-digester-2.1.jar;C:\Users\GITA\.m2\repository\org\apache\groovy\groovy\4.0.6\groovy-4.0.6.jar;C:\Users\GITA\.m2\repository\net\sf\opencsv\opencsv\2.0\opencsv-2.0.jar;C:\Users\GITA\.m2\repository\commons-beanutils\commons-beanutils\1.9.4\commons-beanutils-1.9.4.jar;C:\Users\GITA\.m2\repository\org\apache\commons\commons-lang3\3.12.0\commons-lang3-3.12.0.jar;C:\Users\GITA\.m2\repository\commons-collections\commons-collections\3.2.2\commons-collections-3.2.2.jar;C:\Users\GITA\.m2\repository\org\fluentlenium\fluentlenium-core\0.10.2\fluentlenium-core-0.10.2.jar;C:\Users\GITA\.m2\repository\io\github\bonigarcia\webdrivermanager\5.3.0\webdrivermanager-5.3.0.jar;C:\Users\GITA\.m2\repository\com\github\docker-java\docker-java\3.2.13\docker-java-3.2.13.jar;C:\Users\GITA\.m2\repository\com\github\docker-java\docker-java-core\3.2.13\docker-java-core-3.2.13.jar;C:\Users\GITA\.m2\repository\com\github\docker-java\docker-java-api\3.2.13\docker-java-api-3.2.13.jar;C:\Users\GITA\.m2\repository\org\apache\commons\commons-compress\1.21\commons-compress-1.21.jar;C:\Users\GITA\.m2\repository\org\bouncycastle\bcpkix-jdk15on\1.64\bcpkix-jdk15on-1.64.jar;C:\Users\GITA\.m2\repository\org\bouncycastle\bcprov-jdk15on\1.64\bcprov-jdk15on-1.64.jar;C:\Users\GITA\.m2\repository\org\slf4j\jcl-over-slf4j\1.7.30\jcl-over-slf4j-1.7.30.jar;C:\Users\GITA\.m2\repository\com\github\docker-java\docker-java-transport-httpclient5\3.2.13\docker-java-transport-httpclient5-3.2.13.jar;C:\Users\GITA\.m2\repository\com\github\docker-java\docker-java-transport\3.2.13\docker-java-transport-3.2.13.jar;C:\Users\GITA\.m2\repository\net\java\dev\jna\jna\5.8.0\jna-5.8.0.jar;C:\Users\GITA\.m2\repository\org\brotli\dec\0.1.2\dec-0.1.2.jar;C:\Users\GITA\.m2\repository\org\apache\httpcomponents\client5\httpclient5\5.1.3\httpclient5-5.1.3.jar;C:\Users\GITA\.m2\repository\org\apache\httpcomponents\core5\httpcore5\5.1.3\httpcore5-5.1.3.jar;C:\Users\GITA\.m2\repository\org\apache\httpcomponents\core5\httpcore5-h2\5.1.3\httpcore5-h2-5.1.3.jar;C:\Users\GITA\.m2\repository\com\jhlabs\filters\2.0.235\filters-2.0.235.jar;C:\Users\GITA\.m2\repository\com\paulhammant\ngwebdriver\1.1.6\ngwebdriver-1.1.6.jar;C:\Users\GITA\.m2\repository\joda-time\joda-time\2.8.2\joda-time-2.8.2.jar;C:\Users\GITA\.m2\repository\org\hamcrest\hamcrest\2.2\hamcrest-2.2.jar;C:\Users\GITA\.m2\repository\com\google\jimfs\jimfs\1.2\jimfs-1.2.jar;C:\Users\GITA\.m2\repository\org\mockito\mockito-core\3.3.3\mockito-core-3.3.3.jar;C:\Users\GITA\.m2\repository\javax\xml\bind\jaxb-api\2.3.1\jaxb-api-2.3.1.jar;C:\Users\GITA\.m2\repository\javax\activation\javax.activation-api\1.2.0\javax.activation-api-1.2.0.jar;C:\Users\GITA\.m2\repository\com\sun\xml\bind\jaxb-core\2.3.0.1\jaxb-core-2.3.0.1.jar;C:\Users\GITA\.m2\repository\com\sun\xml\bind\jaxb-impl\2.3.3\jaxb-impl-2.3.3.jar;C:\Users\GITA\.m2\repository\jakarta\xml\bind\jakarta.xml.bind-api\2.3.3\jakarta.xml.bind-api-2.3.3.jar;C:\Users\GITA\.m2\repository\com\sun\activation\jakarta.activation\1.2.2\jakarta.activation-1.2.2.jar;C:\Users\GITA\.m2\repository\javax\activation\activation\1.1.1\activation-1.1.1.jar;C:\Users\GITA\.m2\repository\net\serenity-bdd\serenity-rest-assured\3.5.1\serenity-rest-assured-3.5.1.jar;C:\Users\GITA\.m2\repository\io\rest-assured\rest-assured\5.2.0\rest-assured-5.2.0.jar;C:\Users\GITA\.m2\repository\org\apache\httpcomponents\httpmime\4.5.13\httpmime-4.5.13.jar;C:\Users\GITA\.m2\repository\org\ccil\cowan\tagsoup\tagsoup\1.2.1\tagsoup-1.2.1.jar;C:\Users\GITA\.m2\repository\io\rest-assured\json-path\5.2.0\json-path-5.2.0.jar;C:\Users\GITA\.m2\repository\io\rest-assured\rest-assured-common\5.2.0\rest-assured-common-5.2.0.jar;C:\Users\GITA\.m2\repository\io\rest-assured\xml-path\5.2.0\xml-path-5.2.0.jar;C:\Users\GITA\.m2\repository\org\apache\groovy\groovy-json\4.0.6\groovy-json-4.0.6.jar;C:\Users\GITA\.m2\repository\org\apache\groovy\groovy-xml\4.0.6\groovy-xml-4.0.6.jar;C:\Users\GITA\.m2\repository\org\opentest4j\opentest4j\1.2.0\opentest4j-1.2.0.jar;C:\Users\GITA\.m2\repository\net\serenity-bdd\serenity-cucumber\3.5.1\serenity-cucumber-3.5.1.jar;C:\Users\GITA\.m2\repository\io\cucumber\cucumber-core\7.8.1\cucumber-core-7.8.1.jar;C:\Users\GITA\.m2\repository\io\cucumber\cucumber-gherkin\7.8.1\cucumber-gherkin-7.8.1.jar;C:\Users\GITA\.m2\repository\io\cucumber\cucumber-gherkin-messages\7.8.1\cucumber-gherkin-messages-7.8.1.jar;C:\Users\GITA\.m2\repository\io\cucumber\gherkin\24.0.0\gherkin-24.0.0.jar;C:\Users\GITA\.m2\repository\io\cucumber\messages\19.1.4\messages-19.1.4.jar;C:\Users\GITA\.m2\repository\io\cucumber\tag-expressions\4.1.0\tag-expressions-4.1.0.jar;C:\Users\GITA\.m2\repository\io\cucumber\cucumber-expressions\16.0.0\cucumber-expressions-16.0.0.jar;C:\Users\GITA\.m2\repository\io\cucumber\datatable\7.8.1\datatable-7.8.1.jar;C:\Users\GITA\.m2\repository\io\cucumber\cucumber-plugin\7.8.1\cucumber-plugin-7.8.1.jar;C:\Users\GITA\.m2\repository\io\cucumber\docstring\7.8.1\docstring-7.8.1.jar;C:\Users\GITA\.m2\repository\io\cucumber\html-formatter\20.1.0\html-formatter-20.1.0.jar;C:\Users\GITA\.m2\repository\io\cucumber\ci-environment\9.1.0\ci-environment-9.1.0.jar;C:\Users\GITA\.m2\repository\io\cucumber\cucumber-java\7.8.1\cucumber-java-7.8.1.jar;C:\Users\GITA\.m2\repository\io\cucumber\cucumber-junit\7.8.1\cucumber-junit-7.8.1.jar;C:\Users\GITA\.m2\repository\org\apache\commons\commons-csv\1.5\commons-csv-1.5.jar;C:\Users\GITA\.m2\repository\net\serenity-bdd\serenity-screenplay\3.5.1\serenity-screenplay-3.5.1.jar;C:\Users\GITA\.m2\repository\net\serenity-bdd\serenity-screenplay-webdriver\3.5.1\serenity-screenplay-webdriver-3.5.1.jar;C:\Users\GITA\.m2\repository\net\serenity-bdd\serenity-ensure\3.5.1\serenity-ensure-3.5.1.jar;C:\Users\GITA\.m2\repository\net\serenity-bdd\serenity-junit\3.5.1\serenity-junit-3.5.1.jar;C:\Users\GITA\.m2\repository\org\jetbrains\kotlin\kotlin-stdlib\1.7.21\kotlin-stdlib-1.7.21.jar;C:\Users\GITA\.m2\repository\org\jetbrains\kotlin\kotlin-stdlib-common\1.7.21\kotlin-stdlib-common-1.7.21.jar;C:\Users\GITA\.m2\repository\org\jetbrains\annotations\13.0\annotations-13.0.jar;C:\Users\GITA\.m2\repository\org\junit\platform\junit-platform-launcher\1.8.2\junit-platform-launcher-1.8.2.jar;C:\Users\GITA\.m2\repository\org\junit\platform\junit-platform-engine\1.8.2\junit-platform-engine-1.8.2.jar;C:\Users\GITA\.m2\repository\org\junit\platform\junit-platform-commons\1.8.2\junit-platform-commons-1.8.2.jar;C:\Users\GITA\.m2\repository\org\apiguardian\apiguardian-api\1.1.2\apiguardian-api-1.1.2.jar;C:\Users\GITA\.m2\repository\org\junit\jupiter\junit-jupiter-engine\5.8.2\junit-jupiter-engine-5.8.2.jar;C:\Users\GITA\.m2\repository\org\junit\jupiter\junit-jupiter-api\5.8.2\junit-jupiter-api-5.8.2.jar;C:\Users\GITA\.m2\repository\org\junit\vintage\junit-vintage-engine\5.8.2\junit-vintage-engine-5.8.2.jar;C:\Users\GITA\.m2\repository\junit\junit\4.13.2\junit-4.13.2.jar;C:\Users\GITA\.m2\repository\org\hamcrest\hamcrest-core\1.3\hamcrest-core-1.3.jar;C:\Users\GITA\.m2\repository\ch\qos\logback\logback-classic\1.2.10\logback-classic-1.2.10.jar;C:\Users\GITA\.m2\repository\ch\qos\logback\logback-core\1.2.10\logback-core-1.2.10.jar;C:\Users\GITA\.m2\repository\org\slf4j\slf4j-api\1.7.32\slf4j-api-1.7.32.jar;C:\Users\GITA\.m2\repository\org\assertj\assertj-core\3.23.1\assertj-core-3.23.1.jar;C:\Users\GITA\.m2\repository\net\bytebuddy\byte-buddy\1.12.10\byte-buddy-1.12.10.jar;C:\Users\GITA\.m2\repository\com\googlecode\json-simple\json-simple\1.1.1\json-simple-1.1.1.jar;C:\Users\GITA\.m2\repository\org\apache\maven\surefire\surefire-junit-platform\3.0.0-M5\surefire-junit-platform-3.0.0-M5.jar;C:\Users\GITA\.m2\repository\org\apache\maven\surefire\common-java5\3.0.0-M5\common-java5-3.0.0-M5.jar"/>
    <property name="user.script" value=""/>
    <property name="sun.management.compiler" value="HotSpot 64-Bit Tiered Compilers"/>
    <property name="java.runtime.version" value="19.0.2+7-44"/>
    <property name="user.name" value="GITA"/>
    <property name="stdout.encoding" value="Cp1252"/>
    <property name="path.separator" value=";"/>
    <property name="os.version" value="10.0"/>
    <property name="java.runtime.name" value="Java(TM) SE Runtime Environment"/>
    <property name="file.encoding" value="UTF-8"/>
    <property name="webdriver.base.url" value=""/>
    <property name="java.vm.name" value="Java HotSpot(TM) 64-Bit Server VM"/>
    <property name="localRepository" value="C:\Users\GITA\.m2\repository"/>
    <property name="java.vendor.url.bug" value="https://bugreport.java.com/bugreport/"/>
    <property name="java.io.tmpdir" value="C:\Users\GITA\AppData\Local\Temp\"/>
    <property name="java.version" value="19.0.2"/>
    <property name="user.dir" value="E:\RestAPi"/>
    <property name="os.arch" value="amd64"/>
    <property name="java.vm.specification.name" value="Java Virtual Machine Specification"/>
    <property name="sun.os.patch.level" value=""/>
    <property name="native.encoding" value="Cp1252"/>
    <property name="java.library.path" value="C:\Program Files\Java\jdk-19\bin;C:\Windows\Sun\Java\bin;C:\Windows\system32;C:\Windows;C:\Program Files\Python311\Scripts\;C:\Program Files\Python311\;C:\Program Files\Common Files\Oracle\Java\javapath;C:\Program Files (x86)\Common Files\Oracle\Java\javapath;C:\Windows\system32;C:\Windows;C:\Windows\System32\Wbem;C:\Windows\System32\WindowsPowerShell\v1.0\;C:\Windows\System32\OpenSSH\;C:\Program Files\Java\jdk-19\bin;C:\Program Files\Git\cmd;C:\Program Files\nodejs\;C:\ProgramData\chocolatey\bin;C:\Program Files\apache-maven-3.8.8\bin;C:\Users\GITA\AppData\Local\Android\Sdk\platform-tools;C:\Program Files\Java\jdk-19;C:\Users\GITA\AppData\Local\Microsoft\WindowsApps;C:\Users\GITA\AppData\Local\Programs\Microsoft VS Code\bin;C:\Users\GITA\AppData\Local\GitHubDesktop\bin;C:\Users\GITA\AppData\Roaming\npm;C:\Users\GITA\AppData\Roaming\Python\Python311\Scripts;C:\Program Files\Java\jdk-19\bin;C:\Program Files\Git\cmd;;."/>
    <property name="java.vm.info" value="mixed mode"/>
    <property name="stderr.encoding" value="Cp1252"/>
    <property name="java.vendor" value="Oracle Corporation"/>
    <property name="java.vm.version" value="19.0.2+7-44"/>
    <property name="sun.io.unicode.encoding" value="UnicodeLittle"/>
    <property name="java.class.version" value="63.0"/>
  </properties>
  <testcase name="Register using a valid full name, email and password" classname="Authentication" time="9.244">
    <system-out><![CDATA[19:17:01.118 [main] DEBUG net.thucydides.core.guice.Injectors - Created injector for module net.thucydides.core.guice.ThucydidesModule
19:17:02.043 [main] INFO io.cucumber.core.plugin.SerenityReporter - Running feature from file:///E:/RestAPi/src/test/resources/api/Authentication.feature
19:17:02.044 [main] WARN io.cucumber.core.plugin.SerenityReporter - Feature from file:///E:/RestAPi/src/test/resources/api/Authentication.feature is not under the 'features' directory. Requirements report will not be correctly generated!
19:17:02.390 [main] DEBUG net.thucydides.core.guice.Injectors - Created injector for module net.thucydides.core.guice.webdriver.WebDriverModule
19:17:02.437 [main] INFO  - 

-------------------------------------------------------------------------------------
     _______. _______ .______       _______ .__   __.  __  .___________.____    ____ 
    /       ||   ____||   _  \     |   ____||  \ |  | |  | |           |\   \  /   / 
   |   (----`|  |__   |  |_)  |    |  |__   |   \|  | |  | `---|  |----` \   \/   /  
    \   \    |   __|  |      /     |   __|  |  . `  | |  |     |  |       \_    _/   
.----)   |   |  |____ |  |\  \----.|  |____ |  |\   | |  |     |  |         |  |     
|_______/    |_______|| _| `._____||_______||__| \__| |__|     |__|         |__|    
                                                                                     
 News and tutorials at http://www.serenity-bdd.info                                  
 Documentation at https://wakaleo.gitbooks.io/the-serenity-book/content/             
 Join the Serenity Community on Gitter: https://gitter.im/serenity-bdd/serenity-core 
 Serenity BDD Support and Training at http://serenity-bdd.info/#/trainingandsupport  
-------------------------------------------------------------------------------------

19:17:02.441 [main] DEBUG net.thucydides.core.steps.StepEventBus - Test suite started for story net.thucydides.core.model.Story@9d4fd687
19:17:02.445 [main] INFO  - Test Suite Started: Authentication
19:17:02.482 [main] INFO io.cucumber.core.plugin.SerenityReporter - Running feature from file:///E:/RestAPi/src/test/resources/api/Produk.feature
19:17:02.482 [main] WARN io.cucumber.core.plugin.SerenityReporter - Feature from file:///E:/RestAPi/src/test/resources/api/Produk.feature is not under the 'features' directory. Requirements report will not be correctly generated!
19:17:02.493 [main] DEBUG net.thucydides.core.steps.StepEventBus - Test suite started for story net.thucydides.core.model.Story@71884d0
19:17:02.495 [main] INFO  - Test Suite Started: Products
19:17:02.495 [main] INFO io.cucumber.core.plugin.SerenityReporter - Running feature from file:///E:/RestAPi/src/test/resources/api/order.feature
19:17:02.495 [main] WARN io.cucumber.core.plugin.SerenityReporter - Feature from file:///E:/RestAPi/src/test/resources/api/order.feature is not under the 'features' directory. Requirements report will not be correctly generated!
19:17:02.504 [main] DEBUG net.thucydides.core.steps.StepEventBus - Test suite started for story net.thucydides.core.model.Story@17ea4789
19:17:02.505 [main] INFO  - Test Suite Started: Order
19:17:02.506 [main] INFO io.cucumber.core.plugin.SerenityReporter - Running feature from file:///E:/RestAPi/src/test/resources/api/productcategory.feature
19:17:02.506 [main] WARN io.cucumber.core.plugin.SerenityReporter - Feature from file:///E:/RestAPi/src/test/resources/api/productcategory.feature is not under the 'features' directory. Requirements report will not be correctly generated!
19:17:02.517 [main] DEBUG net.thucydides.core.steps.StepEventBus - Test suite started for story net.thucydides.core.model.Story@310f1f38
19:17:02.518 [main] INFO  - Test Suite Started: Category
19:17:02.519 [main] INFO io.cucumber.core.plugin.SerenityReporter - Running feature from file:///E:/RestAPi/src/test/resources/api/Authentication.feature
19:17:02.519 [main] WARN io.cucumber.core.plugin.SerenityReporter - Feature from file:///E:/RestAPi/src/test/resources/api/Authentication.feature is not under the 'features' directory. Requirements report will not be correctly generated!
19:17:02.526 [main] DEBUG net.thucydides.core.steps.StepEventBus - Test suite started for story net.thucydides.core.model.Story@9d4fd687
19:17:02.529 [main] INFO  - Test Suite Started: Authentication

@register
Scenario: Register using a valid full name, email and password                                                                           &amp#27;[90m# src/test/resources/api/Authentication.feature:4&amp#27;[0m
19:17:02.974 [main] INFO io.cucumber.core.plugin.SerenityReporter - Running feature from file:///E:/RestAPi/src/test/resources/api/Authentication.feature
19:17:02.974 [main] WARN io.cucumber.core.plugin.SerenityReporter - Feature from file:///E:/RestAPi/src/test/resources/api/Authentication.feature is not under the 'features' directory. Requirements report will not be correctly generated!
19:17:03.202 [main] INFO  - 
  _____   ___   ___   _____     ___   _____     _     ___   _____   ___   ___  
 |_   _| | __| / __| |_   _|   / __| |_   _|   /_\   | _ \ |_   _| | __| |   \ 
   | |   | _|  \__ \   | |     \__ \   | |    / _ \  |   /   | |   | _|  | |) |
   |_|   |___| |___/   |_|     |___/   |_|   /_/ \_\ |_|_\   |_|   |___| |___/ 

Register using a valid full name, email and password(authentication;register-using-a-valid-full-name--email-and-password)
--------------------------------------------------------------------------------
19:17:04.232 [main] DEBUG net.thucydides.core.steps.StepInterceptor - STARTING STEP: LoginSteps.iRegisterUsingTheCorrectData - I register using the correct data
19:17:04.238 [main] DEBUG net.thucydides.core.steps.StepInterceptor - STEP DONE: I register using the correct data
  &amp#27;[32mGiven &amp#27;[0m&amp#27;[32mI register using the correct data&amp#27;[0m                                                                                                &amp#27;[90m# starter.stepdefinitions.LoginSteps.iRegisterUsingTheCorrectData()&amp#27;[0m
19:17:04.261 [main] DEBUG net.thucydides.core.steps.StepInterceptor - STARTING STEP: LoginSteps.iSubmitAPOSTRequestToWithFullnameEmailAndPassword - I submit a POST request to {string} with fullname testing123, email testing12388@gmail.comand password testing123m
19:17:08.807 [main] DEBUG net.thucydides.core.steps.StepInterceptor - STARTING STEP: Register.POSTRequestToWithFullnameEmailAndPassword - I register using the correct data
19:17:08.814 [main] DEBUG net.thucydides.core.steps.StepInterceptor - STEP DONE: I register using the correct data
19:17:10.645 [main] DEBUG org.apache.http.impl.conn.BasicClientConnectionManager - Get connection for route {s}->https://altashop-api.fly.dev:443
19:17:11.010 [main] DEBUG org.apache.http.impl.conn.DefaultClientConnectionOperator - Connecting to altashop-api.fly.dev:443
19:17:11.527 [main] DEBUG org.apache.http.client.protocol.RequestAddCookies - CookieSpec selected: ignoreCookies
19:17:11.529 [main] DEBUG org.apache.http.client.protocol.RequestAuthCache - Auth cache not set in the context
19:17:11.529 [main] DEBUG org.apache.http.client.protocol.RequestTargetAuthentication - Target auth state: UNCHALLENGED
19:17:11.530 [main] DEBUG org.apache.http.client.protocol.RequestProxyAuthentication - Proxy auth state: UNCHALLENGED
19:17:11.530 [main] DEBUG org.apache.http.impl.client.DefaultHttpClient - Attempt 1 to execute request
19:17:11.530 [main] DEBUG org.apache.http.impl.conn.DefaultClientConnection - Sending request: POST /api/auth/register HTTP/1.1
19:17:11.531 [main] DEBUG org.apache.http.wire -  >> "POST /api/auth/register HTTP/1.1[\r][\n]"
19:17:11.531 [main] DEBUG org.apache.http.wire -  >> "Accept: */*[\r][\n]"
19:17:11.532 [main] DEBUG org.apache.http.wire -  >> "Content-Type: application/json[\r][\n]"
19:17:11.532 [main] DEBUG org.apache.http.wire -  >> "Content-Length: 79[\r][\n]"
19:17:11.532 [main] DEBUG org.apache.http.wire -  >> "Host: altashop-api.fly.dev[\r][\n]"
19:17:11.532 [main] DEBUG org.apache.http.wire -  >> "Connection: Keep-Alive[\r][\n]"
19:17:11.532 [main] DEBUG org.apache.http.wire -  >> "User-Agent: Apache-HttpClient/4.5.13 (Java/19.0.2)[\r][\n]"
19:17:11.532 [main] DEBUG org.apache.http.wire -  >> "Accept-Encoding: gzip,deflate[\r][\n]"
19:17:11.533 [main] DEBUG org.apache.http.wire -  >> "[\r][\n]"
19:17:11.533 [main] DEBUG org.apache.http.headers - >> POST /api/auth/register HTTP/1.1
19:17:11.533 [main] DEBUG org.apache.http.headers - >> Accept: */*
19:17:11.533 [main] DEBUG org.apache.http.headers - >> Content-Type: application/json
19:17:11.533 [main] DEBUG org.apache.http.headers - >> Content-Length: 79
19:17:11.533 [main] DEBUG org.apache.http.headers - >> Host: altashop-api.fly.dev
19:17:11.533 [main] DEBUG org.apache.http.headers - >> Connection: Keep-Alive
19:17:11.533 [main] DEBUG org.apache.http.headers - >> User-Agent: Apache-HttpClient/4.5.13 (Java/19.0.2)
19:17:11.533 [main] DEBUG org.apache.http.headers - >> Accept-Encoding: gzip,deflate
19:17:11.533 [main] DEBUG org.apache.http.wire -  >> "{"password":"testing123m","fullname":"testing123","email":"beafeefe@gmail.com"}"
19:17:11.572 [main] DEBUG org.apache.http.wire -  << "HTTP/1.1 200 OK[\r][\n]"
19:17:11.576 [main] DEBUG org.apache.http.wire -  << "content-type: application/json[\r][\n]"
19:17:11.576 [main] DEBUG org.apache.http.wire -  << "date: Wed, 10 May 2023 12:17:13 GMT[\r][\n]"
19:17:11.576 [main] DEBUG org.apache.http.wire -  << "content-encoding: gzip[\r][\n]"
19:17:11.576 [main] DEBUG org.apache.http.wire -  << "transfer-encoding: chunked[\r][\n]"
19:17:11.576 [main] DEBUG org.apache.http.wire -  << "server: Fly/3f2597ca (2023-05-03)[\r][\n]"
19:17:11.576 [main] DEBUG org.apache.http.wire -  << "via: 1.1 fly.io[\r][\n]"
19:17:11.576 [main] DEBUG org.apache.http.wire -  << "fly-request-id: 01H02SG5THQJN7QGSRNHZ5J3QM-sin[\r][\n]"
19:17:11.577 [main] DEBUG org.apache.http.wire -  << "[\r][\n]"
19:17:11.578 [main] DEBUG org.apache.http.impl.conn.DefaultClientConnection - Receiving response: HTTP/1.1 200 OK
19:17:11.579 [main] DEBUG org.apache.http.headers - << HTTP/1.1 200 OK
19:17:11.579 [main] DEBUG org.apache.http.headers - << content-type: application/json
19:17:11.579 [main] DEBUG org.apache.http.headers - << date: Wed, 10 May 2023 12:17:13 GMT
19:17:11.579 [main] DEBUG org.apache.http.headers - << content-encoding: gzip
19:17:11.579 [main] DEBUG org.apache.http.headers - << transfer-encoding: chunked
19:17:11.579 [main] DEBUG org.apache.http.headers - << server: Fly/3f2597ca (2023-05-03)
19:17:11.579 [main] DEBUG org.apache.http.headers - << via: 1.1 fly.io
19:17:11.579 [main] DEBUG org.apache.http.headers - << fly-request-id: 01H02SG5THQJN7QGSRNHZ5J3QM-sin
19:17:11.585 [main] DEBUG org.apache.http.impl.client.DefaultHttpClient - Connection can be kept alive indefinitely
19:17:11.592 [main] DEBUG io.restassured.internal.RestAssuredHttpBuilder - Parsing response as: application/json
19:17:11.592 [main] DEBUG org.apache.http.wire -  << "6B[\r][\n]"
19:17:11.592 [main] DEBUG org.apache.http.wire -  << "[0x1f][0x8b][0x8][0x0][0x0][0x0][0x0][0x0][0x4][0xff][0xab]VJI,IT[0xb2][0xaa]V[0xf2]tQ[0xb2]2262[0xb6][0xd4]Qr+[0xcd][0xc9][0xc9]K[0xcc]MU[0xb2]R*I-.[0xc9][0xcc]K742V[0xd2]Qr[0xcd]M[0xcc][0xcc]Q[0xb2]RJJMLKMMKuH[0x7][0x9][0xe8]%[0xe7][0xe7]*[0xe9]([0x5]$[0x16][0x17][0x97][0xe7][0x17][0xa5][0xa0]h[0xca]U[0xaa][0xad][0xe5][0x2][0x0] %z[0x1]d[0x0][0x0][0x0]"
19:17:11.593 [main] DEBUG org.apache.http.wire -  << "[\r][\n]"
19:17:11.593 [main] DEBUG org.apache.http.wire -  << "0[\r][\n]"
19:17:11.593 [main] DEBUG org.apache.http.wire -  << "[\r][\n]"
19:17:11.594 [main] DEBUG io.restassured.internal.RestAssuredHttpBuilder - Parsed data to instance of: class org.apache.http.conn.EofSensorInputStream
19:17:11.675 [main] DEBUG org.apache.http.impl.conn.BasicClientConnectionManager - Releasing connection org.apache.http.impl.conn.ManagedClientConnectionImpl@17f41739
19:17:11.675 [main] DEBUG org.apache.http.impl.conn.BasicClientConnectionManager - Connection can be kept alive indefinitely
19:17:11.683 [main] DEBUG net.thucydides.core.steps.StepInterceptor - STEP DONE: I submit a POST request to {string} with fullname testing123, email testing12388@gmail.comand password testing123m
  &amp#27;[32mWhen &amp#27;[0m&amp#27;[32mI submit a POST request to &amp#27;[0m&amp#27;[32m&amp#27;[1m"/auth/register"&amp#27;[0m&amp#27;[32m with fullname &amp#27;[0m&amp#27;[32m&amp#27;[1m"testing123"&amp#27;[0m&amp#27;[32m, email &amp#27;[0m&amp#27;[32m&amp#27;[1m"testing12388@gmail.com"&amp#27;[0m&amp#27;[32m and password &amp#27;[0m&amp#27;[32m&amp#27;[1m"testing123m"&amp#27;[0m &amp#27;[90m# starter.stepdefinitions.LoginSteps.iSubmitAPOSTRequestToWithFullnameEmailAndPassword(java.lang.String,java.lang.String,java.lang.String,java.lang.String)&amp#27;[0m
19:17:11.696 [main] DEBUG net.thucydides.core.steps.StepInterceptor - STARTING STEP: LoginSteps.iReceiveValidHTTPResponseCodeRegister - I receive valid HTTP response code register 200
19:17:11.749 [main] DEBUG net.thucydides.core.steps.StepInterceptor - STEP DONE: I receive valid HTTP response code register 200
  &amp#27;[32mThen &amp#27;[0m&amp#27;[32mI receive valid HTTP response code register &amp#27;[0m&amp#27;[32m&amp#27;[1m200&amp#27;[0m                                                                                   &amp#27;[90m# starter.stepdefinitions.LoginSteps.iReceiveValidHTTPResponseCodeRegister(int)&amp#27;[0m
19:17:11.756 [main] DEBUG net.thucydides.core.steps.StepInterceptor - STARTING STEP: LoginSteps.registerSuccessfully - register successfully
19:17:11.759 [main] DEBUG net.thucydides.core.steps.StepInterceptor - STEP DONE: register successfully
  &amp#27;[32mAnd &amp#27;[0m&amp#27;[32mregister successfully&amp#27;[0m                                                                                                              &amp#27;[90m# starter.stepdefinitions.LoginSteps.registerSuccessfully()&amp#27;[0m
19:17:11.768 [main] INFO  - 
  _____   ___   ___   _____     ___     _     ___   ___   ___   ___  
 |_   _| | __| / __| |_   _|   | _ \   /_\   / __| / __| | __| |   \ 
   | |   | _|  \__ \   | |     |  _/  / _ \  \__ \ \__ \ | _|  | |) |
   |_|   |___| |___/   |_|     |_|   /_/ \_\ |___/ |___/ |___| |___/ 

Register using a valid full name, email and password
----------------------------------------------------------------------
]]></system-out>
  </testcase>
  <testcase name="Login with registered or correct email and password" classname="Authentication" time="0.645">
    <system-out><![CDATA[
Scenario: Login with registered or correct email and password                                            &amp#27;[90m# src/test/resources/api/Authentication.feature:10&amp#27;[0m
19:17:11.841 [main] INFO io.cucumber.core.plugin.SerenityReporter - Running feature from file:///E:/RestAPi/src/test/resources/api/Authentication.feature
19:17:11.841 [main] WARN io.cucumber.core.plugin.SerenityReporter - Feature from file:///E:/RestAPi/src/test/resources/api/Authentication.feature is not under the 'features' directory. Requirements report will not be correctly generated!
19:17:11.856 [main] INFO  - 
  _____   ___   ___   _____     ___   _____     _     ___   _____   ___   ___  
 |_   _| | __| / __| |_   _|   / __| |_   _|   /_\   | _ \ |_   _| | __| |   \ 
   | |   | _|  \__ \   | |     \__ \   | |    / _ \  |   /   | |   | _|  | |) |
   |_|   |___| |___/   |_|     |___/   |_|   /_/ \_\ |_|_\   |_|   |___| |___/ 

Login with registered or correct email and password(authentication;login-with-registered-or-correct-email-and-password)
--------------------------------------------------------------------------------
19:17:11.961 [main] DEBUG net.thucydides.core.steps.StepInterceptor - STARTING STEP: LoginSteps.iHaveValidCredentials - I have valid credentials
19:17:11.962 [main] DEBUG net.thucydides.core.steps.StepInterceptor - STEP DONE: I have valid credentials
  &amp#27;[32mGiven &amp#27;[0m&amp#27;[32mI have valid credentials&amp#27;[0m                                                                         &amp#27;[90m# starter.stepdefinitions.LoginSteps.iHaveValidCredentials()&amp#27;[0m
19:17:11.975 [main] DEBUG net.thucydides.core.steps.StepInterceptor - STARTING STEP: LoginSteps.iSubmitAPOSTRequestToWithEmailAndPassword - I submit a POST request to {string} with email gitalee21@gmail.com and password gitale88
19:17:11.985 [main] DEBUG net.thucydides.core.steps.StepInterceptor - STARTING STEP: Login.iSubmitAPOSTRequestToWithEmailAndPassword - I have valid credentials
19:17:11.989 [main] DEBUG net.thucydides.core.steps.StepInterceptor - STEP DONE: I have valid credentials
19:17:12.176 [main] DEBUG org.apache.http.impl.conn.BasicClientConnectionManager - Get connection for route {s}->https://altashop-api.fly.dev:443
19:17:12.178 [main] DEBUG org.apache.http.impl.conn.DefaultClientConnectionOperator - Connecting to altashop-api.fly.dev:443
19:17:12.330 [main] DEBUG org.apache.http.client.protocol.RequestAddCookies - CookieSpec selected: ignoreCookies
19:17:12.331 [main] DEBUG org.apache.http.client.protocol.RequestAuthCache - Auth cache not set in the context
19:17:12.333 [main] DEBUG org.apache.http.client.protocol.RequestTargetAuthentication - Target auth state: UNCHALLENGED
19:17:12.333 [main] DEBUG org.apache.http.client.protocol.RequestProxyAuthentication - Proxy auth state: UNCHALLENGED
19:17:12.333 [main] DEBUG org.apache.http.impl.client.DefaultHttpClient - Attempt 1 to execute request
19:17:12.333 [main] DEBUG org.apache.http.impl.conn.DefaultClientConnection - Sending request: POST /api/auth/login HTTP/1.1
19:17:12.333 [main] DEBUG org.apache.http.wire -  >> "POST /api/auth/login HTTP/1.1[\r][\n]"
19:17:12.333 [main] DEBUG org.apache.http.wire -  >> "Accept: */*[\r][\n]"
19:17:12.333 [main] DEBUG org.apache.http.wire -  >> "Content-Type: application/json[\r][\n]"
19:17:12.333 [main] DEBUG org.apache.http.wire -  >> "Content-Length: 53[\r][\n]"
19:17:12.333 [main] DEBUG org.apache.http.wire -  >> "Host: altashop-api.fly.dev[\r][\n]"
19:17:12.333 [main] DEBUG org.apache.http.wire -  >> "Connection: Keep-Alive[\r][\n]"
19:17:12.334 [main] DEBUG org.apache.http.wire -  >> "User-Agent: Apache-HttpClient/4.5.13 (Java/19.0.2)[\r][\n]"
19:17:12.334 [main] DEBUG org.apache.http.wire -  >> "Accept-Encoding: gzip,deflate[\r][\n]"
19:17:12.334 [main] DEBUG org.apache.http.wire -  >> "[\r][\n]"
19:17:12.334 [main] DEBUG org.apache.http.headers - >> POST /api/auth/login HTTP/1.1
19:17:12.334 [main] DEBUG org.apache.http.headers - >> Accept: */*
19:17:12.334 [main] DEBUG org.apache.http.headers - >> Content-Type: application/json
19:17:12.334 [main] DEBUG org.apache.http.headers - >> Content-Length: 53
19:17:12.334 [main] DEBUG org.apache.http.headers - >> Host: altashop-api.fly.dev
19:17:12.334 [main] DEBUG org.apache.http.headers - >> Connection: Keep-Alive
19:17:12.334 [main] DEBUG org.apache.http.headers - >> User-Agent: Apache-HttpClient/4.5.13 (Java/19.0.2)
19:17:12.334 [main] DEBUG org.apache.http.headers - >> Accept-Encoding: gzip,deflate
19:17:12.334 [main] DEBUG org.apache.http.wire -  >> "{"password":"gitale88","email":"gitalee21@gmail.com"}"
19:17:12.389 [main] DEBUG org.apache.http.wire -  << "HTTP/1.1 200 OK[\r][\n]"
19:17:12.389 [main] DEBUG org.apache.http.wire -  << "content-type: application/json[\r][\n]"
19:17:12.390 [main] DEBUG org.apache.http.wire -  << "date: Wed, 10 May 2023 12:17:14 GMT[\r][\n]"
19:17:12.395 [main] DEBUG org.apache.http.wire -  << "content-encoding: gzip[\r][\n]"
19:17:12.395 [main] DEBUG org.apache.http.wire -  << "transfer-encoding: chunked[\r][\n]"
19:17:12.395 [main] DEBUG org.apache.http.wire -  << "server: Fly/3f2597ca (2023-05-03)[\r][\n]"
19:17:12.395 [main] DEBUG org.apache.http.wire -  << "via: 1.1 fly.io[\r][\n]"
19:17:12.395 [main] DEBUG org.apache.http.wire -  << "fly-request-id: 01H02SG6M62VW8NFF3066WTHEE-sin[\r][\n]"
19:17:12.395 [main] DEBUG org.apache.http.wire -  << "[\r][\n]"
19:17:12.395 [main] DEBUG org.apache.http.impl.conn.DefaultClientConnection - Receiving response: HTTP/1.1 200 OK
19:17:12.395 [main] DEBUG org.apache.http.headers - << HTTP/1.1 200 OK
19:17:12.396 [main] DEBUG org.apache.http.headers - << content-type: application/json
19:17:12.396 [main] DEBUG org.apache.http.headers - << date: Wed, 10 May 2023 12:17:14 GMT
19:17:12.396 [main] DEBUG org.apache.http.headers - << content-encoding: gzip
19:17:12.396 [main] DEBUG org.apache.http.headers - << transfer-encoding: chunked
19:17:12.396 [main] DEBUG org.apache.http.headers - << server: Fly/3f2597ca (2023-05-03)
19:17:12.396 [main] DEBUG org.apache.http.headers - << via: 1.1 fly.io
19:17:12.396 [main] DEBUG org.apache.http.headers - << fly-request-id: 01H02SG6M62VW8NFF3066WTHEE-sin
19:17:12.397 [main] DEBUG org.apache.http.impl.client.DefaultHttpClient - Connection can be kept alive indefinitely
19:17:12.397 [main] DEBUG io.restassured.internal.RestAssuredHttpBuilder - Parsing response as: application/json
19:17:12.397 [main] DEBUG org.apache.http.wire -  << "BD[\r][\n]"
19:17:12.398 [main] DEBUG org.apache.http.wire -  << "[0x1f][0x8b][0x8][0x0][0x0][0x0][0x0][0x0][0x4][0xff][0xab]VJI,IT[0xb2]RJ[0xad][0xf4][0xca]HrO[0xce][0xf4][0xcf][0xf4][0xf2][0xc][0xad][0xf2]4[0xf4][0xcb][0xf4],[0xf6][0xcc][0xb]2Mv[0xf6]4[0xf3][0xcc].[0x88][0x8]s[0xf6][0xb2][0xd4]K[0xad][0xf4]rO[0x9][0xaf](N[0xca]u+[0x89][\n]"
19:17:12.399 [main] DEBUG org.apache.http.wire -  << "[0x6]I[0xa4][0x14][0xa4][0xb8][0xbb][0xa6][0x87][0xb8][0x87][0x95]%[0xe5]f[0xa7]Gy[0xa4][0x14]x[0xba]GU&F8f[0xfa]8{[0xb9]%[0x85][0xbb][0x15]$[0x81][0xc][0xc8][0x5][0xa9]s+[0x8e][\n]"
19:17:12.399 [main] DEBUG org.apache.http.wire -  << "[0xf][0xad][0xf4][\r]u[0xca][0x83][0x88][0x9b]f%[0x19][0x19]d[0xa6][0x5][0xea][0x85][0xb8][0x17][0x7][0x95]8[0x7][0x1b][0xc6][0x87][0x9b][0xa6][0x5][0xe6]W[0xf8]T[0x84][0x5][0xfb]f[0xb8]d[0xe7]E[0xc4][0x97][0xe6][0x7][0x85][0x95][0xc7][0x1b][0x94]D:[0xbb][0x17][0x1b][0x6][0x97][0x84][0xb9]*[0xd5]r[0x1][0x0]9([0x99]z[0xb3][0x0][0x0][0x0]"
19:17:12.399 [main] DEBUG org.apache.http.wire -  << "[\r][\n]"
19:17:12.400 [main] DEBUG org.apache.http.wire -  << "0[\r][\n]"
19:17:12.400 [main] DEBUG org.apache.http.wire -  << "[\r][\n]"
19:17:12.400 [main] DEBUG io.restassured.internal.RestAssuredHttpBuilder - Parsed data to instance of: class org.apache.http.conn.EofSensorInputStream
19:17:12.402 [main] DEBUG org.apache.http.impl.conn.BasicClientConnectionManager - Releasing connection org.apache.http.impl.conn.ManagedClientConnectionImpl@6d80e411
19:17:12.403 [main] DEBUG org.apache.http.impl.conn.BasicClientConnectionManager - Connection can be kept alive indefinitely
19:17:12.404 [main] DEBUG net.thucydides.core.steps.StepInterceptor - STEP DONE: I submit a POST request to {string} with email gitalee21@gmail.com and password gitale88
  &amp#27;[32mWhen &amp#27;[0m&amp#27;[32mI submit a POST request to &amp#27;[0m&amp#27;[32m&amp#27;[1m"/auth/login"&amp#27;[0m&amp#27;[32m with email &amp#27;[0m&amp#27;[32m&amp#27;[1m"gitalee21@gmail.com"&amp#27;[0m&amp#27;[32m and password &amp#27;[0m&amp#27;[32m&amp#27;[1m"gitale88"&amp#27;[0m &amp#27;[90m# starter.stepdefinitions.LoginSteps.iSubmitAPOSTRequestToWithEmailAndPassword(java.lang.String,java.lang.String,java.lang.String)&amp#27;[0m
19:17:12.421 [main] DEBUG net.thucydides.core.steps.StepInterceptor - STARTING STEP: LoginSteps.iShouldGetAResponseCode - I receive valid HTTP response code Login 200
19:17:12.423 [main] DEBUG net.thucydides.core.steps.StepInterceptor - STEP DONE: I receive valid HTTP response code Login 200
  &amp#27;[32mThen &amp#27;[0m&amp#27;[32mI receive valid HTTP response code Login &amp#27;[0m&amp#27;[32m&amp#27;[1m200&amp#27;[0m                                                      &amp#27;[90m# starter.stepdefinitions.LoginSteps.iShouldGetAResponseCode(int)&amp#27;[0m
19:17:12.427 [main] INFO  - 
  _____   ___   ___   _____     ___     _     ___   ___   ___   ___  
 |_   _| | __| / __| |_   _|   | _ \   /_\   / __| / __| | __| |   \ 
   | |   | _|  \__ \   | |     |  _/  / _ \  \__ \ \__ \ | _|  | |) |
   |_|   |___| |___/   |_|     |_|   /_/ \_\ |___/ |___/ |___| |___/ 

Login with registered or correct email and password
----------------------------------------------------------------------
]]></system-out>
  </testcase>
  <testcase name="view user information" classname="Authentication" time="0.505">
    <system-out><![CDATA[
Scenario: view user information                                        &amp#27;[90m# src/test/resources/api/Authentication.feature:16&amp#27;[0m
19:17:12.467 [main] INFO io.cucumber.core.plugin.SerenityReporter - Running feature from file:///E:/RestAPi/src/test/resources/api/Authentication.feature
19:17:12.467 [main] WARN io.cucumber.core.plugin.SerenityReporter - Feature from file:///E:/RestAPi/src/test/resources/api/Authentication.feature is not under the 'features' directory. Requirements report will not be correctly generated!
19:17:12.471 [main] INFO  - 
  _____   ___   ___   _____     ___   _____     _     ___   _____   ___   ___  
 |_   _| | __| / __| |_   _|   / __| |_   _|   /_\   | _ \ |_   _| | __| |   \ 
   | |   | _|  \__ \   | |     \__ \   | |    / _ \  |   /   | |   | _|  | |) |
   |_|   |___| |___/   |_|     |___/   |_|   /_/ \_\ |_|_\   |_|   |___| |___/ 

view user information(authentication;view-user-information)
--------------------------------------------------------------------------------
19:17:12.532 [main] DEBUG net.thucydides.core.steps.StepInterceptor - STARTING STEP: LoginSteps.iSetGETEndpoints - I set GET endpoints
19:17:12.539 [main] DEBUG net.thucydides.core.steps.StepInterceptor - STEP DONE: I set GET endpoints
  &amp#27;[32mGiven &amp#27;[0m&amp#27;[32mI set GET endpoints&amp#27;[0m                                            &amp#27;[90m# starter.stepdefinitions.LoginSteps.iSetGETEndpoints()&amp#27;[0m
19:17:12.555 [main] DEBUG net.thucydides.core.steps.StepInterceptor - STARTING STEP: LoginSteps.iSendAGETRequestToTheUserAPIEndpoints - I send GET HTTP request
19:17:12.561 [main] DEBUG net.thucydides.core.steps.StepInterceptor - STARTING STEP: Information.iSendAGETRequestToTheUserAPIEndpoints - I set GET endpoints
19:17:12.563 [main] DEBUG net.thucydides.core.steps.StepInterceptor - STEP DONE: I set GET endpoints
19:17:12.772 [main] DEBUG org.apache.http.impl.conn.BasicClientConnectionManager - Get connection for route {s}->https://altashop-api.fly.dev:443
19:17:12.772 [main] DEBUG org.apache.http.impl.conn.DefaultClientConnectionOperator - Connecting to altashop-api.fly.dev:443
19:17:12.863 [main] DEBUG org.apache.http.client.protocol.RequestAddCookies - CookieSpec selected: ignoreCookies
19:17:12.864 [main] DEBUG org.apache.http.client.protocol.RequestAuthCache - Auth cache not set in the context
19:17:12.864 [main] DEBUG org.apache.http.client.protocol.RequestProxyAuthentication - Proxy auth state: UNCHALLENGED
19:17:12.864 [main] DEBUG org.apache.http.impl.client.DefaultHttpClient - Attempt 1 to execute request
19:17:12.864 [main] DEBUG org.apache.http.impl.conn.DefaultClientConnection - Sending request: GET /api/auth/info HTTP/1.1
19:17:12.864 [main] DEBUG org.apache.http.wire -  >> "GET /api/auth/info HTTP/1.1[\r][\n]"
19:17:12.865 [main] DEBUG org.apache.http.wire -  >> "Authorization: Bearer eyJhbGciOiJIUzI1NiIsInR5cCI6IkpXVCJ9.eyJGdWxsbmFtZSI6IkdpdGEgTGVvbmkgZHdpIGZyaXAiLCJFbWFpbCI6ImdpdGFsZWUyMUBnbWFpbC5jb20ifQ.TGsRtCS1_W5fQoxLxVSMhDknX_uoRVw_0tYCGs1StVE[\r][\n]"
19:17:12.865 [main] DEBUG org.apache.http.wire -  >> "Accept: */*[\r][\n]"
19:17:12.865 [main] DEBUG org.apache.http.wire -  >> "Host: altashop-api.fly.dev[\r][\n]"
19:17:12.865 [main] DEBUG org.apache.http.wire -  >> "Connection: Keep-Alive[\r][\n]"
19:17:12.866 [main] DEBUG org.apache.http.wire -  >> "User-Agent: Apache-HttpClient/4.5.13 (Java/19.0.2)[\r][\n]"
19:17:12.866 [main] DEBUG org.apache.http.wire -  >> "Accept-Encoding: gzip,deflate[\r][\n]"
19:17:12.866 [main] DEBUG org.apache.http.wire -  >> "[\r][\n]"
19:17:12.866 [main] DEBUG org.apache.http.headers - >> GET /api/auth/info HTTP/1.1
19:17:12.866 [main] DEBUG org.apache.http.headers - >> Authorization: Bearer eyJhbGciOiJIUzI1NiIsInR5cCI6IkpXVCJ9.eyJGdWxsbmFtZSI6IkdpdGEgTGVvbmkgZHdpIGZyaXAiLCJFbWFpbCI6ImdpdGFsZWUyMUBnbWFpbC5jb20ifQ.TGsRtCS1_W5fQoxLxVSMhDknX_uoRVw_0tYCGs1StVE
19:17:12.866 [main] DEBUG org.apache.http.headers - >> Accept: */*
19:17:12.866 [main] DEBUG org.apache.http.headers - >> Host: altashop-api.fly.dev
19:17:12.866 [main] DEBUG org.apache.http.headers - >> Connection: Keep-Alive
19:17:12.866 [main] DEBUG org.apache.http.headers - >> User-Agent: Apache-HttpClient/4.5.13 (Java/19.0.2)
19:17:12.866 [main] DEBUG org.apache.http.headers - >> Accept-Encoding: gzip,deflate
19:17:12.903 [main] DEBUG org.apache.http.wire -  << "HTTP/1.1 200 OK[\r][\n]"
19:17:12.903 [main] DEBUG org.apache.http.wire -  << "content-type: application/json[\r][\n]"
19:17:12.903 [main] DEBUG org.apache.http.wire -  << "date: Wed, 10 May 2023 12:17:14 GMT[\r][\n]"
19:17:12.903 [main] DEBUG org.apache.http.wire -  << "content-encoding: gzip[\r][\n]"
19:17:12.903 [main] DEBUG org.apache.http.wire -  << "transfer-encoding: chunked[\r][\n]"
19:17:12.904 [main] DEBUG org.apache.http.wire -  << "server: Fly/3f2597ca (2023-05-03)[\r][\n]"
19:17:12.904 [main] DEBUG org.apache.http.wire -  << "via: 1.1 fly.io[\r][\n]"
19:17:12.904 [main] DEBUG org.apache.http.wire -  << "fly-request-id: 01H02SG749WJJNZKHDZY4MQ5DY-sin[\r][\n]"
19:17:12.904 [main] DEBUG org.apache.http.wire -  << "[\r][\n]"
19:17:12.904 [main] DEBUG org.apache.http.impl.conn.DefaultClientConnection - Receiving response: HTTP/1.1 200 OK
19:17:12.904 [main] DEBUG org.apache.http.headers - << HTTP/1.1 200 OK
19:17:12.904 [main] DEBUG org.apache.http.headers - << content-type: application/json
19:17:12.904 [main] DEBUG org.apache.http.headers - << date: Wed, 10 May 2023 12:17:14 GMT
19:17:12.904 [main] DEBUG org.apache.http.headers - << content-encoding: gzip
19:17:12.904 [main] DEBUG org.apache.http.headers - << transfer-encoding: chunked
19:17:12.904 [main] DEBUG org.apache.http.headers - << server: Fly/3f2597ca (2023-05-03)
19:17:12.904 [main] DEBUG org.apache.http.headers - << via: 1.1 fly.io
19:17:12.904 [main] DEBUG org.apache.http.headers - << fly-request-id: 01H02SG749WJJNZKHDZY4MQ5DY-sin
19:17:12.904 [main] DEBUG org.apache.http.impl.client.DefaultHttpClient - Connection can be kept alive indefinitely
19:17:12.904 [main] DEBUG io.restassured.internal.RestAssuredHttpBuilder - Parsing response as: application/json
19:17:12.904 [main] DEBUG org.apache.http.wire -  << "76[\r][\n]"
19:17:12.905 [main] DEBUG org.apache.http.wire -  << "[0x1f][0x8b][0x8][0x0][0x0][0x0][0x0][0x0][0x4][0xff][0xab]VJI,IT[0xb2][0xaa]V[0xf2]tQ[0xb2]2[0xb4]06[0xb7][0xd0]Qr+[0xcd][0xc9][0xc9]K[0xcc]MU[0xb2]Rr[0xcf],IT[0xf0]I[0xcd][0xcf][0xcb]TH)[0xcf]TH+[0xca],P[0xd2]Qr[0xcd]M[0xcc][0xcc]Q[0xb2]RJ[0xcf],I[0xcc]IM52tH[0x7][0x89][0xe8]%[0xe7][0xe7]*[0xe9]([0x5]$[0x16][0x17][0x97][0xe7][0x17][0xa5][0xc0][0x15]XX([0xd5][0xd6]r[0x1][0x0]U[0x84]~[0x95]k[0x0][0x0][0x0]"
19:17:12.905 [main] DEBUG org.apache.http.wire -  << "[\r][\n]"
19:17:12.905 [main] DEBUG org.apache.http.wire -  << "0[\r][\n]"
19:17:12.905 [main] DEBUG org.apache.http.wire -  << "[\r][\n]"
19:17:12.905 [main] DEBUG io.restassured.internal.RestAssuredHttpBuilder - Parsed data to instance of: class org.apache.http.conn.EofSensorInputStream
19:17:12.907 [main] DEBUG org.apache.http.impl.conn.BasicClientConnectionManager - Releasing connection org.apache.http.impl.conn.ManagedClientConnectionImpl@5bccaedb
19:17:12.907 [main] DEBUG org.apache.http.impl.conn.BasicClientConnectionManager - Connection can be kept alive indefinitely
19:17:12.909 [main] DEBUG net.thucydides.core.steps.StepInterceptor - STEP DONE: I send GET HTTP request
  &amp#27;[32mWhen &amp#27;[0m&amp#27;[32mI send GET HTTP request&amp#27;[0m                                         &amp#27;[90m# starter.stepdefinitions.LoginSteps.iSendAGETRequestToTheUserAPIEndpoints()&amp#27;[0m
19:17:12.918 [main] DEBUG net.thucydides.core.steps.StepInterceptor - STARTING STEP: LoginSteps.iReceiveValidHTTPResponseCodeForGetUserInformation - I receive valid HTTP response code 200 for get user information
19:17:12.919 [main] DEBUG net.thucydides.core.steps.StepInterceptor - STEP DONE: I receive valid HTTP response code 200 for get user information
  &amp#27;[32mThen &amp#27;[0m&amp#27;[32mI receive valid HTTP response code &amp#27;[0m&amp#27;[32m&amp#27;[1m200&amp#27;[0m&amp#27;[32m for get user information&amp#27;[0m &amp#27;[90m# starter.stepdefinitions.LoginSteps.iReceiveValidHTTPResponseCodeForGetUserInformation(int)&amp#27;[0m
19:17:12.926 [main] DEBUG net.thucydides.core.steps.StepInterceptor - STARTING STEP: LoginSteps.iReceiveValidDataOfTheUser - I receive valid data of the user
19:17:12.928 [main] DEBUG net.thucydides.core.steps.StepInterceptor - STEP DONE: I receive valid data of the user
  &amp#27;[32mAnd &amp#27;[0m&amp#27;[32mI receive valid data of the user&amp#27;[0m                                 &amp#27;[90m# starter.stepdefinitions.LoginSteps.iReceiveValidDataOfTheUser()&amp#27;[0m
19:17:12.933 [main] INFO  - 
  _____   ___   ___   _____     ___     _     ___   ___   ___   ___  
 |_   _| | __| / __| |_   _|   | _ \   /_\   / __| / __| | __| |   \ 
   | |   | _|  \__ \   | |     |  _/  / _ \  \__ \ \__ \ | _|  | |) |
   |_|   |___| |___/   |_|     |_|   /_/ \_\ |___/ |___/ |___| |___/ 

view user information
----------------------------------------------------------------------
]]></system-out>
  </testcase>
  <testcase name="GET All Product" classname="Products" time="1.74">
    <system-out><![CDATA[19:17:12.937 [main] INFO io.cucumber.core.plugin.SerenityReporter - Running feature from file:///E:/RestAPi/src/test/resources/api/Produk.feature
19:17:12.937 [main] WARN io.cucumber.core.plugin.SerenityReporter - Feature from file:///E:/RestAPi/src/test/resources/api/Produk.feature is not under the 'features' directory. Requirements report will not be correctly generated!
19:17:12.947 [main] DEBUG net.thucydides.core.steps.StepEventBus - Test suite started for story net.thucydides.core.model.Story@71884d0
19:17:12.949 [main] INFO  - Test Suite Started: Products

Scenario: GET All Product                     &amp#27;[90m# src/test/resources/api/Produk.feature:2&amp#27;[0m
19:17:12.991 [main] INFO io.cucumber.core.plugin.SerenityReporter - Running feature from file:///E:/RestAPi/src/test/resources/api/Produk.feature
19:17:12.992 [main] WARN io.cucumber.core.plugin.SerenityReporter - Feature from file:///E:/RestAPi/src/test/resources/api/Produk.feature is not under the 'features' directory. Requirements report will not be correctly generated!
19:17:13.022 [main] INFO  - 
  _____   ___   ___   _____     ___   _____     _     ___   _____   ___   ___  
 |_   _| | __| / __| |_   _|   / __| |_   _|   /_\   | _ \ |_   _| | __| |   \ 
   | |   | _|  \__ \   | |     \__ \   | |    / _ \  |   /   | |   | _|  | |) |
   |_|   |___| |___/   |_|     |___/   |_|   /_/ \_\ |_|_\   |_|   |___| |___/ 

GET All Product(products;get-all-product)
--------------------------------------------------------------------------------
19:17:13.376 [main] DEBUG net.thucydides.core.steps.StepInterceptor - STARTING STEP: ProductSteps.iSetGETEndpointsProduct - I set GET endpoints product
19:17:13.377 [main] DEBUG net.thucydides.core.steps.StepInterceptor - STEP DONE: I set GET endpoints product
  &amp#27;[32mGiven &amp#27;[0m&amp#27;[32mI set GET endpoints product&amp#27;[0m           &amp#27;[90m# starter.stepdefinitions.ProductSteps.iSetGETEndpointsProduct()&amp#27;[0m
19:17:13.424 [main] DEBUG net.thucydides.core.steps.StepInterceptor - STARTING STEP: ProductSteps.iSendGETHTTPRequestProduct - I send GET HTTP request product
19:17:13.435 [main] DEBUG net.thucydides.core.steps.StepInterceptor - STARTING STEP: GetALLProduct.GETHTTPRequestProduct - I set GET endpoints product
19:17:13.435 [main] DEBUG net.thucydides.core.steps.StepInterceptor - STEP DONE: I set GET endpoints product
19:17:13.506 [main] DEBUG org.apache.http.impl.conn.BasicClientConnectionManager - Get connection for route {s}->https://altashop-api.fly.dev:443
19:17:13.507 [main] DEBUG org.apache.http.impl.conn.DefaultClientConnectionOperator - Connecting to altashop-api.fly.dev:443
19:17:13.596 [main] DEBUG org.apache.http.client.protocol.RequestAddCookies - CookieSpec selected: ignoreCookies
19:17:13.596 [main] DEBUG org.apache.http.client.protocol.RequestAuthCache - Auth cache not set in the context
19:17:13.596 [main] DEBUG org.apache.http.client.protocol.RequestTargetAuthentication - Target auth state: UNCHALLENGED
19:17:13.596 [main] DEBUG org.apache.http.client.protocol.RequestProxyAuthentication - Proxy auth state: UNCHALLENGED
19:17:13.596 [main] DEBUG org.apache.http.impl.client.DefaultHttpClient - Attempt 1 to execute request
19:17:13.596 [main] DEBUG org.apache.http.impl.conn.DefaultClientConnection - Sending request: GET /api/products HTTP/1.1
19:17:13.596 [main] DEBUG org.apache.http.wire -  >> "GET /api/products HTTP/1.1[\r][\n]"
19:17:13.596 [main] DEBUG org.apache.http.wire -  >> "Accept: */*[\r][\n]"
19:17:13.596 [main] DEBUG org.apache.http.wire -  >> "Host: altashop-api.fly.dev[\r][\n]"
19:17:13.596 [main] DEBUG org.apache.http.wire -  >> "Connection: Keep-Alive[\r][\n]"
19:17:13.596 [main] DEBUG org.apache.http.wire -  >> "User-Agent: Apache-HttpClient/4.5.13 (Java/19.0.2)[\r][\n]"
19:17:13.596 [main] DEBUG org.apache.http.wire -  >> "Accept-Encoding: gzip,deflate[\r][\n]"
19:17:13.596 [main] DEBUG org.apache.http.wire -  >> "[\r][\n]"
19:17:13.597 [main] DEBUG org.apache.http.headers - >> GET /api/products HTTP/1.1
19:17:13.597 [main] DEBUG org.apache.http.headers - >> Accept: */*
19:17:13.597 [main] DEBUG org.apache.http.headers - >> Host: altashop-api.fly.dev
19:17:13.597 [main] DEBUG org.apache.http.headers - >> Connection: Keep-Alive
19:17:13.597 [main] DEBUG org.apache.http.headers - >> User-Agent: Apache-HttpClient/4.5.13 (Java/19.0.2)
19:17:13.597 [main] DEBUG org.apache.http.headers - >> Accept-Encoding: gzip,deflate
19:17:13.979 [main] DEBUG org.apache.http.wire -  << "HTTP/1.1 200 OK[\r][\n]"
19:17:13.979 [main] DEBUG org.apache.http.wire -  << "content-type: application/json[\r][\n]"
19:17:13.979 [main] DEBUG org.apache.http.wire -  << "date: Wed, 10 May 2023 12:17:15 GMT[\r][\n]"
19:17:13.979 [main] DEBUG org.apache.http.wire -  << "transfer-encoding: chunked[\r][\n]"
19:17:13.979 [main] DEBUG org.apache.http.wire -  << "content-encoding: gzip[\r][\n]"
19:17:13.979 [main] DEBUG org.apache.http.wire -  << "server: Fly/3f2597ca (2023-05-03)[\r][\n]"
19:17:13.979 [main] DEBUG org.apache.http.wire -  << "via: 1.1 fly.io[\r][\n]"
19:17:13.979 [main] DEBUG org.apache.http.wire -  << "fly-request-id: 01H02SG7V2P9EPZRPSDKB99G8S-sin[\r][\n]"
19:17:13.979 [main] DEBUG org.apache.http.wire -  << "[\r][\n]"
19:17:13.979 [main] DEBUG org.apache.http.impl.conn.DefaultClientConnection - Receiving response: HTTP/1.1 200 OK
19:17:13.979 [main] DEBUG org.apache.http.headers - << HTTP/1.1 200 OK
19:17:13.979 [main] DEBUG org.apache.http.headers - << content-type: application/json
19:17:13.979 [main] DEBUG org.apache.http.headers - << date: Wed, 10 May 2023 12:17:15 GMT
19:17:13.979 [main] DEBUG org.apache.http.headers - << transfer-encoding: chunked
19:17:13.979 [main] DEBUG org.apache.http.headers - << content-encoding: gzip
19:17:13.979 [main] DEBUG org.apache.http.headers - << server: Fly/3f2597ca (2023-05-03)
19:17:13.980 [main] DEBUG org.apache.http.headers - << via: 1.1 fly.io
19:17:13.980 [main] DEBUG org.apache.http.headers - << fly-request-id: 01H02SG7V2P9EPZRPSDKB99G8S-sin
19:17:13.980 [main] DEBUG org.apache.http.impl.client.DefaultHttpClient - Connection can be kept alive indefinitely
19:17:13.980 [main] DEBUG io.restassured.internal.RestAssuredHttpBuilder - Parsing response as: application/json
19:17:13.980 [main] DEBUG org.apache.http.wire -  << "2F0[\r][\n]"
19:17:13.980 [main] DEBUG org.apache.http.wire -  << "[0x1f][0x8b][0x8][0x0][0x0][0x0][0x0][0x0][0x4][0xff][0xaa]VJI,IT[0xb2][0x8a][0xae]V[0xf2]tQ[0xb2]241[0xb1]0[0xd6]Q[0xf2]K[0xcc]MU[0xb2]R[0xf2],[0xc8][0xc8][0xcf]KU04T03QHOR[0xd2]QrI-N.[0xca],([0xc9][0xcc][0xcf]S[0xb2]R*[0xc8]I[0xac]T[0xc8]H,V[0xc8][0xcb]W[0xc8][0xc9][0xcc][0xcd],)V[0xd2]Q[\n]"
19:17:13.980 [main] DEBUG org.apache.http.wire -  << "([0xca]LNU[0xb2]2[0xb2][0xb4][0xd4]Q[\n]"
19:17:13.980 [main] DEBUG org.apache.http.wire -  << "J,[0xc9][0xcc]K/V[0xb2]2[0xd2]QrN,IM[0xcf]/[0xca]L-F[0xd8]fdjb[0x8][0xb7][0xcd]=173/[0x1d][0xc3][0x12][0xb7][0xfc]"[0x85]t[0xb0][0x94]BAiQA~qj[0xb1]Rml[0xad][0xe][0xc2][0xc1][0x16]p#[0xdc]J[0x8b][0xf2]2KJ[0x8b]R[0x15]B[0xf2][0xb]0M[0x82][0xcb][0xa6]$[0x16]e*x[0xa5][0x16]$[0x16]%"\lh[0x82][0xec]b[0x13]4[0x17][0xa3][0xd8]h[\n]"
19:17:13.981 [main] DEBUG org.apache.http.wire -  << "[0xb7]18?[0xaf]R! [0xd8][0x10][0xc3]2[0x84][0xb9][0x6]H[0xe1]`[0x80]f*[0xd4][0x13][0xd4][0x9][0x7]3[0xb8][0xab][0xa8][0x18][0xe][0xc6]h.F[0xe][0x7]KD[0xe4][0xb9][0x84][0xb9]([0xf8][0x96][0xa6][0xa7][0xe6])[0x84][0x14]%f[0xe6][0xe1][0x9][0xe]C#[0x3][0x3][0x3][0xe4]0[0xc1][0x17][0xd2][0x96]Fp?%[0xe6]%f+$V&[0xe6]b[0x98]]\Z\[0xaa][0x0][0x92]F[0x84][0xb9]%J[0xea]C[0xf]u[0x14]?[0x98][0xc3]m[0x88]p[0xf2][0x8f][0xc0][0x8c]HD[0xfa]C[0x18]o[0x82]b<z[0x10]Q3RA[0x16]As#v[0xe7][0xe1]r[0x14][0xba][0x9f][0xa9][0xe8](SP[0xf4]A[0x1d]E[0x9b]x75@[0xa4],P[0xc4]R?[0xde]M[\r]h[0x9d][0xb2]L-[0x10][0xe5][0x92]SQbrjNj[0x9]F[0xd2][0xf5]MLIU[0xc8]OS[0xc8][0xc8]L[0xcf]P(,M[0xcc][0xc9],[0xa9]T(HM,[0xca]A.J[0x8d][0x88][0xcc].f[0xe6][0x6][0xf0][0xc4]LM+[0xd1][0xd3][0x12]R[0xfe]13GT[0x17][0x14][0xa4][0x5][0xbc]6[0x98][0xc0]=[0x15]TZ\[0x92][0x99][0xac][0x10][0x90]X[0x90]Z[0xa4][0xe0][0x9e][0x93]_[0x96][\n]"
19:17:13.981 [main] DEBUG org.apache.http.wire -  << "[\n]"
19:17:13.981 [main] DEBUG org.apache.http.wire -  << "&[0xd4]J)[0xb0]4?E[0xa1][0xb0]4S!/[0xb1][0xa4][0xb4][0x18][0xc4]J*-NI[0xcc]UH-[0xd1]Cd[0x16]CP[0x1a][0x86]WOx[0xad]G[0x14][0xf6][0x9e]y%[0xa9]99[0x99][0xe9][0xa9]y%[\n]"
19:17:13.981 [main] DEBUG org.apache.http.wire -  << "[0xe1][0xf9][0xf9]9[\n]"
19:17:13.981 [main] DEBUG org.apache.http.wire -  << "[0x1e][0x89][0x98]Q[0xea][0x97]Z[0x9c][0x9c]Y[0x9a]W[0xa2][0x90][\n]"
19:17:13.981 [main] DEBUG org.apache.http.wire -  << "V[0x99][0x92][0xa9][0x90][0x92][0x99]\[0x92][0xa8][0x90][0x97][0x9f][0x94]Y[0xac][0x90]\[0x9a][0xab][0x90]Z\[0xa2][0x90]Z\[0x9c]J[0x9e]s[0x10][0xa5]<[0xb4][0xee]1U[0x8][0xce][0xc9][0xc4],[0x15][0x89][0xaf][0x9c][0xf1][0xfa][0x1e]Q<[0x6][0x4]+[0x98]b$[0xe0][0xf4][0xc4][0xdc]T[0x5]S[0x85][0xe2][0x92][0xc4]"D[0xe0][0xa2][0x16][0x8f]x[0x8d]G[0xe4][0x91][0x80][0xa2][0xc4][0xe4][0x92][0xcc][0xe4][0xc4][0x1c][0x85][0xe0][0xcc][0x9c]l[0x5][0xef][0xbc][0xcc][0xb4]T[0xc][0xeb][0x1c]S2[0xb]2[0x8b][0x93]3[0x15]2S[0x14]Jsr[0x12]s[0x91][0xc2][0xd0][0x88][0xf8]([0xb5][0x84][0xa7][0xa8]AS[0xa8][0x9a]Y [\n]"
19:17:13.981 [main] DEBUG org.apache.http.wire -  << "[0xa4][0x80][0xa2][0xfc][0x94][0xd2][0xe4][0x12][0x5][0xc7][0xd2][0x9c][0xcc]D[0x5]c[0x8c]P[0xc8][0xcc][0xcb]T([0x80][0xaa]I[0x84][0xab][0x81]6[0xbc][0x90][0xcb][\n]"
19:17:13.981 [main] DEBUG org.apache.http.wire -  << "|A[0x8f][0xd4][0xce][0xcb][0xce],H,VH[0xcc]K[0xc7]Rq[0xe7][0xa6][0xe6][0xa5][0xa7][0xe6][0x94]&[0x16]e'[0xe6]A[0x94]([0x14][0x3][0x0][0x0][0x0][0xff][0xff]"
19:17:13.982 [main] DEBUG org.apache.http.wire -  << "[\r][\n]"
19:17:13.982 [main] DEBUG org.apache.http.wire -  << "3B3[\r][\n]"
19:17:13.982 [main] DEBUG org.apache.http.wire -  << "J[0xcc]KO,Q[0xc8]N[0xcd]KN[0x4]7[0xd8][0xa0]6[0xe3][0xcf]ST[0xac][0x80][0xcc][0xcd][0x10][0xa9]28'55[! '[0x11]\28[0x83][0x93]!j[0x81][0x0]JNHi[0xd3][0xdc][0xc0][0xc]O[0x83][0xc][0xa9]h37C$[0x13][0xd7][0xbc][0xfc][0xa2][0xdc][0xfc][0xd2]b[0x5][0xe7][0xfc][0xbc][0xe4][0xa2][0xd4][0x92]T[0x85][0xf0][0xc4][0x1c]l[0x5]zPiRR*RV[0xb0]454![0xd2]:s[0xe4][0x4][0x0][0xcf][0xb]%[0xa9][0xa9]9[\n]"
19:17:13.982 [main] DEBUG org.apache.http.wire -  << "[0xce][0x19][0x89][0x99] CQ=[0xe6][0x98][0xa2][0x90][0x9a][0xa8][0x90][0x97][0x9a][0x9b][0xaf]P[0x96][0x9f]SZP[0x92]X[0x92][0x8a][0x9c]!L[\r][0x89][0xb5][0x19]Q[0xc2][0xd2][0xa6][0xc]77G[0x14][0xa2][0x1e][0x5][\n]"
19:17:13.982 [main] DEBUG org.apache.http.wire -  << "a[0x99]e[0xf9][\n]"
19:17:13.982 [main] DEBUG org.apache.http.wire -  << "[0x91]FF[0x18][0x9];7573'3;S[0xa1][0xb8] [0xb5]83-3;[0xb1]8S[0xa1]21/]![0xb1] 3[0x1b][0x11][0x89][0xc6][0xa0]&$[0xb1][0xd9][0xdd][0xdc][0x1c]Qd[0xe][0xb9][0x94]n[0x8e]H[0xe9][0xf4][0xf]8[0xb]D[0xba][0x8][0xce]M[0xcc][0xc9]Qp[0xcc])[0xcd][0xcd][0xcc]+[0xcd]Up[0xce][0xc9]O[0x6][0xc5][0x7]Z[0x82],-Q[0xc8][0xcb],[0xce]DJ[0x8e][\n]"
19:17:13.982 [main] DEBUG org.apache.http.wire -  << "E[0xa9][0x5][0xa9]99[0x89]%[\n]"
19:17:13.982 [main] DEBUG org.apache.http.wire -  << "[0xa9]%[\n]"
19:17:13.983 [main] DEBUG org.apache.http.wire -  << "[0xf9][0xb9]y[0x99][0xc5] [0x6]L[0x10][0xb9][0xf4]6&2[0xb1]Z [0x92][0x12]<W"[0xdc][0x85]5[0xa3][0x84][0xa5][0xe6]d[0x96](d[0xe6][0x95][0xa5][0xe6][0x95][0xe4][0x17][0xa5]*[0xa4][0xe4][0xe7][0xe4][0x17][0xa5][0x16]#[0xd9]nfA[0xac][0xed][0x88][0xb4]4[0x0][0xf1][0x81]H[0xc][0xb0][0xba][0x1f]#[0xb]Q[0xa5][0xda]7[0xb7]@[0x14]}[0x90][0x98][0x87][0x15][0xb0][0xde][0xa9][0x95]I[0xf9][0x89]E)[0x18][0xf6]z[0x16][0xe5][0x83]z}[0xd0][0xaa][0xc0][0xd2][0xcc][0x98][0xc8][0xc2][0xc7][0xc2][0x10][0xd1][0x80][0x84]y[0x8a][0x86][\r][0x1a][0xb]Pq[0xc][0xed][0xbb][0xd0][0xc3]:P[0xd3][0x1d][0xcd]:[0x8c][0xa0][0xa3]J[0x94]Y[0x18][0xd3]+qX[0x98] z[0x19][0xb0] [0xa4][0x91][0x9f][0x90]F[0x87]hm[0x13][0xa2][0xf2]uK[0xcc]+[0x81][0xb4]&|[0x13][0x8b][0x92]rRqu4[0xc2] un[0xb1]Br~QQiAI[0xa6]B^~qIQi.[0xa8][0xcc]+J[0xcd]H[0xcd]KI-[0xca],Q[0xc8]IL[0xca]/Bn[0xec][[0x10][0x9b]5L[0x90][0xca]_[0xc8]8[0x13]f[0x3][0x9c]:[0x89][0xc7][0x4]Q[0xa8][0xd2]:[0xa0][0x11][0x5][0xa8]kQz~^~nf[0xb2][0x82]OjbIFj[0x11][0xae]F[0x95]k[0x89]BQjriqb^Jb[0xaa]Br~^qjaibIi[0x91]Bjfi[0xb1]BJfqIf^rIf[0xbe]Bb)r'[0xf]T[0x11][0xd3][0xc7][0xb3]0A[0xca];[0xe0][0xf6]$[0xa2]B[0xc9][0xcf]-(-[0x1][0xb7][0xe8]P[0xeb]:[0x17]P[0x1d][0x92][0x99]TZ[0xac]P[0x9c][0x9a][0x82][0xe8][0xeb][0x81]:[0x9e]I9[0x89]y)[0x99]%[0x99][0xe0][0xba][0xe][0xa9][0x92][0x1][0xe5]P[0xe2][0x9c][0x83]T[0xfa][0xd2]6[0xde]M[0xe9][0x96][0x95]A[0x8d]Q[0xfa][0x14][0x84][0xa6][0x98][0x15][\n]"
19:17:13.984 [main] DEBUG org.apache.http.wire -  << "[0xee][0xe2][0x9][0xff][0xb0]5z[0xff][0x89][0x8a]}[0x18][0xb]S[0xba]enS[0xba]enS[0xa4]|D0[0xe1][0xe]`[0xd0]#F[0x1d]h\[0xda][0x99][0xd3][0xcf]&D[0x99]1[0xd4]:9[0x96]F[0x88][0x1c][[0x92][\n]"
19:17:13.985 [main] DEBUG org.apache.http.wire -  << "*[0xcb][0xd3]a[0xc3][0x1b][0x18][0x19][0xb7]$#[0xb3]X![0xb3]X[0xa1]$#[0x15][0xa6]F![0x5]iR[\n]"
19:17:13.985 [main] DEBUG org.apache.http.wire -  << ">[0xff]d[0x8][0xea]"[0xe2]i[0xd4][0xc3][0xb3][0xb2][0x1]"[0xe0][0x14][0x1d][0x94]UT1[0xac]L[0xc3]6[0x1][0x5][0x9b]~225DTh[0x90]i*[0xe2][0xc]@[0x1a]h[0xb0]4B[0x14][0x5]#[0xd3][0xff][0x88][0x2]jd[0xfa][0x1f][0x91][0x84]F[0xa6][0xff][0x11][0xd5][0xc6][0xc8][0xf4]?[0xa2][0x96][0x18][0x99][0xfe]G[0x14][0xc1]#[0xd2][0xff][0xc6][0x88]V[0xf8][0xc8][0xf4]?b[0xb6]wd[0xfa][0x1f]1[0xf8]02[0xfd]?[0xa2][0xdb][0xc6][0xc6]H[0x13]MT[0x8b][0xe4]i@[0xf4][0x5]*[0x88][0xb6][0xa7][0xb1][0xb1]9[0x1d][0xf2][0x9e])[0xce]5D[0xc6][0xc6]H[0xb3]^T[0xf3];[0xa8][0xed][0x8f][0xd4][0xf4][0xc7]k=[0x1d][0x9a][0xde]x[0xed][0x1f][0x80][0xa6][0xf]J[0xf4][0xd3][0xa1][0xe9][0x81]{[0x81][0x97][0xb1][0xb1][0xf9][0x0]T[0xfd][0xc8][0xfe][0xb7][0xa0]C[0xd5][0x8b]/[0xfb]![0xcd][0xfa]S5[0xf9]#g[0xf4]Q,[0x14][0xff][0x93]S[0xf4][0x2][0x0][0x0][0x0][0xff][0xff]"
19:17:13.986 [main] DEBUG org.apache.http.wire -  << "[\r][\n]"
19:17:13.988 [main] DEBUG org.apache.http.wire -  << "6BE[\r][\n]"
19:17:13.989 [main] DEBUG org.apache.http.wire -  << "[0xa2][0xb0][0xeb][0x8d]b?"[0xff]y[0x4]([0xe4]f[0x96][0xe4]ct[0x9f][0xc1]#[0xdc]%[0xa9]EI[0x89][0xc8]S[0xc0][0xa6][0xa0]5[0x0]D[0x8c][0xa6][0x1a][0x1b][ [0xb2][0x18]i[0xab]=[0xd0][0xf3]-|[0xc8][0x0]iZ[0x82][0xbc]E[0xab][0xc6][0xc6][0xc8][0x13]l[0x4]G[0xca][0x8].[0xaf][0xc5][0x97][0xc2],[0x11]1L[0xee][\n]"
19:17:13.989 [main] DEBUG org.apache.http.wire -  << "[0x1e]|[0x19][0xd8][0x12][0x11][0x81]T\u[0x8a]'[0xc9][0x9a][0x80][0xe6][0xfd][0xe9]1[0x92]ll[0x82][0xb4][\n]"
19:17:13.989 [main] DEBUG org.apache.http.wire -  << "[0x91]^~CD[0x16]MG&[0x8d]M[0xc][0x10][0xf1][0x86]Xy[0x15][0x9e][0x9f][0x9f][0x92][0x9a][0x87]k[0xed]UNfb[0xb1]BZiz[0xa2][0x2][0xca],[0xb][0xfe]e?H[0x99][0xdd][0xc4][0x0][0x91][0x13][0xa9][0xb7][0xb4][0x1c]oRA[0xd4].0[0xb][0x8d](^[0xcb][0x8e][0xcf]BCDu[0x2][0xb3][0x90][0xf2][0xc5][0xf3]x-D4[0xdf][0xe8]d!b[0xac][0xe][0x9a]B[0xcd][0xb1][0x97][0xd8]D[0xed][0xb][0xc0][0xeb]5Dj[0x9]H[0xcc]I[0xf4][0xc9][0xf7][0x1]-[0xd6]G[0x9d][0x85][0x3][0xd7][\r] [0x9b][0xb0]L&[0x18]#[0xaf]([0xc1]S[0x84][0x99][0x18]"[0xda]@[0xe4][0x96][0x90]x[0xfd][0x81]H[0x84][0xb4]0[0x1e]i[0x85][0x1]}[0xd6][0xfc][0x1a][0x9b][0x18]![0x12][0x1d]M|[0x84][0xe8][0xe][0xd3][0xc4]xD[0x19]K[0xb7][0x0]C[0x14][0xb6]t[0xb3][0x12][0x91]O[0xa9]i%[0xbe]|d[0x84][0x18][0xc6][0xa6][0xa6][0x95][0xf8][0xf2][0x96][0x11][0xa2][0x8c][0x80][0x96]F[0xb4]Y!alb[0x84][0xc8][0xc5]4j[0xa8][0x9a] [\r][0x3][0xd2]2[0xfc]`[0xcd]X[0xb]CD[0x12]qLNN-.[0x86][0xec][0xce]B[0xdf][0xe5]U[0x92][0xaf][0x90][0x9a][0x97][0x91][0x98][0x97][0x9c][0xaa][0x90]X[0x0][0xda][0x9b][0x0]b"o[0xc1]26[0x1]-[0xf6][0x82]6[0xc9][0x8a]S[0xb]RS0[0xb][0xea][0xc4][0xcc]J[0x90] ty[0x98][0x11]h[0xdd][0x1]1[0x8d]w[0x13]cDY@[0xcb]0An[0xa5][0x80][0xea][\r][0x1a]y[0x86][0xfe][0xc5][0x80]1"[0x8e][0x83][0xc1]1[0xa3][0xe0][0x93]Y\R[0x4][0xee]I[0xa1]V[0xa5]P[0xe9][0x1c][0x88][0xb4]B^zjR)hw[0x3][0xe9]Q[0x86]([0x6][0xa0]fB[0xad]TpJ[0xcc]I[0xc4][0xdc][0x96][0x7]U[0x84]j[0xb1]BRb^:x[0xc3][0xc][0xd4]~S[0xe2][0x93][0xc][0xa2]L[0xa0][[0x92]A[0xb4] [0xe8]f%[0xa2]<[0xa2][0x97][0x95]H[0xeb][0xfe][0xa0][0x1b]q[0xa0][0xfd][0x5][0xa7]D[0xcc]m[0x9b][0xa1]%[\n]"
19:17:13.989 [main] DEBUG org.apache.http.wire -  << "[0xa9]EE[0xf9]E[0xc8]+[0xb7][\n]"
19:17:13.989 [main] DEBUG org.apache.http.wire -  << "[0xf2][0x8b][0x8b]3sK[0x8b][0x15]r[0xf3]s@[0xf3][0xfc][0x89][0xa9][0xe0][0xc5]S[0x99][0xb9][0x5][0xa9])[0x99][0xc8][0xb][0xb7][0x88][0xef]R u[0xc5][0x11][0xdd][0x18][0x9f][0xcc][0xbc][0xd4]<[0x5][0xa7][0xfc][0x92][0x92][0x1c],[HJK[0x14][\n]"
19:17:13.989 [main] DEBUG org.apache.http.wire -  << "R[0x8b][0x8a][0xb]2[0x93]3[0x13]K2[0x8b][0xa1][0xab][0x81][0xa1][0xbb]t[\n]"
19:17:13.989 [main] DEBUG org.apache.http.wire -  << "[0xf2][0x8b][0x8a][0xf2][0x15]2[0xb][0x8a]A[0xfb]t[0x12][0x91][0x16]o[0x91][0xe0]$[0xfa][0x17]Y&[0x88]&[\r]d?[0x4]$[0x4]p[0xec][0x90][0xf2]OK[0xcb]L[0x6][0xad]NC^I[0x97][0x98][0x97][0x99][0x9b][0x9][0x8f][0x98]b[0xc4][0x12]n[0x85][0x94][0xd4][0x9c][0xd4][0xbc][0xcc][0x92]L[0xf2][0x2][0x83][0xfe]E[0x1e][0xd2]ZF[0xf7][0xfc][0xa2][0xf4]T[0xd0][0xb6][\r][0xc8][0xb6][0xc][0x5]l[0xdb]C[0xfc]S2K i[0xa0]4[0x17][0xb4]~P[0x1][0x92][0x4][0xc0][0xab]63[0xf3][0x8b][0x13]sA[[0xc8][0x14][0x12]s2[0xb]K3S[0x14][0x8a][0xc9]M[0xa7][0x88]B[0x11][0x91]N[0xdd][0x8b][0x12][0xf3]2KR[0x15][0x9c][0xf3][0xb1][0xec]#s-[0x1][0xf5][0xb5]3[0x13]a[0xcb][0xe6]s3[0xf3]2s[0x13][0x15][0xf2]Js[0xb]K[0x13]s[0x15][0x8a]K[0x8b][0x93]3[0xb][0xc8]u[\r][0xa2][0x88][0xc][0xae][0xcc]K-J[0x7][0xad][0xa0]L[0x86][0xec]i[0xb][0xce][0xc8],[0x2][0x95][0xfb][0xa8][0xb5][0x83]+h[0xcb]Z[0x9]<U[0x80][0x17]>[0x16][0xe4]$&[0xa7][0x82]W[0xf6][0x93][0x95]4@[0x5]:[0xb4][0x9e]U[0xa0]Q[0x17][0xd2][0x14][0x91][0x15][0xc9]j[0x1e][0x12]9[0x8a]jB[0xd2][0x92]C[0x82][0xa3]y[0xf8][0x1a][0xbc]H[0xab][0x6][0xe9]U[0xec]#-[0x1f][0xa4][0x9b][0x95][0x88][0xdc]B7+[0x11]Y[0x82]nV"Z[\r]d[0xa5]N[0xd4]#[0x16][0xf0][0xa6][0x1a]Dc[0x81][0xc6]6[0x99]![0x6][0xc0][0xa0]6a[0xee][0xa8][0x87][0xf][0xda]`[0xc9][0x9][0xf8][0xb7][0x8e][0xc2][0xba].[0x94][0x1f][0x1b]alb[0x86][0x18][0xc4][0x80][0xba][0x94]V]G3[\n]"
19:17:13.989 [main] DEBUG org.apache.http.wire -  << "K![0xe2][0xe3][0xd9][0xc][0xa9][0x1d]@[0xf9][0xac][0x2][0xbe][0x14]e[0x86][0xa8][0xd7]i[0x1d]zH=[0x18][0x1a][0xfb][0x9]Q[0xea]@[0xfd]4h[0xd3].[0xa2][0xb0][0xc2][0xe9]R[0xc4]nI|[0xb5][0x18]Us[0x14]FyFI[0xf8][0xd1]p[0xf6][0xcd][0x4]i[0xc1][0xc5] [\n]"
19:17:13.989 [main] DEBUG org.apache.http.wire -  << "?[0xa4][0xd3][0x1b][0xa0][0xae][0xa2]U[0x89][0x84][0xb4][0xe8][0xc3][0xf][0xb4][0xc5][0xd6]%[0xb1]4O[0xc1]+[0xb5][0xa8][0x14]sO'X[0xbe]<5/1;[[0xa1]$5/1O![0xb7][0xb4]([0x17][0xbc]![0x6][0xda]37[0xb4]D=[0xcf][0x5][0xbd][0xd8][0x80]%1[0xb]KD[0xaa]M[0xce][0xcf]+[0xc9][0xcf][0xd0]MF[0x9c][0x9][0x84]>[0xea][0xe4][0x96]X[0x9c][0x91][0x99][0x9f][0x97][0x98][0x94][0x93][0x8a]:[0xd6][0x84][0xb4]`[0x4][0xec]6[0x84][0xdb][0xc1][0xa7][0x84]([0xa4][0xe7][0x17][0xa5][0x82]w[0xa5][0xa3]6`[0xc1]j[0xa9][0xe4][0xf]D:'[0xec][0xf]L[0x15]H[0x87][0x17][0x19][0x9b] [0x1d][0x9f]A[0xeb]8[0xa7][9[0x8a][0xb4]g[0x99][0xd6]~[0xa2][[0xbb][0x6][0xb4]g[0xf][0xda]Y[0xa1][0xb1][0x9f][0x90][0xce]e[0x88]p[0xca][0xaf]P[0xc0],C[0xe9]_[0xb2][0x83]6[0xd2]A}[0x8f][0xc3]M[0x84]OI[0xc2]U,P[0xa3]-[0x87]t[0xd4][0xce][0xe0]t[0x1f][0xdd][0xd2])[0xd2][0x91]\8B[0x2][0x91]z[0xe8][0xd7][0xd6]F:[0xc6]k0[0xb9][0x8a]n[0xad]e[0xa4]E2[0xd8][0x97] [\r]l[0xf6][0xb1]D4|[0xb1];o@[0xd2][0xc][0xa2][0x96][0xc5][0xee][0xa8][0x1][\r]3[0xe4]3[0xd0][0xb0];[0xf]W[0x98][0xd1][0xb0]][0x8b]|l[0x1a]mk)S[0x3]D[0xde][0xc1][0xee][0xfd][0x1][0x8e][0x1d]Dc[0x7][0xbb][0xf3]p[0xc5][0xe][\r]k)S[0xd0][0xc1]C[0xd0]Z[0x94][0xd6][0xb1]Cy[0xde][0xa1]e2EZ%5xb[0xc7][0x10]1[0x1e][0x84][0xdd]Q[0x3][0x9b][0xa2][0x91][0x8e]I[0xc1][0xee][0xbc][0x81]H[0xd1]X[0xe]S[0xa1][0xcd]H[0xbe])[0xd2]Z[0x5][0x1a][0xe7][0x1d][0xa4][0xfd][0xbc][0xb4][0xb6][0x9][0xd1][0x1f][0xa6][0xb5]M[0x88][0xf2][0x80][0xc6]6![0xad]F[0xa3][0xb5]M[0xf4][0x1a]U5E[0xda][0x9e]Mk?![0xaa]-Z[0xdb][0x84]h[0xf2][0xd1][0xda]&[0xba][0xa5]r#[0xfa][0xa5]rz[0xf5][0xe7]L[0x91][0xd6][0x84][0xd1]8[0x9e][0x90][0xd6]p[0xd1][0xda]&D[0xce][0xc5]^[0x95][\r]lMk[0x8c][0x98][0xda][0xc0][0xee][0xbc][0x81][0xa8]i[0x91][0xd7]q[0xd1]t[0x16][0xc4][0xd4][0x98]n%[0x3][0xe8]<$h{[0xd8]#@[0xc1][0x19]t2_&[0x96]#fsR[0xb]J[0xf2][0xb][0x14]0v[0x0]Y[0x82][0x0][0xd2]6?[0xf4][0xa6];[0xd2][0x9a]>Sc[0xaa][0x16][\r][0x86][0xb8][0xf7]3[0x9a]"-[0x92][0x1a][0x88][\r]][0xc8][0xa3]iT[0xb3][0x1f][0xdf][0x4][0x12]r([0x9b] 26![0xbb][0x11]y[0x8]m[0xb3]&[0xbe]XDZ[0xe6]D[0xc8]|[0xaa][0x9d][0x13][0x83][0xe2]?D[0xc9]@U[0xfb][0x89]L[0xc4]&[0x88][0x9c]IU[0xeb][0x89][0x8e]^D&[0xa2][0x99][0xfd][0xe8][0xdd]N[0x94][0xe0]G[0xd4][0xba]4[0xb3][0x1f]_[0xf2]CZ[0xb0]40[0xf6]#z[0xa8]4[0xb3][0x1f][0xfd][0xa2][0xe][0xe4][0xf0]GZME3[0xfb][0xf1][0x86]?b[0xcc]i`[0xec][0xa7]Q[0xf6]'6[0xff]!-[0xc4][0x1a][0x18][0xff]#[0xca][0x1f]X[0xb][0xd1][0xd4][0x94]FS[0xd4][0xa6]HG[0xc9]QwK[0x81][0xa9])[0xa2][0x18]C>[0xd0]?[0x18]|[0xd2]vpF>[0x96];[0x5]<A7[\n]"
19:17:13.990 [main] DEBUG org.apache.http.wire -  << "[0x80]&[0xca][0xe1]w[\n]"
19:17:13.990 [main] DEBUG org.apache.http.wire -  << "[0x80].[0x16]H,&kM[0xac][0xa9])[0xa2][0x1c][0x83][0x85]#[0x8d]FM0Wc[0xd1]*[0xba][0xe8][0xb6][0x9a][0xca][0x94]n[0xab][0xa9]L[0xe9][0xb6][0xc6][0x9][0xbc][0x97][0x1d][0xda][0x12][0xa6]u[0x8a]@$~[0xf8][0xe9][0xd9][0xb0][0xb3][0x9d][0xb1][0x9f]2[0xf]?[0xe6]6[0xb3][0xb8]$U!/?O[0xa1][0x0][0x0][0x0][0x0][0xff][0xff]"
19:17:13.990 [main] DEBUG org.apache.http.wire -  << "[\r][\n]"
19:17:13.990 [main] DEBUG org.apache.http.wire -  << "78F[\r][\n]"
19:17:13.990 [main] DEBUG org.apache.http.wire -  << "*[0xca]/[0xcb]L[0x1]][0x82][0x91]ZL[0xd6][0xaa]}S[0xa4][0xf5]7.[0xa5]E[0xa0]5[0x1e][0x90][0xb5][0xc7][0xd8]][0x10][0xc]][0xea][0xac]PX[0x9a][0xf]9M[0x17][0xb2].;3[0x8f][0x9c]u[0xc7][0xa6]t[fc[0x8a][0xb4][0xcc][0x86][0xc6][0xd1]J[0xb7]e$[0xa6]H'[0xf9][0xd3][0xda]Ot[0x1b]8B:[0x84][0x84][0xc6]~B:n$ [0xd8][0x4][0xb3][0xd4]/6QHJ,*E[0xf4][0x8e][0x8c][0xf1][0xaf][0xad]Bn[0x9e][0xd1]m[0x89][0x8a])[0xd2][0xa1]%[0xb4][0xe]/D[0x93][0x8f][0xd6]6![0x1a]w[0xb4][0xb6][0x89]n[0x83][0xbc][0x16][0x98][\r]6[0xcc]$G[0xf4][0x1d]~[0xf8][0x9a][0xe6]Hg[0xac][0xd0]:[0xf4][0x10][0x15][0x18][0xad]m[0xa2][3[0xcd][0x12]c[0xd1]<[0xad][0x9a]iH[0xcb][0x83]h[0x1c]zHK~hm[0x13][0xdd][0xca][0x8]KD[0x19]A[0xf5][0xd2][0xdb][0x92]n[0xa5][0x2][0xd2]j[0x1f]Z[0xc7][0xc][0xbd][0xf2][0xaa][0x19][0xd2]I=[0x88][[0x5][0x10][0x87][0xf8]c[0xb9][0x15][0xca][0xb1][0xb4]D!)5[0xb1]$1[0x15][0xbe][0xa9]-5W!7[0xb1]"37[0x15]r[0xa7]RfNNi.h[0xc3][0x1f][0xe8]b>[0xe4][0xcb]b[0x88][0xde][\n]"
19:17:13.990 [main] DEBUG org.apache.http.wire -  << "j[0x86]t[0xe0][\r]m[0x83][0xda][0xc][0xe9][0x14]k[0x1a][0xdb]4[0xb8][0xd7]I[0x98][\r][0xc6]u[0x12]f[0xf4]Z'ab[0x82]T[0x95][0xd0][0xe8][0xe2]L[0xea][0x9e]\[0x86][0xbb]Qab[0x86][0xb4][0xaa][0x97][0xa6]i[0xda][0xc4][0x8c]n~2G[0xf2][0x93]cyjq~n[0xaa][0x2][0xe8][0xe6]$[0xd0][0x5]v%X[0xf6][0xaa]C[0xef][0xdb]B[0xf4][0x7],[0xc]A[0x1d]0"[0x8e][0xce]01GJ[\n]"
19:17:13.990 [main] DEBUG org.apache.http.wire -  << "[0xbe][0xa9])[0x99][0xf9][0xc9]E[0xa9] k[0xc0][0xf7][0xe4][0xe1][0xd8][0x19][0xe][0xb9][0xf0][0x6]a[0x9b][0xa9]%hN[0x9d]8[0xdb][0x10][0x83][0xd3][0x88][0x12][0x18]v[0xaf][0x8b]3[0xae][T[0x9c][0xf3]KJ[0x90][0xef][0x8d][0xb2]0[0x3][0xdd]yC[0x9c][0x85][0x88]j[0x1f][0xbe][0xcd][0x1b]|)'[0x8e]}[0xff]P[0xb7] y[0xce][0x1c]4hE[0x9c]][0x88][0x8a][0xdf]1[0xb5](?[0xa5]2/[0x11]tm[\r]$[0xb8][0x14]B@[0x3][0x18][0x18][\r]k[0xf0]x"[0xc2]6KSPk[0x9c]8[0xdb][0x10]M[0x1][0xe8]9[0xb][0x90][0xed][0xfc]8[0xae][0x1c]D[0xb3][0xc8][0x84][0xd8][0xea][0xc9][0xc4][0x1c][0xa9]%[0x80][0x88]3[0xf8][\r][0x87][0xd8][0x87]BAA[0x8c][0xe4]+3c[0xe4]K[0xb3][0xf1][0xe4]fs[0xa4][0xdd]?[0xb0][0x94][0xf][0xb7][\n]"
19:17:13.991 [main] DEBUG org.apache.http.wire -  << "g[0xfa][0x80][0xee][0x90]GXhAl[0xd8][0xc4][0xdc][0x12][0xd1][0xfa][0x80][0x6]#[0xe4][0xde][0xd8][0xf0][0xc4][0x92][0xe4][0xc][0x8c][0xe8][0x82]5[0x16][0x10]V[0x99]X[0x82]N[0x12] &[0xc6],[0x90][0x8e]$[0x84]g5[0xe8][0xd9][0x18]8[0xbd][0x6]9[0x92][0x0]a[0x9d][0x91]1[0xa8][0x11]C[0x94]uH[0x13]1[0xb4]-[0x18]-L[0xe9][0xd4][0x83]4[0xb1]@[0x1a][0x19][0xa1][0xb1][0x9f][0x90][0xc6]I[0xe8]6[0x8d][0x2][0xdb][0x3]g[0x8a][0xd4]N[0x1b][0xa0][0xdb]F,[0x90]Fo[0xa8][0xe6]|SX[0x83][0xca][0xef][0x88][0xa2][0x95]j~'[0xb0][0x80][0x81]B[0xef]#F[0xf8]L,[0x90]FY[0xa8][0xea][0xfa]![0x13]{[0x88][0x11][0x19][0x9a][0xf9][0x1f]}[0x1][0x2][0x85][0xd1]G[0xcd]{[0x82],[0x90]Zt4[0xf3]?z[0x15]>[0xa8][0xfc][0x8f]hc[0x8e]L[0xff][0x13][0xbf][0xbe][0x8a]j[0xeb][0x9f][0x6]U[0xfc]#[0x9a][0xfc]#3[0xfe][0x11][0xdd][0x90][0x91][0xe9][0x1a][0xd5][0xde]C[0xa5][0xfe]C[0xea][0xaf][0x8d][0xc4][0xf8][0xb7][0xa4][0xd7][0xd2]d[0x13]K[0xa4][0xa5][0xc9]![0x89][0x19][0xa5][\n]"
19:17:13.991 [main] DEBUG org.apache.http.wire -  << "I[0xa5]9X[0x8e]h[0xc3]w[0x90][0x11][0xfe]C{[0xe0][0xa5][0xaa]![0xa2]IC[0xee][0xed][0x81][0xd4]][0xdb][0x8c]^[0xff]#[0xda][0x9f][0xc6][0xa6]H]x[0x9a][0xf6][0xd1][0x8c]M-[0x11][0xc1]B[[0x9b][0xcc][0xc][0x10]u*[0xad]mB[0x94][0xde][0xb4][0xb6][0x9]QN[0xd2][0xd8]&[0xba]m[0x96]3C:[0xa4][0x1d][0xfb][0xae][0x8c][0x1][0xdd]4b[0x86][0xb4][0xef][\r][0xbb][0xf3][0x10][0x3]=t;v[0xc1][0xc][0xe9][0x9c]v[0x1a][0xa7][0x3][0xa4][0x1b]\[0x3][0x82][\r][\r]0F[0xd7][0x88]/)[0xf1][0x1c]0nfD[0xb7][0x1c][0x84]t[0x94][0xf9][0x10][0xbb]M[0xd7][0xd8][0xc][0xe9]Lt[0xf8][0xc0][0xb8]SQ~^U[0xaa][0x2][0xf6][0xf5]u[0x8e][0xe0][0x8b]=[0x8a]R[0xb]RsrR[0xf3]RJ[0x8b][0x15][0x12][0x93]A[0xb7][0xad][0x83]N[0xea]-,%k[0x8d][0xab][0x19]h[0xde][0x0][0xba][0xa2][0x11]}D[0x14][0xc7][0xdc][0x83]#[0xd8][0xce][0xbc][0x92]L[0xd0][0xc9][0xbb]%[\n]"
19:17:13.991 [main] DEBUG org.apache.http.wire -  << "[0xf9][0xe0]Cj[0x13][0x15][0xca]Rs2K[0x14][0xf2][0xf2][0x93]2[0xc9][0x9b][0x82]E:[0xb7]}[0xc8][0xc5]$[0xd2][0xe6][0xbf][0xa1][0xe7]vD_}[0xe8][0xb9][0x1d][0xd1]&[0x18]znG[0xf4][0x91]i\[0xe6]#[0xed][0x93][0xf4][0xcc]K.JM[0xc9]L[0xca]IU[0x80][0x95]49[0xf9][0xc9][0x98][0x87][0xc9][0xb9]&[0xc2][0xcf]-VH[0xcd][0xcb][0x84][0xac][0xae]([0x6][0xe5][0xef][0xd4][0xe2][0xe4][0xcc][0xd2][0xbc][0x12][0x85][0x94][0xd2]d[0xf0][0x9][0xe1])[0xf9]9[0xf9]E[0xa9][0xb9][0xe4],[0xf0]5[0xa3][0xdb]^I3[0xa4]n[0x2][0xad][0x3][0x9b]n[\r]b[0xa4]Mv4[0xf6][0x93][0x9][0xdd][0x9a][0xa9]H;[0xe7]h[0x92][0xa1][0xd1][0x1b]-[0xf0][0xee][0x1d][0xd2][0xf1][0xf4]d[0xde][0x14]gfB[0xf9]2h[0xe2][0xa6]h[0x8d][0xcd]L[0x10]3[0xa6]4[0x8e]z[0xa4][0xad]t[0xb4][0xb6][0x9]Q[0xf][0xd1][0xda]&[0xba][0x95][0xbc]H[0x1b][0xc1]h[0xed]'[0xca][0x13][0x1f]q[0x9b][[0xcd][0xe8][0xb6])[0xca][0xc][0xb4][0xea][0x3][0xda]4[0xa5]q[0xe8][0xd1][0xed]8f33[0xba][0x15][0xa5][0xa0]k7[0xe9][0x14]zt[0xab][0xf2][0xe8][0xb6]O[0xc7][0xc]i[0x9f][0x8e]G[0x81]BXfY[0xbe]B[0xa4][0x91][0x11]Fw97573'3;S[0xa1][0xb8] [0xb5]83-3[0x1b][0xb4][0xf7][0xb0]21/]![0xb1][0x0]|u[0xf][0xf4][0xe8]]c[0x3]0@[0xca]b[0xe8]5[0x11][0xd2][0xf0][0x9d][0x99]9)[0xdd]g,[0x17][0xea]!Y[0x83]>JH[0xbd][\n]"
19:17:13.991 [main] DEBUG org.apache.http.wire -  << "[0xcf][0xc4][0x4][0xe9][0xc2]Rh[0xfe]4[0xc6][0x8] [0xe2][0xc7][0x13][0xd0]][0x8a][0x8][0x10][0x13][0x13]KR[0x2][0x4][0xcb]a[0xf5][0xf8][0xc7]xQlB[0xac][0xa3][0xa1][0xd1][0xb2]L[0xa4]3[0xd5][0xc8][0x1c][0xb1][0xc6]7[0xb][0x82][0xe4][0x17]S[0xa4][0x5][0xc0]d[0xda]Dt[0xb8][0x99]"-[0x9c][0xa5][0xbd]][0x88]8[0x82][0xa6];[0xda][0xec][0xc2]015[0xa4]S[0xad]jbJ[0xaf][0xfd][0x1e]&[0xa6][0xf4][0xda][0xef]ab[0x8a]Y>[0xd0]*[0x9e][0xe8]V>[0x98][0xd2]k[0xf7][0x87][0x89])[0xd2][0x1c]"[0x8d]S9[0xbd]f[0x8b]L[0x90]w[0x80][0xfd]df`@[0xda][0x10]4x[0xbe][0x89][0x98][0xa5][0x97][0xd8][0xa6][0x8b]t1[0x17][0x93][0xe2][0xab][0x9e][0x8c]A[0x8b]E[0x89][0xb3][0xb][0xad]CAKoa[0xd6][0x84][0xba][0xe5]$[0xd5][0xba]$x[0xb][0xb3][0xad][0xaa][0x9b]BE[0xbb][0xa0]m[0x11]c[0xb][0xd0][0xd2]dhS[0x15]2[0xb7][0xaa]k[0x86]aMZ~[0x91][0x2]DR[0xa1][0xa0][0xb4][0xa8] [0xbf]8[0xb5][0x18][0xf9][0xba][0x1][0x13]3,[0x87][0xb6][0xea][0x96]a[0x18]C~[0x84]S[0xd7][0xb5]H+[0xc4][0xc0]9! [0x98]Fe[0xa3][0x19][0xdd][0xca]Fs[0xa4][0x9a][0x5]~d[0x81]s~AAj[0x11][0xd6][0xfb][0xdc][0xd0][0x96][0xc3][0x1b][0x19][0x81]F5[0x88][0xc9]o[0x16]HS[0xc1][0xe0][0xdb]"[0x86][0xf2][0xcd][0x12]&[0x16]H'4[0xd3]6)X[0xd0][0xeb][0x94][0x11][0x13][0xb][0xa4][0xbb][0x11][0x8]-[0x80]A[0xcc][0xb7][0xd2]v}.U[0x17]x"[0xdd][0xb3]@[0xc8]T[[0xe0][0x87][0xd4][0xb4][0xb7]@Zv[0x81]1u[0x88]}[0xf]ej.[0xe4][0xee][0xc4][0xd4]b[0x85][0xb2][0xd4][0xbc]L[0xd0][0xc5][0x84][0xf9]9[0xa5]%[0x89][0xb0][0x9d][0x94][0xc9][0xa5][0x5][0x99])[0x99]%[0x89]%[0xa9][\n]"
19:17:13.991 [main] DEBUG org.apache.http.wire -  << "[0xf9][0xc9][0xc9][0x89][0xa9][0xc9][0x89]([0x17]I[0x9a][0xe3][0xe9]S"9[0xcc][0xd2][0x0]Qg[0xc]D[0xc0]X"[0xcd]u@3[0x93][0x5]Iu[0x0][0xd1]=[0x1e]KzM^[0x98]X"U[0x8f][0xb0]CX[0xa0][0x93]7[0xd8][0xaf][0x80][0xc]I[0xcd]-[0xc8]/[0x2][0xdf][0xfc][0x98][0x9b][0x98][0x99]_[0x94]Z[0xac][0x0][0xb9]44[0xb1][0xb4][0x4]tGf"[0xe8]2W[0xa4][0x9][0x1b][0xd0]<4[0x11][0xe5][0xae][0xb1][0x19]hG[0x1b][0xb4][0x9e][0xe]([0xca]O)M.Qp,[0xcd][0xc9]LT[0xc0][0xec][0xf7]g[0xe6]e[0x82][0x8e][0x9f][0x1][0xab]I[0x84][0xab][0x81][0x8e][0x86][0x10][0xd7][0x81]563[0xa7]SG[0xcf][0xd8][0xcc][0x1c]1[0xa0][0x8e]}U[0xc8][0xc0].ZA[0xda]s[0x83][0xdd]y[0x88]B[0x14]u[0xd1][\n]"
19:17:13.991 [main] DEBUG org.apache.http.wire -  << "[0xce]E[0xf2]T[0x98][0xef]@[0xda][0x9e][0x83][0xdd]Q[0x3][0x1c]f[0x88]F9v[0xe7][0xe1][\n]"
19:17:13.991 [main] DEBUG org.apache.http.wire -  << "3[0xf4][0x81](h[0xc3][0xcf][0x8][0xf9][0xc4]Nr[0xe7][0x88][0x90][0xea][\r]p[0xe][0xca]Vp[0xcf]L[0xcd][0xc1]([0xa1]B@[0x97].[0xe7][0xa5]+[0xa4][0xa4][0x16]g[0x17]e[0x16][0x14]g"[0xdc][0x8a]v[0x96]*[0xbe]aD[0xb]DY[0x8c]d[0x99]Bv[0xaa].[0xe6]@&[0xf1]6[0xa2][0x7][0xf][0xa2][0xf4]76[0x3][0xed][0x9c]D.  [0xde][0x3][0xd9][0x88]YBP[0xc9]F[0xc4][0x8][0x8d][iQ^fIiQ[0xaa]B[0x8][0x0][0x0][0x0][0xff][0xff]"
19:17:13.991 [main] DEBUG org.apache.http.wire -  << "[\r][\n]"
19:17:13.992 [main] DEBUG org.apache.http.wire -  << "A70[\r][\n]"
19:17:13.992 [main] DEBUG org.apache.http.wire -  << "[0xca][0xc7][0xbc][0xbc][0x1c]![0x9b][0x92]X[0x94][0xa9][0xe0][0x95]Z[0x90]X[0x84]t[0xd1][0xbd][0xa1][0x9][0xb1]soH[[0x90][0xc1][0xa1]J[0xeb]B[0x10][0xa9][0xa7][0x80][0xf0][0x3]M}[0x88][0xd4][0x8e][0x87][0xd6][0xa1][0xb4][0xe9][0x9b][0x18][0xd3][0xad]oblF[0xaf][0xd1][0x14]c3[0xa4][0xdd][0xac][0xb4][\r]=s[0xd0][0xf8][0x4]4[0xb7][0xd1][0xda]&DYJk[0x9b][0xe8]U[0xe5][0x9b][0x1b] [0xaa]|[0x1a][0xfb][0x9]i[0xc4][0x9f][0xd6]6![0xd6]Cy[0x6]x[0xf8][0xfb][0xb9]*[0x18][0x9a]*[0x4][0x4][0xf9]cT0[0x1e][0xae]~[0xee][0x1][0xfe]~[0x88]j[0xc5][0x4]4[0xd1]OL#[0xd0][0x1c][0xe9][0xdc][0xe]Z[0xfb][0x6]Q[0xd1][0xce]7tKoH[0xeb][0xa2]i[0x1c]nHK[0x9c]im[0x13]"[0xbd][0xd1][0xda]&[0xcc]qO[0x8c]D[0x8d]ol[0x8f][0xd8]~[0x9d][0xb1]9[0xa8]7[0x4]-U[0xdd][0x12][0xf3]J[0x12][0xc1][0xc7]p@[0xf][0x90][0xf0]I[0xcc][0xc5]lY[0xb8][0x96](dd&+d[0xe6][0xe4][0xe4]#u[0xaa]@[0x8b][0x17][0x88][0xca]OH[0xb]p[0x93][0x12][0x8b]SS[0x8a][0xd2]2+0[0xbc][0x6][0x96]IMK,[0xcd])I)B[0xe4]Z3K[0xd0][0x1][0x9d][0xc4]YC[0xaf]IzscD[0xa2][0xa0][0xcd][0xd4]9[0x9e][0x16][0xa8][0xb9]1[0xdd]j*z[0xed]q26[0xa7][0xdb][0xe2]Es[0xba][0xed]P2G[0xea][0xd2][0xb8][0xe4][0x0][0x9d]S[0x3][0xcd][0xcf][0xb4][0xb6][0x9][0xd1][0x17][0xa1][0xb5]M[0x88][0xcc]L[0xb3][0x9a][0x11][0xd4] [0x80][0x86][0x1b][0xfd][0xb3][0xb1])b1[0xe0][0x0]X[0x8e]([0xc0]h[0x1c][0x8f][0xa6]t[0xab][0xd5][0x90][0xce][0x87][0x19][0x80][0x0]Ed[0x8c][0x1][0xb0][0x1c][0xd1][0xce][0x1f][0x0][0xcb][0x11][0x19][0x95][0xfe][0x96]#M[0xf7][0xc][0x80][0xe5][0x3][0x99][0x83][0x91][0x8e][0x9e][0xa7][0xc7][0x18][0x8d]9[0xdd][0xd6][0x8f][0x9a][0xd3][0xed][0xa8]{s[0xa4][0xf5][0xa3][0xd8][0xc7]O[0x7]tx[0xd7][0x1c][0xd4][0xf0][0x85]VO[0xd8][0x9d][0x87]h%[0xa3][0xe][0x89][0xa3][0xb7][0x1e][0xa9]8[0xbc]kN[0xb7][0x13][0xeb][0xcd][0x91]V[0xc2]b[0xf7][0xfe][0xc0][0xc6][0xe][0xd2][0xf2]Y[0xec][0xce][0x1b][0x90][0xd8]A[0xd4][0xb6][0x83][0xc8]Q[0x88][0x1][0x8][0xec][0x8e][0x1a][0xe0][0x88]D[0xd4][0x9e][0xd8][0x9d]7 [0x11][0x89][0xa8]U[0x7][0x8f][0xa3][0x6][0xf7]t[0x98]9[0xd2][0x8a][0x8c]A[0x14]f[0x88][0x1c][0xe9]R[0x9a]][0x9a][0x87]1[0xee][0x81]H][0xa0]5uD[0xad]A06G[0x9a][0x85][0xc2][0xee][0xd5][0x81][0xcd]RH'[0xcb]bw[0x1e][0xc2][0xd3][0xf4][0xab][0xb9][0x90]f[0xb5][0xb0];j`[0xc3][0xc]iy4v[0xe7][\r]D[0x98]![0xad]o[0xc6][0xee][0xa8][0x1][0xe]3[0xc4][0xf0]9v[0xe7][\r]H[0x98][\r][0xee][0xea][0xe]i[0xf2]n[0x10][0x85][0x19][0xa1][0xea]n@[0xd3][0x99][0x5][0xe8]4[0xdc][0xc1][0xd6][0x12]G^"J[0x93][0x8d][0xc4]4[0xec]E /[0x8][0x1d]znG[0xd4][0xe8][0xd8]3[0xd0][0x0][0xa7]UB[0xc5][0xcf][0x0][0x94][0x89][0x16]t[0xbb]|[0xc2][0x2][0xe9]Pc[0xba][0x8f][0x8]Y M[0x83][0xf][0xc6][0xa4]a[0x88][0x18][0xf5][0xc5][0xee][0xbc][0x81]H[0x1a]H[0x93][0xed]C[0xae](@[0xda][0x12][0x88]=@[0x7][0xb6](@:[0x11][\r][0xbb][0xf3][0x6]$[0xbe][0x11]#[0xe5][0xb4][0x9d]z[0xb0]@Z[0x8e]0[0xf4]R[0x16][0xa2]A[0x4][0xe]%[0xc7][0xa2][0xcc][0xf4][0xc4][0xfc][0x12][0xd0]m|.[0xa9][0xc5][0xc9]E[0x99][0x5]%[0x99][0xf9]yJVJTY[0x11]`[0x81][0xb4][0x9e]b[0xc8][0x5][0x15][0xd2][0xc9]r[0xf4]Y=h[0x81]t[0xc2][0x1c]8rh[0xb5][0xb3][0xc9][0xd8][0x2][0xe9][0x94]9z[0xf9][\r][0xd1]|[0xa0][0xb5][0xdf][0xe8]V[0x10] [0x9d][0xbb]Fc?![0x9d][0x92]Fk[0x9b][0x10][0x93]OC.[0xc7]"[0xed][0xf6][0xa0]q(![0x1d][0xb6][0x84][0xd3]&D%H[0xf4][\n]"
19:17:13.992 [main] DEBUG org.apache.http.wire -  << "*[0xb][0xa4][0x83][0x90][0x14]0F[0xf4][0xa8]S$[0x83]VkC[0xfb][0x9c]8[0x9d]N[0x1d][0x9b][0x90][0x96]A[0xc][0xb9][0xa4][0x84][0xb4][0x8a][0x82][0xd6][0xa1][0x84]h<[0xd3][0xda]&z-[0xf0][0xb2][0xa0][0xdb][0xe2][0xc][0xb][0xba][0x1d][0x13]E[0xb7]k[0x82][0x8c]-L[0xe9]V[0x81]![0x1d]H5[0xe4]r([0xd2][0x12][0x8d][0xa1][0xe7][0xf6]!\[0xc9]"-[0x10][0x19]z[0xe1][0x8e]([0x1][0x87][0x9e][0xdb][0x11][\r][0xe8][0xcc][0xbc][0x94][0xfc][0xdc]L[0xcc][0xab][0x14][0x13][0xb3]K[0x15][0x8a]K[0xb3][0x13][0x15][0x10][\n]"
19:17:13.992 [main] DEBUG org.apache.http.wire -  << "[0xa0][0xdb]F[0x8d][0x88][0xbd]R[0xce][0xd8][0x2]i[0xf1][\n]"
19:17:13.992 [main] DEBUG org.apache.http.wire -  << "[0xb4]>2$[0xa9]%B[0xb7][0x89]7[0xb]3[0xc4][0x4];N[0x97]"[0x1a]a[0xf8]v[0xce]Rq![0x8b][0x85]9z}^lZ[0x8c];[0x0][0xd1][0x8f] 333#n[0xaa][0xd6][0x2]i[0xaa][0x16][0x11][0xdd][0xa8]}x[0xaa][0xa4][0x7][0xa4][0xb][0xb9]hk[0xf]"6ik[0xf]b[0x4][0x84][0xa6][0xf6] [0xcd][0xbb][0xd2][0xd6][0x1e]Dz[0xa3][0xad]=H[0xad][0x92][0xca][0xbc][0xd4][0xa2][0xf4]L[0xf0][0xf6][0xe][0xf0]Q$8[0xe]][0x7][0xdd][0xfa][0x8a][0xc8][0x80]F[0x96][0xa0]][0xb5][0xc4][0xec][0xb8][0xb0]D[0xda][0x9e][0x87][0xb8][0xb4][0x13]d[0x9a][0x2][0x8e][0x8b]Oa[0xb7]l"l37[0x7]eD[0xe2]lC[0xd4][0xc6][0xc1]9[0xa9][0xa9][0xd9][\n]"
19:17:13.992 [main] DEBUG org.apache.http.wire -  << "[0xd0][0x1b]9[0x15]p\F[0x8a][0xe5][0x1a]M[0x3][0xd0]6s[0xe2],C[0x4][0xe3][0x10][0xab][0x82]LL[\r][0x10]3T[0xd0][0x2][0x97]6[0xbb][ML[0x91]v[0x18][0xd2][0xfc]L<[0xa4][0x99][0x1d]<v!R[0x16][0xb1][0xbd]y[0x13]S[0xa4]y[0x11]<&S[0xa3][0xb3]mb[0x8a]t[0xc9][0xe][0x8d][0xe3][0x6]i\t[0xb0][0x8c][0xfe][0x9b][0x98][0xd2]k[0xe8][0xd4][0xc4][0xd4][0x8][0xb1]6[0x84][0xd6][0x1][0x8d](*hl[0x13][0xd2][0xda][\r]_[0xd0][0xf1]#[0xc1][0xf9][0xc9][0xc9][0xa9]E[\n]"
19:17:13.992 [main] DEBUG org.apache.http.wire -  << "[0x98]g[0x1d]$[0xe7]'%*$[0x17][0xa5][0x82][0xce][0xba])[0x80][0x9e]c[0x2]R[0x5]mf[0x82][0xf7]U[0x13]Q[0xc][0x9a][0x80][0xf][0xa3][0x83][0x8e]B[0xd1][0xc7]F3[0xa4]:[0x5][0xd9]F[0xcc][0xd3][0x15][0xb0][0xf9][0x11][0xa4][\n]"
19:17:13.993 [main] DEBUG org.apache.http.wire -  << "[0xab][0x1f][0x8d]u[0x94][0x9c][0x13]KR[0xd3][0xf3][0x8b]2S[0x8b][0x95][0xac][0xa2][0x11]G:[0x98][0x98]![0xb5][0x0]h[0x1b]fH[0xc7][0xe][0x4]$[0xe6]$[0xfa][0xe4][0xfb][0x80][0xce]g@m[0xc][0xc2][0x8b][0x19][0xf4]&[0xa7][0x91][0xa5]%h[0xeb][0x1f]1[0xd1]f[0x81]T[0x3]x[0xe6][0x15][0x94][0x96]([0xe4]%[0xe6]b[0xf6]C R)H[0xf3]I:J[0xd0][0xd0]#[0xba][0xf0][0xb4]@:[0xe][0x9]b[0x1e][\r][0xad]Bt[0xad]h[0x1b]Qt[[0xaf]`b[0x81][0xd4]M[0xf7]HM,[0xab]Tp)-[0xa9]T[0x80]^[0xd8][0x8d][0xfd]zp[0xe7][0xfc][0xdc][0xdc][0xfc][0x94]L[0x85][0xd4][0xc4][0xa2][0xd2]\[0x85][0xe4][0xfc][0xbc][0xe2][0xd4][0xc2][0xd2][0xd2][0xbc][0x92][0xd2]"[0x85][0xd2][0x12][0x85][0xc4][0x14][0x85]b[0xd0][0xed][0x15][0xa9]%H[u[0x8d]@[0xb9][0x8a][0xa8][0x94][0x83]tR[0xe6]Pk[0xf7]X [0x15][0x8f]4M[0x1f][0xc6][0x16]H[0x1b][0x80]im[0x13][0x9d][0xda]r[0xc6][0x16]H;c[0x1d]S[0x8b][0xf2]S*[0xf3][0x12]s3[0x93][0x15][0x2]r [0xfb][0xc3]C[0x12][0x93]r0[0x8b][0x10][0xd7][0x8a][0x82]T[0xd0][0x99]j[0xa0][0x94]W[0x96][0x9a][0xa3][0x90][0x9c]_[0x4]:[0x98][0x8b][0xac][0xfb][0x91],L[0xc]t[0x94][0xa0][0x95]M0R[0xd7][0xc5]'3/5O[0xc1])1[0x1d][0xa3]{[0xee]Z\[0xa2][0x90]ZT[0x94]_[0xa4][0x90][0x97][0x99][0x91][0x99][0x3][0xbd][0xa0][0xa9]83[0xaf]D[0xa1]([0x15][0x94]9Jsr[0x12][0xc9][0xba][0xb8][0xc5][0x82]n[0xbb]w-L[0x10][0x1d]C[0x1a][0xa7]%[0xba]][0xa7]bA[0xb7][0x1d][0xc9][0x16]t[0xbb][0xb8][0xc5][0xc2][0x14]1[0xf0]1[0xc4]JFc[0xb][0xa4][0xad]d[0xd0]46X[0x7][0xb]1[0xf7][0x97]a[0xba][0x14][0xd1][0xc7][0xa3][0xdb]`![0xd2][0xd0]C~^[0xa5][0x2][0xed]V|`^[0x8c][0x80][0xe9]x[0x13][0x11][0xcb]=[0x0][0xf4][0x1b][0xd6]E:*[0x11]g[0x9a][0x1a][0x80][0x98][0xc2]h#[0xe][0xda][0xf0][0xc3][0xe8]6b[0xba]t[0x0][0xc2][0xf]Q[0xca]a[0x1f]5[0x18][0xd8]%[0x8d][0xa0][0xf1];h[0x13][0x1][0xbb][0xf3][0x10]!F[0xbf][0x9c][0x80][0xb4]/[0x8e][0xa6]C[0xbb][0x16][0x18]-[0x5][0xcc][0x14]38[0xca][0x6][0xa4][0xad]x[0x83][0xa8]l[0xb0][0xc0]hK[0xf][0xda][0xf0][0xc3][0x18][0xbc][0xc2]t)"[0xa5][0xd3][0xab][0x16]D:g[0x9d][0xa6][0xe9][0x1c][0xf9]$C[0xf0]@?l$_[0x1]{[0x87][0xd8]'5[0xb1]$#[0x15][0xe9][0xd0]([0xb]#[0xd0]a D[0xf4]w[0x8d]Q[0xfa][0x8c]`[0xbb][0xc2][0xf3][0xf3]s[0x88][0x9f]Q02[0x2][0x95]H[0xc4][0xd9][0x84][0x98][0xd0]B[0xee][0xdd][0x4]g[0xe6]d+8c[0xbd][0xa2][0x12]r[0x4]2"[0x9e][0x8d][0x8c]@[0x93][0x89][0xc4]Xf[0x89]t~<[0xe2][0x88]/[0x88]y[\n]"
19:17:13.993 [main] DEBUG org.apache.http.wire -  << "[0xce][0xf9]X[0xee][0x8f][0xf][0x86][0x1c][0x95][0x9d]Z[0xa2][0x80]8&[0x1b]i[0x0][0xc1][0x90][0xc8][0x1][0x4]cK[0xa4][0xa1]'doBO[0xc9][0xf7][0xce][0xcb]L[0xc3][0xec]EB[0x1c][0x86][0xf0][0xa8][0x85]%[0xa8][0x83]M[0x9c]G[0x11]9e[0xa8][0xb5][0xca]-[0x91][0xef]s[0x0][0xa7]=[0xe8][0x19]l[0x1][0x89]y%[0x98]s[0xd1]A[0xa5]II[0xc8][0x89][0xdc][0xd4][0xcc][0x9c][0xb8]#[0xcb][0x8d]-[0x91][0xa6]i 3g[0xf0][0xc][0x85][0xdd]*h[0x9f][0x1f][0x11]![0x96][0x16][0xa6]F[0xc4][0xcd]w["M[0xd3] [0xf]#[0xc0]m[0xf4]N[0xad]L[0xca]O,[0xc2][0xbc]e[0x3]#[0x17][0x9b][0x81][0xf]b$*[0x15] m[0xbc][0x19]r[0xa9][0x0][0xe9][0xe][0xab][0xe0][0xdc][0xc4][0x9c][0x1c][0x5]xPa/[0x15][0xb0]D[0xe](![0x11][0x17]N[0x88][0x16][0x84]g^IjNNfzj^[0x89][0x2]d[0x84][0x5]{Z[0x0]O[0x1c]#R[0x82][0xb9][0x85][0xa1])[0x91])[0x1]ig[0xf][0xd2][0xd0]&[0xdc]w8[0x13][0x2]h[0x2][0x19][0xd9]B[0xd0]P[0xc]q[0xbe]C[0xd4][0xef][0xf0][0x8b][0xbe][0x9d][0xf3]KJ[0xf2][0xf3]p[0x15][0xe8][0x90][0xc][0x87][0xb0][0xcc][0x4][0x9c]U[0x88][0xb3][0xc]Q[0xf0] [0x97]s [0xc7]+8[0xa5][0xe6]%c[0xde][0xc4][0x83]Y[0xca][0x81][0x6][[0x89][0xb3][0xc][0xd1][0xab][0x9](JL.[0xc9]LN[0xcc][0x81]]o[0xec][0x81][0xa5]4[0x87][0xce][0x8c]#<fj[0xc][0xda][0xe2]A[0x9c]]H[0xfd][0x12]pz[0xc]H[0x4][0xdd]o[0x82][0xbd][0xea]E[0xf]@#c[0xd0][0x96][0x5][0xe2][0xec]A[0xf4]4[0x82]J[0xc1]k[0x14][0xa0]u[0x4][0xd6][0xfa][0x9]"[0x87][0xf0][0x90][0xa5])[0xf1][0x16]!*^[0xe4][0x12][0x9]R[0x9e]*`[0xb]>[0x88][0x14][0xc2]2#[0x13][0xd0][0xe9][0xf9]D[0xf9][\n]"
19:17:13.993 [main] DEBUG org.apache.http.wire -  << "[0x14][0xcc][0xd0][0xe][\n]"
19:17:13.993 [main] DEBUG org.apache.http.wire -  << "[0xd2]M[0xd4][0x90][0xc][0x86]=?[0xa3][0x7][0xa1][0x99]1([0xe3][0x10]g[0x19]";[0xfb]d[0xa6]g[0x94][0x94][0xa7][0x82]H[0x5][0x88][0x89]X}[0x6][0x99]X@[0xf8][0xcc][0xd4][0x12][0xb4]e[0x81]8[0xcb][0x10][0xb9]k[0xc8][0x95][0xb1][0xc8][0x93][0xc1][0xe0]4[\r][[0x88][0xa2][0x80][0xbd][0xd0][0xc3](c[0xcd],L[0x8d][0x89],[0xf6][0x8c][0x10]y[0x15]^[\n]"
19:17:13.993 [main] DEBUG org.apache.http.wire -  << "A[0xb2][0x10][0xb6][0xa4][0x86]Q[0xeb][0x19][0x81]/`#.F[0x10]9[0x15]~[0x1b][0x11][0xbc]x[0xc5][0xee]1[0xf4]ldd[0x1]:|[0x9d]8[0xdb][0x10][0xf9][0x15]9[0x1b][0xe1][0xf6][0x1a][0xa8]e[0x8b]Hi[0xc4][0x1f][0xe4]j[0x89][0xb4]_[0xc7][0xb1]<[0xb5]8?7U[0x1]Z[0x8c]c[0xbf][\r][0x4][0xad][0x8a][0xb2][0xb0]$[0xf6]dZp[0xe2][0x87][0xe6]V[0xc4][0x2]&x[0xda][0xc0]Q[0x10][0x81]*[0x14][0x84][0xbf],,@+[0xef][0x88][\n]"
19:17:13.993 [main] DEBUG org.apache.http.wire -  << "Ac[0xc4]("[0xc2]6hQ[\r][0x9a]g)[0xc1]l[0x19][0x83][0xaa][0x13][0x84]][0xc6][0xc6][0xa0][0x3]9[0x88][0xb3][0xb]Q4@KWH[0xd6][0xc7]a[0xf]F[0x82]77[0x4][0x8d]6[0x10]g[0x15]b[0xb5].<[0x19]B[0x93][0xb5][0x2][0xd6][0xe3][0x84][0xa1]^F[0xf8][0xcb][0xc2][0x90][0xe8][0xa6],[0xd2][0x9d]4[0xb0][0x9b]b[0xe0]I[0x1e]{[0xb5][0xb][0xea][0xd0]![0xac]2#~[0x9][0x18][0xd2][0xa1][0xb4]C[0xae][0xc0]C[0x9a][0xcc]C[0xae][0x19][0xe0]I[0xdb]='[0xbf],[0x15][0xb3][0x8f][0x81][0x9a][0xdc]LM@sS[0xc4][0xa5][0x1]D[0x1d][0x8b]l[0x1f]<j[0xb0][0x15]}[0xa8][0x11]cj[0x8]:[0xa0][0x87]([0xcb][0x90][0xe6][0x9][0x91]-[0x83]&p[0xe7][0x8c][0xc4]L[0xd0]X[0x0][0xea][0xb2][\n]"
19:17:13.993 [main] DEBUG org.apache.http.wire -  << "[0xf4]*[0xdd][0xc4][0x10]tH[0x11]q[0xd6]![0xb2]-R[0x95][0xe].tp,[0xa8][0x4][0xcb]![0xd2][0x9c][0x91]1[0x91][0xb]7[0x8c]-A[0x1][0xe]-[0x90][0x90][0xec][0x82]V[0xe8][0xd8][0xdb][0xf][0xb0]8E[0xd8]g[0xc]>[0xad][0x91]8[0xbf]![0xe5][0xdd][0xa2][0xf4][0xfc][0xbc]|[0xd0][0x94]/[0xbc][0xb0][0xcd][0xc7][0x92]DPKusC[0xd0]u[0xa1][0xc4]Y[0x85]h? 7[0x98][0xa1][0xb1][0x86]#[0x81][0xa4][0xa4][0x82]N[0xcc][0x82].J1[0x3][0x7][0xf]q[0x96]!Z[0xe7][0xf0][0xdb][0xc3] 5[0x15][0xf6]v,z[0x8c][0x99][0x80]F0[0x89][0xb1][0x9][0x0][0x0][0x0][0xff][0xff]"
19:17:13.993 [main] DEBUG org.apache.http.wire -  << "[\r][\n]"
19:17:13.993 [main] DEBUG org.apache.http.wire -  << "A0[\r][\n]"
19:17:13.993 [main] DEBUG org.apache.http.wire -  << "[0xb2]D[0xde]b[0x8]nZ@K7[0x1c][0x5]-T[0x16][0x11]Y[0x96][0xa6][0xa0][0xa3]5[0x89][0xb3][\n]"
19:17:13.993 [main] DEBUG org.apache.http.wire -  << "Q[0xdf]c[0xc][0xea]`[0xb]?p[0xab][0x13]a[0x93][0x99][0x1][0xd1][0xa3]*[0xc8][0x9b][0xf][0xc1]#[0x13][0x90]v[0x3][0xb1]~26[0x5][0x1d][0xf9]N[0x94][0x9f][0x90]6[0xf0][\r][0xb9]B[0x16]4&[0x2][0xcd][0xac][0xd0]Qn[0xda][0xac][0xb3]5[0xb6][0x4]5>[0xa1]6![0x97]x[0xd0]Z[[0x1]Gi[0xe][0x89]4D[0x2]05[0x1][\r][0xce][0x11][0x17]-[0x88][0xcc][0x8a][0xe8]p[0xc2]*u[0xec][0xe5][0x10]F[0xca]61[0x5][0xed][0xfd]"[0xce]:DvE[0x1a]*[0x0][0xd5]F[\n]"
19:17:13.993 [main] DEBUG org.apache.http.wire -  << "[0xd8]G[0xc][0xa1]>G[0xf8][0xcd][0xc8][0x90][0xd8][0x1d][0x19][0x96][0xa0][0xb1]a,[0x81][0x9]."
19:17:13.993 [main] DEBUG org.apache.http.wire -  << "[\r][\n]"
19:17:13.993 [main] DEBUG org.apache.http.wire -  << "14B[\r][\n]"
19:17:13.993 [main] DEBUG org.apache.http.wire -  << "[0x2]p[0xf4][0x7]P[0xb]=#3[0xa2][0x9b]aH{[0x4][0xa1][0xcd]0x[0x95][0x18][0x9c][0x81][0xb5]x-I[0x5][0xdf][0x96][0x5]-[0xf2],MAC[[0xc4][0x85]![0xa2]}[0xe][0xb5][\n]"
19:17:13.993 [main] DEBUG org.apache.http.wire -  << "[0x12][0xff]8[0x6][0x97][0xc1][0xde]E[0x84][0x9f][0x89]!h[0x16][0x8b]8[0x8b][0xb0][0xd7][0xf5][0xe0][0xd8][0xc2]^[0xf9][0x82]K^$[0xbb][0x88]o[0xc6][0x82]R[0x10]4[0xae][0xe0][0x9d])[0xa8][0xb7][0xb0]wp0[0x12][0x86][0x85][0x11]h[0xd5]%Q[0x1e][0x3]u[0x1b][0xa0][0x96]![0x8f][0x8e][0x81][0xda])8[0x92]!Z[0x9]ki[0x8][0xea]h[0x12]g[0x17][0xa2]}[0x8e][0x92][0xa3][0xa1]c-99[0xa9]%[0x18][0xcb][0x9d][0xd0][0xa2][0xcc][0x1c]|[0x1d]-q[0xb6]![0xb2]3R[0xfe][0x82]6+[0xb0]7[0x9b][0xd1][0xbc]FB[0xf3][0xc][0x94][0x11][0xa1][0xc1]8[0xe4][0x8a]t[0xcc]]u[0xb4]*[0xd2]1w[0xc5][0xd1][0xcc]&D~[0xa5]q5[0x85][0xb4]x[0x87][0x96][0x13][0x84][0x96][0xa0]-C[0xd0][0x14]F[{[0x10][0xd9][0x86][0xb6][0xf6] b[0x88][0xa6][0xf6][0x80][0x8a]xz[0x84][0x1b]h[0x9a][0x12]jO@[0xb0][0x2]f[0xba]NO[0xcc]MU0U(.[0x1]_[0xe4][0xb][0xad][0xea][0xf0][0xaf][0xd7]@,[0xd8]7[0xb6][0x4][0xf5][0xdc][0xa0][0xc6][0xd3]8A[0x83][0xba][0xa4][0xf4][0xb1][0x9]4[0xc]G'[0x9b][0x10][0xdd]Y[0x1a][0x87][0x1e][0xa8][0xe2][0xa5][0x93][0x9f][0x10][0xdd]X[0x9a][0xfa][0xc9][0xc4][0x0]y[0xb6][0x8e][0x96]+[0x1]M[0xc][0x90]v[0xa5][0xd1][0xda]O[0xf4][0xb]=D[0x81]Jk?!z[0x14][0xb4][0xb6][0x9]<[0xde][0xf][0x0][0x0][0x0][0xff][0xff]"
19:17:13.994 [main] DEBUG org.apache.http.wire -  << "[\r][\n]"
19:17:13.994 [main] DEBUG org.apache.http.wire -  << "145[\r][\n]"
19:17:13.994 [main] DEBUG org.apache.http.wire -  << "[0xca]MU[0xb2]R[0xa2][0xb5]M[0x88][0xfe]f@F~^[0xaa]!h[0xbf][0x13][0xea]8[0x17]x[0xd7]Pj[\n]"
19:17:13.994 [main] DEBUG org.apache.http.wire -  << "[0xec]fj[0xa4]F7[0xe8]Bu"[0x1a][0x8b]&[0x6]H[0xe7][0xe6][0xd1][0xda]C[0x88]z[0x8f][0xc6]6!M[0xcb][0xd1][0xda]&:[0x15][0xaf]&[0x6]F[0x88].[0x4][0xad][0xfd]D[0xb7][0x2][0x2][0xe9]jB[0xe2][0xfd][0x84]H[0xe4]Do[3[0x0][\r]P[0xd1]'[0xd7]"[0x8d]V[0xe7]f[0xe6]dc[0xf4][0xea][0x10][0xae][0xc7][0xb7][0x8e][0xf][0xd1][0xfe]11[0x0]-[0x88][0x80][0xba][0x9d]Z&""[0x98].[0xe7][0xc][0x9a][0x18] [\r][0x9b]z[0x16][0x80][0xca]2[0x5]CC[0x5]3[0x13][0x85][0xf4]$[0x8c][0x0][0xc2][0xb7][0xa4][0x95][0xf8][0x8]G:[0xeb]j[0xb0][0xac][0x1c]61@[0x1a][0x8a][0xa2]](P[0xef][0xd4][0x14][0x13][0xf0][0xb8].4[0xe9][0x5]gW[0xe5][0xe7]+[0x84][0xe7][0xe7][0xa4]%g$[0x82]F[0xe9]Q+[0xa2][0xe0][0x92][0xa2][0xc4][0xca][0xec][0xcc][0x14][0xd0]$[0x13][0xb4][0x85]oh[0x6]Z[0x1c]FL[0x1d]d[0x8a]4U[0x1a][0x9c][0x98][\[0x9a][0x97][0xae][0x10]ld[0xac][0x10][0x9a]S[0x2][0xbe][0xd2][0x1c][0xd5]*[0xf7][0xc4][0x9c][0xc4][0x8a]J[0x92][0xf3][0x91])h8[0x1c][0xea][0x99]A[0x93]$LASEPG[0x11][0xf6]9[0xc2][0xcf][0xa4][0x84]-R#[0x8c]`[0xd8]fdV&[0x82]6)C[0xa3][0x90][0xc8]"[0xca][0x14][0xe9][0xea][0xd0][0xc1][0x13][0xb4]H[0xfb][0xdf][0x6][0x91][0xa3][0x90]b[0x83][0xa6][0x1d][\n]"
19:17:13.994 [main] DEBUG org.apache.http.wire -  << "S[0xa4][0xad]r[0x11]N[0x0][0x0][0x0][0x0][0xff][0xff]"
19:17:13.994 [main] DEBUG org.apache.http.wire -  << "[\r][\n]"
19:17:13.995 [main] DEBUG org.apache.http.wire -  << "1C9[\r][\n]"
19:17:13.996 [main] DEBUG org.apache.http.wire -  << "[0xf2][0x8f][0xc0][0xb7][0xa2][0x1c]_[0x9c][0x9a][0x5][\n]"
19:17:13.997 [main] DEBUG org.apache.http.wire -  << "R=0x[0x1c][0x85]t"[0xe6] r[0x14][0xa2]a9[0x88][0x1c][0x85][0xd4][0xcd][0x2]O[0x14]B[0xc7][0xdf][0xb1].>s[0xad]H-J[0xce],I[0x4][0x1d]][0x9d][0x9a][0xab][0x90][0x9b][0x98][0x9e][0x97][0xa9][0x90][0x9f][0x92]Y[0xa2][0x90][0x92][0x9f][0x93]_D[0xc6]rs[0x13]S[0xa4][0x1a]t[0xf0][0x84][\n]"
19:17:13.997 [main] DEBUG org.apache.http.wire -  << "[0xd2][0xa6]~[0xe2][[0xb1]H[0x15]%[0xd1][0xad][0x1a]3z][0xac]`b[0x86][0xbc][0x86][0x1c]ZN[0xe9]bNQ[0xe0]k[0xab][0x19][0xe3][0xdd]C[0x0]-T[0x8c]-[0x90]N[0x7]NO[0xcc][0xcd][0xcc]K[0xd7]5[0xc3]h[0x12][0xa6][0xe5][0x17])@$[0x15][\n]"
19:17:13.997 [main] DEBUG org.apache.http.wire -  << "J[0x8b][\n]"
19:17:13.997 [main] DEBUG org.apache.http.wire -  << "[0xf2][0x8b]S[0x8b][0x95]j[0x91][0x9a][0xc8][0xe0][0x86][0x6][0xac][0x16][0x85][0xb9][0x16]sE[0xee]`q-h[0x8e][0xf][0xdd][0xb5][0x98]7[0xa4][0xf][0x1a][0xd7]"[\n]"
19:17:13.998 [main] DEBUG org.apache.http.wire -  << ""X[0xea][0xc6][0x12]E[0x83][0xc6][0xb5][0x98][0xc3]3[\n]"
19:17:13.998 [main] DEBUG org.apache.http.wire -  << "[0xc1]9[0x99][0xb9][0x18]i[\n]"
19:17:13.998 [main] DEBUG org.apache.http.wire -  << "[0x9f][0x83][0x89][0xcf][0x90][0x86][0x88]1[0x1a]X[0xe0][0xd0][0xd2]:[0xd0][0xea][0x1b][0xb4][0x94]C#[0x8f]!m[0xca][0xa2][0xe9][0xd9]5f$[0x9d][0xe2][0x1][0x1e][0xee]"[0xba][0xe4][0x84][0x96]1F[0xa6]H=hwp[0x19][0x83][0x11]h[0x88]m[0xae]8J[0x18][0xd0]p[0x1a][0xd1]!?`[0xce][0x4][0x9f][0xf4][0x4]uf@[0xb0][0x9][0x86]7[0xb][0x8a]M[0x14][0x92][0x12][0x8b]@[0xf7]J@[[0xf8][0xc6][0xc4][0x1e]Ajb[0x8e]t-[0x16][0xb5][0xcd][0xb6][0xc0]R[0xdd]`:>'[0xb1]R!#[0xb1]X[0x1][0xcb]>x[0xa2]s[0xac][0x5]h[0xf9][0x15]4[0x84]`9[0x96]V6![0x9a][0xfa][0x83][0xa6][0xad]b[0x81]4[?[0x88][0x1c][0x85]X[0xcb]B[0xeb]8A[0xc]A{[0x4](8[0xe7][0x17][0xa5]*db[0x99][0xb1][0xcc]I-([0xc9]/P(I-JJ[0xcc][0x4][0x8d][0xe1]As[0x8b]%[0x8][0x10][0xb5]1[0xc0][0xc4][0x2][0xe9]Bc[0x5][0xcc][[0x3][0xa8]b[0x3]b[0x18]o[0x88][0xad][0xbc]0[0xb1][0xc0]<[0xf8][0x2]s[0xde][0x98]*U4[0xf2][0xa9][0xa5]4M\[0xc6][0x96][0xe6][0x88][0xb6][0x7]M[0xe7][0xf5]A[0xbb][0x93][0xa0]E[0x18][0xa9][0xf1][0xe][0x0][0x0][0x0][0xff][0xff]"
19:17:13.998 [main] DEBUG org.apache.http.wire -  << "[\r][\n]"
19:17:13.998 [main] DEBUG org.apache.http.wire -  << "286[\r][\n]"
19:17:14.003 [main] DEBUG org.apache.http.wire -  << "J[0xcc]KO,Q[0xc8]N[0xcd]KN[0xcc][0x3][0x1d][0xb0][0x4]M[0xd7][0xf8][0xf7][0xfb]R[0xaf][0x1e]5[0xb6][0x4]-[0xb4][0x85][0xba][0x9d]&k[0x5][0x10]e.M[0x8c]G[0xf4]ib<[0xa2]5I[0xb][0xe3]-[0x11][0x81]C[0xe3][0x9c]@[0xaf]v[0xaa][0xb1]%R;[0x95][0xd6]~BD[0xe][0xad]m[0xa2]SuhlIR[0xab][0x96][0x92]f[0x17][0xb8][0x95][0x9][0xcd][0xf7]4[\r]=[0x13][0x3][0xa4]f*[0xad]m[0xa2][0xdb][0x8c][0xac][0x1][0xa2][0xa6][0xa7][0xb5][0x9f][0xe8]TF[0x98][0x18] [0x9d]$Jk?![0xea][0xe5]!V_[0x9a][0x18] [0x8d][0xf8]ao[0xaf]#z[0xae][0x88][0xd9]![0xba][0x8d][0xe7][0x1b][0x80]f[0xf8][0xa0][0xd9][0x1a][0xbb][0xf3][0x6][0xc2]QH[0xe3]kC.[0xbe]A[0xdb][0xdc][0xa1][0x1]J|[0xae]@[0x4]2[0xd1][0xfd]`[0x3][0xd0][0xd2]u[0xfa]X4[0x84]s[0x1f][0xd2][0xd6][0xe4]![0x97][0x92]@;[0xfd][0xe9][0x12][0xc1][0xc8][0x93][0xf7][0xd0][0xc1]w[0xc2]#*[0xe4]$Y[0xa4][0x9]|*-[0x84]A[0x9a]}[0xa7][0x96][0x89][0x88][0xfa][0x93]Z&"[0xfa][0x1c][0xb4]-[0x11][0x90]&[0xf1]il[0x11][0xa2]%=[0xf4]r[0x15][0xa2]mN[0xaf][0xa5]S[0x88]V&[0xf5][0x16][\r][0x99][0xe2]> [0xdf][0x0]i[0xe1][0x0][0xb5][0xc7]y[\r][0x90]n[0xd2][0xa4]m[0x1a]3A[0xc4][0x13][0xf5][0xbb][0xd2]&[0x6][0xc8];f[0x89].[0xf3][0x88][0x9e][0xb8]@[0x9a][0xda]4@Z[0x9c]@|[0x88][0x91]g[0x13][0xe6]D[0x1f][0xe1]r[0x1c][0xc9]&"[0x17][0xb][0x19] [0xed][0xa3][0x85][0x9d][0xe9][0x0]9+[0x9][0xc7][0xae][0xbb][0xc0][0xd2][0xcc]D[0x85][0xd4][0xfc]b[0x85]"[0xc8]R[0x2][0x85][0xbc][0xd4][0xe4][0xd4][0xe2]b[0xf0][0xca][0x82][0xa4][0xd2]b[0x85][0xb4][0xd2][0xf4][0xcc][0xc4][0x12][0x85][0xc4][0xbc][0xcc][0xdc]L[0xa4]E[0x5]D[0x1f][0x82]o[0x80][0xb4][0xdd][0x96][0xac] &[0xda][0xe3][0x88]r[0x8f],{[0x88]o[0xdc]![0x1d]^[0x8d]t[0xae][0x0]l[0xb1][0x6][0x8e][0xfd][0xc3][0xae][0x15][\n]"
19:17:14.005 [main] DEBUG org.apache.http.wire -  << "[0x85][0xa5][0x89][0xa9]E[0x89]%[\n]"
19:17:14.008 [main] DEBUG org.apache.http.wire -  << "e[0xa9]E[0xe0][0xe0]%[0xe7]`w[0x13][0x3][0xa4][0xfb]+i[0xec]O[0xa4][0xfd][0xa2][0xf0]}[0xff][0xe0]m[0x93][\n]"
19:17:14.008 [main] DEBUG org.apache.http.wire -  << "[0xce][0xf9][0xb9][0x5][0xa5]%[0xe0][0x3][0xf4]PW[0xf]:[0x16][0x17][0xa4][0x16]e[0xe6][0x17][0xa5][0x16]+[0x80]O[0x8e][0xcf]ONNLMN,[0xc9]T(,%/[0xf9] [0xef]#[0xa5][0xd9][0xda]V[0xea][0x8d][0xc1][0x9a][0x18] M[0x81][0xd1]rc[0x81][0x19][0xa2])DSk[0x10][0xed]#[0x9a]Z[0x83][0xe8][0xc6] [0x9f]g[0x1][0xde][0x6][0x8d]#C9[0x96]B[0x97]:[0xa5][0xe6]*[0x14][0xa5][0x16][0xa4][0xe6][0xe4][0xa4][0xe6][0xa5][0x94]"[0xe7])[0xe2][0xcb]([0xa4][0xfd][0xa3][0x9e][0x1][0x1e][0xfe]~[0xae][\n]"
19:17:14.008 [main] DEBUG org.apache.http.wire -  << "[0x86][0xa6][\n]"
19:17:14.008 [main] DEBUG org.apache.http.wire -  << "[0x1]A[0xfe][0x18]%[0xb4][0x87][0xab][0x9f]{[0x80][0xbf][0x1f][0xa2]}m[0x2][0xaa]A[0x88]Y[0x85]k[0x80]tl<[0xcd][0xec]@[0xda]3J;;[0x10][0x15][0x19][\r][0xe7]aL[0xc][0xcc][0x11][0xa3]r[0xb4][0xb5][0x7])[0x85][0xd3][0xee][0x8e]Q[0x13][0x3][0xd0][0xa9]L[0xd0][0x1e]#M[0xfd][0x3]:C[0x17]j[0xf][0xb1][0xf5][0x3][0x0][0x0][0x0][0xff][0xff]"
19:17:14.008 [main] DEBUG org.apache.http.wire -  << "[\r][\n]"
19:17:14.009 [main] DEBUG org.apache.http.wire -  << "1DF[\r][\n]"
19:17:14.009 [main] DEBUG org.apache.http.wire -  << "[0xca][0x4][0x9f][0x90][\n]"
19:17:14.009 [main] DEBUG org.apache.http.wire -  << "[0x9d][0xad]"[0xbe][0x1e]D[0xda][0x1]K[0xb3][0xd4][0x6]:8[0xb][0xea][0x1b][0xda][0xd9][0x81]Hi[0xb4][0xb3][0x3]Q\[0xf][0x9e][0xa1]<[0xa4][0xad][0xc5][0xb4],[0xdc]Ag[0xba]A[0xe3]p[0xf0][0xf8][0x9d][0x98][0x8b][0xca][0x10][0xc5]<[0xf1][0x99][0x82]^[0xfb]tM[0xc][0x90]&[0x1c][0x7]Q[0xb0]"U[0xe4]Dw[0xdd][0xc8][\n]"
19:17:14.009 [main] DEBUG org.apache.http.wire -  << "gDs[0x10][0xf9][0x1e][0xb1][0x0][0x86][0xf8][0xb2][0x97][0xc][0xdf][0x83]W[0x14][0xc][0xb6],e[0x88]tN:[0x8d]}[0x8f]([0xb0][0x89][0xb7][0x8][0xa9]/Mtn6[0x4][0x9d][0xf1]4[0xf8][0xc2][0x99][0x9c]<F[0x9e][0xf7][0x11][0x99][0x8c]V5[0xa3]![0xdd][0x16]'[0x1a]"M[0xa7][0x5]@[0xef][0xf1]t,[0xcd][0xc9]LT[0xc0][0xdc][0xf9][\r][0xba][0x10][0x14]v[0xd7]g"\[\r][0xb4][0x85]D[0xe4][0x88][0x84]![0xd2]L[0x19]}[0xec]C[0xb4][0xcc]i[0x9c]-[0x90][0x8e]S[0xa0][0x8f][0xcf][0x10][0x19][0x9e]>[0xf6]!Zk[0xf4][0xb1][0xf][0xd1][0x7][0xa1][0x8f]}[0x88][0x12][0xc4][0xa9](19[0x15][0xdb][0x1]Y[0xbe][0x89])[0xa9][\n]"
19:17:14.009 [main] DEBUG org.apache.http.wire -  << "[0xf9]i[\n]"
19:17:14.009 [main] DEBUG org.apache.http.wire -  << "[0x19][0x99][0xe9][0x19][0xa0][0xa1][0xab][0x9c][0xcc][0x92]J[0x85][0x82][0xd4][0xc4][0xa2][0x1c][0xe4][0xa2][0x4]t[0x16][0x0]1[0xdd]_C[0xa4][0xb5][0xfc].a.[\n]"
19:17:14.009 [main] DEBUG org.apache.http.wire -  << "[0xde][0x99][0xb9][0xa9]%[0xc5][0xa5][0xa0][0xd5][0xc6][0x91][0x89][0x99]I[0xa0]][0x91][0xa8]#I[0x88]Z[0xd1][0xd0][0xc8][0x0][0xbc][0xc0][0x5]n[\r][0x9e][0xe1]uC[0xa4][0xf3][0x16]@[0xd6][0xf8][0x96][0xa6][0xa7][0xe6])[0x84][0x14]%fbn[0xaa][0xc5]c[0x83][0x1][0xee][0x1]|C[0xa4]K[0xa7]id[0x3](L[0xa1][0x95][0xe][0xad]l@[0x94][0x14][0xb4][0xb2][0x1]1[0xaf]2h[0x9a]g[0x86]H[0xd3][0xff][0x83][0xc8]Q[0x88][0xbc]8[0x88][0x1c][0x85][0x98][0xe0][0xa1]qU[0x82][0xb4][0x8][0x0][0xbb][0xf7][0x7]t[0x9][0x8e]![0xd2][0xf4];v[0xe7]!J[0x11][0xba][0xad][0xb]2D[0x9a][0xaa][0xc7][0xee][0xa8][0x1][0xe]3D[0xed][0x89][0xdd]y[0x3][0x12]f[0x88]*[0x16][0xb2][0xd9][0x11]cl[0x17][0xdb]>H[0xd2][0xef][0xf0]6$k[0xa2][0x1f][0xb9]J[0x5]-[0x1b][0x85][0xd7]u[0xf8]j"[0xa4]3[0xd5]1[0xb7]@Pey[0xbf]![0xd2][0xd1][0xe7]d[0x95][0x3][0xc4]6[0x95][0x91][0xf6][0xa9][0x92]e[0xf][0xf1]=:[0xa4][0x13]dhm[0x13][0xbc][0x92][0x5][0x0][0x0][0x0][0xff][0xff]"
19:17:14.009 [main] DEBUG org.apache.http.wire -  << "[\r][\n]"
19:17:14.009 [main] DEBUG org.apache.http.wire -  << "CD[\r][\n]"
19:17:14.009 [main] DEBUG org.apache.http.wire -  << "[0xa2][0xf1]YV[0x86]H[0x7][0x9d][0xd3][0xda]O[0x88]\Dk[0x9b][0xe8]V[0x3]![0x9d][0x9a]M[0xd8]O[0xa4][0x8d][0x96]Sq^[0xd1][0x10]ib[0x9f][0xb0]3a[0xab][0xc9][0x11]%-[0xf1]9[0x84][0xd2][0x9]{[0x12]lB4}[0x88][0xf7][0x12]YE%[0xdd]&[0xcd][\r][0x91]&[0xcd]i[0xec]'[0xa4][0x99]q[0xa8]MX[0xb6][0xa4][0x82]vu[0x96]g[0x96]d(d[0xa5][0x16]#[0xf6]v"[0x92][0x5][0xfe]F[0xb][0xd2]R[0x19]C[0xa4]s[0x18]h[[0x81]"M[0xa0][0xf][0xb5][0x5]l[0x86]f[0xa4][0x94][0x8f][0x3]W[0x96] [0xed]S[0x85]&[0x1d]<[0xfb][0x3][0x7][0xd0][0x99][0x88][0xe1]G[0xec][\r][0xc9][0x81]m[0xe7]"[0xcd][0xe8]CC[0x91][0xe8][0xc][0x88]T[0x88][0x11][0x9f][0x3][0x91]f[0xf7][0xb1][0x7][0x7][0xb1][0xd9][0x9a][0x9a][0xd5][0x12][0xd2]F\R[0x3][0x81]X[0xe7]"[0x97]BH[0xa7]U[0xf][0xb9][0xc2][0x1]iE[0x3]4[0xa8][0x6]e[0xae]37[0x1][0x0][0x0][0x0][0xff][0xff]"
19:17:14.009 [main] DEBUG org.apache.http.wire -  << "[\r][\n]"
19:17:14.010 [main] DEBUG org.apache.http.wire -  << "2DD[\r][\n]"
19:17:14.010 [main] DEBUG org.apache.http.wire -  << "[0xd2]A;[0x83][0x95][0xe8]dMV[0x8c][0xe][0x8d]"[0x13]i[0xfb][0xf1][0xd0]Kx[0x88]rtP'<R[0x9a][0xfc][0x3]W+[0x99]#&y[0x87]\J iq[0xd0][0xc0][0x5]1[0xd2][0xca][0xa2][0xc1][0x9c]`[0x91][0x16]'[\r][0xbd][0x94][0x80][0x98]R[0xa3][0xd9][0xd4][0xae][0x5]FM[0x82]yN"[0xbe]q*[0xfc]M#j[0xb6]b,0*!L[0x97]"*7|[0xa3]ZTu[0x15][0xa2][0xec]Q[0xa0][0x10][0x96]Y[0x96][0xaf][0x10]id[0x84]1p[0x99][0x9b][0x9a][0x9b][0x99][0x93][0x99][0x9d][0xa9]P\[0x90]Z[0x9c][0x99][0x96][0x99][0x9d]X[0x9c][0xa9]P[0x99][0x98][0x97][0xae][0x90]X[0x80]|[0xbe][0x8a]1h[0x1e][\r][0xef][0xb9]q[0xc8]--[0xa4]U[[0xd0]<H[0xd3]f[0x0][0xe6]=[0x14][0xb4][0xb5][0xe]Q[0x88]C}[0x87][0xa7]-[0x6][0x1b]MAj[0xb5][0x13]?[0xc8]A[0xf4]e[0x14][0xf8][0xba][0xe9][0xc6]D[0xf][\n]"
19:17:14.010 [main] DEBUG org.apache.http.wire -  << "[0x13][0xb3][0xae][\r]_[0x9e]#[0xc1]c[0x88])>[0xc2]A8pu[0x9][0xe8]z1[0xe8]l*~gR)[0xfc]1[0xca]<<[0x9]k[0x0]C[0x5][0xa3][0xc0][0xc3][0xe1]L*[0x85][\n]"
19:17:14.010 [main] DEBUG org.apache.http.wire -  << "[0xa2]$[0xc3][0x1f][0x9][0xa0][0x13][0xc8][0x6]0T[0x86]FC[0x19][0xe9]T?[0xec][0x3][0x1][0x3]:.[0x2][0xde]v[0x1][0xcd]q[0x83][0xd2]y[0x88]r[0xb][0xbb][0xf3][0x10][0x15]=[0xdd][0x1a] FHg[0x90]`w[0xd4][0x0]G)[0xa2][0xb8][0xc0][0xee][0xbc][0x1][0x9][0xb3]!Q[0xa8][0x18]![0x1d]22[0x88][0xcb]>#[0xa4]u[0x98][0xd8][0xa3]x`S [0xd2]b[0xca]`[0xf0][0xd5][0xc0][0x90][0x9d][0x88][0xd8][0xae][0xea]u[0xca]I[0xcc]K[0xc9],[0xc9][0xcc],VH.[0xcd])HTH[0xcd][0xcb][0xcc][0x5]mdMD[0xda][0xc0][\n]"
19:17:14.010 [main] DEBUG org.apache.http.wire -  << ":+[0x9d][0x98]Yv#[0xa4]K[0xaa][0x6]e[0xb8] [0xfa]q[0xb4]Y[0xca]ed[0x88]h[0xd1][0xc][0xca][0x0] [0xb6][0x14][0xa0]JK[0xc6][0x8]m[0x1d]#[0xf5][0x17][0x18][0x1a]!-a[0x1c][0xcc][0xe5][0x5][0xd2]:H[0xfc][0xce][0xa4]N[0xb8]#-[0x8a][0xa4][0x8b]u[0x88][0xc5][0x1b][0xbe][0xa0][0xc5][0xe0][0xc1][0xf9][0xc9][0xc9]X[0xf6];'[0xe7]'%*$[0x17][0xa5]&[0x96][0xa4]b[0xde][0x12][0x86][0xff][0x8c]v[0xa4][0xbe][0xb6][0x11][0xd2][0xed]ST[0xb2][0xcd][0x10][0xf7][\n]"
19:17:14.010 [main] DEBUG org.apache.http.wire -  << "V##D[0x91]A[0x83][0xd3][0x1b][0x8c][0x90]VY[0x92][0x1a]SH[0x1d]l[0xfc]M/[0x94][0xc0]C[0xb4]M[0xa0][0xf6]a[0x8e][0xdd][0xe0][0xeb][0xf1][0xe2][0xb7][0x89][0x8a][0xe3]9FF[0x18]E[0x15][0xa6]K[0x11][\r]):[0x8d]2[0x19][0x11]}M[0x18][0x95]22b[0x94]0V'D[0x1f][0xec]D[0x9d][0xd0]@Z_J[0xa3][0xea][0x1b]i[0xb1]([0xad]l@[0x94]'[0x83]2F[0x11][0xe5][0xc3][0xa0]t[0x1e]b[0xcc][0x81][0xda][0x7][0x2][0x19]!-[0xdf][0xa4][0xbe][0xd9][0xa4][0x8c][0xa0][0xe][0xd8][0x90][0x8e][0x11][0xdd][0xd6]{[0x1a]![0xdd][0x83][0x0][0xad][0x87]Lix[[0x85][0x11][0xd2][0xa2][0xcf][0xc1][0x98][0xac]M[0x10][0xbd][0x6]Xh`L\[0x80]ke[0xea][0x94][0xa3][0xa6][0x84]29[0xa2]^[0xa5]_}[0x8f][0xb9]B[0xf][0xc7] +h[0xd4][0x93][0x92]I[0x6]#[0xa4]5s[0xf4][0x8]m[0xa4][0xc3]g[0x6]c[0xda]C:[0x6]=%[0xb5]8[0xb9]([0xb3][0x0]tK[0x16]F[0xf2]C$[0x9]|M-[0xe4][0xa6]&[0xd2][0x84]&[0x95][\r]F$_[0x1a]U[0xd2]Hg=P[0xd9][0xe9][0x88][0xfa]kP[0xa6][0x5]D5[0x85][0xdd]y[0x88]T@[0xbf][0x82][0x1]:'[0x8][0x0][0x0][0x0][0xff][0xff]"
19:17:14.011 [main] DEBUG org.apache.http.wire -  << "[\r][\n]"
19:17:14.013 [main] DEBUG org.apache.http.wire -  << "3F2[\r][\n]"
19:17:14.013 [main] DEBUG org.apache.http.wire -  << "[0x2]m[\r][0xc0][0xee][0xa8][0x81][0x1d]kC:[0xc3][0x2][0xbb][0xf3][0x6]$[0xcc][0x10][0xad]L[0xfc]E[0x1c][0xc5][0x85][0xa9]%[0xa2][0xea][0xc2][0xee][0xfd][0x1][0x8e][0x1d]D/[0x12][0xbb][0xf3][0x6]$v[0x10][0xbd]:Z[0xc7][0xe][0xa1][0xc]=[0xa0][0xb1]c[0x8c]t@[0xfe][0xa0][0x89][0x1d]c[0xa4][0x93]9hS[0xbd][0x18][0x13]<(c[0x80]c[0x5][0x91]<i[0x15][0x0][0x88]dI#[0x1b][0x90]f@he[0x3]b[0xd0][0x93][0x6][0x3][0x83][0xc6]H[0xa7]F`[0xcf][0x1a][0x3][0x9b]F[0x6][0xf7]<[0x87][0xb1][0xe1] ,[0xf6][0x8d][0xb1][0xcc]U[0xd0][0xb0][0xcf]k[0x8c]4[0xe7]0[0x18]S[0x90][0x11]"[0xff]`w[0xde][0x0][0xd4][0xcc][0xc6]Hs[0xb]4*6[0x90][0xe6][0x13]<R[0x13][0xcb]*[0x15]\JK*[0x15][0xa0][0xa7][0xe][0x7][0xe4]$[0x96][0xa4]bt[0xbd][0x1c]KKRs[0xd1][0x8f][0x1a].J-*[0xcd]E[0x9a][0xa2][0x5][0x9f]rE[0xcc][0x1c][0xad]1[0xd2][0x94][0x83]cyjq~n[0xaa]B@bAj[0x91][0x82]s~"[0xe6][0xbd][0xba][0xae][0xf9][0xc5][\n]"
19:17:14.013 [main] DEBUG org.apache.http.wire -  << "[0x99][0x5][0xc5][0xa5][0xb9][\n]"
19:17:14.013 [main] DEBUG org.apache.http.wire -  << "[0x99]%[0x89][0x85][0xa5][0xa9][\n]"
19:17:14.013 [main] DEBUG org.apache.http.wire -  << "9[0x89]I[0xf9]E[0x99][0xf9][0xc5][0x89][0xb9][\n]"
19:17:14.013 [main] DEBUG org.apache.http.wire -  << "[0xa9]`[0x81][0xd4][0x12][0xd0]tqf[0x9]9[0x8e]15F[0xf4][0xe5][0x6]M*0E[0xda]+N[0xdb][0xf6][0x99])[0xd2][0x98][0xe3] [0xf2]>[0xa2]v[0x1e]<[0x8e]B[0x1a][0x9a][0x1c]D[0x8e][0x1a][0x84]e[0x98])[0xc1][0xb1][0xce][0x1](XM[0x91]N[0xdb][0x1f]D[0xd1][0x87]h[0xe8][0xe]"G[\r][0xc6][0xdc][0x87][0xb4][0x9f]~[0xf0][0x84][0x94])b[0xe8][0xc1]1[0xb5](?[0xa5]2/173Y[0x1][0xb2][0xd6][0xc9])[0xbf][0xa4]$[0x7][0xb3].[0x5][0xd5][0x90][0xf9]y[0xa9][0x90]UN[0xe0][0xa5]Ny[0x99][0x19][0x99]9[\n]"
19:17:14.014 [main] DEBUG org.apache.http.wire -  << "[0xc9][0xf9]EE[0xa5][0x5]%[0x99][\n]"
19:17:14.014 [main] DEBUG org.apache.http.wire -  << ")[0xf9]9[0xe0][0x13][0xd9]s[0x13]!'[0xb3][0xa7][0x92]W[0xaf]![0x1d]{O[0xdb]*[0xc4][0xc][0xa9][0xa3][0x0][0xb3]I[0x17][0xc7]n[0x0][0x1c][0x83]=[0xf8][0x97]^@[0xe7][0xf4][0x8d]-[0x90][0x8e][0x1d][0x81][0xec]i[0xc7]r[0xf7]:[0xb6]caj[0x91][0x6][0x85][0xcd][0xc]1[0x7][0xa6][0xb0][0x18][0x3][0x9e][0xeb][0x18][0xc][0xae]E[0xa4]0x[0xd8][0x16]a[0xb4][0xcf][0x6][0x8d]k[0x11][0xc5][0x19][0xcc][0xb5]4[0xec]_[0x98]![0xf5]/[0xe8]`[0x9d]9[0xd2][0xb0][0xc][0xcc]:[0x92]b[0x82][0xe8][0xbd][0x1a][0xe6]H[0xd7][0x1]z[0xe6][0x95][0xa4][0xe6][0xe4]d[0xa6][0xa7][0xe6][0x95]([0xb8][0x15][0xe5]W[0xa5][0xe6])8g$f[0x16][0xe9]&[0x91]d7q9[0xcc][0x12][0xa9][0xdd][0x9][0xcd]a[0xf9][0x18][0xd6][0x10][0xca]a[0xe6][0x6][0x88][0xae]/[0xad][0xc3][0x9]1[0x99][0x1][0xb3][0x89][0x86][0xe9][0xcd][0x1c]K[0xd1][0x81][0x11]:[0xe0][0xac]H[0x95]IR[0xb][0xa4][0x3]Pa[0xbe][0xc3]n[0x1d][0x8e]r[0x8a][0xe8][0xf4]f[0x81]4VEk[0x9b][0x10][0xed]U[0x98]M4[0x8c]1[0xb],U[0x13]M[0xad]C[0xf4]%[0xe9][0xe2];ze4[0xb][0xa4][0x1e];[0xcc]c4J[0x8a]d][0xc5][0x88][0xb4][0x10][0x91][0xf8]D[0x8f]t[0x94]![0x8d][0xfd][0x84]t[0xb3][0x1e][0xad]m[0xc2][0xac][0x80]i[0x14]OHm1[0x1a][0xfb][0xc9][0x4][0xd1]`[0xf3]MM[0xc9][0xcc]O.JU[0xf0]IM,[0xc9]H-R[0xc0]q[0xd9]LH~[0x9]xpH[0xa1]4/%[0x15]|[0xb5][0x11][0xd2][0xd0][0x10][0xc8]<P#</[0xbd]X[0xc9][\n]"
19:17:14.014 [main] DEBUG org.apache.http.wire -  << "[0xcf][0x81]}[0x16]H[0xd7][0xa6]A[0xf6]0[0x84][0xe7][0xe7][0xa7][0xa4][0xe6])[0x4]$[0xe6][0x81]o[0xe0]@=[0x1][0xd7][0xb5][0x2]4J[0x95][0xa8][0x90][0x9f][0x92]Y[0xa2][0x90][0x93]X[0x9a][0x92][0x98]W[0x92]Y[0x9a][0xab][0x90]Z[0x8c][0xdc]~[0x7]M%[0x13]e9[0xd2][0xc9])[\n]"
19:17:14.014 [main] DEBUG org.apache.http.wire -  << "[0x98][0xc7][0x5]":[0xd0][0x96] [0xa0][0xa3]D[0x9c][0x99][0x88][0xf2]b[0xd0][0xf4][0xa1],[0x91]f[0xe0]h[0x9b][0x90],[0x91][0xda]o%[0xa9][0xc5]%[0x99]y[0xe9]H[0x8b][0xc0]Q#[0xb3]$#[0xb3]X![0xb3]X[0xa1]$[0x3][0xbe]P\[0x1]u[0x1d][0x6][0xf4]pqC[0xd0]&m<[0xc1][0xf][0xed][0xbb][0x18][0x99]"U[0xe6][0x8a][0xe][0xca]*[0xaa][0x18][0xd9][0x12]k[0xb3]J[0x7][0xae][0x1f]i>[0x1][0xd2]2#[0xce][0x0][0xa4][0x9e][0x8f]%[0xd2][0xa6]5[0xaa][0xf9][0x1f][0xdf]R[0x1c][0xb8][0xdb][0x7][0x83][0xdf][0x11][0xfd](B~G[0xe4]-P[0xe4][0xe][0x95][0xb8]EdmB[0xfe]#)m[0xd3][0xce][0xfb]()[0x13]QmQ[0xd5][0xf5]C&u"F[0xdc][0xa8][0xe6][0xff][0xa1][0xe2]w[0xa4][0xbe][0x7][0xd5][0xfc][0xe][0xca][0xb8]C[0xc6][0xff][0x88][0x1e][0x11]![0xff][0xf][0xc9][0x92][0x9][0xa9][0xb]F[0xc8]$[0x95]L[0xf8][0xe2][0x17][0xb9]lA[0xea][0xb4]S[0xd5]~[0xfa][0x94][0x8c]H[0xd5]>U][0x8f][0x1c]z[0xe8][0x17]4[0xc][0xa6]z[0x1b]i[0xff]&[0xcd][0xfc][0x8f][0xde][0x7][0x18]T[0xfe][0xa7]b[0xcd][0x8][0x0][0x0][0x0][0xff][0xff]"
19:17:14.014 [main] DEBUG org.apache.http.wire -  << "[\r][\n]"
19:17:14.014 [main] DEBUG org.apache.http.wire -  << "38[\r][\n]"
19:17:14.014 [main] DEBUG org.apache.http.wire -  << "R[0x1a][0x82]mV[0xa4]![0xde][0x11][0x19][0xff]HkTF[0xa6][0xff][0x11][0xa7][0xd0][0xcc][0xff][0x83][0xb8][0xfc]3B[0xba][0x1e]{[0x97]}@[0x17][0xe1][0x19][0x11][0x9c]T[0x1f]`[0xe7]![0xda][0xd5]4[0xc]=[0x0][0x0][0x0][0x0][0xff][0xff]"
19:17:14.014 [main] DEBUG org.apache.http.wire -  << "[\r][\n]"
19:17:14.015 [main] DEBUG org.apache.http.wire -  << "F6[\r][\n]"
19:17:14.015 [main] DEBUG org.apache.http.wire -  << "RrO[0xcc][0xcd][0xcc]K[0xc7][0xe8][0x90]#[0xfc][0xae]PPZT[0x90]_[0x9c]Z[0xac][0x84]<[0x15]i[0x84]t[0x94][0xfd][0xa0]t[0x1e]b[0xe0]mP:[0xf][0xd1][0xe5][0xc5]?pD[0x95][0xd9][0x18]#S[0xc4]\[0xd3][0xa0][0xc][\r]BI[0x1d]Q[0xff][0xd3]o[0xe3][0xc][0xdd]N[0xd7]7B:"[0xdd]7[0xbf][0xb4][0x18]s[0xd9][0x5]x^[0xe][0xc7]D[0x19]rc[0x18][0xbd]1[0x88][0xd4][0x95]02C$[0x1][0x1a]Z[0x82]h[0xf1][0xd1]f[0x1][0xa8][0x11][0xe6]A[0xe8]8[0xf6]9R'[0xe3] [0x9d][0x83][0x8e]:[0x84][0x8a]:[0xe4][0x8a]H[0x9f][0xc4]F[0x7][0xd2]Y[0xe6]T6[0x18][0xd1][0xe8][0x18][0x8c]Y[0x1d][0xe9][0xc4]o[0xec][0xce]C[0x4]%[0xfd][0xb2][0xba]9b[0xea][0x93]F[0xc9][0x16][0xe9]Ho[0xec][0xde]F[0xd4][0xb7][0x3][0x12][0x0][0x88]|[0x8b][0xdd]y[0x3][0xe2](D[0xad]@[0xa3]X[0xc1]<[0xa2][0x1a][0xf3][0x90][0x14]|e[0xaf][0x91][0xa5]%[0xea]u[0x91][0xf8][\n]"
19:17:14.015 [main] DEBUG org.apache.http.wire -  << "`[0xa4][0x83][0xa6]i[0xe5][0x1d]D[0xd6][0x87]6*h[0xe8][0x1d]KD}[0x2][0xb5][0xc]GA[0x8c][0xa3][0xde]"z[0xae][0xdb][0x18]i[0xea][0xc7]%[0xc][0x0][0x0][0x0][0xff][0xff]"
19:17:14.015 [main] DEBUG org.apache.http.wire -  << "[\r][\n]"
19:17:14.015 [main] DEBUG org.apache.http.wire -  << "183[\r][\n]"
19:17:14.015 [main] DEBUG org.apache.http.wire -  << "rQ[0xa0][0xfe]1X[0xc6]H[0x8b]~[0xb0]'[0xff][0x1][0xcd][0x9d][0xc6]H[0xe3]H4[\n]"
19:17:14.015 [main] DEBUG org.apache.http.wire -  << "[0x0][0xa4][0x85][0xb][0xb4][0xb2][0x1][0xd1][0xe0][0x1d][0x8c]Al4[0x8][0xb]@c[0xa4]E[0x1e][0x83]1[0xcc][0x90][0xce][0x13][0xc2][0xee][0xbc][0x1][0xa8]4[0x8c][0x91][0x8e] [0xa2][0xd5]Y[0xf3][0xc6]HKbhg[0x7]b[0xce][0x17]V[0xbc][0xd2]p[0xf1][0x97]1[0xd2]F"[0xcf][0xbc][0xe4][0xa2][0xd4][0x94][0xcc][0xa4][0x9c]T[0x5][0x9f][0xcc][0xbc][0xd4]<[0x5][0xef][0xbc][0xcc]4[0xcc]>IX~NiAIb[0xb1]BYj^fb[0xae]BbNfaif[\n]"
19:17:14.015 [main] DEBUG org.apache.http.wire -  << "[0xd2]Z[0x15][0xd4]=U&[0xb8]O[0x89]3F[0xba][0xc7][0xd2]5/[0xbf](7[0xbf][0xb4]X[0xc1]7[0xb1][0x8][0xe4][0x4][0xec][0x96]{[0xa6]([0x94]A[0xec]/[0xc9]L*-V([0xcb],ILU(.-N[0xce],[0xc8],[0x81][0xaf]BOLR[0xc8][0xc9]LJ-[0xca][0xc7][0xe9]*<[0x15][0xb6][0xb1]1[0xa2][0x86]C^[0xc8][0xea]^[0x94][0x98][0x97]Y[0x92][0xaa][0x80]c[0x89]|`i[0xa6]Bqi^[0x89]Bn~[0xe]h[0xa1]Fb*[0x9c]U[0xac]P[0x94]Z[0x90][0x9a][0x93][0x93][0x9a][0x97]RZL[0x9e][0x93][0x8][0x15]S[0x3][Q![0xed]2rK[0xcc]+I,.[0xc9]LVp[0xce][0x7]%[0xa8][0x92]T[0x1c][0xe9]([0x8][0x11]$[\n]"
19:17:14.015 [main] DEBUG org.apache.http.wire -  << "[0xa9][0xa0][0xb4][0x94]Z[0xa2]PX[0x9a][0x9f][0xa2]PX[0x9a][0x99][0x8][0x8d][0xc9]\[0xd0][0xce][0xb9][0xc4][0x94][0xcc][0x82][0xcc][0xe2][0xe4]L[0x9c][0x1][0x87]>[0x14][0x8a][0xd4][0xfb]5F:0[0x9]{Y5[0xc0][0x1][0x87][0x18][0xad][0x82]m*[0x84][0xee]i[0xc4][0x9e][0xfe][0x9d]R[0x13]A[0x9][0x1e][0x9a][0xe7][0x14][0xf0]d;|[0x9][0x1c][0xe9][0xdc][0xa4]A[0x19]([0x88]&[0x3][0x8d][0x1a]%t[0x18][0x1][0x6][0x0][0x0][0x0][0xff][0xff]"
19:17:14.015 [main] DEBUG org.apache.http.wire -  << "[\r][\n]"
19:17:14.015 [main] DEBUG org.apache.http.wire -  << "9A[\r][\n]"
19:17:14.016 [main] DEBUG org.apache.http.wire -  << "[0xa2]`[0x88][0xd5][0xd8][0x4][0xd1][0x1][0x1a][0x8c][0xf1]3[0xb8]G[0x80][0x8d][0x91][0xee][0x16][0xf5][0xc9]L[0xcf]()O[0x5][0x91][\n]"
19:17:14.016 [main] DEBUG org.apache.http.wire -  << "[0xe1][0xf9][0xf9]9[0x90]][0x8][0x18]c[0xde]>[0xa0][0xbd][0xb9][0xa9][0xf0][0x9a]%[0xb5]X![0x9]~[0xbc]3R[0xa9][0x3]j[0x96][0x11][0xb3]d[0xd1][0x18]i[0x87][0x15][0xf6][0xf8][0x1b][0x88][0x6][0x92])[0xcd]s[0x15][0xd2]`snbf^b[0x9e]Bb^b6Fh[0x17][0x97][0xa4][0xa6][0x16][0x81][0xd6]1[0x96]g[0xa4][0xa6][0xe6] [0x82][0x82][0xf8][0x8e]![0xd2].1[0xec][0xe1];[0xb0][0x85]:[0xd2][0x0]2v[0xe7]![0xfc]L[0xb7][0xa1].c[0xa4]s[0xe2]hT[0xa8]"][0xde]J+[0x1b][0x8c]u[0x94][0x0][0x0][0x0][0x0][0xff][0xff]"
19:17:14.016 [main] DEBUG org.apache.http.wire -  << "[\r][\n]"
19:17:14.017 [main] DEBUG org.apache.http.wire -  << "404[\r][\n]"
19:17:14.017 [main] DEBUG org.apache.http.wire -  << "[0x82][0x16][0xad]NE[0x89][0xc9][0xa9]9[0xa9][0x98][0x1b][0xef]}[0x13]SR[0x15][0xf2][0xd3][0x14]22[0xd3]3[0x14][\n]"
19:17:14.017 [main] DEBUG org.apache.http.wire -  << "K[0x13]s2K*[0x15][\n]"
19:17:14.017 [main] DEBUG org.apache.http.wire -  << "R[0x13][0x8b]r[0x90][0xd7][0xdb][0x83]Nz[0x86]ge<[0xe7][0x18][0x1b]#[0x9d]BW\Z\[0xaa][0x90]][0x9a][0x92][0xa8][0x90][0x93][0x99][0x88][0xb9][0x9d][\r],[\r]M[0xf0][0xd0]5[0xb][0x96](7[0xea][0xe0]k[0xa6] [0xdd][0xe9]J[0xdb][0xac][0x83]4[0xe5][0x0][0xed]^[0x98]adP[0xf8][0xc8][0x17][0xfa][0x89][0x9a][0x86][0xc4]gQ[0xa4]Y[0x7]Z%[0x6]D[0x93][0x18][0x1c][0xf4][0x14][0xc4][0xc][0xbe][0xb6][0x12][0xd2][0xbc][0x3]5[0xd3][0x1c]>+[0x91][0xe6][0x1e][0xa0]qD[0xab][0x11]6[0xa4][0xf5][0xfa]4[0x8a]%[0xa4][0xfb]Hi[0x19]KH[0xb3][0xb]4[0xb5][0x86][0xd6][0xf3][0x5][0xc6]H[0xf3][0x5][0xa0][0xb2]D![0xb1]21[0x17]#[0x83][0x82][0xbd][0x8][0x92]FT$[0xa8]E[\r][0xde][0xd4][0x85][0xe8][0xdd][0xd2]:u!r([0xad]R[0x17][0xa2][0xa1]Lc[0xbf] [\r][0xe2][0xd3][0xda]&D%G[0xa3]PC:a[0x94][0xd6]~A[0xb4]9[0xb1][0xb7][0x84][0x6][0xb6][0xa1][0x86]t[0x1f] v[0xe7]![0xf2][0x17][0xfd][0x1a]j[0x16][0x88]4M[0xa3][0xf8][0x7]m[0xe7][0x82]6[0xa3]he[0x3]by8[0xbd]*M[0x82][0xe7][0x89][0xe]lR#x[0xde]'[0xae][0xa4][0x86]>|[\n]"
19:17:14.017 [main] DEBUG org.apache.http.wire -  << "_[0xe7][0x8b]4[0xb2]E[0xe6]R.cK[0x9a]Wg[0x96][0x88][0x2][0x80]VI[\r]Q[0x9d][0xd1][0xca][0x6][0x9a]Wc[0xa0]n[0x2]M3[0xa4][0x9][0xe8]FV[0xa8][\r][0xb4]-[0xf2]M[0x90]vF"[0x1d][0xd4][0x6][0x1d][0xd4][0x7][0x1f][0x2][0x81][0xd1][0x9c]q[0xcd],-V(H-*.[0xc8]L[0xce]L,[0xc9],[0x6][\r][0x1]#[0x8d][0xbb][0x80][0x92])[0xbc][0xb3][0x86][0xa7]ic[0x82][0xb4]W[0x92]6i[0xc1][0x84][0xe6]S[0xd2]&H[0x87][0x9c][0xba][0xe7][0x17][0xa5][0xa7][0x82][0xa6]D[0xa0][x[0x9d][0xb1][0xf4]:[0xfd]A[0x1b]w[0xe1][0xa7][0xf0][0xc0][0xe6]FR[0x91][0x8f][0xb8]3[0xb5][0xc4][0xb3][0xeb][0x3]i[0xac][0xdc][0x4][0xe9][0x0][0xf]Z[0x5][0x1f][0xa2]8[0xa0]u2[0xa4]u[0xa6]5A[0xda][0x1f][0x8a][0xdf]/TY[0x90]f[0x82][0xb4][0xe3][0x8c]F[0x91][0x83]t[0x9][0x1d][0xad]l@[0xac]S[0xa1][0x95][\r][0x88][0xc6]3]"[0x5][0x91][0xca][0xb0]7 [0x7][0xb4][0xd1]a[0x2][0x1a][0xe5][0x82][0x96][0xfa][0xd8][0x9d][0x87][0xab][0xd1][0x81]^[0xc8]R[0xb1][0xd1]a[0x82][0xb4]9d[0xd0]8[0xca][0x14]sX[0x8c]FC.[0xa6]X[0x6]wh8[0xbf]o[0x8a]4[0xc2][0x13][0xe0][0xac][0xe0][0xee][0xe8][0xeb][0xe9][0xe7][0x8e]Q[0x1][0x7][0x7][0xb8]z+xx[0xba]{ [0xd2][0x83]%[0xa8][0xc5]@L[0xa5]k[0x8a][0xb4][0x96]. 1'[0xd1]'[0xdf]'[0x11][0xc3][0x2][0x9c]#[0x8a]F[0x96][0x96][0xa0]E[0x15][0xc4]Y[0x84](=hl[0x11]b[0x9][0x6][0x9d]z/[0xa6][0x16][0x88][0x96]8[0x8d][0xfd][0x86]h.[0xd3][0xc9]ofH[0xa5][0x10][0xac]L[0xa6]a[0x8a]7CZ[0xd2][0x86][0xb4][0xa2][0x5]z[\n]"
19:17:14.017 [main] DEBUG org.apache.http.wire -  << "Y@fUU[0xa2]n2[0xee][0x4][0x8a][0xe5][0x86][0x1c][0xe2]N![0xa3][0xce]9H[0xb7][0xf7][0xc1][0x17][0xc4][0x4]g[0xe6]d+`?[0xe2][0xd8]3O!9?[0xaf]8[0xb5][0xb0][0xb4]4[0xaf][0xa4][0xb4][0x8][0xd4]n[0x86][0x1c][0xd1]XX[0x9a]X[0xac][0x90]YZ\[0x92][0xf][0x12]+.,MDn[0x11][0xa2].[0xd0]A/[0xec][0x91][0x9a][0x84]fX[0xee][0xed][0xa3]i[0xdc]![0xc6]>[0x90]W[0xde][0x4][0xe7][0xa7][0x95]([0x4][0xe7]'[0x16][0xe8][0x1a][0xc][0xda][0x98]C[0xba][0xd3][0xf])[0xd9][0x5][0x95]&%[0xa5][0x16])x$[0x96][0xe8]b[0xae][0xa4][0x82][0x97][0x8a][0x3][0x9c][0xe8]@%0[0xb4][0x99][0xe0][0x91][0x98][0x97][0x92][0xb][0x9a]A[0xb][0xc8][0x81],[0xe2][0x9][0xce][0xc8]O-[0xd6]5[0xa2]E[0xb0][0x83][0x8e]4[0x82]Z[0xb]9[0x1c]F[0x17]s6[0xf][0xeb][0xf9]2[0xc8][0x9][0xd4][0x18]QV[0xc3][0xcf]Y[0x82][0x9c]d[0x8a]=[0xc7]8[0xc3][0xe],[0xcd][0xcd][0xcc]+-VH[0xc9]L.IT([0xce][0xcf])-I[0x84][0xcd][0xff][0x93][0xb5]B[0xcb][0xc]i![0x1d]<[0xe7][0xc2][0x2][0x11][0xfb]Z[0x1e][0xd0][0x11][0xe1][0xa0][0x3][0xc4]A[0x8b][0xe8]R+[\n]"
19:17:14.017 [main] DEBUG org.apache.http.wire -  << "r2[0x93][0x13][0x93][0xf2]A[0xc7]1[0x91]w@[0xb9][0x19][0xd2]b:X9[0x8b];[0xda][0xd0][0xa7][0xf6][0xf0][0xcf][0xec]Q[0xb1][0xfd]g[0x86]4n[0x5]u&i[0x8b][0xd5][0xe9]6[0x12]k[0x86]t"4N[0x97]"ZL[0xf8]6[0x0]Q3[0xfc][0x90]n[0xa1]C.#[0x1d]sJAI:W[0xc1])[0x11]sS[0xa7]obz^[0xa6]B^~qI[0x11][0xe8]D[0xfa][0x14][0xd0]z[0xc4][0xd2][0x94][0xcc][0xc4][0xbc][0x94][0xc4]T[0xd0]$y[0xb1]B^bIi1[0xe4][0x90]z[0x90][0x8][0xf2]b;#b[0x9b][0x82]fHKL[0xa0][0x1]F[0xa3]V[0xb4][0x19][0xe2].:[0x0][0x0][0x0][0x0][0xff][0xff]"
19:17:14.018 [main] DEBUG org.apache.http.wire -  << "[\r][\n]"
19:17:14.019 [main] DEBUG org.apache.http.wire -  << "7EB[\r][\n]"
19:17:14.019 [main] DEBUG org.apache.http.wire -  << "R[0x1a]4[0x9d][0x8]3[0xa4][0xb5][0x2][0x83][0xc8]Q[0x88][0x96]epNjj[0xb6][0x2]<[0xa1][0x84]$&a9[0xe9][0xd9][0xb5][0xa8]([0xbf]H[0xa1]$5[0xb7] [0xbf][0x8][0x9c][0x12][0x12]![0xd7][0x14] [0x9f][0xe][0x97][0x97][0x9a]K[0xd6][0xca]Z3[0xa4]n[0xd6] [\n]"
19:17:14.019 [main] DEBUG org.apache.http.wire -  << "!D[0x93]x[0x10]9[\n]"
19:17:14.019 [main] DEBUG org.apache.http.wire -  << "1[0xb2][0xe0]RZ[0x4][0x8a])[0xf8][0xf1][0x81]8[0xd6][0x1f][0x7]g[0x96]([0x80]Z[0x82][0x99][0xa0][0xc3][0xfb][0x14]2sr@[0xc7][0xf8]A[0xd7][0xd5][0xe6][0x95][0xe6][0xe4]$*$&'[0x97][0x16]'[0xe6][0x92][0xb7][0x4][0xd9][0xc]i![0x4][0xe1][0xcc]=p[0xd5][0xb][0xd2][0xfe][0xca]A[0xed]L[0xa4][0xce]lQbrIfrb[0xe][0xf4]>[0x11]p[0x93][0xb][0xa3][0xe6]v[0xad]HN-()-[0xca][0x84]Fmb.yG[0xac][0x9b]![0xcd]d[0xd3]f[0x10][0xce][0xc]i~[0xd9][0xb5](=?/[0x1f]t[0xbc]<[0xbc][0xd8][0xf1]I[0xcc]-[0xc0][0xf0][0x9d]_jqr&h[0xf1]|j"([0xf9]"[\r][0xfe][0x13][0xdf]WA[0xea]C[0x13][0x8e]y,Mn[0xfc]M [0xe4]F[0xa7][0x5][0xa2][0xc4][0x8]*[0x5][0xaf]u[0x87][0x8e][0xd0]cos[0x6][0x96]f[0x82]{`[\n]"
19:17:14.019 [main] DEBUG org.apache.http.wire -  << "[0xb9][0xf9])[0xe0][0xdc][0x89][0xe4]=[0xa2]+Ws[0x3]D[0x89]@[[0xef][0x99][0x13]=[0xb2]M[0xe9][0xe]?s[0xa4][0xeb][0xb0]h[0xec]'[0xcc]A[0x8]s[0x8c]D[0x88][0xaf]?Ft[0xe2]0G[0x1a][0xdf][0x84][0xfa][0xc9][0x82]V6![0xca][0x90]ASq[0x99]#[0x1d][0xba][0xec]Q[0xa0][0x10][0x96]Y[0x96][0xaf][0x10]i[0x84][0xd9][0xcc]M[0xcd][0xcd][0xcc][0xc9][0xcc][0xce]T(.H-[0xce]L[0xcb][0xcc]N,[0xce]T[0xa8]L[0xcc]KWH,[0xc8][0x4][0xad][0x19][0x86].[0xa1]4[0x6][0x1d]UJl[0x3][0xd4][0x1c]i[0xec][0x87][0xd6]aO[0xaf][0x99],s,C0[0xd8][0xd3][0x13]U[0xe6][0x99][0xcc][0x7][0xe3][0x86]Hs[0xa4][0xc1][0x15][0xe7][0xfc][0xa4]D[0x85][0x94][0xd2][0x9c]R[0x8c]@[0xc8][0xcc][0xcb]T[0xc8]H[0xcc][0xab]L[0x4][0xcd]%'[0xe7]'%&[0xe6])[0x14][0xe4][0x17][0x83][0x6][0x15][0xa0][0x89][0xc9][0x94][0xf8]c[0x87][0xcd][0x91]69B[0x93][0x12][0x8d][0xfa]2[0xe6][0xc8];[0x17]A;[0xa6] [[0xf0][0xa0]3[0xe6][0xd8]k[0x14][0xe7][0xfc][0x82][0x82]T[0xd0][0x12]d[0xa8][0xc7],[\r]A}UbF[0xd1][0xcd][0x91][0x6]{[0x90]wG@w[0xfc][0xa5]V&[0xe5]'[0x16][0xa5]`[0x84]-h[0xf3][0x4][0xa2][0xab]kliiA[0xdc][0x9c][0xb2]9[0xd2][0xf8][0xc]l[0x83][0x13][0xd4]gN[0xa9]y[0xc9][0x19][0x18][0x16][0xc1]6[0x8d]!,33[0x4]-,'[0xce]o[0x88][0xbe][0xe]|[0xee][0x1c]6[0x6][0x83]}[0xe9][0x1]tO[0x1f][0xc2]6SsP[0xfb][0x88]8[0xdb][0x10]E[0x0]rG[0x1c][0xea]=[0xac][0xcd][0x1c][0xe7][0xfc][0x92][0x92]|[0xa4]C[0xed][0xcc][\r]@{[\r][0x89][0xb3][\r][0xd1][0xe6][0x80][0xf]t[0xc1][0xfc][0xe6][0x8d]+[0xda]0C[0xd3][0xd2][0x0][0xb4][0x11][0x80]8[0x1b][0x11][\r][0xe][0xb8][0x8d][0xa0]t[0xa0][0x80][0xbd][0x81][\n]"
19:17:14.019 [main] DEBUG org.apache.http.wire -  << "[0x19][0xea]D[0x84][0xa4][0x85][0x5][0xe8][0xe2]F[0xe2]lB[0xc][0xfb][0xc2][0xe3][\r][0x92] [0xb1][0xde][0xad][0x7][0x9]a$[0x9b][0xc][0x89]]!b[0x8e][0xb4]Q[0x11][0xa3][[0x85]e[0xdc][0x4][0xdd]OF&[0xa0][0x9d]cD[0xf9][0x9]i[0x98][0xb]9[0x9f][0xc1][0xa2][0xcc]9'?[0x19]T[0xcd][0xa1][0x1e]'[0x3]k$#[0xfc]fb[\n]"
19:17:14.019 [main] DEBUG org.apache.http.wire -  << "[0xba]C[0x8a]8[0x1b][0x91][0xe6][0xbe]+[0xf3]R[0x8b][0xd2]3[0xc1]MSHh[0xe1][0xda][0xb5][\n]"
19:17:14.019 [main] DEBUG org.apache.http.wire -  << "[0x9a]\@[0xd8]fj[0x0]Z[0xe0]B[0x9c]m[0x88][0xbc][0x86]4[0xde][\r]m[0x7]c[0x8d]6[0xe8][0xf1][0xf7][0x8][0xdb][0x8c][0xc0][0x97][0xd3][0x10]g[0x1b][0xf6][0xbc][0x6][0x89][0x1f][0x85][0xe0][0x8c][0xcc]"P1[0x8f][0x1a][0x98][0x10][0x8f]#[0xac]31[0x2][0xad]M"[0xce]:DfC[0xbe]"[0xb][0xea][0x3][0x5][0xec]#'[0xe8][0x85][0xb2][0x91])h})q[0xf6]![0xb2][0x1a]rb[0x81]%[0x7][0x1c][0x87][0xf7]C|[0x8f][0xec]A[0xd0][0xd6]7[0xe2],D[0xe4]8[0xc4][0x86]]PZ[0xc0]:|[0x8]s[0x7][0xc2]*3Ksbk[0x0]S[0x3][0xf8][0xa6][0x1d]d[0xbf][0xc1][0xc2][0xd2]9?[0xb7][0xa0][0xb4][0x4]\[0x99][0xa1]F[0x1f]zYijF[0xbc][0x95][0x88][0xe5][0xa7][0xd0][0xfe][0x99]gQ~[0x1e]V[0xaf]A[0xf3]#[0xc2]g[0xa6][0x96][0xa0]A*[0xa2][0x2][0x11][0x94]3[0xa1][0x13][0x18][0x90][0xa1]5p[0x0][0x12][0x97]8[0x8c]-A[0xd5]>q[0xd6] [0xf2]5[0xac][\n]"
19:17:14.020 [main] DEBUG org.apache.http.wire -  << "[0x85]$5[0x5]l[0xb][0xc2][0xc0][0xe5]&[0xc2];[0xc6]&[0xa0][0x6]9q[0xf6] [0xa6]R[0x82][0x91][0xca][0xf]p[0x91][0x8f][0xfd][0xf6][0x8][0xf4][0x4]ha[0x2][0xba]`[0x83]8[0xcb][0x10][0xc5][0x7][0xc2]S[0xa0][0xca]Q!<1[0x7][0xdb][0xbe].[0xc8][0xb6]hd[0x8f][0x11][0xdd]+0E[0xe4]fH<Ak}[0x5][0xec][0x85]0z[0xb9]ai[0xe][0x1a]S"[0xce]W[0x88]|[0x8c]T([0x82][0x13][0x1f][0xb6][0xb8][0x2][0xdf][0x1f][0x8b][0xf0][0x92][0xb9][0xa5][0xa5]1[0x91][0xcd]*[0xd0][0x9a]>h[0xd2][0xb]@[0x1b]>[0xc2][0x1e]U[0x90][0x82][0x19]a[0x97][0x91][0x11][0xd1][0x85][0x13][0xd2]vFhn[0x2][0xa7]s[0xec][0xed]7[0x8c][0xfc]ddbiH[0xa4][0xa7]@[0xed]<[0xa8][0xa7][0x90][0x1b]T[0xe0][0xe0][0xc3][0x91]*[0xb0]X[0x7][0xea][0x13][0x15]YHs[0x8][0xc8][0x5][0x13]4oy`[0xb9][0xd4][0x17][0xb3]9ea`aD[0xac][0xef][0x90][0xb2][0x17]x [0x1e][0x12]%[0xa0][0xb9]a,[0xad]`PV@[0xc4][0x96][0x89][0x1]h[0xf9][0x1f]q[0xbe]Bd,hl[0xc1]R;[0xf6]YH[0xf4]<lflbJ[0xac][0x8f][0x10][0x95]2[0xbc][0xd9][0x6][0xc9][0xa6]X[0x8b]Zh[0x89][0x8f][0xe4]+[0xf0][0x8a]Sb|eB[0xb7][0x81]"[0x13]CD[0xf8]a[0x1f]T[0x19][0xd8]%}HGBaw[0x1e]R[0xf0][0x82][0x96][0x95][0xe3][0xc]]*NI[0x9a] ][0xce]M[0x9b]!ep%[0x6]-[0x1a]h[0xdb][0x1b]7[0xc1][0x1c]B[0xa2]Q[0xbf][0xdf][0x4]i[0xad][0xf]~?Qe`[0xc7][0x4]i[0x1c][0x89]V[0x91][0x84][0xa8][0xfd][0xf0]{[0x88][0xd2]qc[0x13][0xd0]I[0xc][0xd0][0xe4]@#[0xbf] [0x8d]8[0xd1][0xd8]/t[0x1b]h2[0x1][0xb5]8[0xa1][0xa1][0x6][0xf3][0x13][\r][0x17]s[0x99] [0x8d]4[0xd1]*[0x92][0x90][0xaa][0xd4][0xfc][0xbc]J[0x85][0x80]`Z[0xe5]U[0xa4][0xd5]=[0xd8][0x8b][0xdd][0x81][0xad][0x15]@[0xa3]H[0xd0][0x98][0x1d][0x94][0xce]C[0xf4]6[0xb1];o *-[0xe4][0xa1] [0x9a][0x9c].i[0x82]4[0x4][0x4][0xcd]o[0x83]t[0xa5][0x93][0x9]h[0xf4][0x18][0x9a]~p[0xba][0x14][0x11]GtZ[0xe9]d[0x82][0xb4]@[0x10]{[0xb2][0x19][0xd8]L[0x7]j'C[0x3]- X[0x1][0xb3][0xe4]IO[0xcc]MU0U(.[0x1]o[0xdb][0x82][0x8e][0xd4][0xe3]_[0xbd][0x86]4[0xc9]lb[0x82]h][0xd3][0xa8][0xf8][0x4][0x8d]eB=0([0xc3]w0[0x96][0x1a]H[0xa3]Y8s[\n]"
19:17:14.020 [main] DEBUG org.apache.http.wire -  << "[0xbe]yd[0xfc][0xf1]O[0xcd]F9[0xd2])]8]J[0xff]<[0x8d]4f[0xe6]VZ[0x94][0x97]YRZ[0x94][0xaa][0x10][0x92][0x8f][0xb9]"[0x4]![0x9b][0x92]X[0x94][0xa9][0xe0][0x95]Z[0x90]X[0x4][0xda]X[0x2][0xcd]G[0x86][0xa0]3[0xd2]pvn[0x90][0xf3][0x11][0xd2]a\4[0xca]GH+2ie[0x3][0xa2],[0xc0][0x19][0x97][0xc4][0xa7]:c[0xb4][0x13]9[0xa9][0x9a][0xea][0x90][0xc6][0xda] M2[0xcc]:o[0x0]R[0x1d][0xa2]g[0x82]HW4MuH[0x83]fT=[0xe6][0xdf][0x4]4}[0x7]-[0xb4][0xa1]I[0x1][0xb3][0xe6][0xc1][0x97][0x14][0x88]^[0xc8]b[0x82]4>Fk[0x9b][0xe8][0xd6][0x8e]G:gk0VyH[0xa7]f[0x5][0x4][0x9b]`[0xc][0xb][0x16][0x14][0x9b]($%[0x16][0x81][0x96]>@[0x8b]A[0xd0][0xf2][0x18][0xe2]F[0xeb]L[0xcc][0x10]y`0z[0x1d]i_[0xe4][0xa0]t[0x1e][0xa1][0xb5]V[0x3][0xdb][0x16]E:[0xff][\n]"
19:17:14.020 [main] DEBUG org.apache.http.wire -  << "{[0xe8]![0xca]\[0xfa][0xb5]@[0x90][0xce][0xb2][0xa2]E[0x3][0xd9][0x1c]Q[0xd5]`[0xf7][0xf3][0x0]G[0xc9]`l[0xbe]"m[0xd6][0x85][0xef]R[0x2]O[0xf0]a[0x9d][0xb1]w[0x4]/[0x18][0x87][0xdc][0x8][0x9f]_P[0x92][0x99][0xf]=[0x96][0x99][0xac][0x1d]R[0xa6][0xa0]Y4X[0xcd][0x85]:[0xbf][0x8][0xba][0x9f][0x1e][0xfb][0xa2][0x12]W[0xf0][0x99][0xd0][0xa0]s[0xa1][0xc9][0xb4][0x93]^5[0x8b])[0xd2]U2T[0xa8]-[0xd1]O[0xfd]Aj[0xd0][0x9a]"g[0xab][0xa2][0xfc][0x94][0xd2][0xe4][0x12][0x5][0xc7][0xd2][0x9c][0xcc]D[0x5]c[0x8c][\n]"
19:17:14.020 [main] DEBUG org.apache.http.wire -  << "[0x3][0xb4]$[0xae][0x0][0xaa]&[0x11][0xae][0x6]Zw[0xe0][0xeb][0xc6][0xa3][0xd8][0x87][0xc8]g[0x1]P[0xb3]hk[0x1f][0xa2][0xa2][0xa2][0x8f]}[0x88][0x8c]J[0xf][0xfb][0xcc]@[0x13][0x94][0xd0]|[0x0][0x9f]6[0x83][0xce][0x5][0x6]'[0xe6]$[0xa6][0xe8][0xe2]9[0x91][0x13][0xcb][0xb2]u[0xba]nOF[0xd4][0x82][0xb0]DN[0xc3][0x11]d3[0xa4]y%[0xba]X[0x87]YX[0xd0][0xd4]w[0x88]tN[0xf][0xdf]![0xcd]3[0xb8][0xa7][0xe6][0xa5][0x16]e&+@[0xe6]~!;[0xab]I[[0xa4]N[0xcf]D[0x87]4[0xb8][0x8d][0xbc][0x18][0xb]Zm[0xe1]X=[0x14]X[0x9a][0xf][0xbb][0x99][0x2][0xb4][0x3]>Q!/?)[0x93][0xac]:[0xc4][0xcc][0x18]3[0x9e]0[\n]"
19:17:14.020 [main] DEBUG org.apache.http.wire -  << "Zx[0x8f]k[0xe0]6>[0x81][0x96][0xde]@[0x8b][0x15][0xc4][0x92][0x10]H a_k[0x98][0x97][0x99][0xb][0xde][0x8d][0xa2][0x90][0x9f][0x9b][0x97]Y[0xac][0x90]XZ[0x2][0xda]z[0xa3][0x90][0x9f][0x9c][0x9c][0x98][0x9a][0x9c]X[0x82][0xbc][0x5][0x94][0xf8]M8H[0xa3][0xea][0xb0]D=[0x18][0x3][0xb]ih[0x19][0xea]L[0xcc]a[\n]"
19:17:14.020 [main] DEBUG org.apache.http.wire -  << "x[0x9c]b)t[0xa9][0xdf][0x88][0x6][0x0][0x0][0x0][0xff][0xff]"
19:17:14.020 [main] DEBUG org.apache.http.wire -  << "[\r][\n]"
19:17:14.020 [main] DEBUG org.apache.http.wire -  << "6C[\r][\n]"
19:17:14.020 [main] DEBUG org.apache.http.wire -  << "J[0xc7]~[0xdd][0xaa][0x19][0xd2]][\r]8][0x8a]h[0xdc]#[0xd7][0xe9][0xe8]m[0x8]*[0xe][0xf3][0x98]![0x8d]}C]E[0xa3]Q[0x8]3[0xa4]ap[0xec][0xad]|[0x84][0xe7][0xe9][0x18])[0x88]"[0x81]V[0x17][0x1][0x99][0x81][0x6]8[0xa1][0xf9]y[0xf0]x[0x1c]iP[0x19][0xbe]&[0x1c][0xba][0xae][0x7][0xc7][0x11]%.[0xa9][0xc5][0xa9]E[0xa0][0x9d]}[0x85][0xb0]]py[0xa9][0xa0][][0xca]Rs[0xc0][0xc5]M[0x19][0x99][0xb7][0xf4][0x98]![0x8d]$[0xf][0xa2][0xf0]A"
19:17:14.020 [main] DEBUG org.apache.http.wire -  << "[\r][\n]"
19:17:14.021 [main] DEBUG org.apache.http.wire -  << "12F[\r][\n]"
19:17:14.021 [main] DEBUG org.apache.http.wire -  << "4![0x90][0xeb]*[0xc8][0x89][0x14]X[0xfb]X[0xa1]%[\n]"
19:17:14.021 [main] DEBUG org.apache.http.wire -  << "[0x90][0x0])[0xc8]/.[0xce][0xcc]--V[0xc8][0x5]o[0xd6][0x7][0xdd][0x82][0x83][0xb4]O[0x90][0xf8][0x12][0x18]ii le[0xa5]ojIb[0xe]d[0xd9][0xbe].f'[0x1]_9Gd=o[0x8e]hBC[0x8f][0xf2][0xc0]<b[0x87][0xe0]Q[0x1e]HC[0xa6][0x83]'B[0x91][0x86][[0x7][0x91][0xa3][0x10][0xcd]pz[0xf4]X[0xcc][0x91][0xd6][0xc4][0xd1][0xb6][0xb4]77[0xc4][0x98][0xe8][0xc0]Q[0xaf]PeM[0x94]9[0xd2]j:[0xfc][0x1e][0xa3][0x92]u[0x88]j[0x83].[0xd6]!r%~[0xeb](][0x8f][0x5]^ [\r][0xad][0xab][0x8][0xdb]4`Mds[0xa4][0xcb][0x8]h3Qg[0xe][0xda][0xa2][0x0][\r][0x8][0xa4][0xd3]o[0xa1][0xc5]?x[0x1d][0x0][0xea]&[0x7][0xe8][0xcd]C[0xa9][0xa5][0xb9][\n]"
19:17:14.021 [main] DEBUG org.apache.http.wire -  << ")[0xa0][0xed]:y[0xc9]%[0x99][0xc8]Gk[0x80]:m[0xc4][0xcc]r[0x9a]#[0x95][0xc0][0xf0][0x81]=[0xf0]2m[0xec][0xdb][0x11]\[0xf3]2s[0x15]JK@G{$[0x82][0xfa]GH5[\r]h[0xe][0x82](+[0x91][0xc6][0x12][0xe9][0xbf][0xd3][0x17][0xb4]K[0xf][0x1a][0xd0]H+[0xed][0xc1]>[0xc6][0xbe][0x0][0x1e][0xbe][0x9]?[0x7]|1 [0xca][0x9]8[0xc5][0xa9])[0xd0]J[0xb8]8[0x15][0xe5]"C[0x13][0xe2][0xe6]V[0xcc]A[0x8b][0xc0][0xa1][0xae][0xa1]Q[0xc2][0xb2]@l[0x2][0xa1]W`[0xc7][0xd6]r[0x1][0x0][0x0][0x0][0xff][0xff]"
19:17:14.021 [main] DEBUG org.apache.http.wire -  << "[\r][\n]"
19:17:14.021 [main] DEBUG org.apache.http.wire -  << "A[\r][\n]"
19:17:14.021 [main] DEBUG org.apache.http.wire -  << "[0x3][0x0]([\r][0x5][0x19][0xe2]W[0x2][0x0]"
19:17:14.021 [main] DEBUG org.apache.http.wire -  << "[\r][\n]"
19:17:14.021 [main] DEBUG org.apache.http.wire -  << "0[\r][\n]"
19:17:14.021 [main] DEBUG org.apache.http.wire -  << "[\r][\n]"
19:17:14.021 [main] DEBUG io.restassured.internal.RestAssuredHttpBuilder - Parsed data to instance of: class org.apache.http.conn.EofSensorInputStream
19:17:14.074 [main] DEBUG org.apache.http.impl.conn.BasicClientConnectionManager - Releasing connection org.apache.http.impl.conn.ManagedClientConnectionImpl@6d7bb5cc
19:17:14.074 [main] DEBUG org.apache.http.impl.conn.BasicClientConnectionManager - Connection can be kept alive indefinitely
19:17:14.075 [Finalizer] DEBUG org.apache.http.impl.conn.DefaultClientConnection - Connection 0.0.0.0:56812<->149.248.193.56:443 closed
19:17:14.076 [Finalizer] DEBUG org.apache.http.impl.conn.DefaultClientConnection - Connection 0.0.0.0:56811<->149.248.193.56:443 closed
19:17:14.607 [main] DEBUG net.thucydides.core.steps.StepInterceptor - STEP DONE: I send GET HTTP request product
  &amp#27;[32mWhen &amp#27;[0m&amp#27;[32mI send GET HTTP request product&amp#27;[0m        &amp#27;[90m# starter.stepdefinitions.ProductSteps.iSendGETHTTPRequestProduct()&amp#27;[0m
19:17:14.625 [main] DEBUG net.thucydides.core.steps.StepInterceptor - STARTING STEP: ProductSteps.iReceiveValidHTTPResponseCode - I receive valid HTTP response code 200
19:17:14.629 [main] DEBUG net.thucydides.core.steps.StepInterceptor - STEP DONE: I receive valid HTTP response code 200
  &amp#27;[32mThen &amp#27;[0m&amp#27;[32mI receive valid HTTP response code &amp#27;[0m&amp#27;[32m&amp#27;[1m200&amp#27;[0m &amp#27;[90m# starter.stepdefinitions.ProductSteps.iReceiveValidHTTPResponseCode(int)&amp#27;[0m
19:17:14.676 [main] DEBUG net.thucydides.core.steps.StepInterceptor - STARTING STEP: ProductSteps.iReceivedValidDataForAllProducts - I received valid data for all products
19:17:14.680 [main] DEBUG net.thucydides.core.steps.StepInterceptor - STEP DONE: I received valid data for all products
  &amp#27;[32mAnd &amp#27;[0m&amp#27;[32mI received valid data for all products&amp#27;[0m  &amp#27;[90m# starter.stepdefinitions.ProductSteps.iReceivedValidDataForAllProducts()&amp#27;[0m
19:17:14.689 [main] INFO  - 
  _____   ___   ___   _____     ___     _     ___   ___   ___   ___  
 |_   _| | __| / __| |_   _|   | _ \   /_\   / __| / __| | __| |   \ 
   | |   | _|  \__ \   | |     |  _/  / _ \  \__ \ \__ \ | _|  | |) |
   |_|   |___| |___/   |_|     |_|   /_/ \_\ |___/ |___/ |___| |___/ 

GET All Product
----------------------------------------------------------------------
]]></system-out>
  </testcase>
  <testcase name="GET Product by id" classname="Products" time="0.849">
    <system-out><![CDATA[
Scenario: GET Product by id                                              &amp#27;[90m# src/test/resources/api/Produk.feature:8&amp#27;[0m
19:17:14.739 [main] INFO io.cucumber.core.plugin.SerenityReporter - Running feature from file:///E:/RestAPi/src/test/resources/api/Produk.feature
19:17:14.739 [main] WARN io.cucumber.core.plugin.SerenityReporter - Feature from file:///E:/RestAPi/src/test/resources/api/Produk.feature is not under the 'features' directory. Requirements report will not be correctly generated!
19:17:14.743 [main] INFO  - 
  _____   ___   ___   _____     ___   _____     _     ___   _____   ___   ___  
 |_   _| | __| / __| |_   _|   / __| |_   _|   /_\   | _ \ |_   _| | __| |   \ 
   | |   | _|  \__ \   | |     \__ \   | |    / _ \  |   /   | |   | _|  | |) |
   |_|   |___| |___/   |_|     |___/   |_|   /_/ \_\ |_|_\   |_|   |___| |___/ 

GET Product by id(products;get-product-by-id)
--------------------------------------------------------------------------------
19:17:14.836 [main] DEBUG net.thucydides.core.steps.StepInterceptor - STARTING STEP: ProductSteps.iSetGETEndpointsById - I set GET endpoints by id
19:17:14.837 [main] DEBUG net.thucydides.core.steps.StepInterceptor - STEP DONE: I set GET endpoints by id
  &amp#27;[32mGiven &amp#27;[0m&amp#27;[32mI set GET endpoints by id&amp#27;[0m                                        &amp#27;[90m# starter.stepdefinitions.ProductSteps.iSetGETEndpointsById()&amp#27;[0m
19:17:14.925 [main] DEBUG net.thucydides.core.steps.StepInterceptor - STARTING STEP: ProductSteps.iSendGETHTTPRequestById - I send GET HTTP request by id
19:17:14.944 [main] DEBUG net.thucydides.core.steps.StepInterceptor - STARTING STEP: GetIdProduct.GETHTTPRequestById - I set GET endpoints by id
19:17:14.944 [main] DEBUG net.thucydides.core.steps.StepInterceptor - STEP DONE: I set GET endpoints by id
19:17:15.020 [main] DEBUG org.apache.http.impl.conn.BasicClientConnectionManager - Get connection for route {s}->https://altashop-api.fly.dev:443
19:17:15.020 [main] DEBUG org.apache.http.impl.conn.DefaultClientConnectionOperator - Connecting to altashop-api.fly.dev:443
19:17:15.129 [main] DEBUG org.apache.http.client.protocol.RequestAddCookies - CookieSpec selected: ignoreCookies
19:17:15.130 [main] DEBUG org.apache.http.client.protocol.RequestAuthCache - Auth cache not set in the context
19:17:15.130 [main] DEBUG org.apache.http.client.protocol.RequestProxyAuthentication - Proxy auth state: UNCHALLENGED
19:17:15.130 [main] DEBUG org.apache.http.impl.client.DefaultHttpClient - Attempt 1 to execute request
19:17:15.130 [main] DEBUG org.apache.http.impl.conn.DefaultClientConnection - Sending request: GET /api/products/13369 HTTP/1.1
19:17:15.130 [main] DEBUG org.apache.http.wire -  >> "GET /api/products/13369 HTTP/1.1[\r][\n]"
19:17:15.130 [main] DEBUG org.apache.http.wire -  >> "Authorization: Bearer eyJhbGciOiJIUzI1NiIsInR5cCI6IkpXVCJ9.eyJGdWxsbmFtZSI6IkdpdGEgTGVvbmkgZHdpIGZyaXAiLCJFbWFpbCI6ImdpdGFsZWUyMUBnbWFpbC5jb20ifQ.TGsRtCS1_W5fQoxLxVSMhDknX_uoRVw_0tYCGs1StVE[\r][\n]"
19:17:15.130 [main] DEBUG org.apache.http.wire -  >> "Accept: */*[\r][\n]"
19:17:15.131 [main] DEBUG org.apache.http.wire -  >> "Host: altashop-api.fly.dev[\r][\n]"
19:17:15.131 [main] DEBUG org.apache.http.wire -  >> "Connection: Keep-Alive[\r][\n]"
19:17:15.131 [main] DEBUG org.apache.http.wire -  >> "User-Agent: Apache-HttpClient/4.5.13 (Java/19.0.2)[\r][\n]"
19:17:15.131 [main] DEBUG org.apache.http.wire -  >> "Accept-Encoding: gzip,deflate[\r][\n]"
19:17:15.131 [main] DEBUG org.apache.http.wire -  >> "[\r][\n]"
19:17:15.131 [main] DEBUG org.apache.http.headers - >> GET /api/products/13369 HTTP/1.1
19:17:15.131 [main] DEBUG org.apache.http.headers - >> Authorization: Bearer eyJhbGciOiJIUzI1NiIsInR5cCI6IkpXVCJ9.eyJGdWxsbmFtZSI6IkdpdGEgTGVvbmkgZHdpIGZyaXAiLCJFbWFpbCI6ImdpdGFsZWUyMUBnbWFpbC5jb20ifQ.TGsRtCS1_W5fQoxLxVSMhDknX_uoRVw_0tYCGs1StVE
19:17:15.131 [main] DEBUG org.apache.http.headers - >> Accept: */*
19:17:15.131 [main] DEBUG org.apache.http.headers - >> Host: altashop-api.fly.dev
19:17:15.131 [main] DEBUG org.apache.http.headers - >> Connection: Keep-Alive
19:17:15.131 [main] DEBUG org.apache.http.headers - >> User-Agent: Apache-HttpClient/4.5.13 (Java/19.0.2)
19:17:15.131 [main] DEBUG org.apache.http.headers - >> Accept-Encoding: gzip,deflate
19:17:15.524 [main] DEBUG org.apache.http.wire -  << "HTTP/1.1 200 OK[\r][\n]"
19:17:15.524 [main] DEBUG org.apache.http.wire -  << "content-type: application/json[\r][\n]"
19:17:15.524 [main] DEBUG org.apache.http.wire -  << "date: Wed, 10 May 2023 12:17:17 GMT[\r][\n]"
19:17:15.524 [main] DEBUG org.apache.http.wire -  << "content-encoding: gzip[\r][\n]"
19:17:15.524 [main] DEBUG org.apache.http.wire -  << "transfer-encoding: chunked[\r][\n]"
19:17:15.524 [main] DEBUG org.apache.http.wire -  << "server: Fly/3f2597ca (2023-05-03)[\r][\n]"
19:17:15.524 [main] DEBUG org.apache.http.wire -  << "via: 1.1 fly.io[\r][\n]"
19:17:15.524 [main] DEBUG org.apache.http.wire -  << "fly-request-id: 01H02SG9P0Q5G9RSBPZCR98E4D-sin[\r][\n]"
19:17:15.524 [main] DEBUG org.apache.http.wire -  << "[\r][\n]"
19:17:15.524 [main] DEBUG org.apache.http.impl.conn.DefaultClientConnection - Receiving response: HTTP/1.1 200 OK
19:17:15.524 [main] DEBUG org.apache.http.headers - << HTTP/1.1 200 OK
19:17:15.524 [main] DEBUG org.apache.http.headers - << content-type: application/json
19:17:15.524 [main] DEBUG org.apache.http.headers - << date: Wed, 10 May 2023 12:17:17 GMT
19:17:15.524 [main] DEBUG org.apache.http.headers - << content-encoding: gzip
19:17:15.524 [main] DEBUG org.apache.http.headers - << transfer-encoding: chunked
19:17:15.524 [main] DEBUG org.apache.http.headers - << server: Fly/3f2597ca (2023-05-03)
19:17:15.525 [main] DEBUG org.apache.http.headers - << via: 1.1 fly.io
19:17:15.525 [main] DEBUG org.apache.http.headers - << fly-request-id: 01H02SG9P0Q5G9RSBPZCR98E4D-sin
19:17:15.525 [main] DEBUG org.apache.http.impl.client.DefaultHttpClient - Connection can be kept alive indefinitely
19:17:15.525 [main] DEBUG io.restassured.internal.RestAssuredHttpBuilder - Parsing response as: application/json
19:17:15.525 [main] DEBUG org.apache.http.wire -  << "86[\r][\n]"
19:17:15.525 [main] DEBUG org.apache.http.wire -  << "[0x1f][0x8b][0x8][0x0][0x0][0x0][0x0][0x0][0x4][0xff][0xab]VJI,IT[0xb2][0xaa]V[0xf2]tQ[0xb2]2466[0xb3][0xd4]Q[0xf2]K[0xcc]MU[0xb2]R*I-.[0xc9][0xcc]KW(([0xca]O)M.Q[0xd2]QrI-N.[0xca],([0xc9][0xcc][0xcf][0x3][0xc9]gd[0x16]+d[0x16]+[0x94]d[0xa4][0xc2][0xd4]([0xa4] [0xa9][0xd0]Q[\n]"
19:17:15.525 [main] DEBUG org.apache.http.wire -  << "([0xca]LNU[0xb2]2[0xd0]Q[\n]"
19:17:15.525 [main] DEBUG org.apache.http.wire -  << "J[0x4][0x19]U[0xac]de[0xac][0xa3][0xe4][0x9c]X[0x92][0x9a][0x9e]_[0x94][0x99]Z[0xac]d[0x15][0x1d][[[0xcb][0x5][0x0]-[0xb4]T0[0x85][0x0][0x0][0x0]"
19:17:15.525 [main] DEBUG org.apache.http.wire -  << "[\r][\n]"
19:17:15.526 [main] DEBUG org.apache.http.wire -  << "0[\r][\n]"
19:17:15.526 [main] DEBUG org.apache.http.wire -  << "[\r][\n]"
19:17:15.526 [main] DEBUG io.restassured.internal.RestAssuredHttpBuilder - Parsed data to instance of: class org.apache.http.conn.EofSensorInputStream
19:17:15.527 [main] DEBUG org.apache.http.impl.conn.BasicClientConnectionManager - Releasing connection org.apache.http.impl.conn.ManagedClientConnectionImpl@f08f8a9
19:17:15.528 [main] DEBUG org.apache.http.impl.conn.BasicClientConnectionManager - Connection can be kept alive indefinitely
19:17:15.529 [main] DEBUG net.thucydides.core.steps.StepInterceptor - STEP DONE: I send GET HTTP request by id
  &amp#27;[32mWhen &amp#27;[0m&amp#27;[32mI send GET HTTP request by id&amp#27;[0m                                     &amp#27;[90m# starter.stepdefinitions.ProductSteps.iSendGETHTTPRequestById()&amp#27;[0m
19:17:15.538 [main] DEBUG net.thucydides.core.steps.StepInterceptor - STARTING STEP: ProductSteps.iReceiveAValidHTTPResponseCodeForGetIdDataProducts - I receive a valid HTTP response code 200 for Get id data products
19:17:15.540 [main] DEBUG net.thucydides.core.steps.StepInterceptor - STEP DONE: I receive a valid HTTP response code 200 for Get id data products
  &amp#27;[32mThen &amp#27;[0m&amp#27;[32mI receive a valid HTTP response code &amp#27;[0m&amp#27;[32m&amp#27;[1m200&amp#27;[0m&amp#27;[32m for Get id data products&amp#27;[0m &amp#27;[90m# starter.stepdefinitions.ProductSteps.iReceiveAValidHTTPResponseCodeForGetIdDataProducts(int)&amp#27;[0m
19:17:15.547 [main] DEBUG net.thucydides.core.steps.StepInterceptor - STARTING STEP: ProductSteps.iReceiveValidDataForIdProducts - I receive valid data for id products
19:17:15.548 [main] DEBUG net.thucydides.core.steps.StepInterceptor - STEP DONE: I receive valid data for id products
  &amp#27;[32mAnd &amp#27;[0m&amp#27;[32mI receive valid data for id products&amp#27;[0m                               &amp#27;[90m# starter.stepdefinitions.ProductSteps.iReceiveValidDataForIdProducts()&amp#27;[0m
19:17:15.551 [main] INFO  - 
  _____   ___   ___   _____     ___     _     ___   ___   ___   ___  
 |_   _| | __| / __| |_   _|   | _ \   /_\   / __| / __| | __| |   \ 
   | |   | _|  \__ \   | |     |  _/  / _ \  \__ \ \__ \ | _|  | |) |
   |_|   |___| |___/   |_|     |_|   /_/ \_\ |___/ |___/ |___| |___/ 

GET Product by id
----------------------------------------------------------------------
]]></system-out>
  </testcase>
  <testcase name="Add new product" classname="Products" time="0.386">
    <system-out><![CDATA[
Scenario: Add new product                                        &amp#27;[90m# src/test/resources/api/Produk.feature:14&amp#27;[0m
19:17:15.580 [main] INFO io.cucumber.core.plugin.SerenityReporter - Running feature from file:///E:/RestAPi/src/test/resources/api/Produk.feature
19:17:15.581 [main] WARN io.cucumber.core.plugin.SerenityReporter - Feature from file:///E:/RestAPi/src/test/resources/api/Produk.feature is not under the 'features' directory. Requirements report will not be correctly generated!
19:17:15.590 [main] INFO  - 
  _____   ___   ___   _____     ___   _____     _     ___   _____   ___   ___  
 |_   _| | __| / __| |_   _|   / __| |_   _|   /_\   | _ \ |_   _| | __| |   \ 
   | |   | _|  \__ \   | |     \__ \   | |    / _ \  |   /   | |   | _|  | |) |
   |_|   |___| |___/   |_|     |___/   |_|   /_/ \_\ |_|_\   |_|   |___| |___/ 

Add new product(products;add-new-product)
--------------------------------------------------------------------------------
19:17:15.706 [main] DEBUG net.thucydides.core.steps.StepInterceptor - STARTING STEP: ProductSteps.iSetPOSTEndpointsProduct - I set POST endpoints product
19:17:15.707 [main] DEBUG net.thucydides.core.steps.StepInterceptor - STEP DONE: I set POST endpoints product
  &amp#27;[32mGiven &amp#27;[0m&amp#27;[32mI set POST endpoints product&amp#27;[0m                             &amp#27;[90m# starter.stepdefinitions.ProductSteps.iSetPOSTEndpointsProduct()&amp#27;[0m
19:17:15.716 [main] DEBUG net.thucydides.core.steps.StepInterceptor - STARTING STEP: ProductSteps.iSubmitAPOSTRequestToWithNameDescriptionPriceAndCategories - I submit a POST request product
19:17:15.721 [main] DEBUG net.thucydides.core.steps.StepInterceptor - STARTING STEP: PostProduct.POSTRequestToWithNameDescriptionPriceAndCategories - I set POST endpoints product
19:17:15.721 [main] DEBUG net.thucydides.core.steps.StepInterceptor - STEP DONE: I set POST endpoints product
19:17:15.772 [main] DEBUG org.apache.http.impl.conn.BasicClientConnectionManager - Get connection for route {s}->https://altashop-api.fly.dev:443
19:17:15.773 [main] DEBUG org.apache.http.impl.conn.DefaultClientConnectionOperator - Connecting to altashop-api.fly.dev:443
19:17:15.861 [main] DEBUG org.apache.http.client.protocol.RequestAddCookies - CookieSpec selected: ignoreCookies
19:17:15.861 [main] DEBUG org.apache.http.client.protocol.RequestAuthCache - Auth cache not set in the context
19:17:15.861 [main] DEBUG org.apache.http.client.protocol.RequestProxyAuthentication - Proxy auth state: UNCHALLENGED
19:17:15.861 [main] DEBUG org.apache.http.impl.client.DefaultHttpClient - Attempt 1 to execute request
19:17:15.861 [main] DEBUG org.apache.http.impl.conn.DefaultClientConnection - Sending request: POST /api/products HTTP/1.1
19:17:15.861 [main] DEBUG org.apache.http.wire -  >> "POST /api/products HTTP/1.1[\r][\n]"
19:17:15.861 [main] DEBUG org.apache.http.wire -  >> "Authorization: Bearer eyJhbGciOiJIUzI1NiIsInR5cCI6IkpXVCJ9.eyJGdWxsbmFtZSI6IkdpdGEgTGVvbmkgZHdpIGZyaXAiLCJFbWFpbCI6ImdpdGFsZWUyMUBnbWFpbC5jb20ifQ.TGsRtCS1_W5fQoxLxVSMhDknX_uoRVw_0tYCGs1StVE[\r][\n]"
19:17:15.861 [main] DEBUG org.apache.http.wire -  >> "Accept: */*[\r][\n]"
19:17:15.861 [main] DEBUG org.apache.http.wire -  >> "Content-Type: application/json[\r][\n]"
19:17:15.861 [main] DEBUG org.apache.http.wire -  >> "Content-Length: 105[\r][\n]"
19:17:15.861 [main] DEBUG org.apache.http.wire -  >> "Host: altashop-api.fly.dev[\r][\n]"
19:17:15.861 [main] DEBUG org.apache.http.wire -  >> "Connection: Keep-Alive[\r][\n]"
19:17:15.861 [main] DEBUG org.apache.http.wire -  >> "User-Agent: Apache-HttpClient/4.5.13 (Java/19.0.2)[\r][\n]"
19:17:15.861 [main] DEBUG org.apache.http.wire -  >> "Accept-Encoding: gzip,deflate[\r][\n]"
19:17:15.861 [main] DEBUG org.apache.http.wire -  >> "[\r][\n]"
19:17:15.861 [main] DEBUG org.apache.http.headers - >> POST /api/products HTTP/1.1
19:17:15.861 [main] DEBUG org.apache.http.headers - >> Authorization: Bearer eyJhbGciOiJIUzI1NiIsInR5cCI6IkpXVCJ9.eyJGdWxsbmFtZSI6IkdpdGEgTGVvbmkgZHdpIGZyaXAiLCJFbWFpbCI6ImdpdGFsZWUyMUBnbWFpbC5jb20ifQ.TGsRtCS1_W5fQoxLxVSMhDknX_uoRVw_0tYCGs1StVE
19:17:15.861 [main] DEBUG org.apache.http.headers - >> Accept: */*
19:17:15.861 [main] DEBUG org.apache.http.headers - >> Content-Type: application/json
19:17:15.861 [main] DEBUG org.apache.http.headers - >> Content-Length: 105
19:17:15.861 [main] DEBUG org.apache.http.headers - >> Host: altashop-api.fly.dev
19:17:15.861 [main] DEBUG org.apache.http.headers - >> Connection: Keep-Alive
19:17:15.861 [main] DEBUG org.apache.http.headers - >> User-Agent: Apache-HttpClient/4.5.13 (Java/19.0.2)
19:17:15.861 [main] DEBUG org.apache.http.headers - >> Accept-Encoding: gzip,deflate
19:17:15.861 [main] DEBUG org.apache.http.wire -  >> "{"price":100,"name":"kipas angin","description":"mengeluarkan angin sangat kencang","categories":[12541]}"
19:17:15.913 [main] DEBUG org.apache.http.wire -  << "HTTP/1.1 200 OK[\r][\n]"
19:17:15.913 [main] DEBUG org.apache.http.wire -  << "content-type: application/json[\r][\n]"
19:17:15.913 [main] DEBUG org.apache.http.wire -  << "date: Wed, 10 May 2023 12:17:17 GMT[\r][\n]"
19:17:15.913 [main] DEBUG org.apache.http.wire -  << "content-encoding: gzip[\r][\n]"
19:17:15.913 [main] DEBUG org.apache.http.wire -  << "transfer-encoding: chunked[\r][\n]"
19:17:15.914 [main] DEBUG org.apache.http.wire -  << "server: Fly/3f2597ca (2023-05-03)[\r][\n]"
19:17:15.914 [main] DEBUG org.apache.http.wire -  << "via: 1.1 fly.io[\r][\n]"
19:17:15.914 [main] DEBUG org.apache.http.wire -  << "fly-request-id: 01H02SGA1T4113K3HYJGJXHW0G-sin[\r][\n]"
19:17:15.914 [main] DEBUG org.apache.http.wire -  << "[\r][\n]"
19:17:15.914 [main] DEBUG org.apache.http.impl.conn.DefaultClientConnection - Receiving response: HTTP/1.1 200 OK
19:17:15.914 [main] DEBUG org.apache.http.headers - << HTTP/1.1 200 OK
19:17:15.914 [main] DEBUG org.apache.http.headers - << content-type: application/json
19:17:15.914 [main] DEBUG org.apache.http.headers - << date: Wed, 10 May 2023 12:17:17 GMT
19:17:15.914 [main] DEBUG org.apache.http.headers - << content-encoding: gzip
19:17:15.914 [main] DEBUG org.apache.http.headers - << transfer-encoding: chunked
19:17:15.914 [main] DEBUG org.apache.http.headers - << server: Fly/3f2597ca (2023-05-03)
19:17:15.914 [main] DEBUG org.apache.http.headers - << via: 1.1 fly.io
19:17:15.914 [main] DEBUG org.apache.http.headers - << fly-request-id: 01H02SGA1T4113K3HYJGJXHW0G-sin
19:17:15.914 [main] DEBUG org.apache.http.impl.client.DefaultHttpClient - Connection can be kept alive indefinitely
19:17:15.914 [main] DEBUG io.restassured.internal.RestAssuredHttpBuilder - Parsing response as: application/json
19:17:15.914 [main] DEBUG org.apache.http.wire -  << "B7[\r][\n]"
19:17:15.914 [main] DEBUG org.apache.http.wire -  << "[0x1f][0x8b][0x8][0x0][0x0][0x0][0x0][0x0][0x4][0xff][0xab]VJI,IT[0xb2][0xaa]V[0xf2]tQ[0xb2]24[0xb1]41[0xd0]Q[0xf2]K[0xcc]MU[0xb2]R[0xca][0xce],H,VH[0xcc]K[0xcf][0xcc]S[0xd2]QrI-N.[0xca],([0xc9][0xcc][0xcf]S[0xb2]R[0xca]M[0xcd]KO[0xcd])M,[0xca]N[0xcc][0x83](Q(N[0xcc]KO,Q[0xc8]N[0xcd]KN[0xcc]KW[0xd2]Q[\n]"
19:17:15.914 [main] DEBUG org.apache.http.wire -  << "([0xca]LNU[0xb2]240[0xd0]Q[\n]"
19:17:15.914 [main] DEBUG org.apache.http.wire -  << "J,[0xc9][0xcc]K/V[0xb2]2[0xd0]QrN,IM[0xcf]/[0xca]L-V[0xb2][0x8a][0x86]Zldjb[0x8][0xb7][0xd8]=17[0x13]l[0x2][0xaa][0x9d]n[0xf9]E[\n]"
19:17:15.914 [main] DEBUG org.apache.http.wire -  << "[0xe9]`)[0x85][0x82][0xd2][0xa2][0x82][0xfc][0xe2][0xd4]b[0xa5][0xda][0xd8][0xda]Z.[0x0][0x1a][0xbc][0xbb][0x82][0xc5][0x0][0x0][0x0]"
19:17:15.914 [main] DEBUG org.apache.http.wire -  << "[\r][\n]"
19:17:15.915 [main] DEBUG org.apache.http.wire -  << "0[\r][\n]"
19:17:15.916 [main] DEBUG org.apache.http.wire -  << "[\r][\n]"
19:17:15.916 [main] DEBUG io.restassured.internal.RestAssuredHttpBuilder - Parsed data to instance of: class org.apache.http.conn.EofSensorInputStream
19:17:15.919 [main] DEBUG org.apache.http.impl.conn.BasicClientConnectionManager - Releasing connection org.apache.http.impl.conn.ManagedClientConnectionImpl@39685204
19:17:15.919 [main] DEBUG org.apache.http.impl.conn.BasicClientConnectionManager - Connection can be kept alive indefinitely
19:17:15.920 [main] DEBUG net.thucydides.core.steps.StepInterceptor - STEP DONE: I submit a POST request product
  &amp#27;[32mWhen &amp#27;[0m&amp#27;[32mI submit a POST request product&amp#27;[0m                           &amp#27;[90m# starter.stepdefinitions.ProductSteps.iSubmitAPOSTRequestToWithNameDescriptionPriceAndCategories()&amp#27;[0m
19:17:15.926 [main] DEBUG net.thucydides.core.steps.StepInterceptor - STARTING STEP: ProductSteps.iReceiveAValidHTTPResponseCodeInProductsPOST - I receive a valid HTTP response code 200 in products POST
19:17:15.928 [main] DEBUG net.thucydides.core.steps.StepInterceptor - STEP DONE: I receive a valid HTTP response code 200 in products POST
  &amp#27;[32mThen &amp#27;[0m&amp#27;[32mI receive a valid HTTP response code &amp#27;[0m&amp#27;[32m&amp#27;[1m200&amp#27;[0m&amp#27;[32m in products POST&amp#27;[0m &amp#27;[90m# starter.stepdefinitions.ProductSteps.iReceiveAValidHTTPResponseCodeInProductsPOST(int)&amp#27;[0m
19:17:15.934 [main] DEBUG net.thucydides.core.steps.StepInterceptor - STARTING STEP: ProductSteps.iReceiveValidDataForNewProduct - I receive valid data for new product
19:17:15.935 [main] DEBUG net.thucydides.core.steps.StepInterceptor - STEP DONE: I receive valid data for new product
  &amp#27;[32mAnd &amp#27;[0m&amp#27;[32mI receive valid data for new product&amp#27;[0m                       &amp#27;[90m# starter.stepdefinitions.ProductSteps.iReceiveValidDataForNewProduct()&amp#27;[0m
19:17:15.939 [main] INFO  - 
  _____   ___   ___   _____     ___     _     ___   ___   ___   ___  
 |_   _| | __| / __| |_   _|   | _ \   /_\   / __| / __| | __| |   \ 
   | |   | _|  \__ \   | |     |  _/  / _ \  \__ \ \__ \ | _|  | |) |
   |_|   |___| |___/   |_|     |_|   /_/ \_\ |___/ |___/ |___| |___/ 

Add new product
----------------------------------------------------------------------
]]></system-out>
  </testcase>
  <testcase name="DELETE Product" classname="Products" time="0.399">
    <system-out><![CDATA[
Scenario: DELETE Product                                           &amp#27;[90m# src/test/resources/api/Produk.feature:20&amp#27;[0m
19:17:15.960 [main] INFO io.cucumber.core.plugin.SerenityReporter - Running feature from file:///E:/RestAPi/src/test/resources/api/Produk.feature
19:17:15.960 [main] WARN io.cucumber.core.plugin.SerenityReporter - Feature from file:///E:/RestAPi/src/test/resources/api/Produk.feature is not under the 'features' directory. Requirements report will not be correctly generated!
19:17:15.964 [main] INFO  - 
  _____   ___   ___   _____     ___   _____     _     ___   _____   ___   ___  
 |_   _| | __| / __| |_   _|   / __| |_   _|   /_\   | _ \ |_   _| | __| |   \ 
   | |   | _|  \__ \   | |     \__ \   | |    / _ \  |   /   | |   | _|  | |) |
   |_|   |___| |___/   |_|     |___/   |_|   /_/ \_\ |_|_\   |_|   |___| |___/ 

DELETE Product(products;delete-product)
--------------------------------------------------------------------------------
19:17:16.087 [main] DEBUG net.thucydides.core.steps.StepInterceptor - STARTING STEP: ProductSteps.iSetDELETEEndpoints - I set DELETE endpoints
19:17:16.091 [main] DEBUG net.thucydides.core.steps.StepInterceptor - STEP DONE: I set DELETE endpoints
  &amp#27;[32mGiven &amp#27;[0m&amp#27;[32mI set DELETE endpoints&amp#27;[0m                                     &amp#27;[90m# starter.stepdefinitions.ProductSteps.iSetDELETEEndpoints()&amp#27;[0m
19:17:16.103 [main] DEBUG net.thucydides.core.steps.StepInterceptor - STARTING STEP: ProductSteps.iSendDELETEHTTPRequest - I send DELETE HTTP request
19:17:16.106 [main] DEBUG net.thucydides.core.steps.StepInterceptor - STARTING STEP: DeleteProduct.DELETEHTTPRequest - I set DELETE endpoints
19:17:16.106 [main] DEBUG net.thucydides.core.steps.StepInterceptor - STEP DONE: I set DELETE endpoints
19:17:16.195 [main] DEBUG org.apache.http.impl.conn.BasicClientConnectionManager - Get connection for route {s}->https://altashop-api.fly.dev:443
19:17:16.195 [main] DEBUG org.apache.http.impl.conn.DefaultClientConnectionOperator - Connecting to altashop-api.fly.dev:443
19:17:16.283 [main] DEBUG org.apache.http.client.protocol.RequestAddCookies - CookieSpec selected: ignoreCookies
19:17:16.283 [main] DEBUG org.apache.http.client.protocol.RequestAuthCache - Auth cache not set in the context
19:17:16.283 [main] DEBUG org.apache.http.client.protocol.RequestTargetAuthentication - Target auth state: UNCHALLENGED
19:17:16.283 [main] DEBUG org.apache.http.client.protocol.RequestProxyAuthentication - Proxy auth state: UNCHALLENGED
19:17:16.283 [main] DEBUG org.apache.http.impl.client.DefaultHttpClient - Attempt 1 to execute request
19:17:16.283 [main] DEBUG org.apache.http.impl.conn.DefaultClientConnection - Sending request: DELETE /api/products/11365 HTTP/1.1
19:17:16.283 [main] DEBUG org.apache.http.wire -  >> "DELETE /api/products/11365 HTTP/1.1[\r][\n]"
19:17:16.283 [main] DEBUG org.apache.http.wire -  >> "Accept: */*[\r][\n]"
19:17:16.283 [main] DEBUG org.apache.http.wire -  >> "Host: altashop-api.fly.dev[\r][\n]"
19:17:16.283 [main] DEBUG org.apache.http.wire -  >> "Connection: Keep-Alive[\r][\n]"
19:17:16.283 [main] DEBUG org.apache.http.wire -  >> "User-Agent: Apache-HttpClient/4.5.13 (Java/19.0.2)[\r][\n]"
19:17:16.283 [main] DEBUG org.apache.http.wire -  >> "Accept-Encoding: gzip,deflate[\r][\n]"
19:17:16.283 [main] DEBUG org.apache.http.wire -  >> "[\r][\n]"
19:17:16.283 [main] DEBUG org.apache.http.headers - >> DELETE /api/products/11365 HTTP/1.1
19:17:16.283 [main] DEBUG org.apache.http.headers - >> Accept: */*
19:17:16.284 [main] DEBUG org.apache.http.headers - >> Host: altashop-api.fly.dev
19:17:16.284 [main] DEBUG org.apache.http.headers - >> Connection: Keep-Alive
19:17:16.284 [main] DEBUG org.apache.http.headers - >> User-Agent: Apache-HttpClient/4.5.13 (Java/19.0.2)
19:17:16.284 [main] DEBUG org.apache.http.headers - >> Accept-Encoding: gzip,deflate
19:17:16.322 [main] DEBUG org.apache.http.wire -  << "HTTP/1.1 200 OK[\r][\n]"
19:17:16.322 [main] DEBUG org.apache.http.wire -  << "content-type: application/json[\r][\n]"
19:17:16.322 [main] DEBUG org.apache.http.wire -  << "date: Wed, 10 May 2023 12:17:18 GMT[\r][\n]"
19:17:16.322 [main] DEBUG org.apache.http.wire -  << "content-encoding: gzip[\r][\n]"
19:17:16.322 [main] DEBUG org.apache.http.wire -  << "transfer-encoding: chunked[\r][\n]"
19:17:16.322 [main] DEBUG org.apache.http.wire -  << "server: Fly/3f2597ca (2023-05-03)[\r][\n]"
19:17:16.322 [main] DEBUG org.apache.http.wire -  << "via: 1.1 fly.io[\r][\n]"
19:17:16.322 [main] DEBUG org.apache.http.wire -  << "fly-request-id: 01H02SGAF2ZRCXA59X83ZFD3RK-sin[\r][\n]"
19:17:16.322 [main] DEBUG org.apache.http.wire -  << "[\r][\n]"
19:17:16.322 [main] DEBUG org.apache.http.impl.conn.DefaultClientConnection - Receiving response: HTTP/1.1 200 OK
19:17:16.322 [main] DEBUG org.apache.http.headers - << HTTP/1.1 200 OK
19:17:16.322 [main] DEBUG org.apache.http.headers - << content-type: application/json
19:17:16.322 [main] DEBUG org.apache.http.headers - << date: Wed, 10 May 2023 12:17:18 GMT
19:17:16.322 [main] DEBUG org.apache.http.headers - << content-encoding: gzip
19:17:16.322 [main] DEBUG org.apache.http.headers - << transfer-encoding: chunked
19:17:16.322 [main] DEBUG org.apache.http.headers - << server: Fly/3f2597ca (2023-05-03)
19:17:16.322 [main] DEBUG org.apache.http.headers - << via: 1.1 fly.io
19:17:16.322 [main] DEBUG org.apache.http.headers - << fly-request-id: 01H02SGAF2ZRCXA59X83ZFD3RK-sin
19:17:16.323 [main] DEBUG org.apache.http.impl.client.DefaultHttpClient - Connection can be kept alive indefinitely
19:17:16.323 [main] DEBUG io.restassured.internal.RestAssuredHttpBuilder - Parsing response as: application/json
19:17:16.323 [main] DEBUG org.apache.http.wire -  << "22[\r][\n]"
19:17:16.323 [main] DEBUG org.apache.http.wire -  << "[0x1f][0x8b][0x8][0x0][0x0][0x0][0x0][0x0][0x4][0xff][0xab]VJI,IT[0xb2][0xca]+[0xcd][0xc9][0xa9][0xe5][0x2][0x0][0xa3][0xab][0x8f]W[0xe][0x0][0x0][0x0]"
19:17:16.323 [main] DEBUG org.apache.http.wire -  << "[\r][\n]"
19:17:16.324 [main] DEBUG org.apache.http.wire -  << "0[\r][\n]"
19:17:16.324 [main] DEBUG org.apache.http.wire -  << "[\r][\n]"
19:17:16.324 [main] DEBUG io.restassured.internal.RestAssuredHttpBuilder - Parsed data to instance of: class org.apache.http.conn.EofSensorInputStream
19:17:16.325 [main] DEBUG org.apache.http.impl.conn.BasicClientConnectionManager - Releasing connection org.apache.http.impl.conn.ManagedClientConnectionImpl@780a91d0
19:17:16.325 [main] DEBUG org.apache.http.impl.conn.BasicClientConnectionManager - Connection can be kept alive indefinitely
19:17:16.326 [main] DEBUG net.thucydides.core.steps.StepInterceptor - STEP DONE: I send DELETE HTTP request
  &amp#27;[32mWhen &amp#27;[0m&amp#27;[32mI send DELETE HTTP request&amp#27;[0m                                  &amp#27;[90m# starter.stepdefinitions.ProductSteps.iSendDELETEHTTPRequest()&amp#27;[0m
19:17:16.334 [main] DEBUG net.thucydides.core.steps.StepInterceptor - STARTING STEP: ProductSteps.iReceiveAValidHTTPResponseCodeInProductsDELETE - I receive a valid HTTP response code 200 in products DELETE
19:17:16.335 [main] DEBUG net.thucydides.core.steps.StepInterceptor - STEP DONE: I receive a valid HTTP response code 200 in products DELETE
  &amp#27;[32mThen &amp#27;[0m&amp#27;[32mI receive a valid HTTP response code &amp#27;[0m&amp#27;[32m&amp#27;[1m200&amp#27;[0m&amp#27;[32m in products DELETE&amp#27;[0m &amp#27;[90m# starter.stepdefinitions.ProductSteps.iReceiveAValidHTTPResponseCodeInProductsDELETE(int)&amp#27;[0m
19:17:16.339 [main] INFO  - 
  _____   ___   ___   _____     ___     _     ___   ___   ___   ___  
 |_   _| | __| / __| |_   _|   | _ \   /_\   / __| / __| | __| |   \ 
   | |   | _|  \__ \   | |     |  _/  / _ \  \__ \ \__ \ | _|  | |) |
   |_|   |___| |___/   |_|     |_|   /_/ \_\ |___/ |___/ |___| |___/ 

DELETE Product
----------------------------------------------------------------------
]]></system-out>
  </testcase>
  <testcase name="GET products rating" classname="Products" time="0.404">
    <system-out><![CDATA[
Scenario: GET products rating                                              &amp#27;[90m# src/test/resources/api/Produk.feature:25&amp#27;[0m
19:17:16.360 [main] INFO io.cucumber.core.plugin.SerenityReporter - Running feature from file:///E:/RestAPi/src/test/resources/api/Produk.feature
19:17:16.360 [main] WARN io.cucumber.core.plugin.SerenityReporter - Feature from file:///E:/RestAPi/src/test/resources/api/Produk.feature is not under the 'features' directory. Requirements report will not be correctly generated!
19:17:16.367 [main] INFO  - 
  _____   ___   ___   _____     ___   _____     _     ___   _____   ___   ___  
 |_   _| | __| / __| |_   _|   / __| |_   _|   /_\   | _ \ |_   _| | __| |   \ 
   | |   | _|  \__ \   | |     \__ \   | |    / _ \  |   /   | |   | _|  | |) |
   |_|   |___| |___/   |_|     |___/   |_|   /_/ \_\ |_|_\   |_|   |___| |___/ 

GET products rating(products;get-products-rating)
--------------------------------------------------------------------------------
19:17:16.450 [main] DEBUG net.thucydides.core.steps.StepInterceptor - STARTING STEP: ProductSteps.iSetGETEndpointsByRating - I set GET endpoints by rating
19:17:16.450 [main] DEBUG net.thucydides.core.steps.StepInterceptor - STEP DONE: I set GET endpoints by rating
  &amp#27;[32mGiven &amp#27;[0m&amp#27;[32mI set GET endpoints by rating&amp#27;[0m                                      &amp#27;[90m# starter.stepdefinitions.ProductSteps.iSetGETEndpointsByRating()&amp#27;[0m
19:17:16.463 [main] DEBUG net.thucydides.core.steps.StepInterceptor - STARTING STEP: ProductSteps.iSendGETHTTPRequestByRating - I send GET HTTP request by rating
19:17:16.467 [main] DEBUG net.thucydides.core.steps.StepInterceptor - STARTING STEP: GetProductRating.GETHTTPRequestByRating - I set GET endpoints by rating
19:17:16.469 [main] DEBUG net.thucydides.core.steps.StepInterceptor - STEP DONE: I set GET endpoints by rating
19:17:16.546 [main] DEBUG org.apache.http.impl.conn.BasicClientConnectionManager - Get connection for route {s}->https://altashop-api.fly.dev:443
19:17:16.546 [main] DEBUG org.apache.http.impl.conn.DefaultClientConnectionOperator - Connecting to altashop-api.fly.dev:443
19:17:16.677 [main] DEBUG org.apache.http.client.protocol.RequestAddCookies - CookieSpec selected: ignoreCookies
19:17:16.677 [main] DEBUG org.apache.http.client.protocol.RequestAuthCache - Auth cache not set in the context
19:17:16.677 [main] DEBUG org.apache.http.client.protocol.RequestTargetAuthentication - Target auth state: UNCHALLENGED
19:17:16.677 [main] DEBUG org.apache.http.client.protocol.RequestProxyAuthentication - Proxy auth state: UNCHALLENGED
19:17:16.677 [main] DEBUG org.apache.http.impl.client.DefaultHttpClient - Attempt 1 to execute request
19:17:16.677 [main] DEBUG org.apache.http.impl.conn.DefaultClientConnection - Sending request: GET /api/products/2/ratings HTTP/1.1
19:17:16.677 [main] DEBUG org.apache.http.wire -  >> "GET /api/products/2/ratings HTTP/1.1[\r][\n]"
19:17:16.677 [main] DEBUG org.apache.http.wire -  >> "Accept: */*[\r][\n]"
19:17:16.677 [main] DEBUG org.apache.http.wire -  >> "Host: altashop-api.fly.dev[\r][\n]"
19:17:16.677 [main] DEBUG org.apache.http.wire -  >> "Connection: Keep-Alive[\r][\n]"
19:17:16.677 [main] DEBUG org.apache.http.wire -  >> "User-Agent: Apache-HttpClient/4.5.13 (Java/19.0.2)[\r][\n]"
19:17:16.677 [main] DEBUG org.apache.http.wire -  >> "Accept-Encoding: gzip,deflate[\r][\n]"
19:17:16.677 [main] DEBUG org.apache.http.wire -  >> "[\r][\n]"
19:17:16.677 [main] DEBUG org.apache.http.headers - >> GET /api/products/2/ratings HTTP/1.1
19:17:16.677 [main] DEBUG org.apache.http.headers - >> Accept: */*
19:17:16.677 [main] DEBUG org.apache.http.headers - >> Host: altashop-api.fly.dev
19:17:16.677 [main] DEBUG org.apache.http.headers - >> Connection: Keep-Alive
19:17:16.677 [main] DEBUG org.apache.http.headers - >> User-Agent: Apache-HttpClient/4.5.13 (Java/19.0.2)
19:17:16.677 [main] DEBUG org.apache.http.headers - >> Accept-Encoding: gzip,deflate
19:17:16.721 [main] DEBUG org.apache.http.wire -  << "HTTP/1.1 200 OK[\r][\n]"
19:17:16.721 [main] DEBUG org.apache.http.wire -  << "content-type: application/json[\r][\n]"
19:17:16.721 [main] DEBUG org.apache.http.wire -  << "date: Wed, 10 May 2023 12:17:18 GMT[\r][\n]"
19:17:16.721 [main] DEBUG org.apache.http.wire -  << "content-encoding: gzip[\r][\n]"
19:17:16.721 [main] DEBUG org.apache.http.wire -  << "transfer-encoding: chunked[\r][\n]"
19:17:16.721 [main] DEBUG org.apache.http.wire -  << "server: Fly/3f2597ca (2023-05-03)[\r][\n]"
19:17:16.721 [main] DEBUG org.apache.http.wire -  << "via: 1.1 fly.io[\r][\n]"
19:17:16.721 [main] DEBUG org.apache.http.wire -  << "fly-request-id: 01H02SGAVK0F1EGPY451QMG6Y5-sin[\r][\n]"
19:17:16.721 [main] DEBUG org.apache.http.wire -  << "[\r][\n]"
19:17:16.721 [main] DEBUG org.apache.http.impl.conn.DefaultClientConnection - Receiving response: HTTP/1.1 200 OK
19:17:16.721 [main] DEBUG org.apache.http.headers - << HTTP/1.1 200 OK
19:17:16.721 [main] DEBUG org.apache.http.headers - << content-type: application/json
19:17:16.721 [main] DEBUG org.apache.http.headers - << date: Wed, 10 May 2023 12:17:18 GMT
19:17:16.721 [main] DEBUG org.apache.http.headers - << content-encoding: gzip
19:17:16.721 [main] DEBUG org.apache.http.headers - << transfer-encoding: chunked
19:17:16.721 [main] DEBUG org.apache.http.headers - << server: Fly/3f2597ca (2023-05-03)
19:17:16.721 [main] DEBUG org.apache.http.headers - << via: 1.1 fly.io
19:17:16.721 [main] DEBUG org.apache.http.headers - << fly-request-id: 01H02SGAVK0F1EGPY451QMG6Y5-sin
19:17:16.721 [main] DEBUG org.apache.http.impl.client.DefaultHttpClient - Connection can be kept alive indefinitely
19:17:16.722 [main] DEBUG io.restassured.internal.RestAssuredHttpBuilder - Parsing response as: application/json
19:17:16.722 [main] DEBUG org.apache.http.wire -  << "1F[\r][\n]"
19:17:16.722 [main] DEBUG org.apache.http.wire -  << "[0x1f][0x8b][0x8][0x0][0x0][0x0][0x0][0x0][0x4][0xff][0xab]VJI,IT[0xb2]2[0xae][0xe5][0x2][0x0]1>[0x93]C[0xb][0x0][0x0][0x0]"
19:17:16.722 [main] DEBUG org.apache.http.wire -  << "[\r][\n]"
19:17:16.722 [main] DEBUG org.apache.http.wire -  << "0[\r][\n]"
19:17:16.722 [main] DEBUG org.apache.http.wire -  << "[\r][\n]"
19:17:16.722 [main] DEBUG io.restassured.internal.RestAssuredHttpBuilder - Parsed data to instance of: class org.apache.http.conn.EofSensorInputStream
19:17:16.724 [main] DEBUG org.apache.http.impl.conn.BasicClientConnectionManager - Releasing connection org.apache.http.impl.conn.ManagedClientConnectionImpl@47772462
19:17:16.724 [main] DEBUG org.apache.http.impl.conn.BasicClientConnectionManager - Connection can be kept alive indefinitely
19:17:16.725 [main] DEBUG net.thucydides.core.steps.StepInterceptor - STEP DONE: I send GET HTTP request by rating
  &amp#27;[32mWhen &amp#27;[0m&amp#27;[32mI send GET HTTP request by rating&amp#27;[0m                                   &amp#27;[90m# starter.stepdefinitions.ProductSteps.iSendGETHTTPRequestByRating()&amp#27;[0m
19:17:16.731 [main] DEBUG net.thucydides.core.steps.StepInterceptor - STARTING STEP: ProductSteps.iReceiveValidHTTPResponseCodeForGetRatingDataProducts - I receive valid HTTP response code 200 for Get rating data products
19:17:16.732 [main] DEBUG net.thucydides.core.steps.StepInterceptor - STEP DONE: I receive valid HTTP response code 200 for Get rating data products
  &amp#27;[32mThen &amp#27;[0m&amp#27;[32mI receive valid HTTP response code &amp#27;[0m&amp#27;[32m&amp#27;[1m200&amp#27;[0m&amp#27;[32m for Get rating data products&amp#27;[0m &amp#27;[90m# starter.stepdefinitions.ProductSteps.iReceiveValidHTTPResponseCodeForGetRatingDataProducts(int)&amp#27;[0m
19:17:16.739 [main] DEBUG net.thucydides.core.steps.StepInterceptor - STARTING STEP: ProductSteps.iReceiveValidDataForRatingProducts - I receive valid data for rating products
19:17:16.740 [main] DEBUG net.thucydides.core.steps.StepInterceptor - STEP DONE: I receive valid data for rating products
  &amp#27;[32mAnd &amp#27;[0m&amp#27;[32mI receive valid data for rating products&amp#27;[0m                             &amp#27;[90m# starter.stepdefinitions.ProductSteps.iReceiveValidDataForRatingProducts()&amp#27;[0m
19:17:16.745 [main] INFO  - 
  _____   ___   ___   _____     ___     _     ___   ___   ___   ___  
 |_   _| | __| / __| |_   _|   | _ \   /_\   / __| / __| | __| |   \ 
   | |   | _|  \__ \   | |     |  _/  / _ \  \__ \ \__ \ | _|  | |) |
   |_|   |___| |___/   |_|     |_|   /_/ \_\ |___/ |___/ |___| |___/ 

GET products rating
----------------------------------------------------------------------
]]></system-out>
  </testcase>
  <testcase name="POST As admin I have be able to create new products rating" classname="Products" time="0.521">
    <system-out><![CDATA[
Scenario: POST As admin I have be able to create new products rating  &amp#27;[90m# src/test/resources/api/Produk.feature:31&amp#27;[0m
19:17:16.765 [main] INFO io.cucumber.core.plugin.SerenityReporter - Running feature from file:///E:/RestAPi/src/test/resources/api/Produk.feature
19:17:16.765 [main] WARN io.cucumber.core.plugin.SerenityReporter - Feature from file:///E:/RestAPi/src/test/resources/api/Produk.feature is not under the 'features' directory. Requirements report will not be correctly generated!
19:17:16.769 [main] INFO  - 
  _____   ___   ___   _____     ___   _____     _     ___   _____   ___   ___  
 |_   _| | __| / __| |_   _|   / __| |_   _|   /_\   | _ \ |_   _| | __| |   \ 
   | |   | _|  \__ \   | |     \__ \   | |    / _ \  |   /   | |   | _|  | |) |
   |_|   |___| |___/   |_|     |___/   |_|   /_/ \_\ |_|_\   |_|   |___| |___/ 

POST As admin I have be able to create new products rating(products;post-as-admin-i-have-be-able-to-create-new-products-rating)
--------------------------------------------------------------------------------
19:17:16.840 [main] DEBUG net.thucydides.core.steps.StepInterceptor - STARTING STEP: ProductSteps.iSetPOSTEndpointsByRating - I set POST endpoints by rating
19:17:16.840 [main] DEBUG net.thucydides.core.steps.StepInterceptor - STEP DONE: I set POST endpoints by rating
  &amp#27;[32mGiven &amp#27;[0m&amp#27;[32mI set POST endpoints by rating&amp#27;[0m                                &amp#27;[90m# starter.stepdefinitions.ProductSteps.iSetPOSTEndpointsByRating()&amp#27;[0m
19:17:16.855 [main] DEBUG net.thucydides.core.steps.StepInterceptor - STARTING STEP: ProductSteps.iSendPOSTHTTPRequestByRating - I send POST HTTP request by rating
19:17:16.863 [main] DEBUG net.thucydides.core.steps.StepInterceptor - STARTING STEP: PostRating.POSTHTTPRequestByRating - I set POST endpoints by rating
19:17:16.863 [main] DEBUG net.thucydides.core.steps.StepInterceptor - STEP DONE: I set POST endpoints by rating
19:17:16.979 [main] DEBUG org.apache.http.impl.conn.BasicClientConnectionManager - Get connection for route {s}->https://altashop-api.fly.dev:443
19:17:16.979 [main] DEBUG org.apache.http.impl.conn.DefaultClientConnectionOperator - Connecting to altashop-api.fly.dev:443
19:17:17.151 [main] DEBUG org.apache.http.client.protocol.RequestAddCookies - CookieSpec selected: ignoreCookies
19:17:17.151 [main] DEBUG org.apache.http.client.protocol.RequestAuthCache - Auth cache not set in the context
19:17:17.151 [main] DEBUG org.apache.http.client.protocol.RequestProxyAuthentication - Proxy auth state: UNCHALLENGED
19:17:17.151 [main] DEBUG org.apache.http.impl.client.DefaultHttpClient - Attempt 1 to execute request
19:17:17.151 [main] DEBUG org.apache.http.impl.conn.DefaultClientConnection - Sending request: POST /api/products/13646/ratings HTTP/1.1
19:17:17.151 [main] DEBUG org.apache.http.wire -  >> "POST /api/products/13646/ratings HTTP/1.1[\r][\n]"
19:17:17.152 [main] DEBUG org.apache.http.wire -  >> "Authorization: Bearer eyJhbGciOiJIUzI1NiIsInR5cCI6IkpXVCJ9.eyJGdWxsbmFtZSI6IkdpdGEgTGVvbmkgZHdpIGZyaXAiLCJFbWFpbCI6ImdpdGFsZWUyMUBnbWFpbC5jb20ifQ.TGsRtCS1_W5fQoxLxVSMhDknX_uoRVw_0tYCGs1StVE[\r][\n]"
19:17:17.152 [main] DEBUG org.apache.http.wire -  >> "Accept: */*[\r][\n]"
19:17:17.152 [main] DEBUG org.apache.http.wire -  >> "Content-Type: application/json[\r][\n]"
19:17:17.152 [main] DEBUG org.apache.http.wire -  >> "Content-Length: 11[\r][\n]"
19:17:17.152 [main] DEBUG org.apache.http.wire -  >> "Host: altashop-api.fly.dev[\r][\n]"
19:17:17.152 [main] DEBUG org.apache.http.wire -  >> "Connection: Keep-Alive[\r][\n]"
19:17:17.152 [main] DEBUG org.apache.http.wire -  >> "User-Agent: Apache-HttpClient/4.5.13 (Java/19.0.2)[\r][\n]"
19:17:17.152 [main] DEBUG org.apache.http.wire -  >> "Accept-Encoding: gzip,deflate[\r][\n]"
19:17:17.152 [main] DEBUG org.apache.http.wire -  >> "[\r][\n]"
19:17:17.152 [main] DEBUG org.apache.http.headers - >> POST /api/products/13646/ratings HTTP/1.1
19:17:17.152 [main] DEBUG org.apache.http.headers - >> Authorization: Bearer eyJhbGciOiJIUzI1NiIsInR5cCI6IkpXVCJ9.eyJGdWxsbmFtZSI6IkdpdGEgTGVvbmkgZHdpIGZyaXAiLCJFbWFpbCI6ImdpdGFsZWUyMUBnbWFpbC5jb20ifQ.TGsRtCS1_W5fQoxLxVSMhDknX_uoRVw_0tYCGs1StVE
19:17:17.152 [main] DEBUG org.apache.http.headers - >> Accept: */*
19:17:17.152 [main] DEBUG org.apache.http.headers - >> Content-Type: application/json
19:17:17.152 [main] DEBUG org.apache.http.headers - >> Content-Length: 11
19:17:17.152 [main] DEBUG org.apache.http.headers - >> Host: altashop-api.fly.dev
19:17:17.152 [main] DEBUG org.apache.http.headers - >> Connection: Keep-Alive
19:17:17.152 [main] DEBUG org.apache.http.headers - >> User-Agent: Apache-HttpClient/4.5.13 (Java/19.0.2)
19:17:17.152 [main] DEBUG org.apache.http.headers - >> Accept-Encoding: gzip,deflate
19:17:17.152 [main] DEBUG org.apache.http.wire -  >> "{"count":4}"
19:17:17.245 [main] DEBUG org.apache.http.wire -  << "HTTP/1.1 200 OK[\r][\n]"
19:17:17.245 [main] DEBUG org.apache.http.wire -  << "content-type: application/json[\r][\n]"
19:17:17.245 [main] DEBUG org.apache.http.wire -  << "date: Wed, 10 May 2023 12:17:19 GMT[\r][\n]"
19:17:17.245 [main] DEBUG org.apache.http.wire -  << "content-encoding: gzip[\r][\n]"
19:17:17.245 [main] DEBUG org.apache.http.wire -  << "transfer-encoding: chunked[\r][\n]"
19:17:17.245 [main] DEBUG org.apache.http.wire -  << "server: Fly/3f2597ca (2023-05-03)[\r][\n]"
19:17:17.245 [main] DEBUG org.apache.http.wire -  << "via: 1.1 fly.io[\r][\n]"
19:17:17.245 [main] DEBUG org.apache.http.wire -  << "fly-request-id: 01H02SGBBQZ62C0DC7CDH1E747-sin[\r][\n]"
19:17:17.245 [main] DEBUG org.apache.http.wire -  << "[\r][\n]"
19:17:17.245 [main] DEBUG org.apache.http.impl.conn.DefaultClientConnection - Receiving response: HTTP/1.1 200 OK
19:17:17.245 [main] DEBUG org.apache.http.headers - << HTTP/1.1 200 OK
19:17:17.245 [main] DEBUG org.apache.http.headers - << content-type: application/json
19:17:17.245 [main] DEBUG org.apache.http.headers - << date: Wed, 10 May 2023 12:17:19 GMT
19:17:17.245 [main] DEBUG org.apache.http.headers - << content-encoding: gzip
19:17:17.245 [main] DEBUG org.apache.http.headers - << transfer-encoding: chunked
19:17:17.245 [main] DEBUG org.apache.http.headers - << server: Fly/3f2597ca (2023-05-03)
19:17:17.245 [main] DEBUG org.apache.http.headers - << via: 1.1 fly.io
19:17:17.245 [main] DEBUG org.apache.http.headers - << fly-request-id: 01H02SGBBQZ62C0DC7CDH1E747-sin
19:17:17.246 [main] DEBUG org.apache.http.impl.client.DefaultHttpClient - Connection can be kept alive indefinitely
19:17:17.246 [main] DEBUG io.restassured.internal.RestAssuredHttpBuilder - Parsing response as: application/json
19:17:17.246 [main] DEBUG org.apache.http.wire -  << "B7[\r][\n]"
19:17:17.246 [main] DEBUG org.apache.http.wire -  << "[0x1f][0x8b][0x8][0x0][0x0][0x0][0x0][0x0][0x4][0xff][0xab]VJI,IT[0xb2][0xaa]V[0xf2]tQ[0xb2]24631[0xd3]Q[0xf2]K[0xcc]MU[0xb2]R[0xca][0xce],H,VH[0xcc]K[0xcf][0xcc]S[0xd2]QrI-N.[0xca],([0xc9][0xcc][0xcf]S[0xb2]R[0xca]M[0xcd]KO[0xcd])M,[0xca]N[0xcc][0x83](Q(N[0xcc]KO,Q[0xc8]N[0xcd]KN[0xcc]KW[0xd2]Q[\n]"
19:17:17.246 [main] DEBUG org.apache.http.wire -  << "([0xca]LNU[0xb2]240[0xd0]Q[\n]"
19:17:17.246 [main] DEBUG org.apache.http.wire -  << "J,[0xc9][0xcc]K/V[0xb2]2[0xd1]QrN,IM[0xcf]/[0xca]L-V[0xb2][0x8a][0x86]Zldjb[0x8][0xb7][0xd8]=17[0x13]l[0x2][0xaa][0x9d]n[0xf9]E[\n]"
19:17:17.246 [main] DEBUG org.apache.http.wire -  << "[0xe9]`)[0x85][0x82][0xd2][0xa2][0x82][0xfc][0xe2][0xd4]b[0xa5][0xda][0xd8][0xda]Z.[0x0]"0[0xc2][0xa6][0xc5][0x0][0x0][0x0]"
19:17:17.246 [main] DEBUG org.apache.http.wire -  << "[\r][\n]"
19:17:17.246 [main] DEBUG org.apache.http.wire -  << "0[\r][\n]"
19:17:17.246 [main] DEBUG org.apache.http.wire -  << "[\r][\n]"
19:17:17.246 [main] DEBUG io.restassured.internal.RestAssuredHttpBuilder - Parsed data to instance of: class org.apache.http.conn.EofSensorInputStream
19:17:17.248 [main] DEBUG org.apache.http.impl.conn.BasicClientConnectionManager - Releasing connection org.apache.http.impl.conn.ManagedClientConnectionImpl@5ffdd510
19:17:17.248 [main] DEBUG org.apache.http.impl.conn.BasicClientConnectionManager - Connection can be kept alive indefinitely
19:17:17.249 [main] DEBUG net.thucydides.core.steps.StepInterceptor - STEP DONE: I send POST HTTP request by rating
  &amp#27;[32mWhen &amp#27;[0m&amp#27;[32mI send POST HTTP request by rating&amp#27;[0m                             &amp#27;[90m# starter.stepdefinitions.ProductSteps.iSendPOSTHTTPRequestByRating()&amp#27;[0m
19:17:17.253 [main] DEBUG net.thucydides.core.steps.StepInterceptor - STARTING STEP: ProductSteps.iReceiveValidHTTPResponseCodeInProductsRatingPOST - I receive valid HTTP response code 200 in products rating POST
19:17:17.254 [main] DEBUG net.thucydides.core.steps.StepInterceptor - STEP DONE: I receive valid HTTP response code 200 in products rating POST
  &amp#27;[32mThen &amp#27;[0m&amp#27;[32mI receive valid HTTP response code &amp#27;[0m&amp#27;[32m&amp#27;[1m200&amp#27;[0m&amp#27;[32m in products rating POST&amp#27;[0m &amp#27;[90m# starter.stepdefinitions.ProductSteps.iReceiveValidHTTPResponseCodeInProductsRatingPOST(int)&amp#27;[0m
19:17:17.260 [main] DEBUG net.thucydides.core.steps.StepInterceptor - STARTING STEP: ProductSteps.iReceiveValidDataForAssignProductRating - I receive valid data for assign product rating
19:17:17.262 [main] DEBUG net.thucydides.core.steps.StepInterceptor - STEP DONE: I receive valid data for assign product rating
  &amp#27;[32mAnd &amp#27;[0m&amp#27;[32mI receive valid data for assign product rating&amp#27;[0m                  &amp#27;[90m# starter.stepdefinitions.ProductSteps.iReceiveValidDataForAssignProductRating()&amp#27;[0m
19:17:17.266 [main] INFO  - 
  _____   ___   ___   _____     ___     _     ___   ___   ___   ___  
 |_   _| | __| / __| |_   _|   | _ \   /_\   / __| / __| | __| |   \ 
   | |   | _|  \__ \   | |     |  _/  / _ \  \__ \ \__ \ | _|  | |) |
   |_|   |___| |___/   |_|     |_|   /_/ \_\ |___/ |___/ |___| |___/ 

POST As admin I have be able to create new products rating
----------------------------------------------------------------------
]]></system-out>
  </testcase>
  <testcase name="GET products comment" classname="Products" time="0.362">
    <system-out><![CDATA[
Scenario: GET products comment                                              &amp#27;[90m# src/test/resources/api/Produk.feature:37&amp#27;[0m
19:17:17.281 [main] INFO io.cucumber.core.plugin.SerenityReporter - Running feature from file:///E:/RestAPi/src/test/resources/api/Produk.feature
19:17:17.281 [main] WARN io.cucumber.core.plugin.SerenityReporter - Feature from file:///E:/RestAPi/src/test/resources/api/Produk.feature is not under the 'features' directory. Requirements report will not be correctly generated!
19:17:17.286 [main] INFO  - 
  _____   ___   ___   _____     ___   _____     _     ___   _____   ___   ___  
 |_   _| | __| / __| |_   _|   / __| |_   _|   /_\   | _ \ |_   _| | __| |   \ 
   | |   | _|  \__ \   | |     \__ \   | |    / _ \  |   /   | |   | _|  | |) |
   |_|   |___| |___/   |_|     |___/   |_|   /_/ \_\ |_|_\   |_|   |___| |___/ 

GET products comment(products;get-products-comment)
--------------------------------------------------------------------------------
19:17:17.372 [main] DEBUG net.thucydides.core.steps.StepInterceptor - STARTING STEP: ProductSteps.iSetGETEndpointsByComment - I set GET endpoints by comment
19:17:17.372 [main] DEBUG net.thucydides.core.steps.StepInterceptor - STEP DONE: I set GET endpoints by comment
  &amp#27;[32mGiven &amp#27;[0m&amp#27;[32mI set GET endpoints by comment&amp#27;[0m                                      &amp#27;[90m# starter.stepdefinitions.ProductSteps.iSetGETEndpointsByComment()&amp#27;[0m
19:17:17.377 [main] DEBUG net.thucydides.core.steps.StepInterceptor - STARTING STEP: ProductSteps.iSendGETHTTPRequestByComment - I send GET HTTP request by comment
19:17:17.380 [main] DEBUG net.thucydides.core.steps.StepInterceptor - STARTING STEP: GetProductComment.GETHTTPRequestByComment - I set GET endpoints by comment
19:17:17.381 [main] DEBUG net.thucydides.core.steps.StepInterceptor - STEP DONE: I set GET endpoints by comment
19:17:17.429 [main] DEBUG org.apache.http.impl.conn.BasicClientConnectionManager - Get connection for route {s}->https://altashop-api.fly.dev:443
19:17:17.430 [main] DEBUG org.apache.http.impl.conn.DefaultClientConnectionOperator - Connecting to altashop-api.fly.dev:443
19:17:17.540 [main] DEBUG org.apache.http.client.protocol.RequestAddCookies - CookieSpec selected: ignoreCookies
19:17:17.540 [main] DEBUG org.apache.http.client.protocol.RequestAuthCache - Auth cache not set in the context
19:17:17.540 [main] DEBUG org.apache.http.client.protocol.RequestTargetAuthentication - Target auth state: UNCHALLENGED
19:17:17.540 [main] DEBUG org.apache.http.client.protocol.RequestProxyAuthentication - Proxy auth state: UNCHALLENGED
19:17:17.540 [main] DEBUG org.apache.http.impl.client.DefaultHttpClient - Attempt 1 to execute request
19:17:17.540 [main] DEBUG org.apache.http.impl.conn.DefaultClientConnection - Sending request: GET /api/products/2/comments/ HTTP/1.1
19:17:17.540 [main] DEBUG org.apache.http.wire -  >> "GET /api/products/2/comments/ HTTP/1.1[\r][\n]"
19:17:17.540 [main] DEBUG org.apache.http.wire -  >> "Accept: */*[\r][\n]"
19:17:17.540 [main] DEBUG org.apache.http.wire -  >> "Host: altashop-api.fly.dev[\r][\n]"
19:17:17.540 [main] DEBUG org.apache.http.wire -  >> "Connection: Keep-Alive[\r][\n]"
19:17:17.540 [main] DEBUG org.apache.http.wire -  >> "User-Agent: Apache-HttpClient/4.5.13 (Java/19.0.2)[\r][\n]"
19:17:17.540 [main] DEBUG org.apache.http.wire -  >> "Accept-Encoding: gzip,deflate[\r][\n]"
19:17:17.540 [main] DEBUG org.apache.http.wire -  >> "[\r][\n]"
19:17:17.540 [main] DEBUG org.apache.http.headers - >> GET /api/products/2/comments/ HTTP/1.1
19:17:17.540 [main] DEBUG org.apache.http.headers - >> Accept: */*
19:17:17.540 [main] DEBUG org.apache.http.headers - >> Host: altashop-api.fly.dev
19:17:17.540 [main] DEBUG org.apache.http.headers - >> Connection: Keep-Alive
19:17:17.540 [main] DEBUG org.apache.http.headers - >> User-Agent: Apache-HttpClient/4.5.13 (Java/19.0.2)
19:17:17.540 [main] DEBUG org.apache.http.headers - >> Accept-Encoding: gzip,deflate
19:17:17.579 [main] DEBUG org.apache.http.wire -  << "HTTP/1.1 200 OK[\r][\n]"
19:17:17.579 [main] DEBUG org.apache.http.wire -  << "content-type: application/json[\r][\n]"
19:17:17.579 [main] DEBUG org.apache.http.wire -  << "date: Wed, 10 May 2023 12:17:19 GMT[\r][\n]"
19:17:17.579 [main] DEBUG org.apache.http.wire -  << "transfer-encoding: chunked[\r][\n]"
19:17:17.579 [main] DEBUG org.apache.http.wire -  << "content-encoding: gzip[\r][\n]"
19:17:17.579 [main] DEBUG org.apache.http.wire -  << "server: Fly/3f2597ca (2023-05-03)[\r][\n]"
19:17:17.579 [main] DEBUG org.apache.http.wire -  << "via: 1.1 fly.io[\r][\n]"
19:17:17.579 [main] DEBUG org.apache.http.wire -  << "fly-request-id: 01H02SGBPAPGMBMTBQGBJBHGGF-sin[\r][\n]"
19:17:17.579 [main] DEBUG org.apache.http.wire -  << "[\r][\n]"
19:17:17.579 [main] DEBUG org.apache.http.impl.conn.DefaultClientConnection - Receiving response: HTTP/1.1 200 OK
19:17:17.579 [main] DEBUG org.apache.http.headers - << HTTP/1.1 200 OK
19:17:17.579 [main] DEBUG org.apache.http.headers - << content-type: application/json
19:17:17.579 [main] DEBUG org.apache.http.headers - << date: Wed, 10 May 2023 12:17:19 GMT
19:17:17.579 [main] DEBUG org.apache.http.headers - << transfer-encoding: chunked
19:17:17.579 [main] DEBUG org.apache.http.headers - << content-encoding: gzip
19:17:17.579 [main] DEBUG org.apache.http.headers - << server: Fly/3f2597ca (2023-05-03)
19:17:17.579 [main] DEBUG org.apache.http.headers - << via: 1.1 fly.io
19:17:17.579 [main] DEBUG org.apache.http.headers - << fly-request-id: 01H02SGBPAPGMBMTBQGBJBHGGF-sin
19:17:17.579 [main] DEBUG org.apache.http.impl.client.DefaultHttpClient - Connection can be kept alive indefinitely
19:17:17.580 [main] DEBUG io.restassured.internal.RestAssuredHttpBuilder - Parsing response as: application/json
19:17:17.580 [main] DEBUG org.apache.http.wire -  << "153[\r][\n]"
19:17:17.580 [main] DEBUG org.apache.http.wire -  << "[0x1f][0x8b][0x8][0x0][0x0][0x0][0x0][0x0][0x4][0xff][0xaa]VJI,IT[0xb2][0x8a][0xae]V[0xf2]tQ[0xb2]24056[0xd6]Qr[0xce][0xcf]+I[0xcd]+Q[0xb2]Rr[0xcc][0xc9]L,V[0xc8]LQH[0xc9],.[0xc9][0xcc]K.[0xc9][0xcc]W(N-,[0xcd]T(K-[0xca],I,[0xc9],[0xd6]S[0xd2]Q[\n]"
19:17:17.580 [main] DEBUG org.apache.http.wire -  << "-N-R[0xb2][0xca]+[0xcd][0xc9][0xd1]Q[\n]"
19:17:17.580 [main] DEBUG org.apache.http.wire -  << "([0xca]O)M.[0x81]q[0x9d][0xf3]ss[0xc1]f[0x81]dku[0x10][0xf6][0x98] [0xdb][0xe3][0x9c][0x9f][0x7]26[0xb1][0xa4][0xb4]H!'[0xb1]4%1[0xaf]$[0xb3]4W!7?'[0xb5][0xb8]$31U!1E![0xb5][0x84]\[0xab]L[0x91][0xad]*[0xc9]HUHO[0xcc]M-VH,JUH/JM,Q[0xc8][0xcc]K[0xce])M[0xc9][0xcc]KWp/J[0xcc]S[0x8])-[0xca],[0xce][0xcd]W0WH*-Q(NL[0xc9][0xa9]Tp[0xf]1Q[0xc8],V[0xc8]-M[0xce]PHJ-)I-"[0xd3][0xdf][0xe6][0x83][0xc9]1[0x16][0x83][0xc8]1&[0x6][0x83][0xc9]1[0x86][0x83][0xc9]1F[0xc8][0x8e][0xc9]T/)Vp+[0xca]LI[0xac]$/[0x9][0x9a][0xa0]d[0xf1][0x1][0xce][0xf]&[0x83])s[0x9a][0xa1][0x14]J[0x14][0x7][0xb4][0xd9]`[0xf2][0x9b][0xf9]`[0xca]^[0xe6][0x83])[0x9][0x9a][0xf][0xa6]h[0xb2][0xb0]D[0xce][0xeb][0x3][0x9c]9-[0x7]Q)hf0[0x88][0x12][0xb0][0x99][0xc1] [0x8a]&3c[0x94][0xfa][0x81][0xf6]i[0x6][0x0][0x0][0x0][0xff][0xff]"
19:17:17.580 [main] DEBUG org.apache.http.wire -  << "[\r][\n]"
19:17:17.580 [main] DEBUG org.apache.http.wire -  << "2F8[\r][\n]"
19:17:17.580 [main] DEBUG org.apache.http.wire -  << "[0x2][0xb7][0xf3]p4[0xec][0xcc][0xcc][0x6]S4[0x99][\r][0xa6][0x4]l<[0x88][0xca][0x19]3S[0x14][0xc7]PZ[0xd5][0x99][0x99][0x9a]![0x17][[0x94][0x1b][0x87][0xd2]Jv-QH-QH[0xad]HN-()-[0xca]T(,ML-J,Q[0xc8][0xcb][0xcc][0xc8][0xcc]Q[0xc8]O[0xc9],[0x81][0xb][0x81]z[0x11][0x99][0xe4][0xf5][0x13][0xcc]L[0x7]Qk[0xd8][0xcc]t0[0x15]0[0xa8][0xf5][0x80][0x9e][0x9e][0x9e]B[0xa2]Bnf^[0x8a]B^jjJ[0xb1]BR~~v[0xb1]Bb[0xb1]B[0xa2]Bqy~[0x11]L8Q[0xa1]<#[0xb5][0xa4][0xb8]$?/UG!3M![0xb3][0x4][0xd4][0x83]*[0xc9]W[0xc8]NM-P[0xc8],)VHMIO%3[0xb2],Q[0xca][0xbc][0xf0][0xcc][0xbc][0x92][0xd4]"[0x90][0xf1][0xc9][0xf9][0xb9][0x99]y[0xe9][0xe4][0x1a]J[0xdd]Tl[0x89][0x92][0x8a][0x1d][0xf3]R[0x14][0x8a][0xf3][0x15]2R[0x15][0x8a][0xb][0xf2][0xb3]Su[0x14][0x12][0xd1][0x5]J2[0x12]K[0x14]|@[0x1][0x98][0x9f][0xa6][0xe0][0x9c]X\[0x92][0x98][0x9b]Z[0x94][0xaa][0x3][0xee][0x85][0xe6][0xe5][0x97]+[0x80]J[0xf6][0xa2][0xc4][0xcc][0xbc]b[0x85]rP[0x8][0xe6][0xab][0xa7][0x16])dd[0x16]+d$[0xe6][0xe4][0xe8]([0x94]g[0x96]d([0xe4][0xe5]+[0xe4][0xe7][0xa5][0x82]T[0x16][0xa5]*[0x94][0x80]lK,[0xd2]S[0x88]L-[0xd6]Q l[0x2][0xc8]Ay[0xf9]%[0xa0]h[0xcc]/[0xcd][0x81]k'[0xab][0x97]af[0x89][0x92][0x80][0xa9][0x13]A[0xe6][0xa8]m[0x0]P[0x88]z*d$[0x96][0xa5]*$*[0x94][0xa4][0xe6][0xa5][0xa4][0x16][0x81][0xc2][0x16][0xd4][0x9f]W[0xc8][0xad]T[0xc8]HM,*QH[0xcb]/RH.[0xca],([0xc8][0x1]u[0xf9][0xf3]R[0x14][0x92]@[0x1][[0x94]R[0xc][0xe][0xff][0xa4][0xa2][0xfc][0xec][0xd4]<[0x85][0x92][0x8c][0xcc][0xbc]t2[0x87]2[0xcc][\r]P*[0x99][0x90][0x8c]T[0x5][0xbf][0xfc][0xa2][0x92][0xc][0x85][0xa2][0xd4][0xdc][0xd4][0xdc][0xa4][0xd4]"r[0xcd]5D)[0xa2]A[0x91]?p[0xe3][0x16][0xe6][0x86]([0xd1]9[0xc0][0x8e]1A[0xc9][0xfc][0x3][0xed][0x18][0x94]N[0xe3]@;[0x6][0xa5][0x4][0x1b]h[0xc7][0xc][0xa2][\n]"
19:17:17.580 [main] DEBUG org.apache.http.wire -  << "[0xd5][0xdc]t[0x10][0xb5]K[0xcd]M[0x7]S[0x2]6[0x1d]D[0x9d]qs[0xd3][0xc1][0x94][0x9b]P[0x1b][0xc9][0x3][0x9c][0x9b]P[0x9b][0xd8][0x3][0xed][0x18][0x94][0xa6][0xcd]@;f0[0xd5]M[0x83][0xa9][0xff]kn6[0x98][0xca][0x19][0xb3][0xc1]T[0xce][0xa0][0xe][0xf5][0xe]p[0x2]6[0x1b]L[0xb5][0xb6][0xd9]`[0xaa][0xb5][0x7][0xd3][0xa8][0xb5]9[0xea][0xa8][0xb5]Obiz[0x6][0xb4][0xd7]Y[0x90][0x9f]Y[0x9c][0x9f][0x7][0xea]1[0xa5][0xa5]&[0x16][0x91][0xd7][0xfb]4[0x1f]L[0xe3][0xd0][0xe6][0xe6](I211[0x91][0xac]^[0xa0][0xb9][0xf9]`[0xaa]',P[0x9a][0x80][0xc1]%[0xa5][0x5][0xa9]i[0xe4][0xcd][0xa1][0x99][[0xa0][0xf5][0xf9]JA[0x9d][0xcf][0xa4][0xcc][0xa2][0x14][0xf2][0x82][0xc9][0x2][0xa5][0x9c][0xe]J,K[0xcd]K[0xce]I,'[0xd3]0[0x94]r[0xd6][0xbd][0xa8]2--3/%[0x9f][0xbc][0x9]ks[0x8b][0xc1][0xd4] [0xb3]@I[0x95][0x3]\j[[0xc][0xa6][0x82][0xd2][0x12]%m[0xf]p[0xc8][0xa0][0x8e][0x17][0xe][0xb4]c[0x6]Q[0xeb][0xd0][0xc2][0x0]%[0xa3][0xf]l[0xc8]X[0x18][0xc][0xa2][0xac]ma0[0x88]F[0xbb],[0xc][0x6]Q[0xb5]ea8[0x88][0xb2][0xb6][0x85]!J[0xc5]7[0xc0][0x9][0xd8]p0[0xe5]&[0xc3][0xc1][0x94][0x9b][0x6][0xd3][0xd8][0xb1][0x85][0xe1][0xa0][0xca]M[0x83][0xa9]:0[0x1a]L[0xb9][0xc9][0x8]%[0x9a][0x2]J[0xb3][0xcb]KS[0xd2]3S1[0x1b][0xa1][0x0][0x0][0x0][0x0][0xff][0xff]"
19:17:17.580 [main] DEBUG org.apache.http.wire -  << "[\r][\n]"
19:17:17.581 [main] DEBUG org.apache.http.wire -  << "300[\r][\n]"
19:17:17.581 [main] DEBUG org.apache.http.wire -  << ""b}[0xa7][0x85][0xd1] j[0x1c]Y[0x18][0xf][0xa6][0x12]t0[0xad][0xd6][0xb0]0[0x1e]L[0x85][0x96][0xf1] j[0xdd][[0x18][0xf][0xa6][0x4]<[0x98][0xd6][0xc6]Z[0xc][0xa6][0xd9]7[0xb][0x93][0xc1][0x94][0x80]M[0x6]S[0x2]6[0x19]L[0x9]x0[0xcd][0xbe]Y[0xc][0xa6][0xd9]7[0x8b][0xc1]4[0xe1]e1[0x98][0xe6][0x98],[0x6][0xd3]z,[0x8b][0xc1][0xb4][0x1e][0xcb]b0[0xcd][0xa4]X[0x98][0xa1]4[0x1b][0x7][0xb8]Gh6[0x98]Z[0xf7][0xe6][0x83][0xa9]u[0x8f]:y1[0xc0][0xd1]d>[0x98]j[0xed][0xc1]4[0xef]b1[0x98]&L,[0xcc][0x7]SnB[0x9d]r[0x19][0xe0][0x4]l[0x81]2[0xc7]2[0xd0][0x8e][0x19]LC[0xa7][0x16][0x83][0xa9]:[0x18]L[0xbb]i,[0x6][0xd3][0xac][0x88][0x5][0xea][0xfa]i[0xff][0xe4][0xe4][0xc4][0xd4][0xe4][0xc4][0x92]L[0x85][0xd4][0xc4]"[0x94][0x8d][0xb7][0x85][0xa5][0x99][0x89][\n]"
19:17:17.581 [main] DEBUG org.apache.http.wire -  << "e[0xf9]9[0xa5][0x5]%[0x89][0xc5][\n]"
19:17:17.581 [main] DEBUG org.apache.http.wire -  << "`[0x1e]h[0xfb]o^jn>y[0xd3][0xdc][0x16][0x96][0x83][0xa9][0xec][0xb7][0x1c]L[0x9d]$[0xd4]%[0xd3][0x3][[0xa8]X[0xa2].[0xb5][0x1e]h[0xc7][0xc][0xa2][0x96][0x94][0xa5][0xc1] *[0xfb]-[\r][0x6]Q[0x2][0xb6][0x1c]L3U[0x96][0x83]i[0xc5][0xba][0xa5][0xd1] [0x1a][0x81][0xb6][0x1c]L[0xb3][0xe][0x96]F[0x83]h[0xe][0xcf][0xd2]h0em[0xa3]ATQZ[0x1a][\r][0xa2]6[0xa6][0xa5][0xd1] [0x1a]g[0xb5]D[0x9d]6[0x1b][0xe0][0x8a]r0M[0xbb]Y[0x1a][0xf][0xa6]Z{0M[0xbb]Y[0xe][0xa6][0xad][0xc0][0x96][0xc6][0x83][0xa8][0xc7]f9[0x98][0xa6][0xdd],[0x7][0xd3]I)[0x96][0x83]i[0xa6][0xcb]r0[0x1d][0xdb]b9[0x98][0xa6][0xdd],M[0x6]Sn[0x1a]Ls[0x80][0x96]&[0x83]h4[0xd1]r0MHZ[0x9a][0xe][0xa6][0x8a]r0[0xcd][0x8e]Z[0xe][0xa6][0xbd][0x89][0x96][0x83]i[0xaa][0xd6]r0[0xed]M[0xb4][0x1c]L[0xf3][0xc6][0x96][0xa6][0x83][0xa9][0x4][0x1e]L[0x93][0xd8][0x96][0x83]i[0x12][0xdb]r0m[0x94][0xb4]D[0xdd][0x81][0x17][0x9e][0x98][PZL[0xd6][0xc2]G[0xcb][0xc1]4[0x1d]n[0x89][0xba][0x97]/8[0xa7][0xb2]$#[0xb5](3[0x8f]L[0x9f]Q[0xab][0xfe]N,.[0x5][0x1d][0xd5]B[0xe9]Y[0x9a][0x96][0x83]is[0xa0]%[0xea][0xe6][0xb2][0x1][0x1e][0x6]@[0x9d][0xf7][0xa2]([0xde][\r][\r][0xc][0x6][0xcf]h[0x8b][0xa1][0xc1] [0xda]`h0[0x88][0xf6][0x1f][0x18][0x1a][0xc][0xa2][0xfd][0x7][0x86][0x6][0x86][0x83])[0xcd][0xa0][0xe][0x17]R[0xb4][0xbb][0xd2][0xd0]`[0x10]m[\r]240[0x1c]<[0xe3][0xd5][0x86][0x6][0x83]h[0xec][0xd1][0xd0][0xc0][0x8][0xa5][0xb2][0xca]I-([0xc9]/P[0xc8]--J[0xcc] [0xa7][0xf2]34[0x18]D[0x8b][0x9e][\r][\r][0x6][0xd1][0xb8][0x94][0xa1][0xc1] [0x1a][0x97]24[0x18]D[0xe3]R[0x86][0x6][0x83]h\[0xca][0xd0]`[0x10][0x8d]K[0x19][0x1a][0xc][0xa2]q)C[0x83]A4.eh0[0x88][0xc6][0xa5][0xc][\r][0x6][0xd1][0xb8][0x94][0xa1][0xc1] [0x1a][0x97]24[0x18]D[0xa3]/[0x86][0x6][0x83]h[0x8c][0xc1][0xd0]`[0x10][0x1d]znh0[0x88]z[0x88][0x86][0x6][0x83]h9[0xb8][0xa1][0x81][0xf9][0xe0]Yvah0[0x88][0xd6][0xa6][0x1b][0x1a][0xa0][0x9e]|3[0xa0][0x1d]yC[0x83]A[0xb4][0x1c][0xdc][0xd0][0xc0][0x1c]e[0xad][0x99]cIai*[0xe4][0xf4][0xe5][0xd4][0x8a][0xd4][0xa2]d[0xf0]u0[0xf9]y[0xa9][0xb9][\n]"
19:17:17.581 [main] DEBUG org.apache.http.wire -  << "[0xa9][0x89][\n]"
19:17:17.581 [main] DEBUG org.apache.http.wire -  << "[0xa5]%[\n]"
19:17:17.581 [main] DEBUG org.apache.http.wire -  << "%[0xa9][0xb9][0x5][0xf9]E[0x99]I[0xa5][0xc5][\n]"
19:17:17.581 [main] DEBUG org.apache.http.wire -  << "[0x99]y[\n]"
19:17:17.581 [main] DEBUG org.apache.http.wire -  << "[0xc5][0xa5][0xc5][0xc9][0x99][0x5][0x99][0xe4][0xdd][0xe1]bh0[0x88]V[0xa2][0x1b][0x1a][0xc][0xa2][0xa1][0x1e]C[0x83]At$[0x8e][0xa1][0xc1] Z[0xfc]mh0[0x88][0xce][0xe7]14[0x18]D[0xe7][0xf3][0x18][0x1a]XR6l[0x0][0x0][0x0][0x0][0xff][0xff]"
19:17:17.581 [main] DEBUG org.apache.http.wire -  << "[\r][\n]"
19:17:17.581 [main] DEBUG org.apache.http.wire -  << "46A[\r][\n]"
19:17:17.581 [main] DEBUG org.apache.http.wire -  << "[0xa2][0xe6][0x8d]H[0x86][0x6][0x83]h[0xd5][0xb3][0xa1][0xe1] :[0x9f][0xc7][0xd0]p[0x10]-464[0x1c]D[0x87][0x5][0x19][0x1a][0xe][0xa6]!i[0xc3]A[0xb4][0xea][0xd9][0xd0]p0[0x8d][0x8f][0x1b][0xe][0xaa][0xf1][0xf1]A[0xb4][0xfd][0xc6][0xd0][0x0]u[0xfb][0xcd][0x0]72[0x7][0xd1][0x8e][0x1c]C[0x3][0xcb][0xc1]4s[0x80]z[0x83][0xc3]@G[0x13]J[0xf3]{`[0x1d]c8[0x88][0xb6][0x7][0x19][0x1a][0xa2][0xde][0xc0]0[0xd0]!3x[0x96][0x9f][0x18][0x1a][0xe][0xa2][0xed]A[0x86][0x86][0x83][0xe8][0x18]&C[0xc3]A[0xb4][0x1e][0xdc][0xd0]p0[0xcd][0x14][0x18][0xe][0xa6][0x99][0x2][0xc3][0xc1]48o8[0x98][0x6][0xe7][\r][0x7][0xd3][0xe0][0xbc][0xe1]`[0x1a][0x9c]7D]4[0x1a][0x94]ZP[0x9a][0x92][0x99][0x98][0x97][0x92][0x98][0xaa][0x90][0x93][0x99][0x94]Z[0x94][0x8f]t[0xaf]pZbrjQ[0xaa]Bj1[0x99][0x3]S[0x86][0x83]hM[0xa8][0xa1][0xe1] ZRgh[0x88]:[0x11]P[0x9e]Q[0xa9]P[0x9c][0x9f]W[0xa9]PP[0xac]`J[0xd6][0x14][0xbc][0xe1]`[0x1a]%6[0x1c]L[0x3][0xb3][0x86][0xa8][0xa7]Q[0x4][0x96]f[0x82]F\S[0xf3]2s[0x15][0xca]2K[0x12][0xa1][0x83][0xb4][0xd0]M[0xfc]%[0xe0][0x11][0xd9][0xa2][0xd4][0xa2][0xd2]\[0xb2]6[0xf0][0x1b][0x1a][0xa2][0x8e]8[0xba][0xe4][0xe7][0xe4][0x17][0xa5][0xe6][0x82][0xc6][0x82][0x93][0xf3][0x8b][0x8a]J[0xb]J2A[0xa3][0xbf]) a[0xd0]y[0x1][\n]"
19:17:17.581 [main] DEBUG org.apache.http.wire -  << "[0xa9][0x89] [0xb9]Rr3[0x98][0xe5][0xe0][0xd9]xhh8[0x98]:'F[0x83]i[0xac][0xca]h0[0x8d]U[0x19][\r][0xa6]5ZF[0x83]ix[0xc8]h[0x10]m[0xfd]64[0x1a]D[[0xbf][\r][0x8d][0x6][0xd1][0xd6]oC[0xa3]A[0xb4][0xf5][0xdb][0xd0][0x8]u[0xf9][0xe4][0xc0][0xf6][0xae][0x8d][0x8c][0x7][0xd1][0xd4][0x85][0xd1]`[0xea][0xb6][0x19][\r][0xa6]n[0x9b][0xd1]`Z[0xe0]e4[0x98][0xfa][0x90]F[0x83][0xa9][0xdb]f4[0x88]6[0x4][0x19][0x1a][\r][0xa2]S-[\r][0x8d]P{/[0x3]\[0xe8][0xa1][0xee]N[0x1a]h[0xc7][0xc][0xa2][0xf1]M#[0xd4][\r]N[0x3][0x1d]2(k[0xce][0x7][0xd8]1[0x83]i[0xe9][0x9b][0xd1]`Zmf4[0x98][0xc6][0x11][0x8c][0x6][0xd1]I[0xa8][0x86]F[0x83][0xe8]$TC[0xa3][0xc1][0xb4][0xe][0xcf]h0[\r][0xf7][0x18][0xa1][0xae][0xc3][0x1b][0xe8]r[0x6][0xa5][0xd0][0xa3]l[0xab][0xa1][0x11][0xea][0xca]:[0x8a][0xae] 14B]rE[0xd9]=x[0x86][0xc6][0x83]i[0xb4][0xc5]x[0x10]][0x96]eh[0x8c]:[0xc0]A[0xd9][0xf6]:c[0xd4]%#[0x1e][0xf9]Ey[0xa9])[\n]"
19:17:17.581 [main] DEBUG org.apache.http.wire -  << "[0xc1][0xa9]E[0x5][0xa9]y%d[\r][0x1b][0x1b][0xa3][0xee][0x91][0xb]'{k[0xb7][0xa1]1[0xea][0xa5]J[0x14][0x99][0x84][0xd2][0x86][0xa2][0x86]/Q;[0xe9][0x94][0xe5][0x1c]c[0xd4]#[0xcd][0xa8][0xe1][0xbc][0xc1]4[0xdb]j<[0x98][0xc6][0x10][0x8c][0x7][0xd1]Q`[0x86][0xc6][0x83][0xe8][0x6][0x1e]Cc[0xd4]s[0xc9]([0xc9]n[0x83][0xe8]P1Ccc[0x94][\n]"
19:17:17.581 [main] DEBUG org.apache.http.wire -  << "s`koc[0xd4][0x8b][0x85]([0xad]#Q[0xb7][0x82]R[0xa3][0xdc]@[0x1d]a[0xa3][0xac]ua[0x8c]:BF[0xa9]gQg[0x99]=J[0xd3][0xd2]rR[0xb]J[0xd3][0xd2][0xc8][0xab][0xa5]POlp,J[0xce][0xc8],IM.[0xc9]W(,ML-J,[0x1]M[0xa5]%[0x82][0xe6][0xa9][0x15][0x12][0xc1][0xfb].@[0x17][0xe]+[0xa4][0xe6][0x17][0x93]7[0x87]g[0x8c]:[0xab][0xe6][0x98][0x97][0x99][0x9b][0xa9][0x90][0x96][0x98][0x9c][0x99][0x93]Y[0xac]P[0x96][0x9a][0x93]Y[0x2]%[0xf3]s[0xf3]2[0x8b][0x15]2sr[0xc8][0x9d]-4F[0x9d]2[0xb][0xc8]/.[0xce][0xcc]--[0x86][0xee][0xe]I[0x4]yA[0xa1][0xb0]4_!#[0x11]t[0xee]x)[0xd8][0x9f][0xe4][0xfa][0x9]e}[0x9c][0x1b][0xd4]7I[0xa9][0x89][0xa0])P[0xc8]DhbNfaif[\n]"
19:17:17.581 [main] DEBUG org.apache.http.wire -  << "$[0x1c]!l[0xf2],3A]r[0x6][0x9e][0x4]UH[0xcd][0xc9]LO[0xcd]K[0xc9][0x4][0x85]W[0xbe]B^iNN[0xa2]BAbQfbIi[0x91]BZiz&$[0x1a][0xc9][0x8c]3[0x13][0xd4][0x16]hp~NiI[0xa2]BAjQZj[0x11][0xc8][0xd6]b[0x85][0xe2][0xd4][0x14][0x85][0xe2][0xd4][0xc2][0xd2]Lr[0xfd]4x[0xe][0x9c]54A=M[0xc0][0xb1][0xb4][0x4]4[0xab][0xc]>z>[0xb3]8S[0x1][0x9c].[0xc9][0xf4]&[0xea][0xd1][0x0] [0x93][0x91][0x3][0x11][0x14]k[0xb9][\n]"
19:17:17.581 [main] DEBUG org.apache.http.wire -  << "[0xf0][0xa9][0xec][0xb2][0xd4][0xbc][0xcc][0xc4]\[0x5]([0x95][0x97]_\[0x2]J[0xa7][0x10].[0x99][0xf6][0xa3].[0x83]s[0x85]%[0xfc][0xd4][0xe2][0x12][0x85][0xd4][0x12][0x85][0xc4][0xd2][0x92][0xd4]\P[0x96] 7[0x99][0xa0]6[0xb5]\[0x8b][0x8a][0xf2][0x8b]`[0x7][0xf8][0x97][0x94][0xe6]*[0xa4][0x92][0x9b][0x93]MP[0x9b]M[0x8e]9[0x99][0x89][0xc5][\n]"
19:17:17.581 [main] DEBUG org.apache.http.wire -  << "[0x99])[\n]"
19:17:17.581 [main] DEBUG org.apache.http.wire -  << ")[0x99][0xc5]%[0x99]y[0xc9]%[0x99][0xf9][0x90][0xc4][0xa7]P[0x96]Z[0x4][0xde][0xb]F[0xb6][0x7][0x6][0xd1][0x8c][0xbf][0xc9]`j[0x11][0x99][0xa0][0x1e][0xa8][0xeb][0x9c][0x9f][0x7][0xca][0xed][0xe0][0xd2]%[0x15][0x94]"Sa[0x9b][0xee][0x12][0x15]2[0xf3][0x92]3SJ[0xf3]J[0x14]R+[\n]"
19:17:17.581 [main] DEBUG org.apache.http.wire -  << "RS2K[0x12][0xc9]L[0xab][0xa8]+[0xde]\[0xa1][0xb6][0xc0][0x96][0x92][0xa4][0x16][0x83]2%[0x94]W[0xc]J[0xba][\n]"
19:17:17.581 [main] DEBUG org.apache.http.wire -  << "y[0xa9][0xa0][0xd5][0x1e][0xb9][0x99]y[0xa5][0xe4]F[0xff]`[0x9a] 1[0x19]L[0xeb][0xda]LP[0xf7]y[0xfb][0x95][0xe6][0x16][0x96]&[0xe6]*[0x14][0xa5][0x16][0xa4][0xe6][0xe4]$[0x96]($[0x3][0x0][0x0][0x0][0xff][0xff]"
19:17:17.581 [main] DEBUG org.apache.http.wire -  << "[\r][\n]"
19:17:17.581 [main] DEBUG org.apache.http.wire -  << "E[\r][\n]"
19:17:17.581 [main] DEBUG org.apache.http.wire -  << "B[0xa4][0x7][0x92]b;[0xb6][0x96][0xb][0x0][0x0][0x0][0xff][0xff]"
19:17:17.581 [main] DEBUG org.apache.http.wire -  << "[\r][\n]"
19:17:17.582 [main] DEBUG org.apache.http.wire -  << "A[\r][\n]"
19:17:17.582 [main] DEBUG org.apache.http.wire -  << "[0x3][0x0][0x10]q[0xca][0xe8][0x8][0xa0][0x0][0x0]"
19:17:17.582 [main] DEBUG org.apache.http.wire -  << "[\r][\n]"
19:17:17.582 [main] DEBUG org.apache.http.wire -  << "0[\r][\n]"
19:17:17.582 [main] DEBUG org.apache.http.wire -  << "[\r][\n]"
19:17:17.582 [main] DEBUG io.restassured.internal.RestAssuredHttpBuilder - Parsed data to instance of: class org.apache.http.conn.EofSensorInputStream
19:17:17.584 [main] DEBUG org.apache.http.impl.conn.BasicClientConnectionManager - Releasing connection org.apache.http.impl.conn.ManagedClientConnectionImpl@7526bb18
19:17:17.584 [main] DEBUG org.apache.http.impl.conn.BasicClientConnectionManager - Connection can be kept alive indefinitely
19:17:17.601 [Finalizer] DEBUG org.apache.http.impl.conn.DefaultClientConnection - Connection 0.0.0.0:56818<->149.248.193.56:443 closed
19:17:17.602 [Finalizer] DEBUG org.apache.http.impl.conn.DefaultClientConnection - Connection 0.0.0.0:56817<->149.248.193.56:443 closed
19:17:17.603 [Finalizer] DEBUG org.apache.http.impl.conn.DefaultClientConnection - Connection 0.0.0.0:56816<->149.248.193.56:443 closed
19:17:17.603 [Finalizer] DEBUG org.apache.http.impl.conn.DefaultClientConnection - Connection 0.0.0.0:56815<->149.248.193.56:443 closed
19:17:17.604 [Finalizer] DEBUG org.apache.http.impl.conn.DefaultClientConnection - Connection 0.0.0.0:56814<->149.248.193.56:443 closed
19:17:17.604 [main] DEBUG net.thucydides.core.steps.StepInterceptor - STEP DONE: I send GET HTTP request by comment
  &amp#27;[32mWhen &amp#27;[0m&amp#27;[32mI send GET HTTP request by comment&amp#27;[0m                                   &amp#27;[90m# starter.stepdefinitions.ProductSteps.iSendGETHTTPRequestByComment()&amp#27;[0m
19:17:17.612 [main] DEBUG net.thucydides.core.steps.StepInterceptor - STARTING STEP: ProductSteps.iReceiveValidHTTPResponseCodeForGetCommentDataProducts - I receive valid HTTP response code 200 for Get comment data products
19:17:17.614 [main] DEBUG net.thucydides.core.steps.StepInterceptor - STEP DONE: I receive valid HTTP response code 200 for Get comment data products
  &amp#27;[32mThen &amp#27;[0m&amp#27;[32mI receive valid HTTP response code &amp#27;[0m&amp#27;[32m&amp#27;[1m200&amp#27;[0m&amp#27;[32m for Get comment data products&amp#27;[0m &amp#27;[90m# starter.stepdefinitions.ProductSteps.iReceiveValidHTTPResponseCodeForGetCommentDataProducts(int)&amp#27;[0m
19:17:17.622 [main] DEBUG net.thucydides.core.steps.StepInterceptor - STARTING STEP: ProductSteps.iReceiveValidDataForCommentProducts - I receive valid data for comment products
19:17:17.623 [main] DEBUG net.thucydides.core.steps.StepInterceptor - STEP DONE: I receive valid data for comment products
  &amp#27;[32mAnd &amp#27;[0m&amp#27;[32mI receive valid data for comment products&amp#27;[0m                             &amp#27;[90m# starter.stepdefinitions.ProductSteps.iReceiveValidDataForCommentProducts()&amp#27;[0m
19:17:17.626 [main] INFO  - 
  _____   ___   ___   _____     ___     _     ___   ___   ___   ___  
 |_   _| | __| / __| |_   _|   | _ \   /_\   / __| / __| | __| |   \ 
   | |   | _|  \__ \   | |     |  _/  / _ \  \__ \ \__ \ | _|  | |) |
   |_|   |___| |___/   |_|     |_|   /_/ \_\ |___/ |___/ |___| |___/ 

GET products comment
----------------------------------------------------------------------
]]></system-out>
  </testcase>
  <testcase name="POST As admin I have be able to create new products comment" classname="Products" time="0.489">
    <system-out><![CDATA[
Scenario: POST As admin I have be able to create new products comment  &amp#27;[90m# src/test/resources/api/Produk.feature:43&amp#27;[0m
19:17:17.662 [main] INFO io.cucumber.core.plugin.SerenityReporter - Running feature from file:///E:/RestAPi/src/test/resources/api/Produk.feature
19:17:17.663 [main] WARN io.cucumber.core.plugin.SerenityReporter - Feature from file:///E:/RestAPi/src/test/resources/api/Produk.feature is not under the 'features' directory. Requirements report will not be correctly generated!
19:17:17.676 [main] INFO  - 
  _____   ___   ___   _____     ___   _____     _     ___   _____   ___   ___  
 |_   _| | __| / __| |_   _|   / __| |_   _|   /_\   | _ \ |_   _| | __| |   \ 
   | |   | _|  \__ \   | |     \__ \   | |    / _ \  |   /   | |   | _|  | |) |
   |_|   |___| |___/   |_|     |___/   |_|   /_/ \_\ |_|_\   |_|   |___| |___/ 

POST As admin I have be able to create new products comment(products;post-as-admin-i-have-be-able-to-create-new-products-comment)
--------------------------------------------------------------------------------
19:17:17.782 [main] DEBUG net.thucydides.core.steps.StepInterceptor - STARTING STEP: ProductSteps.iSetPOSTEndpointsByComment - I set POST endpoints by comment
19:17:17.782 [main] DEBUG net.thucydides.core.steps.StepInterceptor - STEP DONE: I set POST endpoints by comment
  &amp#27;[32mGiven &amp#27;[0m&amp#27;[32mI set POST endpoints by comment&amp#27;[0m                                &amp#27;[90m# starter.stepdefinitions.ProductSteps.iSetPOSTEndpointsByComment()&amp#27;[0m
19:17:17.789 [main] DEBUG net.thucydides.core.steps.StepInterceptor - STARTING STEP: ProductSteps.iSendPOSTHTTPRequestByComment - I send POST HTTP request by comment
19:17:17.802 [main] DEBUG net.thucydides.core.steps.StepInterceptor - STARTING STEP: PostComment.POSTHTTPRequestByComment - I set POST endpoints by comment
19:17:17.803 [main] DEBUG net.thucydides.core.steps.StepInterceptor - STEP DONE: I set POST endpoints by comment
19:17:17.909 [main] DEBUG org.apache.http.impl.conn.BasicClientConnectionManager - Get connection for route {s}->https://altashop-api.fly.dev:443
19:17:17.909 [main] DEBUG org.apache.http.impl.conn.DefaultClientConnectionOperator - Connecting to altashop-api.fly.dev:443
19:17:18.044 [main] DEBUG org.apache.http.client.protocol.RequestAddCookies - CookieSpec selected: ignoreCookies
19:17:18.044 [main] DEBUG org.apache.http.client.protocol.RequestAuthCache - Auth cache not set in the context
19:17:18.044 [main] DEBUG org.apache.http.client.protocol.RequestProxyAuthentication - Proxy auth state: UNCHALLENGED
19:17:18.044 [main] DEBUG org.apache.http.impl.client.DefaultHttpClient - Attempt 1 to execute request
19:17:18.044 [main] DEBUG org.apache.http.impl.conn.DefaultClientConnection - Sending request: POST /api/products/13646/comments HTTP/1.1
19:17:18.044 [main] DEBUG org.apache.http.wire -  >> "POST /api/products/13646/comments HTTP/1.1[\r][\n]"
19:17:18.044 [main] DEBUG org.apache.http.wire -  >> "Authorization: Bearer eyJhbGciOiJIUzI1NiIsInR5cCI6IkpXVCJ9.eyJGdWxsbmFtZSI6IkdpdGEgTGVvbmkgZHdpIGZyaXAiLCJFbWFpbCI6ImdpdGFsZWUyMUBnbWFpbC5jb20ifQ.TGsRtCS1_W5fQoxLxVSMhDknX_uoRVw_0tYCGs1StVE[\r][\n]"
19:17:18.044 [main] DEBUG org.apache.http.wire -  >> "Accept: */*[\r][\n]"
19:17:18.044 [main] DEBUG org.apache.http.wire -  >> "Content-Type: application/json[\r][\n]"
19:17:18.044 [main] DEBUG org.apache.http.wire -  >> "Content-Length: 21[\r][\n]"
19:17:18.044 [main] DEBUG org.apache.http.wire -  >> "Host: altashop-api.fly.dev[\r][\n]"
19:17:18.044 [main] DEBUG org.apache.http.wire -  >> "Connection: Keep-Alive[\r][\n]"
19:17:18.044 [main] DEBUG org.apache.http.wire -  >> "User-Agent: Apache-HttpClient/4.5.13 (Java/19.0.2)[\r][\n]"
19:17:18.044 [main] DEBUG org.apache.http.wire -  >> "Accept-Encoding: gzip,deflate[\r][\n]"
19:17:18.044 [main] DEBUG org.apache.http.wire -  >> "[\r][\n]"
19:17:18.044 [main] DEBUG org.apache.http.headers - >> POST /api/products/13646/comments HTTP/1.1
19:17:18.044 [main] DEBUG org.apache.http.headers - >> Authorization: Bearer eyJhbGciOiJIUzI1NiIsInR5cCI6IkpXVCJ9.eyJGdWxsbmFtZSI6IkdpdGEgTGVvbmkgZHdpIGZyaXAiLCJFbWFpbCI6ImdpdGFsZWUyMUBnbWFpbC5jb20ifQ.TGsRtCS1_W5fQoxLxVSMhDknX_uoRVw_0tYCGs1StVE
19:17:18.044 [main] DEBUG org.apache.http.headers - >> Accept: */*
19:17:18.044 [main] DEBUG org.apache.http.headers - >> Content-Type: application/json
19:17:18.044 [main] DEBUG org.apache.http.headers - >> Content-Length: 21
19:17:18.044 [main] DEBUG org.apache.http.headers - >> Host: altashop-api.fly.dev
19:17:18.044 [main] DEBUG org.apache.http.headers - >> Connection: Keep-Alive
19:17:18.045 [main] DEBUG org.apache.http.headers - >> User-Agent: Apache-HttpClient/4.5.13 (Java/19.0.2)
19:17:18.045 [main] DEBUG org.apache.http.headers - >> Accept-Encoding: gzip,deflate
19:17:18.045 [main] DEBUG org.apache.http.wire -  >> "{"content":"terbaik"}"
19:17:18.088 [main] DEBUG org.apache.http.wire -  << "HTTP/1.1 200 OK[\r][\n]"
19:17:18.088 [main] DEBUG org.apache.http.wire -  << "content-type: application/json[\r][\n]"
19:17:18.088 [main] DEBUG org.apache.http.wire -  << "date: Wed, 10 May 2023 12:17:20 GMT[\r][\n]"
19:17:18.088 [main] DEBUG org.apache.http.wire -  << "content-encoding: gzip[\r][\n]"
19:17:18.088 [main] DEBUG org.apache.http.wire -  << "transfer-encoding: chunked[\r][\n]"
19:17:18.088 [main] DEBUG org.apache.http.wire -  << "server: Fly/3f2597ca (2023-05-03)[\r][\n]"
19:17:18.088 [main] DEBUG org.apache.http.wire -  << "via: 1.1 fly.io[\r][\n]"
19:17:18.088 [main] DEBUG org.apache.http.wire -  << "fly-request-id: 01H02SGC63JQDBTE9YF0KRPM1K-sin[\r][\n]"
19:17:18.088 [main] DEBUG org.apache.http.wire -  << "[\r][\n]"
19:17:18.088 [main] DEBUG org.apache.http.impl.conn.DefaultClientConnection - Receiving response: HTTP/1.1 200 OK
19:17:18.088 [main] DEBUG org.apache.http.headers - << HTTP/1.1 200 OK
19:17:18.088 [main] DEBUG org.apache.http.headers - << content-type: application/json
19:17:18.088 [main] DEBUG org.apache.http.headers - << date: Wed, 10 May 2023 12:17:20 GMT
19:17:18.088 [main] DEBUG org.apache.http.headers - << content-encoding: gzip
19:17:18.088 [main] DEBUG org.apache.http.headers - << transfer-encoding: chunked
19:17:18.088 [main] DEBUG org.apache.http.headers - << server: Fly/3f2597ca (2023-05-03)
19:17:18.089 [main] DEBUG org.apache.http.headers - << via: 1.1 fly.io
19:17:18.089 [main] DEBUG org.apache.http.headers - << fly-request-id: 01H02SGC63JQDBTE9YF0KRPM1K-sin
19:17:18.089 [main] DEBUG org.apache.http.impl.client.DefaultHttpClient - Connection can be kept alive indefinitely
19:17:18.089 [main] DEBUG io.restassured.internal.RestAssuredHttpBuilder - Parsing response as: application/json
19:17:18.089 [main] DEBUG org.apache.http.wire -  << "5C[\r][\n]"
19:17:18.089 [main] DEBUG org.apache.http.wire -  << "[0x1f][0x8b][0x8][0x0][0x0][0x0][0x0][0x0][0x4][0xff][0xab]VJI,IT[0xb2][0xaa]V[0xf2]tQ[0xb2]2441[0xb5][0xd4]Qr[0xce][0xcf]+I[0xcd]+Q[0xb2]R*I-JJ[0xcc][0xcc]V[0xd2]Q[\n]"
19:17:18.089 [main] DEBUG org.apache.http.wire -  << "-N-R[0xb2][0xca]+[0xcd][0xc9][0xd1]Q[\n]"
19:17:18.089 [main] DEBUG org.apache.http.wire -  << "([0xca]O)M.[0x81]q[0x9d][0xf3]ss[0xc1][0xca]A[0xb2][0xb5][0xb5]\[0x0][0xb4][0x8c][0xed][0x1c]T[0x0][0x0][0x0]"
19:17:18.089 [main] DEBUG org.apache.http.wire -  << "[\r][\n]"
19:17:18.089 [main] DEBUG org.apache.http.wire -  << "0[\r][\n]"
19:17:18.089 [main] DEBUG org.apache.http.wire -  << "[\r][\n]"
19:17:18.089 [main] DEBUG io.restassured.internal.RestAssuredHttpBuilder - Parsed data to instance of: class org.apache.http.conn.EofSensorInputStream
19:17:18.091 [main] DEBUG org.apache.http.impl.conn.BasicClientConnectionManager - Releasing connection org.apache.http.impl.conn.ManagedClientConnectionImpl@508b4f70
19:17:18.091 [main] DEBUG org.apache.http.impl.conn.BasicClientConnectionManager - Connection can be kept alive indefinitely
19:17:18.093 [main] DEBUG net.thucydides.core.steps.StepInterceptor - STEP DONE: I send POST HTTP request by comment
  &amp#27;[32mWhen &amp#27;[0m&amp#27;[32mI send POST HTTP request by comment&amp#27;[0m                             &amp#27;[90m# starter.stepdefinitions.ProductSteps.iSendPOSTHTTPRequestByComment()&amp#27;[0m
19:17:18.100 [main] DEBUG net.thucydides.core.steps.StepInterceptor - STARTING STEP: ProductSteps.iReceiveValidHTTPResponseCodeInProductsCommentPOST - I receive valid HTTP response code 200 in products comment POST
19:17:18.101 [main] DEBUG net.thucydides.core.steps.StepInterceptor - STEP DONE: I receive valid HTTP response code 200 in products comment POST
  &amp#27;[32mThen &amp#27;[0m&amp#27;[32mI receive valid HTTP response code &amp#27;[0m&amp#27;[32m&amp#27;[1m200&amp#27;[0m&amp#27;[32m in products comment POST&amp#27;[0m &amp#27;[90m# starter.stepdefinitions.ProductSteps.iReceiveValidHTTPResponseCodeInProductsCommentPOST(int)&amp#27;[0m
19:17:18.109 [main] DEBUG net.thucydides.core.steps.StepInterceptor - STARTING STEP: ProductSteps.iReceiveValidDataForNewComment - I receive valid data for new comment
19:17:18.110 [main] DEBUG net.thucydides.core.steps.StepInterceptor - STEP DONE: I receive valid data for new comment
  &amp#27;[32mAnd &amp#27;[0m&amp#27;[32mI receive valid data for new comment&amp#27;[0m                             &amp#27;[90m# starter.stepdefinitions.ProductSteps.iReceiveValidDataForNewComment()&amp#27;[0m
19:17:18.121 [main] INFO  - 
  _____   ___   ___   _____     ___     _     ___   ___   ___   ___  
 |_   _| | __| / __| |_   _|   | _ \   /_\   / __| / __| | __| |   \ 
   | |   | _|  \__ \   | |     |  _/  / _ \  \__ \ \__ \ | _|  | |) |
   |_|   |___| |___/   |_|     |_|   /_/ \_\ |___/ |___/ |___| |___/ 

POST As admin I have be able to create new products comment
----------------------------------------------------------------------
]]></system-out>
  </testcase>
  <testcase name="GET All Order" classname="order" time="0.592">
    <system-out><![CDATA[19:17:18.123 [main] INFO io.cucumber.core.plugin.SerenityReporter - Running feature from file:///E:/RestAPi/src/test/resources/api/order.feature
19:17:18.123 [main] WARN io.cucumber.core.plugin.SerenityReporter - Feature from file:///E:/RestAPi/src/test/resources/api/order.feature is not under the 'features' directory. Requirements report will not be correctly generated!
19:17:18.129 [main] DEBUG net.thucydides.core.steps.StepEventBus - Test suite started for story net.thucydides.core.model.Story@17ea4789
19:17:18.134 [main] INFO  - Test Suite Started: Order

Scenario: GET All Order                                              &amp#27;[90m# src/test/resources/api/order.feature:2&amp#27;[0m
19:17:18.154 [main] INFO io.cucumber.core.plugin.SerenityReporter - Running feature from file:///E:/RestAPi/src/test/resources/api/order.feature
19:17:18.154 [main] WARN io.cucumber.core.plugin.SerenityReporter - Feature from file:///E:/RestAPi/src/test/resources/api/order.feature is not under the 'features' directory. Requirements report will not be correctly generated!
19:17:18.157 [main] INFO  - 
  _____   ___   ___   _____     ___   _____     _     ___   _____   ___   ___  
 |_   _| | __| / __| |_   _|   / __| |_   _|   /_\   | _ \ |_   _| | __| |   \ 
   | |   | _|  \__ \   | |     \__ \   | |    / _ \  |   /   | |   | _|  | |) |
   |_|   |___| |___/   |_|     |___/   |_|   /_/ \_\ |_|_\   |_|   |___| |___/ 

GET All Order(order;get-all-order)
--------------------------------------------------------------------------------
19:17:18.298 [main] DEBUG net.thucydides.core.steps.StepInterceptor - STARTING STEP: OrderSteps.iSetTheGETApiEndpointForOrder - I set the GET api endpoint for order
19:17:18.301 [main] DEBUG net.thucydides.core.steps.StepInterceptor - STEP DONE: I set the GET api endpoint for order
  &amp#27;[32mGiven &amp#27;[0m&amp#27;[32mI set the GET api endpoint for order&amp#27;[0m                         &amp#27;[90m# starter.stepdefinitions.OrderSteps.iSetTheGETApiEndpointForOrder()&amp#27;[0m
19:17:18.308 [main] DEBUG net.thucydides.core.steps.StepInterceptor - STARTING STEP: OrderSteps.iSendHTTPApiGETRequestForOrder - I send HTTP api GET request for order
19:17:18.320 [main] DEBUG net.thucydides.core.steps.StepInterceptor - STARTING STEP: GetAllOrder.HTTPApiGETRequestForOrder - I set the GET api endpoint for order
19:17:18.324 [main] DEBUG net.thucydides.core.steps.StepInterceptor - STEP DONE: I set the GET api endpoint for order
19:17:18.438 [main] DEBUG org.apache.http.impl.conn.BasicClientConnectionManager - Get connection for route {s}->https://altashop-api.fly.dev:443
19:17:18.439 [main] DEBUG org.apache.http.impl.conn.DefaultClientConnectionOperator - Connecting to altashop-api.fly.dev:443
19:17:18.621 [main] DEBUG org.apache.http.client.protocol.RequestAddCookies - CookieSpec selected: ignoreCookies
19:17:18.621 [main] DEBUG org.apache.http.client.protocol.RequestAuthCache - Auth cache not set in the context
19:17:18.621 [main] DEBUG org.apache.http.client.protocol.RequestProxyAuthentication - Proxy auth state: UNCHALLENGED
19:17:18.621 [main] DEBUG org.apache.http.impl.client.DefaultHttpClient - Attempt 1 to execute request
19:17:18.621 [main] DEBUG org.apache.http.impl.conn.DefaultClientConnection - Sending request: GET /api/orders HTTP/1.1
19:17:18.621 [main] DEBUG org.apache.http.wire -  >> "GET /api/orders HTTP/1.1[\r][\n]"
19:17:18.622 [main] DEBUG org.apache.http.wire -  >> "Authorization: Bearer eyJhbGciOiJIUzI1NiIsInR5cCI6IkpXVCJ9.eyJGdWxsbmFtZSI6IkdpdGEgTGVvbmkgZHdpIGZyaXAiLCJFbWFpbCI6ImdpdGFsZWUyMUBnbWFpbC5jb20ifQ.TGsRtCS1_W5fQoxLxVSMhDknX_uoRVw_0tYCGs1StVE[\r][\n]"
19:17:18.622 [main] DEBUG org.apache.http.wire -  >> "Accept: */*[\r][\n]"
19:17:18.622 [main] DEBUG org.apache.http.wire -  >> "Host: altashop-api.fly.dev[\r][\n]"
19:17:18.622 [main] DEBUG org.apache.http.wire -  >> "Connection: Keep-Alive[\r][\n]"
19:17:18.622 [main] DEBUG org.apache.http.wire -  >> "User-Agent: Apache-HttpClient/4.5.13 (Java/19.0.2)[\r][\n]"
19:17:18.622 [main] DEBUG org.apache.http.wire -  >> "Accept-Encoding: gzip,deflate[\r][\n]"
19:17:18.622 [main] DEBUG org.apache.http.wire -  >> "[\r][\n]"
19:17:18.622 [main] DEBUG org.apache.http.headers - >> GET /api/orders HTTP/1.1
19:17:18.622 [main] DEBUG org.apache.http.headers - >> Authorization: Bearer eyJhbGciOiJIUzI1NiIsInR5cCI6IkpXVCJ9.eyJGdWxsbmFtZSI6IkdpdGEgTGVvbmkgZHdpIGZyaXAiLCJFbWFpbCI6ImdpdGFsZWUyMUBnbWFpbC5jb20ifQ.TGsRtCS1_W5fQoxLxVSMhDknX_uoRVw_0tYCGs1StVE
19:17:18.622 [main] DEBUG org.apache.http.headers - >> Accept: */*
19:17:18.622 [main] DEBUG org.apache.http.headers - >> Host: altashop-api.fly.dev
19:17:18.622 [main] DEBUG org.apache.http.headers - >> Connection: Keep-Alive
19:17:18.622 [main] DEBUG org.apache.http.headers - >> User-Agent: Apache-HttpClient/4.5.13 (Java/19.0.2)
19:17:18.622 [main] DEBUG org.apache.http.headers - >> Accept-Encoding: gzip,deflate
19:17:18.706 [main] DEBUG org.apache.http.wire -  << "HTTP/1.1 200 OK[\r][\n]"
19:17:18.706 [main] DEBUG org.apache.http.wire -  << "content-type: application/json[\r][\n]"
19:17:18.706 [main] DEBUG org.apache.http.wire -  << "date: Wed, 10 May 2023 12:17:20 GMT[\r][\n]"
19:17:18.706 [main] DEBUG org.apache.http.wire -  << "content-encoding: gzip[\r][\n]"
19:17:18.706 [main] DEBUG org.apache.http.wire -  << "transfer-encoding: chunked[\r][\n]"
19:17:18.706 [main] DEBUG org.apache.http.wire -  << "server: Fly/3f2597ca (2023-05-03)[\r][\n]"
19:17:18.706 [main] DEBUG org.apache.http.wire -  << "via: 1.1 fly.io[\r][\n]"
19:17:18.706 [main] DEBUG org.apache.http.wire -  << "fly-request-id: 01H02SGCSG6THNB7HNN6A0CMXP-sin[\r][\n]"
19:17:18.706 [main] DEBUG org.apache.http.wire -  << "[\r][\n]"
19:17:18.706 [main] DEBUG org.apache.http.impl.conn.DefaultClientConnection - Receiving response: HTTP/1.1 200 OK
19:17:18.706 [main] DEBUG org.apache.http.headers - << HTTP/1.1 200 OK
19:17:18.706 [main] DEBUG org.apache.http.headers - << content-type: application/json
19:17:18.706 [main] DEBUG org.apache.http.headers - << date: Wed, 10 May 2023 12:17:20 GMT
19:17:18.706 [main] DEBUG org.apache.http.headers - << content-encoding: gzip
19:17:18.706 [main] DEBUG org.apache.http.headers - << transfer-encoding: chunked
19:17:18.706 [main] DEBUG org.apache.http.headers - << server: Fly/3f2597ca (2023-05-03)
19:17:18.706 [main] DEBUG org.apache.http.headers - << via: 1.1 fly.io
19:17:18.706 [main] DEBUG org.apache.http.headers - << fly-request-id: 01H02SGCSG6THNB7HNN6A0CMXP-sin
19:17:18.706 [main] DEBUG org.apache.http.impl.client.DefaultHttpClient - Connection can be kept alive indefinitely
19:17:18.706 [main] DEBUG io.restassured.internal.RestAssuredHttpBuilder - Parsing response as: application/json
19:17:18.706 [main] DEBUG org.apache.http.wire -  << "20[\r][\n]"
19:17:18.706 [main] DEBUG org.apache.http.wire -  << "[0x1f][0x8b][0x8][0x0][0x0][0x0][0x0][0x0][0x4][0xff][0xab]VJI,IT[0xb2][0x8a][0x8e][0xad][0xe5][0x2][0x0][0xaa][0xe3][0xeb][0xc5][0xc][0x0][0x0][0x0]"
19:17:18.706 [main] DEBUG org.apache.http.wire -  << "[\r][\n]"
19:17:18.707 [main] DEBUG org.apache.http.wire -  << "0[\r][\n]"
19:17:18.707 [main] DEBUG org.apache.http.wire -  << "[\r][\n]"
19:17:18.707 [main] DEBUG io.restassured.internal.RestAssuredHttpBuilder - Parsed data to instance of: class org.apache.http.conn.EofSensorInputStream
19:17:18.708 [main] DEBUG org.apache.http.impl.conn.BasicClientConnectionManager - Releasing connection org.apache.http.impl.conn.ManagedClientConnectionImpl@29e3c28
19:17:18.709 [main] DEBUG org.apache.http.impl.conn.BasicClientConnectionManager - Connection can be kept alive indefinitely
19:17:18.709 [main] DEBUG net.thucydides.core.steps.StepInterceptor - STEP DONE: I send HTTP api GET request for order
  &amp#27;[32mWhen &amp#27;[0m&amp#27;[32mI send HTTP api GET request for order&amp#27;[0m                         &amp#27;[90m# starter.stepdefinitions.OrderSteps.iSendHTTPApiGETRequestForOrder()&amp#27;[0m
19:17:18.714 [main] DEBUG net.thucydides.core.steps.StepInterceptor - STARTING STEP: OrderSteps.iReceiveValidHTTPResponseCodeForGetAllDataOrder - I receive valid HTTP response code 200 for get all data order
19:17:18.716 [main] DEBUG net.thucydides.core.steps.StepInterceptor - STEP DONE: I receive valid HTTP response code 200 for get all data order
  &amp#27;[32mThen &amp#27;[0m&amp#27;[32mI receive valid HTTP response code &amp#27;[0m&amp#27;[32m&amp#27;[1m200&amp#27;[0m&amp#27;[32m for get all data order&amp#27;[0m &amp#27;[90m# starter.stepdefinitions.OrderSteps.iReceiveValidHTTPResponseCodeForGetAllDataOrder(int)&amp#27;[0m
19:17:18.721 [main] DEBUG net.thucydides.core.steps.StepInterceptor - STARTING STEP: OrderSteps.iReceivedValidDataForAllOrder - I received valid data for all order
19:17:18.723 [main] DEBUG net.thucydides.core.steps.StepInterceptor - STEP DONE: I received valid data for all order
  &amp#27;[32mAnd &amp#27;[0m&amp#27;[32mI received valid data for all order&amp#27;[0m                            &amp#27;[90m# starter.stepdefinitions.OrderSteps.iReceivedValidDataForAllOrder()&amp#27;[0m
19:17:18.726 [main] INFO  - 
  _____   ___   ___   _____     ___     _     ___   ___   ___   ___  
 |_   _| | __| / __| |_   _|   | _ \   /_\   / __| / __| | __| |   \ 
   | |   | _|  \__ \   | |     |  _/  / _ \  \__ \ \__ \ | _|  | |) |
   |_|   |___| |___/   |_|     |_|   /_/ \_\ |___/ |___/ |___| |___/ 

GET All Order
----------------------------------------------------------------------
]]></system-out>
  </testcase>
  <testcase name="POST As admin I have be able to create new order" classname="order" time="0.292">
    <system-out><![CDATA[
Scenario: POST As admin I have be able to create new order        &amp#27;[90m# src/test/resources/api/order.feature:8&amp#27;[0m
19:17:18.740 [main] INFO io.cucumber.core.plugin.SerenityReporter - Running feature from file:///E:/RestAPi/src/test/resources/api/order.feature
19:17:18.740 [main] WARN io.cucumber.core.plugin.SerenityReporter - Feature from file:///E:/RestAPi/src/test/resources/api/order.feature is not under the 'features' directory. Requirements report will not be correctly generated!
19:17:18.744 [main] INFO  - 
  _____   ___   ___   _____     ___   _____     _     ___   _____   ___   ___  
 |_   _| | __| / __| |_   _|   / __| |_   _|   /_\   | _ \ |_   _| | __| |   \ 
   | |   | _|  \__ \   | |     \__ \   | |    / _ \  |   /   | |   | _|  | |) |
   |_|   |___| |___/   |_|     |___/   |_|   /_/ \_\ |_|_\   |_|   |___| |___/ 

POST As admin I have be able to create new order(order;post-as-admin-i-have-be-able-to-create-new-order)
--------------------------------------------------------------------------------
19:17:18.776 [main] DEBUG net.thucydides.core.steps.StepInterceptor - STARTING STEP: OrderSteps.iSetThePOSTApiEndpointsInOrder - I set the POST api endpoints in order
19:17:18.776 [main] DEBUG net.thucydides.core.steps.StepInterceptor - STEP DONE: I set the POST api endpoints in order
  &amp#27;[32mGiven &amp#27;[0m&amp#27;[32mI set the POST api endpoints in order&amp#27;[0m                     &amp#27;[90m# starter.stepdefinitions.OrderSteps.iSetThePOSTApiEndpointsInOrder()&amp#27;[0m
19:17:18.783 [main] DEBUG net.thucydides.core.steps.StepInterceptor - STARTING STEP: OrderSteps.iSendHTTPApiPOSTRequestForOrder - I send HTTP api POST request for order
19:17:18.790 [main] DEBUG net.thucydides.core.steps.StepInterceptor - STARTING STEP: PostOrder.piPOSTRequestForOrder - I set the POST api endpoints in order
19:17:18.790 [main] DEBUG net.thucydides.core.steps.StepInterceptor - STEP DONE: I set the POST api endpoints in order
19:17:18.827 [main] DEBUG org.apache.http.impl.conn.BasicClientConnectionManager - Get connection for route {s}->https://altashop-api.fly.dev:443
19:17:18.827 [main] DEBUG org.apache.http.impl.conn.DefaultClientConnectionOperator - Connecting to altashop-api.fly.dev:443
19:17:18.940 [main] DEBUG org.apache.http.client.protocol.RequestAddCookies - CookieSpec selected: ignoreCookies
19:17:18.940 [main] DEBUG org.apache.http.client.protocol.RequestAuthCache - Auth cache not set in the context
19:17:18.940 [main] DEBUG org.apache.http.client.protocol.RequestProxyAuthentication - Proxy auth state: UNCHALLENGED
19:17:18.940 [main] DEBUG org.apache.http.impl.client.DefaultHttpClient - Attempt 1 to execute request
19:17:18.940 [main] DEBUG org.apache.http.impl.conn.DefaultClientConnection - Sending request: GET /api/orders HTTP/1.1
19:17:18.940 [main] DEBUG org.apache.http.wire -  >> "GET /api/orders HTTP/1.1[\r][\n]"
19:17:18.940 [main] DEBUG org.apache.http.wire -  >> "Authorization: Bearer eyJhbGciOiJIUzI1NiIsInR5cCI6IkpXVCJ9.eyJGdWxsbmFtZSI6IkdpdGEgTGVvbmkgZHdpIGZyaXAiLCJFbWFpbCI6ImdpdGFsZWUyMUBnbWFpbC5jb20ifQ.TGsRtCS1_W5fQoxLxVSMhDknX_uoRVw_0tYCGs1StVE[\r][\n]"
19:17:18.940 [main] DEBUG org.apache.http.wire -  >> "Accept: */*[\r][\n]"
19:17:18.940 [main] DEBUG org.apache.http.wire -  >> "Host: altashop-api.fly.dev[\r][\n]"
19:17:18.940 [main] DEBUG org.apache.http.wire -  >> "Connection: Keep-Alive[\r][\n]"
19:17:18.940 [main] DEBUG org.apache.http.wire -  >> "User-Agent: Apache-HttpClient/4.5.13 (Java/19.0.2)[\r][\n]"
19:17:18.941 [main] DEBUG org.apache.http.wire -  >> "Accept-Encoding: gzip,deflate[\r][\n]"
19:17:18.941 [main] DEBUG org.apache.http.wire -  >> "[\r][\n]"
19:17:18.941 [main] DEBUG org.apache.http.headers - >> GET /api/orders HTTP/1.1
19:17:18.941 [main] DEBUG org.apache.http.headers - >> Authorization: Bearer eyJhbGciOiJIUzI1NiIsInR5cCI6IkpXVCJ9.eyJGdWxsbmFtZSI6IkdpdGEgTGVvbmkgZHdpIGZyaXAiLCJFbWFpbCI6ImdpdGFsZWUyMUBnbWFpbC5jb20ifQ.TGsRtCS1_W5fQoxLxVSMhDknX_uoRVw_0tYCGs1StVE
19:17:18.941 [main] DEBUG org.apache.http.headers - >> Accept: */*
19:17:18.941 [main] DEBUG org.apache.http.headers - >> Host: altashop-api.fly.dev
19:17:18.941 [main] DEBUG org.apache.http.headers - >> Connection: Keep-Alive
19:17:18.941 [main] DEBUG org.apache.http.headers - >> User-Agent: Apache-HttpClient/4.5.13 (Java/19.0.2)
19:17:18.941 [main] DEBUG org.apache.http.headers - >> Accept-Encoding: gzip,deflate
19:17:18.990 [main] DEBUG org.apache.http.wire -  << "HTTP/1.1 200 OK[\r][\n]"
19:17:18.990 [main] DEBUG org.apache.http.wire -  << "content-type: application/json[\r][\n]"
19:17:18.990 [main] DEBUG org.apache.http.wire -  << "date: Wed, 10 May 2023 12:17:20 GMT[\r][\n]"
19:17:18.990 [main] DEBUG org.apache.http.wire -  << "content-encoding: gzip[\r][\n]"
19:17:18.990 [main] DEBUG org.apache.http.wire -  << "transfer-encoding: chunked[\r][\n]"
19:17:18.990 [main] DEBUG org.apache.http.wire -  << "server: Fly/3f2597ca (2023-05-03)[\r][\n]"
19:17:18.990 [main] DEBUG org.apache.http.wire -  << "via: 1.1 fly.io[\r][\n]"
19:17:18.990 [main] DEBUG org.apache.http.wire -  << "fly-request-id: 01H02SGD2724WQD0MHVYAX6ZR7-sin[\r][\n]"
19:17:18.990 [main] DEBUG org.apache.http.wire -  << "[\r][\n]"
19:17:18.990 [main] DEBUG org.apache.http.impl.conn.DefaultClientConnection - Receiving response: HTTP/1.1 200 OK
19:17:18.990 [main] DEBUG org.apache.http.headers - << HTTP/1.1 200 OK
19:17:18.990 [main] DEBUG org.apache.http.headers - << content-type: application/json
19:17:18.990 [main] DEBUG org.apache.http.headers - << date: Wed, 10 May 2023 12:17:20 GMT
19:17:18.990 [main] DEBUG org.apache.http.headers - << content-encoding: gzip
19:17:18.990 [main] DEBUG org.apache.http.headers - << transfer-encoding: chunked
19:17:18.990 [main] DEBUG org.apache.http.headers - << server: Fly/3f2597ca (2023-05-03)
19:17:18.990 [main] DEBUG org.apache.http.headers - << via: 1.1 fly.io
19:17:18.990 [main] DEBUG org.apache.http.headers - << fly-request-id: 01H02SGD2724WQD0MHVYAX6ZR7-sin
19:17:18.990 [main] DEBUG org.apache.http.impl.client.DefaultHttpClient - Connection can be kept alive indefinitely
19:17:18.991 [main] DEBUG io.restassured.internal.RestAssuredHttpBuilder - Parsing response as: application/json
19:17:18.991 [main] DEBUG org.apache.http.wire -  << "20[\r][\n]"
19:17:18.991 [main] DEBUG org.apache.http.wire -  << "[0x1f][0x8b][0x8][0x0][0x0][0x0][0x0][0x0][0x4][0xff][0xab]VJI,IT[0xb2][0x8a][0x8e][0xad][0xe5][0x2][0x0][0xaa][0xe3][0xeb][0xc5][0xc][0x0][0x0][0x0]"
19:17:18.991 [main] DEBUG org.apache.http.wire -  << "[\r][\n]"
19:17:18.991 [main] DEBUG org.apache.http.wire -  << "0[\r][\n]"
19:17:18.991 [main] DEBUG org.apache.http.wire -  << "[\r][\n]"
19:17:18.991 [main] DEBUG io.restassured.internal.RestAssuredHttpBuilder - Parsed data to instance of: class org.apache.http.conn.EofSensorInputStream
19:17:18.992 [main] DEBUG org.apache.http.impl.conn.BasicClientConnectionManager - Releasing connection org.apache.http.impl.conn.ManagedClientConnectionImpl@1c14d24d
19:17:18.992 [main] DEBUG org.apache.http.impl.conn.BasicClientConnectionManager - Connection can be kept alive indefinitely
19:17:18.994 [main] DEBUG net.thucydides.core.steps.StepInterceptor - STEP DONE: I send HTTP api POST request for order
  &amp#27;[32mWhen &amp#27;[0m&amp#27;[32mI send HTTP api POST request for order&amp#27;[0m                     &amp#27;[90m# starter.stepdefinitions.OrderSteps.iSendHTTPApiPOSTRequestForOrder()&amp#27;[0m
19:17:19.004 [main] DEBUG net.thucydides.core.steps.StepInterceptor - STARTING STEP: OrderSteps.iReceiveAValidHTTPResponseCodeOnTheOrderPOST - I receive a valid HTTP response code 200 on the order POST
19:17:19.006 [main] DEBUG net.thucydides.core.steps.StepInterceptor - STEP DONE: I receive a valid HTTP response code 200 on the order POST
  &amp#27;[32mThen &amp#27;[0m&amp#27;[32mI receive a valid HTTP response code &amp#27;[0m&amp#27;[32m&amp#27;[1m200&amp#27;[0m&amp#27;[32m on the order POST&amp#27;[0m &amp#27;[90m# starter.stepdefinitions.OrderSteps.iReceiveAValidHTTPResponseCodeOnTheOrderPOST(int)&amp#27;[0m
19:17:19.013 [main] DEBUG net.thucydides.core.steps.StepInterceptor - STARTING STEP: OrderSteps.iReceiveValidDataForCreateNewOrder - I receive valid data for create new order
19:17:19.014 [main] DEBUG net.thucydides.core.steps.StepInterceptor - STEP DONE: I receive valid data for create new order
  &amp#27;[32mAnd &amp#27;[0m&amp#27;[32mI receive valid data for create new order&amp#27;[0m                   &amp#27;[90m# starter.stepdefinitions.OrderSteps.iReceiveValidDataForCreateNewOrder()&amp#27;[0m
19:17:19.018 [main] INFO  - 
  _____   ___   ___   _____     ___     _     ___   ___   ___   ___  
 |_   _| | __| / __| |_   _|   | _ \   /_\   / __| / __| | __| |   \ 
   | |   | _|  \__ \   | |     |  _/  / _ \  \__ \ \__ \ | _|  | |) |
   |_|   |___| |___/   |_|     |_|   /_/ \_\ |___/ |___/ |___| |___/ 

POST As admin I have be able to create new order
----------------------------------------------------------------------
]]></system-out>
  </testcase>
  <testcase name="GET As an admin I have be able to get id order" classname="order" time="0.403">
    <system-out><![CDATA[
Scenario: GET As an admin I have be able to get id order            &amp#27;[90m# src/test/resources/api/order.feature:14&amp#27;[0m
19:17:19.032 [main] INFO io.cucumber.core.plugin.SerenityReporter - Running feature from file:///E:/RestAPi/src/test/resources/api/order.feature
19:17:19.032 [main] WARN io.cucumber.core.plugin.SerenityReporter - Feature from file:///E:/RestAPi/src/test/resources/api/order.feature is not under the 'features' directory. Requirements report will not be correctly generated!
19:17:19.039 [main] INFO  - 
  _____   ___   ___   _____     ___   _____     _     ___   _____   ___   ___  
 |_   _| | __| / __| |_   _|   / __| |_   _|   /_\   | _ \ |_   _| | __| |   \ 
   | |   | _|  \__ \   | |     \__ \   | |    / _ \  |   /   | |   | _|  | |) |
   |_|   |___| |___/   |_|     |___/   |_|   /_/ \_\ |_|_\   |_|   |___| |___/ 

GET As an admin I have be able to get id order(order;get-as-an-admin-i-have-be-able-to-get-id-order)
--------------------------------------------------------------------------------
19:17:19.093 [main] DEBUG net.thucydides.core.steps.StepInterceptor - STARTING STEP: OrderSteps.iSetTheGETApiEndpointForOrderById - I set the GET api endpoint for order by id
19:17:19.093 [main] DEBUG net.thucydides.core.steps.StepInterceptor - STEP DONE: I set the GET api endpoint for order by id
  &amp#27;[32mGiven &amp#27;[0m&amp#27;[32mI set the GET api endpoint for order by id&amp#27;[0m                  &amp#27;[90m# starter.stepdefinitions.OrderSteps.iSetTheGETApiEndpointForOrderById()&amp#27;[0m
19:17:19.104 [main] DEBUG net.thucydides.core.steps.StepInterceptor - STARTING STEP: OrderSteps.iSendHTTPApiGETRequestForOrderById - I send HTTP api GET request for order by id
19:17:19.106 [main] DEBUG net.thucydides.core.steps.StepInterceptor - STARTING STEP: GetIdOrder.ApiGETRequestForOrderById - I set the GET api endpoint for order by id
19:17:19.124 [main] DEBUG net.thucydides.core.steps.StepInterceptor - STEP DONE: I set the GET api endpoint for order by id
19:17:19.159 [main] DEBUG org.apache.http.impl.conn.BasicClientConnectionManager - Get connection for route {s}->https://altashop-api.fly.dev:443
19:17:19.159 [main] DEBUG org.apache.http.impl.conn.DefaultClientConnectionOperator - Connecting to altashop-api.fly.dev:443
19:17:19.338 [main] DEBUG org.apache.http.client.protocol.RequestAddCookies - CookieSpec selected: ignoreCookies
19:17:19.338 [main] DEBUG org.apache.http.client.protocol.RequestAuthCache - Auth cache not set in the context
19:17:19.338 [main] DEBUG org.apache.http.client.protocol.RequestProxyAuthentication - Proxy auth state: UNCHALLENGED
19:17:19.338 [main] DEBUG org.apache.http.impl.client.DefaultHttpClient - Attempt 1 to execute request
19:17:19.338 [main] DEBUG org.apache.http.impl.conn.DefaultClientConnection - Sending request: GET /api/orders/10776 HTTP/1.1
19:17:19.338 [main] DEBUG org.apache.http.wire -  >> "GET /api/orders/10776 HTTP/1.1[\r][\n]"
19:17:19.338 [main] DEBUG org.apache.http.wire -  >> "Authorization: Bearer eyJhbGciOiJIUzI1NiIsInR5cCI6IkpXVCJ9.eyJGdWxsbmFtZSI6IkdpdGEgTGVvbmkgZHdpIGZyaXAiLCJFbWFpbCI6ImdpdGFsZWUyMUBnbWFpbC5jb20ifQ.TGsRtCS1_W5fQoxLxVSMhDknX_uoRVw_0tYCGs1StVE[\r][\n]"
19:17:19.338 [main] DEBUG org.apache.http.wire -  >> "Accept: */*[\r][\n]"
19:17:19.338 [main] DEBUG org.apache.http.wire -  >> "Host: altashop-api.fly.dev[\r][\n]"
19:17:19.338 [main] DEBUG org.apache.http.wire -  >> "Connection: Keep-Alive[\r][\n]"
19:17:19.339 [main] DEBUG org.apache.http.wire -  >> "User-Agent: Apache-HttpClient/4.5.13 (Java/19.0.2)[\r][\n]"
19:17:19.339 [main] DEBUG org.apache.http.wire -  >> "Accept-Encoding: gzip,deflate[\r][\n]"
19:17:19.339 [main] DEBUG org.apache.http.wire -  >> "[\r][\n]"
19:17:19.339 [main] DEBUG org.apache.http.headers - >> GET /api/orders/10776 HTTP/1.1
19:17:19.339 [main] DEBUG org.apache.http.headers - >> Authorization: Bearer eyJhbGciOiJIUzI1NiIsInR5cCI6IkpXVCJ9.eyJGdWxsbmFtZSI6IkdpdGEgTGVvbmkgZHdpIGZyaXAiLCJFbWFpbCI6ImdpdGFsZWUyMUBnbWFpbC5jb20ifQ.TGsRtCS1_W5fQoxLxVSMhDknX_uoRVw_0tYCGs1StVE
19:17:19.339 [main] DEBUG org.apache.http.headers - >> Accept: */*
19:17:19.339 [main] DEBUG org.apache.http.headers - >> Host: altashop-api.fly.dev
19:17:19.339 [main] DEBUG org.apache.http.headers - >> Connection: Keep-Alive
19:17:19.339 [main] DEBUG org.apache.http.headers - >> User-Agent: Apache-HttpClient/4.5.13 (Java/19.0.2)
19:17:19.339 [main] DEBUG org.apache.http.headers - >> Accept-Encoding: gzip,deflate
19:17:19.395 [main] DEBUG org.apache.http.wire -  << "HTTP/1.1 200 OK[\r][\n]"
19:17:19.395 [main] DEBUG org.apache.http.wire -  << "content-type: application/json[\r][\n]"
19:17:19.395 [main] DEBUG org.apache.http.wire -  << "date: Wed, 10 May 2023 12:17:21 GMT[\r][\n]"
19:17:19.395 [main] DEBUG org.apache.http.wire -  << "content-encoding: gzip[\r][\n]"
19:17:19.395 [main] DEBUG org.apache.http.wire -  << "transfer-encoding: chunked[\r][\n]"
19:17:19.395 [main] DEBUG org.apache.http.wire -  << "server: Fly/3f2597ca (2023-05-03)[\r][\n]"
19:17:19.395 [main] DEBUG org.apache.http.wire -  << "via: 1.1 fly.io[\r][\n]"
19:17:19.395 [main] DEBUG org.apache.http.wire -  << "fly-request-id: 01H02SGDERYCAKC66XG49QFHS9-sin[\r][\n]"
19:17:19.395 [main] DEBUG org.apache.http.wire -  << "[\r][\n]"
19:17:19.395 [main] DEBUG org.apache.http.impl.conn.DefaultClientConnection - Receiving response: HTTP/1.1 200 OK
19:17:19.395 [main] DEBUG org.apache.http.headers - << HTTP/1.1 200 OK
19:17:19.395 [main] DEBUG org.apache.http.headers - << content-type: application/json
19:17:19.395 [main] DEBUG org.apache.http.headers - << date: Wed, 10 May 2023 12:17:21 GMT
19:17:19.395 [main] DEBUG org.apache.http.headers - << content-encoding: gzip
19:17:19.395 [main] DEBUG org.apache.http.headers - << transfer-encoding: chunked
19:17:19.395 [main] DEBUG org.apache.http.headers - << server: Fly/3f2597ca (2023-05-03)
19:17:19.395 [main] DEBUG org.apache.http.headers - << via: 1.1 fly.io
19:17:19.395 [main] DEBUG org.apache.http.headers - << fly-request-id: 01H02SGDERYCAKC66XG49QFHS9-sin
19:17:19.396 [main] DEBUG org.apache.http.impl.client.DefaultHttpClient - Connection can be kept alive indefinitely
19:17:19.396 [main] DEBUG io.restassured.internal.RestAssuredHttpBuilder - Parsing response as: application/json
19:17:19.396 [main] DEBUG org.apache.http.wire -  << "9E[\r][\n]"
19:17:19.396 [main] DEBUG org.apache.http.wire -  << "[0x1f][0x8b][0x8][0x0][0x0][0x0][0x0][0x0][0x4][0xff][0xab]VJI,IT[0xb2][0xaa]V[0xf2]tQ[0xb2]24077[0xd3]Q[\n]"
19:17:19.396 [main] DEBUG org.apache.http.wire -  << "-N-[0x82][0xb]Y[0x18][0x9b][[0xe8]([0xb9][0x95][0xe6][0xe4][0xe4]%[0xe6][0xa6]*Y)[0xb9]g[0x96]$*[0xf8][0xa4][0xe6][0xe7]e*[0xa4][0x94]g*[0xa4][0x15]e[0x16]([0xe9]([0xb9][0xe6]&f[0xe6](Y)[0xa5]g[0x96]$[0xe6][0xa4][0xa6][0x1a][0x19]:[0xa4][0x83]D[0xf4][0x92][0xf3]s[0x95]t[0x94][0x2][0x12][0x8b][0x8b][0xcb][0xf3][0x8b]R[0xe0][\n]"
19:17:19.396 [main] DEBUG org.apache.http.wire -  << ",,[0x94]ju[0x94][0x2][0x8a][0xf2]SJ[0x93]K[0x94][0xac][0xf2]Jsrt[0x94][0x2]K[0x13][0xf3]J2K*[0x95][0xac][0xc]kk[0xb9][0x0][0xfe][0x96][0x16][0xb4][0x9b][0x0][0x0][0x0]"
19:17:19.396 [main] DEBUG org.apache.http.wire -  << "[\r][\n]"
19:17:19.396 [main] DEBUG org.apache.http.wire -  << "0[\r][\n]"
19:17:19.396 [main] DEBUG org.apache.http.wire -  << "[\r][\n]"
19:17:19.396 [main] DEBUG io.restassured.internal.RestAssuredHttpBuilder - Parsed data to instance of: class org.apache.http.conn.EofSensorInputStream
19:17:19.401 [main] DEBUG org.apache.http.impl.conn.BasicClientConnectionManager - Releasing connection org.apache.http.impl.conn.ManagedClientConnectionImpl@337c0ee4
19:17:19.402 [main] DEBUG org.apache.http.impl.conn.BasicClientConnectionManager - Connection can be kept alive indefinitely
19:17:19.402 [main] DEBUG net.thucydides.core.steps.StepInterceptor - STEP DONE: I send HTTP api GET request for order by id
  &amp#27;[32mWhen &amp#27;[0m&amp#27;[32mI send HTTP api GET request for order by id&amp#27;[0m                  &amp#27;[90m# starter.stepdefinitions.OrderSteps.iSendHTTPApiGETRequestForOrderById()&amp#27;[0m
19:17:19.407 [main] DEBUG net.thucydides.core.steps.StepInterceptor - STARTING STEP: OrderSteps.iReceiveValidHTTPResponseCodeForGetIdDataOrder - I receive valid HTTP response code 200 for get id data order
19:17:19.408 [main] DEBUG net.thucydides.core.steps.StepInterceptor - STEP DONE: I receive valid HTTP response code 200 for get id data order
  &amp#27;[32mThen &amp#27;[0m&amp#27;[32mI receive valid HTTP response code &amp#27;[0m&amp#27;[32m&amp#27;[1m200&amp#27;[0m&amp#27;[32m for get id data order&amp#27;[0m &amp#27;[90m# starter.stepdefinitions.OrderSteps.iReceiveValidHTTPResponseCodeForGetIdDataOrder(int)&amp#27;[0m
19:17:19.415 [main] DEBUG net.thucydides.core.steps.StepInterceptor - STARTING STEP: OrderSteps.iReceiveValidDataForIdOrder - I receive valid data for id order
19:17:19.415 [main] DEBUG net.thucydides.core.steps.StepInterceptor - STEP DONE: I receive valid data for id order
  &amp#27;[32mAnd &amp#27;[0m&amp#27;[32mI receive valid data for id order&amp#27;[0m                             &amp#27;[90m# starter.stepdefinitions.OrderSteps.iReceiveValidDataForIdOrder()&amp#27;[0m
19:17:19.423 [main] INFO  - 
  _____   ___   ___   _____     ___     _     ___   ___   ___   ___  
 |_   _| | __| / __| |_   _|   | _ \   /_\   / __| / __| | __| |   \ 
   | |   | _|  \__ \   | |     |  _/  / _ \  \__ \ \__ \ | _|  | |) |
   |_|   |___| |___/   |_|     |_|   /_/ \_\ |___/ |___/ |___| |___/ 

GET As an admin I have be able to get id order
----------------------------------------------------------------------
]]></system-out>
  </testcase>
  <testcase name="GET  list of category" classname="category" time="0.642">
    <system-out><![CDATA[19:17:19.425 [main] INFO io.cucumber.core.plugin.SerenityReporter - Running feature from file:///E:/RestAPi/src/test/resources/api/productcategory.feature
19:17:19.425 [main] WARN io.cucumber.core.plugin.SerenityReporter - Feature from file:///E:/RestAPi/src/test/resources/api/productcategory.feature is not under the 'features' directory. Requirements report will not be correctly generated!
19:17:19.432 [main] DEBUG net.thucydides.core.steps.StepEventBus - Test suite started for story net.thucydides.core.model.Story@310f1f38
19:17:19.433 [main] INFO  - Test Suite Started: Category

Scenario: GET  list of category                                            &amp#27;[90m# src/test/resources/api/productcategory.feature:2&amp#27;[0m
19:17:19.518 [main] INFO io.cucumber.core.plugin.SerenityReporter - Running feature from file:///E:/RestAPi/src/test/resources/api/productcategory.feature
19:17:19.528 [main] WARN io.cucumber.core.plugin.SerenityReporter - Feature from file:///E:/RestAPi/src/test/resources/api/productcategory.feature is not under the 'features' directory. Requirements report will not be correctly generated!
19:17:19.532 [main] INFO  - 
  _____   ___   ___   _____     ___   _____     _     ___   _____   ___   ___  
 |_   _| | __| / __| |_   _|   / __| |_   _|   /_\   | _ \ |_   _| | __| |   \ 
   | |   | _|  \__ \   | |     \__ \   | |    / _ \  |   /   | |   | _|  | |) |
   |_|   |___| |___/   |_|     |___/   |_|   /_/ \_\ |_|_\   |_|   |___| |___/ 

GET  list of category(category;get--list-of-category)
--------------------------------------------------------------------------------
19:17:19.641 [main] DEBUG net.thucydides.core.steps.StepInterceptor - STARTING STEP: ProductCategorySteps.iSetTheGETApiEndpointscategory - I set the GET api endpoints
19:17:19.641 [main] DEBUG net.thucydides.core.steps.StepInterceptor - STEP DONE: I set the GET api endpoints
  &amp#27;[32mGiven &amp#27;[0m&amp#27;[32mI set the GET api endpoints&amp#27;[0m                                        &amp#27;[90m# starter.stepdefinitions.ProductCategorySteps.iSetTheGETApiEndpointscategory()&amp#27;[0m
19:17:19.660 [main] DEBUG net.thucydides.core.steps.StepInterceptor - STARTING STEP: ProductCategorySteps.iSendHTTPApiGETRequestcategory - I send HTTP api GET request
19:17:19.662 [main] DEBUG net.thucydides.core.steps.StepInterceptor - STARTING STEP: GetAllProductCategory.HTTPApiGETRequestcategory - I set the GET api endpoints
19:17:19.663 [main] DEBUG net.thucydides.core.steps.StepInterceptor - STEP DONE: I set the GET api endpoints
19:17:19.704 [main] DEBUG org.apache.http.impl.conn.BasicClientConnectionManager - Get connection for route {s}->https://altashop-api.fly.dev:443
19:17:19.705 [main] DEBUG org.apache.http.impl.conn.DefaultClientConnectionOperator - Connecting to altashop-api.fly.dev:443
19:17:19.893 [main] DEBUG org.apache.http.client.protocol.RequestAddCookies - CookieSpec selected: ignoreCookies
19:17:19.893 [main] DEBUG org.apache.http.client.protocol.RequestAuthCache - Auth cache not set in the context
19:17:19.893 [main] DEBUG org.apache.http.client.protocol.RequestTargetAuthentication - Target auth state: UNCHALLENGED
19:17:19.893 [main] DEBUG org.apache.http.client.protocol.RequestProxyAuthentication - Proxy auth state: UNCHALLENGED
19:17:19.893 [main] DEBUG org.apache.http.impl.client.DefaultHttpClient - Attempt 1 to execute request
19:17:19.893 [main] DEBUG org.apache.http.impl.conn.DefaultClientConnection - Sending request: GET /api/categories HTTP/1.1
19:17:19.893 [main] DEBUG org.apache.http.wire -  >> "GET /api/categories HTTP/1.1[\r][\n]"
19:17:19.893 [main] DEBUG org.apache.http.wire -  >> "Accept: */*[\r][\n]"
19:17:19.893 [main] DEBUG org.apache.http.wire -  >> "Host: altashop-api.fly.dev[\r][\n]"
19:17:19.893 [main] DEBUG org.apache.http.wire -  >> "Connection: Keep-Alive[\r][\n]"
19:17:19.893 [main] DEBUG org.apache.http.wire -  >> "User-Agent: Apache-HttpClient/4.5.13 (Java/19.0.2)[\r][\n]"
19:17:19.893 [main] DEBUG org.apache.http.wire -  >> "Accept-Encoding: gzip,deflate[\r][\n]"
19:17:19.893 [main] DEBUG org.apache.http.wire -  >> "[\r][\n]"
19:17:19.893 [main] DEBUG org.apache.http.headers - >> GET /api/categories HTTP/1.1
19:17:19.893 [main] DEBUG org.apache.http.headers - >> Accept: */*
19:17:19.893 [main] DEBUG org.apache.http.headers - >> Host: altashop-api.fly.dev
19:17:19.893 [main] DEBUG org.apache.http.headers - >> Connection: Keep-Alive
19:17:19.893 [main] DEBUG org.apache.http.headers - >> User-Agent: Apache-HttpClient/4.5.13 (Java/19.0.2)
19:17:19.893 [main] DEBUG org.apache.http.headers - >> Accept-Encoding: gzip,deflate
19:17:19.987 [main] DEBUG org.apache.http.wire -  << "HTTP/1.1 200 OK[\r][\n]"
19:17:19.987 [main] DEBUG org.apache.http.wire -  << "content-type: application/json[\r][\n]"
19:17:19.987 [main] DEBUG org.apache.http.wire -  << "date: Wed, 10 May 2023 12:17:21 GMT[\r][\n]"
19:17:19.988 [main] DEBUG org.apache.http.wire -  << "transfer-encoding: chunked[\r][\n]"
19:17:19.988 [main] DEBUG org.apache.http.wire -  << "content-encoding: gzip[\r][\n]"
19:17:19.988 [main] DEBUG org.apache.http.wire -  << "server: Fly/3f2597ca (2023-05-03)[\r][\n]"
19:17:19.988 [main] DEBUG org.apache.http.wire -  << "via: 1.1 fly.io[\r][\n]"
19:17:19.988 [main] DEBUG org.apache.http.wire -  << "fly-request-id: 01H02SGE15NZPWAX71EHCQ5WJ0-sin[\r][\n]"
19:17:19.988 [main] DEBUG org.apache.http.wire -  << "[\r][\n]"
19:17:19.988 [main] DEBUG org.apache.http.impl.conn.DefaultClientConnection - Receiving response: HTTP/1.1 200 OK
19:17:19.988 [main] DEBUG org.apache.http.headers - << HTTP/1.1 200 OK
19:17:19.988 [main] DEBUG org.apache.http.headers - << content-type: application/json
19:17:19.988 [main] DEBUG org.apache.http.headers - << date: Wed, 10 May 2023 12:17:21 GMT
19:17:19.988 [main] DEBUG org.apache.http.headers - << transfer-encoding: chunked
19:17:19.988 [main] DEBUG org.apache.http.headers - << content-encoding: gzip
19:17:19.988 [main] DEBUG org.apache.http.headers - << server: Fly/3f2597ca (2023-05-03)
19:17:19.988 [main] DEBUG org.apache.http.headers - << via: 1.1 fly.io
19:17:19.988 [main] DEBUG org.apache.http.headers - << fly-request-id: 01H02SGE15NZPWAX71EHCQ5WJ0-sin
19:17:19.988 [main] DEBUG org.apache.http.impl.client.DefaultHttpClient - Connection can be kept alive indefinitely
19:17:19.988 [main] DEBUG io.restassured.internal.RestAssuredHttpBuilder - Parsing response as: application/json
19:17:19.988 [main] DEBUG org.apache.http.wire -  << "238[\r][\n]"
19:17:19.988 [main] DEBUG org.apache.http.wire -  << "[0x1f][0x8b][0x8][0x0][0x0][0x0][0x0][0x0][0x4][0xff][0xaa]VJI,IT[0xb2][0x8a][0xae]V[0xf2]tQ[0xb2]2425[0xb0][0xd4]Q[0xf2]K[0xcc]MU[0xb2]RRtPVQU[0xd2]QrI-N.[0xca],([0xc9][0xcc][0xcf]S[0xb2]RJ[0xcb]/RHO[0xcc][0xcd][0xcc]KW((-*[0xc8]/N-V[0xaa][0xd5][0x81][0xeb]74[0x83][0xeb][0x87][0xa8]"[0xd9][0x0]sJ[\r]@[0xf8][0x80]<[0x17][0x18][0x19]P[0xe8][0x2]##J[\r]0[0x86][0x1b][0x10][0x96]Z[0x92]Z[0x94][0x99][0x97]XT[0x89][0x11][0x90][0xa9]9[0xa9][0xc9]%E[0x99][0xc9][0x99][0x89]y[0xc8]1`d[\n]"
19:17:19.988 [main] DEBUG org.apache.http.wire -  << "[0xd7][0xec][0x9b][0xf][0x8a]4[0x85][0x80][0xcc][0xe4][0x92][0xd2][0xa2][0xd4]b[0x85][0xc4][0xbc][0x14][0x5][0xb7][0xcc][0x9c]\[0xc][0xa3]2[0x12]3[0x8b]R[0x8a]R[0x8b][0x8b]S[0x8b]P[0x8c]B[0xc4][0x85]Ginb[0x9e]BPjq~iQrj1[0x86][0x9][0xe5][0x99]y)[0xf9][0xe5][\n]"
19:17:19.988 [main] DEBUG org.apache.http.wire -  << "[0xc9]9[0xa9][0x89]yh[0x86] [0xe2][0xc3]5[0xa5]49[0x11][0xec]$[0xdf][0xc4][0xbc][0xc4][0xf4][0xd4][0xdc][0xd4][0xbc][0x12][0xc][0x93][\n]"
19:17:19.988 [main] DEBUG org.apache.http.wire -  << "[0xf2]s2[0x93]S[0x15][0xf2][0xd3][0xd2]2[0x93]QM26[0x84][0xfb],(13[0xa7](?1E[0xc1]71[0xaf]4-[0x11][0xec]?[0xc][0x93][0x12]KJ[0xf2][0x8b][0xf2]R+[0x15][0x12]K[0x14]r[0x12][0xcb][0x91]}f[0x8c][0x8]a[0xa7][0xc4][0x92][0xc4][0xf4][0xfc]"[0x85][0xf0][0xfc][0xec]R[0xc]#[0x9c]Ss3s[0x12][0xf3][0x14][0x8a]S3@[0x86][0xa4]V%[0x96]($[0xa5][0x16][0xa5]gVe[0xa2][0x18]g[0x2]w[0x19]yi[0xce][0x18][0x11]i[0x10][0x3][0xd2]1[0x9c]B [0xe3][0x19]#2^Ijq[0x9][0x96](Bq[0xb0][0x5][0x9a][0x83]I[0xb7][0xf][0x11][0xad]D[0xd8]g[0x82][0x88]:wp[0xe1][0x81][0xe1]=7[0xfc][0xe5][0x8a][0x9]"O[0xe1]0[0x0][0xd9]{&[0x88][0xe8]%38M[0x10]1J[0x8c][0xf7][0x10][0x19][0x85][0x8][0xd7][0x99]"[0x2][0x3][0xe2]:[0x8c][0xc0] [0x10][0xd7][0xa6][0x88][0xc0] [0xd3][0x0]D[0xf8]P#[0xf9][0x9b]"[0x2][0x8b]*[0xc6]!2[0x3]U[0x8c]C[0xe4][0xc][0xaa][0x18][0x87][0x88]k[0xaa][0x18][0x87][0xc8][0x89]T1[0xe][0x91]-[0xa9]a[0x9c][0x19][0xa5]u[0xa1][0x19]"[0xad];f'%[0x16])[0x4]eVeW*[0xb8]%f[0x14][0x95][0x16][0xe5]Wa[0xd6]j[0xb9][0x99]y[0x99][\n]"
19:17:19.988 [main] DEBUG org.apache.http.wire -  << "[0x5]E[0xf9]Y[0xa9][0xc9]%[0xc8]Y[0xda][0xc][0x91][0xe6][0xa9][0xe2]1D[0xe] /[0xb][0x99]![0xd2]<[0x99][0x6]P7[0x95][0x9b]!R9[0x99][0xee]A[0xa4]k[0xe7][0xc4][0x92][0xd4][0xf4][0xfc][0xa2]J[0x5][0xc7][0xd2][0x9c][0xcc]D[0xf4][0xd2][0x9][0x0][0x0][0x0][0xff][0xff]"
19:17:19.988 [main] DEBUG org.apache.http.wire -  << "[\r][\n]"
19:17:19.988 [main] DEBUG org.apache.http.wire -  << "3E5[\r][\n]"
19:17:19.989 [main] DEBUG org.apache.http.wire -  << "R[0x2][0xc5]P2LI"X[0x9]R[0xb][0xd0][0xc][0x91][0xa0][0xf3][0x12]s[0x13]Aq[0x99]R[0x9a][0x8d]aH6[0xc4][0x0]p\[0x83][0xe4][0x91]M[0xa0]n[0x1a]6G$A[0xf2]B[0xc6][0x1c][0x91][0xf4][0xc8]4[0x80][0xd2][0xc4]fNib3G$62[0xbd]@i[0xf2]2G$[0xb]2][0x80]H[0x15][0x10][0x3]Hn[0xb2]X [\n]"
19:17:19.989 [main] DEBUG org.apache.http.wire -  << "3"[0xea]t[0xb]Jc[0xdd][0x82][0xd2]X[0xb7]@[0xc4]:1[0xee][0xa5]4[0x86],[0x10][0x5][0x0]1[0xd6][0xa1]G[0x7]F[0xe]'[0xd0][0x88][0xb1]D[0xc4]FHj1f?[0xc0]3/S[0x1]$[0x1][0xea]i[0xba]g[0xa6][0xe6] W[0x6][0x96][0x94]fiKJ#[0xd7][0x92][0xd2][0xc8][0xb5]DD.$9[0x93][0x1c]~[0x94]fiKJ[0x13][0x8c]%"[0xc1][0x90][0xe9][0x5]J[0xcb][0x4]KD"$[0x9c]d[0xcd][0xc](L5f[0x6][0x88]TC[0x8c]u[0x14][0xc6][0xb0][0x99][0x1]"[0x86][0x89][0xb1][0x8e][0xc2][0xd8]03@[0xc4][0x6][0x11][0xd6][0x19]"[0x2]371;1/1[0xf]#[0x1][0xc3][0xc4][0x11]U[0xbb][0x99]!"[0x4][0xc9]J2f[0x86][0x14][0xe6];3CJc[0x85][0xd2][0x11].3CDDQ[0xa1]%kf[0x88][0x88][0xb6][0xf0][0xcc][0xa2][0xd4][0x9c][0xd4]b[0xcc][0xd1][0x99][0x82][0x8c][0xca][0xe2][0xcc][0xe4][0xcc]b[0xe4][0x16][0xb5][0x19][0xa5][0xe3]\f[0x94][0x8e]s[0x99][0x19]Q[0x1a][0x17]F[0x14][0x16]afF[0x88][0xc0][0xc3][0x91][0x1e][0x13][0x8b]S[0x90]j[0x1e]3#[0xd4][0x12][0x7]T9[0x15][0x14][0xe5][0xa7][0x94]&cV`%[0x19][0x99][0xc5][\n]"
19:17:19.989 [main] DEBUG org.apache.http.wire -  << "[0x99][0xc5][\n]"
19:17:19.989 [main] DEBUG org.apache.http.wire -  << "%[0x19][0xa9][0x90]Fpr[0x89]B[\n]"
19:17:19.989 [main] DEBUG org.apache.http.wire -  << "[0xd2]X*R[0xb6]0F[0xd4][0x85][0xa0][0xac]G-S[0x11]Y[0x94][0x90][0xa9][0xc8]^4F[0xe4]QB[0xda]H[0xf1]""[0xe3][0x12]2[0x15][0xc5]1[0x88]2[0x10]G[0x4][0xe1]of[0x98][0xa1][0x8d][0x8b]Q+h[0x11]y[0x98][0x14][0xdf] [\r][0x83][0x11][0xd2]FB[0xd0]"[0x8d][0x8d][0x11]2[0x15]9h[0x91][0x86][0xb8][0xc8][0xb]Z[0x13]Js[0x9f][0x9][0xc1][0xdc]G rM[0x11][0xf9][0x86]</P:[0x92]ffJ|[0xb2]&!FM)M[0xf5][0xa6][0x88][0xa8][0x9][0xc8][0xcf][0xc9],/J,[0xc9][0xc0][0xa8][0x9f][0x83]R[0xb]JS2[0x13][0xf3]R[0x12]S[0x15][0xf2]R[0x8b][0x93]3K[0xf3]J[0x14]R+[0x92]S[0xb]JJ[0x8b]2[0x15]R[0xf2]s[0xf2][0x8b]R[0x15]RKs[0x15][0x8a]S[0xb]K3[0xf5][0x90][0x13][0x8f])"[0x3][0xf8]&&g[0xe4]g[0xa7]b[0x18][0x1f]X[0x9a]X[0x9c][0xa9][0x90]V[0x9a][0x9e][0xa8][0x90][0x97][0x9f][0xa7]PX[0x9a][0x9f][0xa2][0x90][0x99][[0x90][0x9a][0x92]Y[0xa2]P[0x96][0x9a][0x93]Y[0x82]j [0xa5]i[0x81][0xd2][0xa1]*3[0xa4][0x11]&Hb"[0xb5][0x83]if[0x86][0x9a][0x18][0xf0][0x8f][0xc1][0x9b]Q:bcf[0x86][0xa8][0x8b] [0xe][0xc6][0x88][0x2][0x2][0xd9][0xc7][0x9c][0xd2][0xec]c[0x8e][0xf0]0[0x99].[0xa0][0xb4][0x5]`[0x8e]H[0x87][0xe4][0xb9][0x0]iP[0x80]L[0x3]([\r][0x3][0xb]D^%[0xd3][0x5][0x4][0xc3][0x0]9[0xe7]R[0xda]w6#[0xdc]wF[0xb1][0x8e]R[0xdf][0x11][0xee]e"YgNi[0x1f][0xcf][0x1c][0xa9][0x8f]GVl[0x98][0x1b]P[0x98][0x1e][0xcc][\r]([0xcc][0x13][0xe6]H[0xfd]F2[0xbd]@a[0x9c][0x99][0x1b][0x90][0x92]"[0xcd][0x91][0xba][0x92][0xe4][0xb9][0x97][0xd2]^[0xa5]9R[0xaf][0x12][0xc7][0xfc][0x1d][0xfe][0xe9]IsCD[0x85]M[0xa6][0x1][0x88][0x10][0xc3]a[0x0]r*G[0xea][0xf3][0x91][0x19]b[0x4][0xab][0xe]d[0xeb][0x8c][0x10]I[0x1a][0x87][0xe3][0x8][0x4][0xf]RG[0xf][0x87][0x1]([0xd6]Q[0x9a][0xfc][0x8c][0x10][0x81][0x89]#x[0x90][0xad]CZV[0x80]C5[0xfe]j[0xd4][0x1c][0xa9][0xc3][0x84][0xc3][0x0][0x14][0xeb]([0xf5][0x9d]1I[0xbe]C[0xea]r[0xe0]p[0x1c][0x1][0xdf]![0xf5].p[0x18][0x80][0xec];[0xa4]>[0x1][0xa1][0xbe][0x8][0xf1][0xed]as[0x13][0x84][0x97][0x9][0x99][0x8a][0xe2][0x18]D*'[0xa4][0x8d][0x4][0xc7] M[0xdf][0xe3]H[0xcc][0x4]r[0x3]R[0xa7][0x3][0x87][0x1][0xc8][0x9e]@[0x9a]\[0xc7][0xa1][0x9a][0x90]u[0x4][0xcb]&[0x14][0xeb][0x10]A[0x8d]#[0xba][0x9][0xa4][0x17]SDC[0x9e]L[0xf7]"b[\r][0x87][0x1][0xc8][0xee]E[0x9a]`[0xa6][0xc2]h[0x9a]9F'[0x80][0xc4]6[0xb5]9R[0x1f][0x80][0xbc][0xf0]C[0x9a]Xv+-[0xca][0xcb][0x4]-[0xdd][0xc2]p[0x4]\F[0xc1]+[0xb5] [0xb1]([0x11]%D(-`[0xcc](M[0x2][0x94][0xf6]+[0xcc])[0x9d][0xb2]5[0xa7]t[0xca][0xd6][0x1c][0xa9]g[0x3][0xf]k[0x92]b[0x81][0xd2][0x19]WssD4[0xba][0x15][0x95]fb[0x8e]/"[0xc7]9[0xa5][0xdd] s[0xa4][0xe9]YB[0xb6][0x1][0x0][0x0][0x0][0xff][0xff]"
19:17:19.989 [main] DEBUG org.apache.http.wire -  << "[\r][\n]"
19:17:19.989 [main] DEBUG org.apache.http.wire -  << "69B[\r][\n]"
19:17:19.989 [main] DEBUG org.apache.http.wire -  << "227G[0xe4]P[0xec][0x8a][0xd3][0xf3][0xf3]S[0x14]@[0xe5]DFjbNI[0x6][0xb2]K)[0xed]o[0x99][ F5[0xc9][0xcb]`[0x94]N[0xec][0x9a]S:[0xb1]k[0x8e]4[0xb1]K[0xa6][0x17][0x10]E:[0x99][0x6] [0x12][0x17][0x99][0x6]PZFX [0xaa][0x9][0xf2]\[0x80]4L[0xa6][0x1][0x94]&$[0xc2][0x1d]aP[0x16][0x80]8[0xe][0xdb]bis[0xa4]Idj[0xd4]][0x94]N)[0x9b][R[0x9a][0xac][0x8]O)#[0x17][0x5]H={[0xaa]x[0x9f][0xe2][0x14][0x85]([0xd6] [0x91][0x86]Q[0xe0][0xe3][0x8f]O[0xb][0x3][\n]"
19:17:19.989 [main] DEBUG org.apache.http.wire -  << "[0xc7][0xd3],([0x1d][0xbd][0xb0]@[0xea][0xfa][0xc3]f_[0xd1][0x17][0xf0][0xc3][0xc4][0x11][0xd3]O[0x16]H[0xdd]uwG_O?w[0x92]=[0x8e][0x8]z[0xc7][0xe4][0xe4][0xd4][0xe2][0xe2][0xfc][0xa2]L,[0xa3][0x9f]%[0xf9][\n]"
19:17:19.989 [main] DEBUG org.apache.http.wire -  << "[0xa9]y[0x19][0x89]y[0xc9][0xa9][\n]"
19:17:19.989 [main] DEBUG org.apache.http.wire -  << "[0x89][0x5][0x5][0xa9][0x89]E &R[0x8a][0xb0]0D[0x4] [0x15]R[0x84][0x5][0xa5][0x3][0xb][0x16]H[0x3][0xb]Tq[0xf][0xa2][0x1f]M[0x15][0xe3][0x10][0xd9][0x95][0xb2]PG[0x94][0xe5][0x14][0x99]c[0x84](P)2[0x7]i[0xf][\n]"
19:17:19.989 [main] DEBUG org.apache.http.wire -  << "y[0xf9][0x90][0xd2])z[0xb]J[0xc7]W,[0xc])-J([0x9d][0x9c][0xb7]@[0x9a][0x9c][0xa7](2[0x90][0xc6]~[0xc8][0x8b][0xc][0xa4][0xb1][0x1f][0xca][0x1c]B[0xa5][0xd4]N[0xe9][0x9a][0x1][0xb][0xc2][0xa3]K[0x4][0xaa][0x9][0xc2][0x8b][0xe][0x8][0x19]@i[0xea]BZo[0x80]#R[0x91]KeJ[0x7][0xc8],[0x90][0x6][0xc8](J[0x2]Hs[0xf9]8[0x9c]M [0xe0][0x90][0x86][0xce](s[0x8][0xa2][0xbe]#[0xd3]![0x94][0xc6][0xa0][0x9][0xa2][0xa6]$[0xcf][0x5][0x94][0x8e][0xb]Z[0x10][0x1e][0x17]$[0x10][0x19][0x18][0x9b]tHmuP[0xba][0x80][0xc1][0xc2][0x4]Q[0xa4][0x90][0x19][0x88][0x88]n[0x14]E[0xe9][0x9]i|[0x93]L[0x87]P[0x9a] M(M[0x90][0x94].[0xc5][0xb0]@[0x1a]V%g[0xe7][0xa9][0x5][0xd2]J[0xc][0xf2][0xc2][0x10]i[0xa0][0x95]L[0x3][0x10][0xc9][0x89][0xa2][0xd4][0x80][0xb4]x[0x83]2s[0x10][0xed]:2=[0x84]HUdE[0x9][0xd2][0x92][0xc][0x8a]<[0x82]4[0xc6]K[0x9e]G([0x1d][0xd5][0xb5][0xa0]tT[0xd7][0x2]iT[0x97][0xbc][0xa0]D[0x94]4d[0x6][0x1]"1[0x90][0xe7][0x0]J[0xb][0x8][0xa4]Aa[0xb2][0x1c]@[0xe9][0x90][0xae][0x5][0xd2][0x90].y[0xe]@do[0xf2][0xa2][0x0]iD[0x97]<[0x7] [0xb2]#[0x99][0xe]@[0xc4]!Y[0xe][0xa0]t[0xe8][0xd5][0x2]i[0xe8][0x95]<[0x7]P[0xb8]4[0xc2][0xc2][0x82][0xd2]8DZ[0xac]C[0x9e][0xf]([0x8c][0x2]JW[0xef]X [\r]Z[0x92][0xe5][0x1]J[0x7][0x19]-[0x90][0x6][0x19][0xc9]s[0x0][0xa2] K[0xce][0xcf]+[0xc9][0xcf][0xd0][0x85][0xee]E[0xc4]6[0xe2][0xe4][0x96]X[0x9c][0x91][0x99][0x9f][0x97][0x98][0x94][0x93][0x8a][0xdc][0xa3][0xb1]D[0xe4]$[0xc2]f`[0xaa]@[0x1a]:C[0xda][0x81]BV[0x9e][0xb4][0xa4]t[0xc8][0xcf][0x92][0xd2][0xf5]F[0x96]Hc[0x86]dz[0x1][0x11]#d[0x1a][0x80][0xc8][0x14]8f|[0xf1]Oq["[0x8d][0x1b][0xe2]0[0x0])[0xf6]-[0x91]F[0xf5]p[0xa8]&d[0x1d]b[0x1c][0xf][0x87][0x1]([0xd6]![0xca][0x1c][0x1c][0xaa][0x9]Y[0x87][0xa8][0xfb]q[0x18][0x80]b[0x1d]"m[0x93][0x17][0x1b][0x94][0x8e]]YR:ve[0x89]4[0x90]H[0x9e][0x17][0x90][0x6][0xbf][0xc8]4[0x0][0x11][0xc3]d[0x1a]@aMe[0x89]4L[0x85]#[0xd2][0x9][0xa4][0x1a][0xa4]a*[0x1c][0x6] [0xa7][0x1a][0xa4]}-[0xe4]y[0x98][0xd2]A"K[0xa4]A"[0x1c][0xee]%[0xe0]a[0xa4]3]p[0x18][0x80][0xec]a[0x8c][0x13]WH[0x1c]}[0xb0][0xa4]t0[0xca][0xd2][0x18][0x91]Qq[0xb8][0x97][0x90][0x87][0x9][0x16][0x9b][0xc8][0x1e]F[0x1a][0xf0]![0xcf]:[0xa4][0x1][0x1f][0x1c][0x6][0xa0]XGi[0x6][0xa0]tp[0xc6][0x12]i)[0x1a]yI[0x9a][0xd2]Q[0x19]KJ[0xf7][0xb7]XR:[0xa8]b[0x89][0xb4][0xd4][0x8c][0xbc]0[0xa0]tP[0xc4][0x92][0xd2][0xad],[0x96]H[0xa3]!dz[0x81][0xd2][0xe6][0x9][0xd2][0x8a]6[0xf2]\@[0xe9][0xf0][0x83]%[0xa5][0xc3][0xf][0x96][0x94][0xee]5[0xb1]4%X[0xd6][0x10]([0xac][0x90][0xc6][0x82][0x88](=[0x90][0x86]K[0xc8][0xc]rD[0xa3][0x8b]L[0x3](M5H[0xbb]s[0xa8][0xb7][0xf8][0xd4][0x12]i[0x14][0x85][0x90][0xa9][0xc8][0xa5]1[0xd2][0xe0][0x9]!m[0xc4][0xaf][0x84][0xb5][0xa4][0xf4]X[0x12]KJ[0x17][0xc9]Y"[\r][0xa9][0x90][0x17][0xcd][0x94].[0x9c][0xb3]DZ8G[0xa6][0xb][0x10]9[0x8b]<[0x3](]Qg[0x89]4[0xac][0xe3][0x9c][0x98][0x92][Z[0xac][0x10][0x90]Z[0x96]Z[0x94][0x9a][0x93][0x83][0xd1]&[0xf2](MK[0xcb]I-(MKCN]H[0xc3]:N[0xa5][0xc9][0xd9]I[0xa9][0x89][0x98][0xe7][0xfd][0x4][0xe7]T[0x96]d[0x80][0x8e]2D[0xd1][0x88]hf[0xbb][0xa7][0xe6][0x17][0xa5][0xa7]*[0x84][0xa7]&[0x16][0xe7][0xa4]b[0x1e][0xb][0x15][0x92]Q[0x9a][0x97][0x92]Z[0x94][0x94]Y[0x84][0xbc][0x1d][0xdb][0x92][0xd2][0x95]t[0x96]H[0xe3]9d[0x86]>[0xa2][0x15]G[0x9e][0x1][0x94][0xae]c[0xb3]D[0x1a][0xd1]![0xd3][0x5][0x94]6[0xd5][0x90][0x86]t[0xc8]t[0x1][0xa2][0x87]K[0xa6][0x1][0x94][0x96][0xd6]H#B[0x14][0x9d]Sf[0x89]4 D[0x89]A[0xc6][0x6][0x14].&36@[0xda][0xc9][0x16][0x90]Z[0x94]Y[0x90][0x91]Z[0x94][0x98][0xa3][0x80][0xa3][0xf2][0xf5][0xcd]/-N[0xd5]Q[0xf0]N[0xad]L[0xca]O,J[0xd1]Q[0xf0]HML)[0xc8][0xc8][0xcf]KUp[\r]qF[0xe4]Yc[0x3][\n]"
19:17:19.989 [main] DEBUG org.apache.http.wire -  << "[0xc7][0x9b][0x8c][\r]([0xdc][0xdf]fl@[0xe1][0x80][0x95][0xb1][0x81][0x1]e[0xc9][0xcd][0xd8][0x0][0xe9][0xa8][0x14]r[0xd2][0xab][0xb1][0x1][0xd2][0x80][0x15][0x99][0x6] [0xe]i [0xd3][0x0]D[0xa6][0xc7][0x91]$[0xf0]6[0xe8][0x8c][\r][0x8]oyCN5H[0x87][0x9e][0x90][0xe9]^[0xca][0xaa]Ic[0x3][0xa4]A%[0xf2]<[0x8c]4[0xa8][0x84][0xc3][0x0]d[0xf]#-{"[0xcf][0xc3]H[0xe7][0xf8][0xa6][0xe1][0xdc][0x7][0x82]b#ee[0xa0][0xb1][0x1][0x85]c@[0xc6][0x6][0x14][0x8e][0x1][0x19][0x1b] [0x8d][0x1]Q[0xb3][0xc8]B[0x1a][0x19]"/.[0x8c][0x11][0x99][0x85]L[0x3]([0xeb][0x8e][0x18][0x1b]P8[0xda]dl[0x80][0xb4][0xf4][0x89]L/P[0xd6][0xd0]160[0xa6]4[0x7]S[0xb8][0xe6][0xc9][0xd8][0x0]i[0x4][0x8b][0xbc]0[0xa0]p[0xc5][0x91][0xb1][0x1][0x85]cR[0xc6][0x6][0x14][0xe])[0x19][0x1b]P8[0xa4]dl[0x80][0xb4]N[0x87][0xbc]@[0xa4]p[0xa1][0x8e][0xb1][0x1][0x85]CJ[0xc6][0x6]H[0x87][0x97][0x90][0xe9][0x5]J[0x93]2[0xd2]h[0x8]y.[0xa0]pH[0xc9][0xd8][0x80][0xc2][0x11][0x16]c[0x3][\n]"
19:17:19.989 [main] DEBUG org.apache.http.wire -  << "[0x87][0x94][0x8c][\r][0x90][0xe][0x8a]%/[0xc][0x90][0xc6]B[0xc8]4[0x0][0xb1]`[0x9d]L[0x3][0x10][0xfd]W2[\r][0xa0][0xb4]b[0xa1]p[0x4][0xc5][0xd8][0x80][0xc2][0xf1][0xb]c[0x3][0xa4][0xcd][0x80][0xe4][0x85][0x1][0xd2][0xf0][0x3][0x8e]v[0x15][0x81][0x96]([0xd2][0xf0][0x3][0xe][0x3][0x90][0x9b]IHC[0x6]8T[0x13][0xb2][0xe]Q[0x97][0xe3]0[0x0][0xc5]:D[0xab][0x8c][0x9c][0x8d][0xa4][0xc6][0x6][0x16][0x88][0xb2][0x86]<[0x3](\2bl[0x80][0xb4]M[0x8d][0xbc][0x18][0xa6]p|[0xc0][0xd8][0x0]i[0xa7][0x18][0x99].@[0x4]"Y[0x6][0x18][0x12][0xee][0x8d]#E[0xba]![0xa5]]\C[0xc2]]\[0x14][0xeb]([0xf5][0x1d][0x85][0x1b][0xa5][0x8c][\r][0x91][0xe]P!/|[0x91]z[0x93].[0x9e][0xce][0xfe]N[0x8e][\n]"
19:17:19.989 [main] DEBUG org.apache.http.wire -  << "[0x91][0x8e][0x1e][0x18][0xc3][0x8f][0x8e][0x1][0x9e][\n]"
19:17:19.989 [main] DEBUG org.apache.http.wire -  << "[0xe1][0xfe]A[0xde][0xc1][0xc8][0xbe][0xa7]p[0xb7][0x8f][0xb1]![0xd2]n[0x1f][0x92][0xed][0xa6]4[0xe4][0x91]z[0xa5][0xe4][0x5][0x1c][0x85][0xfb]s[0x8c][\r][0x91][0xfa][0x99]d[0xba][0x80][0xc2][0xd1][0x14]C[0xa4][0x95][\n]"
19:17:19.989 [main] DEBUG org.apache.http.wire -  << "d[0xba][0x80][0xc2][0xae][0x89]![0xe1][0xfd]0x[0xf7]2[0x18][0x1b][0x12][0xee][0xf9]"[0xa7]X[0xa4][0xb5][0x7][0xbe][0xa9][0xf9][0xe5]X[0x8e][0xe6][0xf3]M[0xac][0xc8][0xcc]M[0x5][0x1d][0x93][0xa7][0x90][0x9b][0x99]WZ[0xac][0x90][0x99][0x2]>D/[0xb3][0xa0]81W[0xa1],?[0xa7][0xb4][0xa0]$[0xb1]$5W[0xa1]8373'[0xb3][0xb0]4[0x15][0xe9]0=cCJ{[0x8b][0x86][0xf8]z[0x8b][0x0][0x0][0x0][0x0][0xff][0xff]"
19:17:19.989 [main] DEBUG org.apache.http.wire -  << "[\r][\n]"
19:17:19.990 [main] DEBUG org.apache.http.wire -  << "E66[\r][\n]"
19:17:19.990 [main] DEBUG org.apache.http.wire -  << "[0x82][0xdc][0x3][0x85][0xec][0x1f][0xa4][0xa5][0x5][0xe4]E [0xe1][0x8e][0x19][0x8a]u[0x94]&8[0xc2][0x13][0xfb][0xc8][0xd6]Q[0xda][0xe1]1[0xa4]p[0x12][0xde][0xd8][0x90][0xd2][0x1e][0x93]![0xe1]Y|[0x14][0xf]S[0x9a][0x9d][0x90]&[0x8b]q[0xa4][0x7]d[0xeb]([0xed][0x89][0x18]"[0xf5]DH-[0xbf])<[0xea][0xc4][0xd8][0x10]i[0x96][0x17][0x87]W[0x9][0x94][0x1c][0x14][0x1e]ubl[0x88]4[0xb5]K[0xa6][0xb]([0xec][0xc4][0x18][0x12][0x9e][0x6]F[0x8e]n[0xa4][0xe][0x7][0x8e][0xe6]3[0xfe][0xf6][0xb7]!R[0x87][0x3][0x87][0x1][0xc8][0xd6]Q[0xda][0xbb]0$[0xa9]waHi[0xef][0xc2][0x10]i[0x85]:1[0xbe]C[0xf4].p[0xa8]&[0x10][0x98]H[0xc7]p[0xe0]0[0x0]90[0x91][0xe6]*q[0xa8]&`[0x1d]R_[0x4][0x87][0x1]([0xd6]!R&[0xe][0xd5][0x84][0xac]Ct[0xaf]q[0x18][0x80]b[0x1d][0xa2]^[0xa1][0xe0][0x6][0x1c]cC[0xa4][0xde][\n]"
19:17:19.990 [main] DEBUG org.apache.http.wire -  << "[0xe][[0x9]9[0x1b]Q[0x0][0xe3]0[0x0][0xc9][0xd9]FH][0x13][0x1c][0xaa][0xf1][g[0x84][0xb4][0x4][0x1d][0x87][0x1]([0xd6]Q[0x18])FH[0x9d]#b[0xac]CD[\n]"
19:17:19.990 [main] DEBUG org.apache.http.wire -  << "[0xe][0xd5][0x84]|G0[0x8b][0xa0][0xf8][0xe][0xd1][0xa0]'[0xcf]:[0xa4][0x99]=[0x1c][0x6] [G[0xe1]Rtc#[0xa4][0x8e][0x17]1[0xd6]![0x86].[0xc8][0xaa]+[0x8c][0x90][0xa6][0xf1]pXG 6[0x90][0xfa]Z8[0xc]@[0xe][0x1e][0xa4][0x95][0xe4]8T[0x13][0xb0][0xe][0xa9]{[0x85][0xc3][0x0][0x14][0xeb][0x10]I;91;[0xd5][0x8][0xa3][0xff][0x9][0x12]U[0xc8]I,[0xc8]D[0xba][0xf3][0xd4][0xd8][0x8]i[0xaa][0x8f][0xac][0x11][0x1a]#[0xa4][0xb5][0xde]d[0x1a][0x80](0[0xc8][0x8b]W[0xa4][0xe]Ppvf^rb[0x11][0xe6]y[0xde]0[0x9][0x85][0x92][0xd4][0xa2][0xa4][0xc4][0xcc]l[0x85][0xd2][0xbc][0x92][0xd2]l[0x85][0xdc][0xd4][0xa2][0xc4][0xf2][0xc4][0x12][0x85][0xf2][0xc4][0xac]D[0xa4][0x93][0xbe][0x8c][0x8d][0x8][0xf7][0x89][0xf0]7[0x8d][0x8c]([0x9d][0xb6]3[0xa2][0xb4][0x1b]dD[0xb8][0x1b]D[0xc8][0xb][0x14]G[0xc][0xa2]<"/f)[0x9d]43[0xa2][0xb4]sg[0x84][0xb4][0xcf]_[0x1]#G[0x11][0x8]?J[0xe7][0xcb][0x8c][0x8]w[0xf5][0x8][0xb9][0x0][0x11][0x1][0xb0][0xc][0x80][0xe1][0x9][0x98][0x4][0xb1]9[0x3]i[0xe][0x8e][0x9c][0xf3][0x96][0x8c][0x8d][0x8]wI[0xd3]Aw8[0xc3][0xf7][0xa9][0x19][0x1b]Q[0xda][0x7]5B[0xea]B[0xc2][0xbc]Ky8 [0xaa]#[0xea][0x99][0x89]h/P[0xcf]LD[0x13][0x82]zf"J[0x6][0xea][0x99][0x89]H[0xab][0x5][0xc5][0xa6][0x18][0xd1]C [0xa5]S:'iD[0xe1]6}c#[0xa4]IM[0x1c][0xb5]5t[0xf1]2r[0xa5]M[0xe1][0xda]xc#[0xa4][0xf1][0x7]26[0xa4][0x1a][0x1b]Q:[0x86]`D[0xe9]D[0xa8][0x11][0xd2] [0x4]Y>@[0x1a][0x83] >[0xdc][0x91][0xc6][0x1d]H[0xd0][0x84]ha[0x91][0xa0][0x9][0xd1][0x8b]#[0xaf][0xe]D[0x9a]$%/|[0x10][0xf9][0x9f]L[0x7] 2;Y[0xe][0xa0]p[0x89][0xb7][0xb1][0x11][0xd2]([0x8]y[0xe] [0x18]o[0x4][0x1a][0xe2][0x84][0xc7]E[0x90][0xf3]4[0x85][0xab][0xb2][0x8d][0x8d][0x90][0xee][0xb2]$[0xcf][0xbf][0x88][0x92][0x94][0xbc][0x18]G[0x1a])![0xcb][0x1][0x14].[0xea]66B[0x9a][0xb4]u[0xcd]+I-*I[0xcc][0xcc][0xcb]M[0xcd][0xc3]<F[0xb8] ?'39U!?--39[0xb5][0x8]9[0x16],[0x11][0xf9][0xce]9?[0xb7][0xa0][0xb4]$[0xb5]H!8?[0xad][0xa4][0x1c][[0xef][0x0][0xcb][0x15]s[0xc6]FH[0x13][0xbf][0x1][0xa5]I9[0x99][0xc9][\n]"
19:17:19.990 [main] DEBUG org.apache.http.wire -  << "[0xa0][0xdb][0x88][0x92]1[0x97][0xf7]'g[0xa4][0xe6][0xa2]\OglD[0xf8],Q[0x2][0xf5][0x19][0xd2]0[0xc][0x99]q[0x88][0xc8][0xb5][0xce] [0xf7]%'[0xe6]`^[0xad]W[0x9c][0x9a]\[0x94]Z[0x92]XT[0x89][0x12]r[0x14]&[0x1f]c[0xa4]1[0x1d][0x97][0xd4][0xe2][0xcc]t[0xcc][0xcb][0x15][0x93]J[0x8b]3[0xf3]R[0x8b][0x8b]s[0x13][0xf3][0x90]l6F[0x1a][0xcb][0xa1]V[0xb3][0xc2][0x18]i![0xb9][i^[0x8a]nPbfqf[0x1e][0xe6][0xed]Hy[0xa5]E[0xc5]H[0xc7],[0x18][0x1b]#-[0x15][0xf]([0xca][0xcc]+[0xc1][0xa6])-1[0xb9][0x4]t[0xd5]ty~Q6J[0xf2]3F[0x1a]'r,*)VH[0xcc]KQp.JL+[0xc1][0x8c][0x84][0xd4][0xbc][0xf4][0xcc][0xbc]T4[0xed][0xd4]o\[0x1a]#-[0x1c][0xf][0xcf][0xcc]K[0x5];)[0xb8] [0xb3]([0x13][0x8b][0x9b]r[0x12][0xcb]+[0xd1]\[0x84]HO![0xa9]9[0xa9][0xc9][0xf9][0xb9][0xb9][0xa5]y[0x99][0xc9][0x89][0xa0][0x19]5L?%[0x83][0x8e][0xae]@3[0x0][0x91][0xac][0xa8][0x16][0xb9]H[0xe3]Ud[0xe5][0x12]c[0xa4][0xb5][0x3][0xa1]%[0x99]9[0x99]%[0xd8][0xce][0xe1]HM[0xce][0xcf][0xcb]G[0xcb][0xe1][0xc6]HcWdZ[0x8d]([0xa0][0xa8][0x17][0x1e][0x88]d[0xe3][0x97]Z^\[0x90]X[0x90]Z[0x84][0x19]9I[0xa5][0x99]9)[0xa8][0x91][0x83]44[0xe6][0x9a][0x93][0x9a]\R[0x94][0x99][0x9c][0x98][0xa3][0xa0][0xaf][0x0][0xe1][0xe4][0xe7]e&+[0xf8]&[0xe6][0x95][0x82][0xd2]{i[0x11][0xb6][0x9c][0x90][0x9c][0x91][0x8a][0xb4][0xab][0xca][0xd8][0x18]i[0xa8][0x8c]z[0xbe]C[0xa4] [0xf7][0xfc][0xb2][0xd4]"p[0x95][0xa0][0xe0][0x98][0x92][0x9b][0x99][0x97]Y\R[0x4]N[0x8a][0x18][0xfd][0x86][0xdc][0xd4][0xe4][0x8c][0xc4][0xbc][0xcc]d[0xe4]r[0x6]i`[0xcd][0x13]T[0xbd][0xe4][0x81][0xb5]&[0xe6]([0x84][0x14]%[0xa6]@2[0x86]KjYjN~[0x1][0xd6]J[0xa7]([0x15]t[0xcb]\f>[0xc8]V[0x14]c[0x11][0xdb][0x1a][0xa8][0xe6]gJWH[0x18]S[0xba]B[0xc2][0x18]i|[0x8f][0xbc][0x84]N[0xe9][\n]"
19:17:19.990 [main] DEBUG org.apache.http.wire -  << "[0x9]c[\n]"
19:17:19.990 [main] DEBUG org.apache.http.wire -  << "[0x8f][0x1c]56[0xa6]to[0x80]1[0xd2][0x8]#ya@[0xe9]p[0xa2]1[0xd2][0xe6][0x2]2][0x80]h[0x4][0x93]i[0x0][0xa2][0xbc]"[0xd3][0x0]D[0xe1]D[0xa6][0x1][0x88][0xd1][0x11]2[\r][0xa0][0xb0]+d[0x8c]t[0xea]E^[0xbe][0x2][0xe]G[0xe4][0xe5][0x97][0x80][0xaf][0x8f][0xc0]rj[0xbe][0xb1]1[0xa5][0xfb][0x8][0x8c])[0x1d][0x12]5F[0x1a][0x12][0xc5][0x1c][0xd1]T@.[0xcf][0x90][0xc6]>)?[0xf1][0xdb][0xd8][0x18]i[0xff][0x1]![0x8b][0x11])[0x5]S%[0x8a][0xb][0x11])[0x82]*.D[0xa4][0xf][0xaa][0x18][0x87]h2Q[0xc5]8D[0xf5]G[\r][0xe3][0x90][0xc6]qq$d[0xfc]][0x14]c[0xa4]q\[0xaa]UwH#[0xbd]8[0x86]X[0xf0]w[0xd5][0x8d][0x91]V[0x1b][0xe1]0[0x0]9[0xfd]P[0xba][0x19][0xc3][0x98][0xc2][0xf3]=[0x8c][0x8d][0x91]vs`&u[0x94][0xdc][0x88]t[0x90][0x7]![0x95][0x88][0x84]B@%[0xd2][0xa8])[0xd5][0xa2][0x10]i[0x1c][0x94]zf"*/[0xea][0x99][0x89][0xa8][0xcf][0xc8][0x9a][0xb7]4FZ[0xb9]E[0xa6][0x1][0x88][0xf2][0x81][0xbc][0x1c][0x88]4tJ[0xd1]vmc[0xa4][0xd3]Eq[0xe4][0x1a][0x2][0xd9][0xe]i[0x15][0x15][0xe][0x3][0x90][0xb3][0x1d][0x85][0xe7]V[0x18][0x1b]#-[0xc3]"/[0xe4][0x90][0xc6]$I[0xbc][0x4][0xca][0xd8][0x18]i8[0x92]t[0xbd][0x88].[0x2][0x99][0xe]G[0xe4][0x4]2[\r]@${[0x12][0xd7][0x1b][0x1a]#[0xad][0xee]"Y+[0xa2][0xa2]&Y+"[0x97][0x90][0xac][0x15]Q[0x10][0x92][0xaa][0x15]i[0x8][0x94]d[0xad][0x88][0x8d]Y8[0xf2][0x2][0x81][0xcc][0x84]4|[0x8a][0xc3][0x0][0xe4][0xcc][0x84]4[0xd0][0x89]C5![0xeb][0x10][0xad]-[0x1c][0x6][0xa0]X[0x87]h#[0xe1]PM[0xc8]:D|[0xe2]0[0x0][0xc9]:[0x13][0xa4][0xb1]D[0x1c][0xaa][0xf1][g[0x82]4[0xa6][0x88][0xc3][0x0][0x14][0xeb][0x10][0xd9][0xb][0x87]jB[0xd6]![0xb2][0x17][0xe][0x3]P[0xac]Cd[0xb][0xb2]r[0xb3][0x9][0xd2]Y[0xe]8[0xac]#[0xe4]^D[0x16][0xc1]a[0x0][0xb2]{[0x91][0x86][0xcb][0xc8]s/[0xd2][0xa8][0x19][0x89][0xd9][0xca][0xc4][0x10][0x11][0xb2]d[0xda][0x8d][0x8]lJVH[0x9a] [0x8d][0x95]Qf[0xe]"#[0x90][0xe7]![0xa4][0x5]f[0x14]9[0x4]i8[0x8c]2s[0x10][0x95][0x1b][0x8e][0xb4]D 1"[\r]v[0xe1]0[0x0]91"[0x8d]l[0xe1]PM[0xc8]:D[0x82][0xc0]a[0x0][0x8a]u[0x88][0xe8][0xc2][0xa1][0x9a][0x90]u$e5[0xa4][0x11]#[0xf2][0xac]C[0x1a]1[0xc2]a[0x0][0xb2][0xef][0x90][0xe][0x89][0xc0][0xa1][0x9a][0x80][0xef][0x90][0xb6][0x5][0xe1]0[0x0][0xc5]:D-[0x2]I[0xfb][0x98][0x13]2[0xf8]{[0x9f]&HC1[0xa0]u[0x15]X.lC[0xb6][0x8f][0xd2]Q[0x13][0x13][0xa4]Q[0x13][0x88][0x83]1[0x6][0x9a][0x9][0xb8][0x97][0xa4]]B&[0x94].[0x1d]3![0xbc]t[0xc]9x[0x90][0xba][0xf2][0xe4][0xf9][0xe][0xa9][0xdf][0x8e][0xc3][0x0][0x14][0xeb][0x10][0x19][0xf][0x87]j[0x2][0x81][0x89][0xd4]k&[0xd3][0x0]Df[0xc6]a[0x0][0xb2]{[0x91][0xba][0xb4]8T[0x13]p/[0xe1]e>([0xd6][0xa1]g[0xe]R[0xd3][0x1a][0xd2][0x9a][0x1c]ju[0x97]M[0x90][0xfa][0x9a][0xe4][0x85][0x1][0xa5][0x7][0x1e][0x98][0x10]^[0xe8]C[0xa0][0x88]"[0xbc][0xe8][0x7]9[0x16][0x90][0xba][0xb4]T[0xb]D[0xa4][0xb5]<d[0x6]"[0xa5]9[0x7][0xa9][0xeb]M=_[0x11][0xcc]L[0x4][0xb2][0x7][0xd2][0xa6]([0xf2][0x82][0x5][0xa9];O5_!u[0xf3][0xc9]t[0x14][0xa2]9D[0xa6][0x1][0x88][0xce][0x8][0xf5]|[0x85]hE[0xe3][0xa8][0xa6][0x9]d"[0xa4]A[0x0]2}[0x85]H[0xc2][0xe4],.2A[0xda][0xf4]E[0xa6][0x3][0x10][0xed]0[0xf2][0xc]@[0x1a][0x1b] [0xd3][0x0][0xc4][0x8][0x1][0x99][0x6]P[0x9a][0xb4][0x90][0x16]X[0x91][0x97][0xc]([0x1d]u0AZ][0x85][0xc3][0x5][0xc8][0x85]1[0xd2]r([0x1c][0xaa][0x9]$[[0xa4]#2q[0x18][0x80]d[0x9d])[0xd2][0xa8][0x3]Y[0x11]d[0x8a]4[0xea]@[0xa6][0x1][0x88][0x18][0xc6][0xe1]^[0xfc][0x1e]6EZ[0xbe][0xe4][0x9c][0x91]X[0x94][0x9b][0x9a][0x93][0x9a][0x8f][0xb9][0x10]+4/%U!?991[0x15][0xb4][0x92]G![0xb1](9#[0xb3]$5[0xb9]$[0x1f]yG[0xbe])[0xd2]b&2[0x1d]Cp[0x88][0x89][0x90]o[0x10][0x85][0x6][0x99][0xe1]Ia[0x9b][0xca][0x14]i[0xa4][0x85][\n]"
19:17:19.990 [main] DEBUG org.apache.http.wire -  << "[0xb3]o[0xa6][0x14]^[0x13]ll[0x8a][0xb4][0xf4][0x89][0x9c]b[0xd4][0x94][0xd2][0xcd]{[0xa6]HC9[0xe4]%[\n]"
19:17:19.990 [main] DEBUG org.apache.http.wire -  << "[0xa4][0x1][0x1d]2[\r]@[0xa4]*[0x8a][0xa6]?L[0x91][0xe]a[0xa1][0xd0] JS[0x19][0xd2][0xb2])[0xf2][0xd2]9[0xd2][0xfd]7[0xe4][0x5]*[0xd2][0xa0][0x12][0x99][0x6] *72[\r][0xa0][0xb4][0xe8]#<[0x8c]D[0xa0][0xb4]A[0xda][0x13]I[0xfa]V[0x14]S[0xa4]q[0xa9][0x82]bC[0x12][0xfb]n[0xa6]H[0xcb][0xad][0xc8][0xc]>D[0x1a][0xc4]a[0x0]rM[0x87][0xb4]4[\n]"
19:17:19.990 [main] DEBUG org.apache.http.wire -  << "[0x87]j[0x2]a[0x85][0xb4]4[\n]"
19:17:19.990 [main] DEBUG org.apache.http.wire -  << "[0x87][0x1][0xc8][0xd6][0x11][0x1e][0x94]"d[0x1d][0xa2]M[0x9c][0x96][0x99][0x93][0xab][0x90][0x98][0x97][0x98][\r]&0[0xc2]97[0xb5]8;[0xb3][0xa0]4O[0x1]U[0x9d][0x8e]B~QI[0xa9]BFbQi[0xb1]BIjIb[0x81]BJbnAf^z[0xa6][0x2][0xf2]2hSJG[0xc4]LI[0x1a][0x11]3E[0xda][0xad][0x89][0xea]`[0xea]{[0xc][0xd1]][0xc3][0x11]c[0x84][0xe2][0x0][0xd1][0x80][0xc6]a[0x0]r[0x94]#[0x8d][0x9c][0xd1][0xd8]cHCl[0xb4][0xb6][0x89]n[0xa9][0x10]i[0xd1][0x14][0x8e][0xb0]&[0x10]YH7[0x11][0xe1]0[0x0]%[0xb2][0x8][0x16][0x1e][0x84][0xac]#[0x98][0xb8][0x90][0xad]CZ[0x83][0x84][0xc3]q[0x4][0xac]C[0x1a][0xb8][0xc4]a[0x0][0x8a]u[0x88]h[0xc3][0xa1][0x9a][0x90]u[0x4]{[0xcf]([0xd6]![0x1a][0xad]4N[0x8f]H[0xe3][0xa1][0xb4][0xb6][0x89]`[0xfc][0x12][\n]"
19:17:19.990 [main] DEBUG org.apache.http.wire -  << "B[0x82][0x85][0x7][0x1][0x3][0x90][0xd6],[0xd1][0xd8][0xaf]H[Bim[0x13][0xa2][0xc9]Ck[0x9b][0x10]Y[0x80][0x1a][0xdd][0x18][0xa4][0xed][0xa7][0xe4][0xe5](3D[0x1b][0x9e]L[0x3][0x10][0x99][0xc][0x87][0x1][0xc8]Y[0x12]id[0x9c][0xd6][0x1]Mi:G[0x1a]/'[0xc2]cHc[0xdb]4[0xf6][0x18][0xd2]Z1Z[0xdb]D[0xb0][0xb4]%PT [\r][0xb7][0x13][0x13][0x84][0x94][0xd6]}H[0xab][0xd2][0x88][0xb0][0xe]i[0xcc][0x1a][0x87]j[0xd0][0xbc]&h[0xaf][\r][0xe2]$[0x4]S[0xa4]Ai*[0xde]1`[0x8a]tL[0x18]U[0x8d]E[0x14]68[0xbc]H [0x2][0x9]o[0xbc]%d[0x0][0xa2]x[0xa1][0xaa][0xc7][0x8][0x16]:[0x84][0xdc][0x85]Hk4[0xce]DH[0xc3][0xe5]d[0xc6][0x1][0xa5][0x5][0x19][0xd2]p9y.@>w[0xad]([0xb1],5'[0xb5][0x8][0xa3]S[0xe4][0x93][0x98][0x94]_[0x94][0xaa][0x90][0x9c][0x9f]W[0x9c]ZX[0x9a]XRZ[0xa4][0x90][0x97]_\RT[0x9a][0xab]PZ[0xa2]PX[0x9a][0xa9][0x90][0x9a][0x97][0x99][0xab][0x90][0x98][0x9c]\Z[0x9c][0x8][0xba]%,[0xb5][0xb8][0x18][0xe5][0xd8]QS[0xc2][0xab][0xee][0x8][0xc4])[0xe1]1u[0xe4][0x9a][0x8]i[0xfc][0x9b][0xc6])[0x0]i/2[0x99][0xe1][0x8f]H[0xac]8[0xc]@[0xf1][0x18]"[0xbd][0xd0][0xd6]cfH[0xa3][0xf4][0xb4][0xb6][0x9]1[0xa6][0xe5][0x98][0x9c][0x9c]Z\[0x9c]_[0x84]m[0xa3]hI[0xbe]Bj^Fb^r[0xaa]BbAAjb[0x11][0x88][0x89][0x14]6fH[0x9b][0x91]i[0xed]bD[0xd1]K[0x99][0x8b][0x11]u0Y[0x3][0x92]fH[0xbb][0x8e]i[0xed]eD2[0xa5][0xb5]M[0x88]N[0x10][0xad]mBd&[0xf2][0x82][0x9f][0xd2][0x15][0x9b]fH[0xc3][0xfc]d[0xba][0x80][0xd2][0x14][0x84]t[0xba]:[0x99].@[0xd4][0xd6]4[0x8e].[0xa4][0xa5][0xa1]d:[0x15][0x91][0xb2] [0x6][0x90]:~l[0x86]4[0x1][0x0]1[0x1][0xa3][0xaa][0xc4][0xbf][0x18][0xc3][0xc]i[0x2][0x80]L[0x3][0x10][0x9d]Y[0x1c][0xd5][0x5][0xfe][0x8a][0xd4][0x8c][0xf0][0xf8]=r[0x99][0x8a]4[0xdc]N[0xe3][0xd8]E[0x1a][0x9a][0xa7][0xb5]M[0x88][0xa2][0x8c][0xa2][0xd2][0x1b]i[0xe7]4[0x99]Q[0x81](p[0x18][0x80][0x1c][0x15]HkVi[0x1c]@H[0xf3][0x8][0xb4][0xb6][0x9]Q[0x91][0xd2][0xda]&DAIk[0x9b][0x10][0xbd]"Z[0xdb][0x84](z[0x3]R[0x8b][0x8a]3[0x13]1[0x97] [0xf8][0xe7][0xe6]e[0x16]+[0x14][0xa5][0x82][0x1a][0xe6]y)[0x89][0xa9][\n]"
19:17:19.990 [main] DEBUG org.apache.http.wire -  << "[0x99][0xa5]E[0xa9][\n]"
19:17:19.990 [main] DEBUG org.apache.http.wire -  << "y[0x99][0xc5][0x99][0xe0]f{b)[0xe8][0xa6][0x0][0xe8][0xa5][0x1][0xc5][0xc8][0xcb][0x12][0xcc][0xe8]6eb[0x86][0xb4][0xd8][0x98][0xd6][0x1][0x86][0xc8]p![0x89]y[0xe9][0xa9]9[0x89][0x18][0xe5]7[0xb8][0xab]S[0x9a][0xab][0x90][0x92][0x9f][0x93]_[0x94]Z[0xac]P\[0x9a]W[0xa2][0x90][0x99][0xa7][0x90]Z[0x91]Z[0x94][0x9c]Y[0x2]>[0xcb]"5[0x17]%[0xa4][0x90][0x96]?[0xd3][0xd8][0xfd]H[0xb3]=[0xe4][0xd5][0x1e]H[0x9b][0xce][0xc9]4[0x80]n[0xd9][0x8]ij[0x85][0xd6][0xa1][0x8a][0xc8]F[0xb4][0xb6][0x9]Q[0xf3][0xd0][0xda]&DS[0x7]G[0xd5]B[0xa0][0x99]`[0x82][0xc8]*8[0xc]@[0xae][0x9b][0x8][0xcf][0x14][0x11][0xb0][0xe]i[0x89];1[0xd6]!R![0xe][0xd5][0x84][0xac]C[0x94][0xd1]8[0xc]@[0xf1][0x1d][0xdd][0xa2][\r]i[0x1b]:[0x8d][0x13][0x8][0xd2]E[0x1c]4[0xb6][0x9]iy>[0x8e][0xb0]&[0x10]Yt[0x9b][0x93]2C[0x9a][0x93]"[0xaf]xD[0xda][0xcb]@[0xa6]_[0xe9]V[0x16]![0x8d][0xfe][0x92][0xe7]WJ[0xd7]*[0x9b]![\r][0xd2][0x91][0xb5][0xc5][0xdf][0xc]i[0xdd]*[0x8d][0xd3]0[0xd2][0xd5][0xed]d[0x5][0x96]9[0xd2]h[0x1a][0x99][0x6] [0x6][0xc9][0xc8]Y[0x91]h[0x8e][0xb4]b[0x95]L[0x7] [0xca]\[0xb2]b[0xcb][0x1c]i[0x8d]'y.@Z[0x94]IV[0xe6]2G[0x1a][0xae][0xa1]h%[0xa2][0x19][0xe1][0x89]Y[0xe4][0xea][0x3]i[0xf6][0x90],[0x8f][0x9b]!M[\n]"
19:17:19.990 [main] DEBUG org.apache.http.wire -  << "[0x92]i[0x0]"[0xee][0xc8]4[0x0]Q_[0x92]i[0x0][0xa2]\#[0xd3][0x0]D[0x1d]L[0xa6][0x1][0x88][0x16][0x11][0x99][0x6] ZD[0xe4][0x19][0x80]4'I[0xa6][0x1][0x94][0x95][0x1]f[0x16][0x88][0xde]6Y[0x19][0xc8][0x8c][0xd2][0xc3]w[0xcd][0x90][0xe][0xdf][0xa5][0xc2][0x2][0x9]3[0xa4][0xe9]7[0x1a]W[0x0]HW[0xad][0x92][0x17]t[0x84][0xe7][0xe9][0x90][0x8b][0xc][0xa4][0xe9]2[0xf2][0x92][\n]"
19:17:19.990 [main] DEBUG org.apache.http.wire -  << "[0xd2]t[0x19]9[0xd5][0x85][0x19][0xd2][0x8e][0xe][0xda][0x86][0xac]9[0xd2][0x14][0x6]Y^57[0xa0][0xb0]d0[0xa7]t[0xb1][0xbe]9[0xd2](>Y[0x89][0xc3][0x9c][0xd2][0xc5][0xfa][0xe6]H[0xa3][0xf8]d[0xba][0x0]Q>[0xe3]0[0x0])y[0x9a]#-[0xa4][0xa7]B66G[0x1a]U[0xc7]a9[0xfe][0x1e][0x82]9[0xd2][0xa8]:[0xe][0x3][0x90]]o[0x84][0x18]B[0xa7][0xe2][0xb2][0x5]s[0xa4][0x81]uRO.2GZ[0x13]O[0xba]^[\n]"
19:17:19.990 [main] DEBUG org.apache.http.wire -  << "[0xeb]fs[0xa4][0x91]wr[0xca][\n]"
19:17:19.990 [main] DEBUG org.apache.http.wire -  << "s[0xa4]qp[0xf2]Z[0x86][0x84]W[0xb9][0x13][0x88][0xa4][0xa1]q"[0xe2][0x1f][0xe9][0xf2] 2[0xdd][0x8b][0x8]q[0x1a][0x17][0x8e]H[0xd7][0x14][0xe1][0xf0][0x18][0xa1][0x90]A[0x14][0x8e]8[0xc]@[0xce][0x19]H[0xe7]g[0xd2][0xd8]cHc[0xa6][0xe4][0x95][0xfa][0x94][0x8e]d[0x9a]#[0x8d]/[0xe2]pAbq[\n]"
19:17:19.990 [main] DEBUG org.apache.http.wire -  << "r[0xe0][0x10]>5[0x2]E5[0x85][0xcd]Ms[0xa4][0xd5][0xdb][0xc4][0xb9][0xf]i[0xc][0xe][0xa2]A[0xb7][0x10]ct[0x1b][0xff][0xec][0xa4]9[0xd2]([0x1c][0xc4][0x8][0x92][\r]@[0xb4]0![0x6][0xe8]bNI[0x10]r[0x3][0x85]}[0x15]sJ[0x8f][0x9d]4G:v[0x12]G[0x9e]![0x90][0xe9][0x90][0x16][0x8c][0xe3]0[0x0]9[0xa5] [0x8d][0xc4]A[0xc2][0x8c][0xd4]@[0xa7]t[0xd4][0xca][0x1c]i[0xd4][0x8a]L[0x17][0xa0]G;[0xc9]^[0xa0]4[0xd2][0x91]V:[0x93][0xe9][0x5]D[0x3][0x88]L[0x3][0x10]%-[0x99][0x6]PZbPz[0x88][0x88]9[0xd2][0xa2]h[0xf2][0xbc]@[0xe9]H[0x87]9[0xd2]H[0x7][0x8e][0x9c]C [0xeb]![0x9d]+B[0xa6][0x17][0x10]u;[0x99].[0xa0]4!![0x1d]"B[0xa6][0xb](MHH'[0x86][0x90][0xe7][0x2]JG:[0xcc][0x91]Vb[0x93][0xe9][0x2]D[0x1b][0x9f][0xbc]t[0x80]4V[0xe2][0x91]Y[0xa0][0xe0][0x91]_[0x80][0xb5]L[0xcb]M-J[0xce][0xc0]v[0x16][0xb9]9[0xd2][0xf8]:[0x99]^@[0xa4]D2[0xbd][0x80]([0x91][0xc8]t[0x1][0xa9][0x9][0x9][0x0][0x0][0x0][0xff][0xff]"
19:17:19.990 [main] DEBUG org.apache.http.wire -  << "[\r][\n]"
19:17:19.991 [main] DEBUG org.apache.http.wire -  << "4E2[\r][\n]"
19:17:19.991 [main] DEBUG org.apache.http.wire -  << "[0xca]/NE[0xbe][0xfe][0xd4][0x9c][0xd2]Q[0x13]s[0xa4]Q[0x13][0xf2][0xc2][0x0]yusb.h[0xbd][0xbf][0x8e][0x92]KjqrQf[0x1][0xe8]n[0x15]%+%[0x2][0x5][\n]"
19:17:19.991 [main] DEBUG org.apache.http.wire -  << "[0xa5]#1[0xe6]H#1[0xe4][0xc5][0x2][0xd2]a d[0x86][0x1]"![0x91][0xe9][0x2]D[0x91][0x86][0xc3][0x0][0xe4][0xf6][0xc][0xd2][0xd0][0x11][0x99][0xee]E[0xc][0xb4][0xfa]d[0xe6]T*[0x4][0xe4][0x97][0x94]`Y[0x94][0x1e][0x94]X[0x96][0x9a][0x97][0x9c][0x93]X[0x8e]d[0xb9][0x5][0xd2]<[0xb][0xe][0xa7][0xe2][0x8f]o[0xb][0xa4][0xb3]Ep[0x18][0x80]b[0x1d][0x85][\r][0x1f][0xb]JG[0xbf],(=[0xea][0xc2][0x2]i[0xf4][0x8b][0x92][0xf3])-[0x90][0x6][0xc1](3[0x87][0xc2][0xa6][0xa0][0x5][0xd2]X[0x18]e[0xe]A[0xa4]z[0xca][0xcc]A*[0x86][0x1d]}=[0xfd][0xdc]1*[0x12]7[0xff] [0x5][0xd7]0[0xd7][0xa0]H?W[0xe4][0xd4][0x85]tt(Y9[0xc9][0x2]i[0xa4][0x8b]L[0x3][0x10]E[0x7]%K%-[0x90]n[0xa9][0xa1][0xc8][0x1c][0xa4][0x81]G[0xdf][0xd2][0xe2][0xcc]d[0x8c][0xa0][0x4]u.q[0xd6][0xc9][0x16]H[0x3][0x8d][0x86]F[0xc6][\n]"
19:17:19.991 [main] DEBUG org.apache.http.wire -  << "[0xe4][0x18][0x81]4[0xd4][0x8]2"1[0xb]s[0x9][0x19]~7 [0x8d][0x96]Q[0x14][0x14]HgK[0x90][0x17][0xb7]H[0x83]fd[0x1a]@a[0x1b][0xcb][0x2]i [0x8e]L[0x17]PZV [0x9d]"A[0xa6][0xb][0x10][0x85][0x4][0x99][0x6] *;[0x88][0x1][0xba]fX[0x13]5D[0x12][K[0xd3][0x82][0xd2][0xb1]4[0xb]J[0x97][0x15]Z`[0xc][0xc6][0xe9]b^&[0x9][0xca][0x15][0xf8]<AiT"[0x8d][0xe7][0xe1][0xa8][0xb8]1w|Z[0x10][0x1e][0xd3]#[0xe4]l[0xa4][0xc2][0x1d]{[0xfb][0x12][0x9b][0xad][0x14][0xb6][0xab]-[0x90][0x16][0xe7]A[0x82][0x94][0xd4]$Cxp[0x91][0x80][0xbf][0x91][0x6][0x1b][0x89][0xf]mJ[0x87][0x17]-[0x90][0xee][0x9f]![0xd3][0xdf][0x94][0xa6]2[0xa4][0xc1]Er[0xe6]J,[0x90][0x86][0x6][0xc9][0xf4][0x1]"[0xed][0x90][0xe5][0x0][0xe4][0xc5]t[0xf9]E[0xd0][[0xb6][0x14][0x8c][0xb0]&[0xa0][0x2][0xcc].[0x9d][0x5][0xd2]`#R[0x12]!A?[0xa5][0x95][0x6][0xa5][0xcb][0x9]-HZ[0xbc]c[0x81]t[0xf][\r][0x89]g[0xea][ [0xdd][0xfe][0x8d]#[0x8f][0x10][0xe8][0x8b] [0x9d][0xa7][0x80][0xc3][0x0][0xe4][0xd6]"[0xa5][0xa3]w[0x16][0x94][0x1e][0x1]l[0x81]4[0xfc]G[0x8c]{)[0xcd][0x8b]H[0x7][0x10][0x90][0x97][0x97][0xcc])[0xad][0xbc][0x91][0x6][0xca] .[0xd0][0xc5][0xde]"[0x85]Hb[0xad][0xbc][0x91][0x86][0xca]([0xea]e [0x8d][0x98]Qf[0xe]"Rf[0xe][0xa2]gL[0x99]9[0x88]TB[0x99]9[0x88][0x9e][0xc]e[0xe6] [0xd2][0xc][0x8e]4N S#-[0x81][0x82]$[0xb][0xac]E/D[\n]"
19:17:19.991 [main] DEBUG org.apache.http.wire -  << "{[0x8a]A[0xd4][0x0]d[0xba][0x0][0xbd][0xc9]I[0xaa][0xb][0x90]F[0xe5][0xc8]s[0x1][0xd2][0xa8][0x1c][0xc4][0xa3]$[0xbb][0x0][0x91]J[0xc9]t[0x1]"y[0x92][0xe9][0x2]D[0xba]$[0xd3][0x0]D[0x82]$[0xd3][0xb][0x88][0x94]H[0xa6][0xb][0x8][0xb6]][0x9]$eJG[0xfa],(]Vm[0x89]4[0xdc]GV[0x18]X"[\r][0xf7]Q[0xd2][0x1b][0xb7]D:{[0x80]L[0x87]P[0x98] -[0x91][0x8e][0x11][0xa6][0xed][0xda][\r]K[0x3]D[0xca]%[0xd3][0xaf][0x14][0xa6]\K[0xa4]%8[0xf2][0xe]f[0xaf][0xcb][0x12]i[0xfd]9[0x15][0x16][0xad]YR:[0xf0]jI[0xe9]rvK[0xa4][0xe5][0xec]8B[0x1][0xa9]yh[0x89]4>K[0xe3][0xf4]Ax5#[0x96][0xd8]A[0x1a][0xb5][0xa5][0xd6]q[0xfc][0x96]H'[0xf]SR[0xe7]["[0x1d]<@[0x99]9[0x88][0x9a][0x9b][0xbc][0x8c][0x83]4~I[0x9e][0x1][0x94][0x8e]([R:[0xa2]l[0x89][0xb4]J[0x92]L/PX[0xf1]Z"[0x1d]i@[0xa6][0xb][0x10][0xf5]&[0x99][0x6]P[0x9a][0xe][0x90][0x16]L[0x92][0xe7][0x2]J[0xc7]~-[0x91][0x8e][0x8][0xa0]h+[0x8d]%[0xd2][0x18]0[0x85][0x6]Q[0x9a].[0x90]6[0xbc]C[0x2]U7[0x9f][0xc4]f[0xa9]%[0xd2]Nv[0x88][0x11]$[0x1b]@a[0xd3][0xdc][0x12][0xe9][0x94]^[0xf2]\[0x80]1[0x94]K[0xaa][0x17][0x90][0xce][0xd4]%[0xd3][0x5][0x94]6/([0x1d][0xd4][0xb5]$|[0xbd][0x17][0xd2][0xd0][0x17][0x96]A2K[0x13]D[0x6][0xc7]Q3[0xe3]oY["[\r][0xf0][0xe2]0[0x0][0xb9]jG[0x1a][0x8c]%/[0xc8][0x91][0x6]fqXG[0xc0][0xbd]H[0x3][0xb3]8[0xc]@q/"[0x86][0xdd][0x8b][0x12][0xb]22[0x93][0x15]\R[0x8b]3[0xd3]1[0xd7][0x8a][0x16]$f[0xe6][0x81][0xe6][0xfe][0x11][0x87]4Z"[0x8d][0xa0][0x86][0x14]%[0xe6][0x15][0x17][0xe4][0x17]ANeHW[0xd0]W[0x8])*M[0xce][0xce][0xcc][0x3]1[0x83][0x12]3s[0x8a][0xf2][0x13]S0[0xd2]oA~qInb[0x1e][0x8a][0x83][0x10][0xf1][0xe5][0x9c][0x9f][0xb][0x9a]?[0xcc]L[0xcc]Q[0x8]JM[0xcc]Qp-.I,I[0xc5]0$%3[0xb5]$3[0x19]t[0xe2][0x6][0x92][0xd3][0x90][0xc6]V[0x3]R[0x8b][0xd2][0xf2][0x8b]@[0xb]N[0x14][0x1c][0x8b]J[0x8a]1[0xf4][0x83][0xbd]UP[0x94][0x8a][0xe6]9[0xa4][0xd1][0xd5][0x80][0xc4][0xe4][0xec][0xc4][0xf4]T[0x5]}[0x5][0xb7][0xa2][0xd4][0xcc][0xf4][0x8c][0x12][0x5][0x97][0xd4][0x9c][0xcc][0xb2][0xd4][0xa2]J[0xc][0xc3]2Js[0x13][0xf3][0x14][0x8a]R[0x8b][0xf3]K[0x8b][0x92]QV[0xe0]X"[0x8d][0x96][0x86]g[0x16][0xa5][0xe6][0xa4][0x16]c[0xba]%[0xbf][0x0][0x8b]W(-M[0x91][0x16]d[0x6][0x17][0x96]f[0x16][0x95][0xe4]`[0x6][0xa2]gqI[0xaa]Bbi[0x89]B^fFf[0x8e]BjEANfrbR[0xbe]BAjQZjQj^J&[0xe8][0x14][0xf9][0xdc][0x82][0xfc]"[0x94][0xd3][0x4]-[0x91][0x6]ei[0xdc][0x96]E[0x1a][0xc3][0xa5][0xb5]M[0x88]4H[0xb5][0x6]0[0xd2][0x8a][0xd0][0x80][0xc4][0xa2][0xc4][0xe2][0xd4]d[0xcc]y[0xb9][0xe0][0xc4][0x82][0xcc][0xd4][0xbc][0x92]T[0x85][0xcc][0x9c][0x9c]|[0x85]|[0xf0]y1[0xc9][0xa5][0x5][0x99])[0xa0][0xc3]NP[0x83][0x1d]i[0x84]9$5[0xaf]$19??[0x7]"
19:17:19.991 [main] DEBUG org.apache.http.wire -  << "[\r][\n]"
19:17:19.991 [main] DEBUG org.apache.http.wire -  << "217[\r][\n]"
19:17:19.991 [main] DEBUG org.apache.http.wire -  << "#1z[0x16][0x14]'*[0xe4]@[0xe][0x8c][0x4]S[0xa5][0xb9][\n]"
19:17:19.991 [main] DEBUG org.apache.http.wire -  << "y[0xa9][0xa0]c[0xfd]@[0x6]f&[0x95][0xa2][0x1c]3c[0x89]4[0xe8][0xec][0xb][0xba]/ [0x1f]3[0xc3]z[0xe6][0x81]N[0x99]D>|23[0xaf],5[0xaf][0x4]r$eQQiAI&[0xf4][0xec][0xc9][0xbc][0x92][0xcc]R[0x94][0xc3]Y,[0x91][0xc6][0xa4][0xc9]+[0x1b][0x91][0x96][0xa4][0xd2]8[0x5]P[0xba]v[0xd5][0x92][0xd2][0x1]qK[0xa4][0xa5][0xa7][0x8e]E%[0x99][0xc9][0xa5]y[0x98]M [0xd7][0x12][0x85][0xd2][0x9c][0x9c][0xc4]\[0x85][0xd4][0x8a][0xe4][0xd4][0x82][0x92][0xd2][0xa2]L[0x85][0xe4][0xd2][0x9c][0x82]D[0xe4]#q,[0x91][0xe][0xeb][0xf5]M,[0xca]/O[0xcc][0xc6]H'![0xa9][0xa0]|[0x9d][0x8][0x8a]Z[0xd8][0xf9]C[\n]"
19:17:19.991 [main] DEBUG org.apache.http.wire -  << "[0xa9][0xa5][0xb9][\n]"
19:17:19.991 [main] DEBUG org.apache.http.wire -  << "pNQjfr&[0xa4][0xc][0xc8]I,MI[0xc4][0x12][0xb7][0x94][0xb6][0x96][0x90][0x6][0xdf][0xc9]K[0x1c]H[0xa3][0xee]d[0x1a]@[0xe9][0xb0][0xf][0xd2]2SBuNRiIrFj[0x11]r[0xc5][0x87]t[0x86][0x83]Sb[0x1e][0xa8][0xe6][0xc4][0x88][0xa7][0xd4][0x9c][0xd4][0xe4][0x92]"[0x8c][0xba][0xe]i[0x18];$?)19[0x19]3[0xa5]$[0xe5][0xe7]gg[0xa7][0xa6][0x16][0xa0]Y[0x89]([0xe7][0xf2][0xf2][0xa1][0xf3][0x8f][0x18][0x96][0xe6][0xe5][0x97]([0x80][0xda]X[0xd8][0x6][0xc0]-[0x91]V[0x95][0x92]i[0x2][0xd2][0x0][0xb6][0x1f]A7`k[0xe0]![\r]`[0x93]i[0x0]b[0x0][0x9b][0xbc][0x84]C[0xe9][0xf8][0xb3]%[0xd2][0xc1][0xb5]d[0xba][0x0][0x11][0x91][0xe4][0x18]`b@[0xe1][0xe0][0xad][0x89][0x1][0x85][0x83][0xae]&[0x6]Hc[0xa6]dz[0x81][0xb2][0x91]L[0x13][0x3][0xa4]AI[0xf2]\[0x80]4[0x8a]H[0xa6][0x1][0x94][0xa5]D[0x13][0x3][0xa4][0xe1]>2]@i "[0xad][\n]"
19:17:19.991 [main] DEBUG org.apache.http.wire -  << "$[0xcf][0x5][0x14][0xe][0x8b][0x99][0x18] [0xed][0xdf]%[0xd3][0x5][0x94][0x8d])[0x99][0x18]P8$db[0x80]4[0x10]C[0x9e][0x17][0x90][0xae]t[0x2][0x15][0xdd][0x10]C[0x14][0x8c]0[0x97][0x86][0x14][0xe4]$V*d$[0x16]+[0xe4][0xe5]+[0xe4]d[0xe6]f[0x96] [0xed][0x19]01[0xa0]pI[0x9e][0x89][0x1][0xf2][0x9e][0xd9][0xfc][0x9c][0xd4]\[0x8c][0xca][0xc5][0x5]\[0xa5][0x95][0x16][0xc3][0x9a][0x1a]%[0xa5][0xb9][0xa0][0xc3][0x10][0x13][0x15][0x8a]K[0x8b][0x93]3[0xb]2K[0x90][0x9a]2&[0x6]H[0xc3]Ba[0xa9]y[0xf9]y[0x89][0x98]Mh[0xd7][0xfc]b[0x90][0x1][0xa0][0xe]L*[0xa8][0xd9][0xc]7[0x18][0xd4][0xda]U(J-(M[0xc9]L[0x4][0x9f][0xbe][0x8]m[0xdc][0x94][0xa4]*[0x94][0x82][0xee][0x86],NMA"
19:17:19.991 [main] DEBUG org.apache.http.wire -  << "[\r][\n]"
19:17:19.992 [main] DEBUG org.apache.http.wire -  << "232[\r][\n]"
19:17:19.992 [main] DEBUG org.apache.http.wire -  << "[0xb5][0x8b][0xd2]"[0x15]i[0x3]/$[0xfc]1<[0x8f][0x14]5[0x98][0x15][0x9b][0x89][0x1][0xd2]ZB[0xa7][0xd4][0x9c][0x9c][0xe2][0x82][0xa2][0xfc]RL[0xf][0x7]![0x9a]f[0x90][0xe]CqfnfNfai[0xaa]BAbQ&[0xe8][0x80]x[0x14]!-0t[0xcd]N[0xcc][0xc3][0xec][0x82][0x6][0x96][0xe6][0xa7]([0x14][0x96]&[0x16]g*[0xa4]&*[0xc0][0x9b][0xf7][0xa8][0x86] [\n]"
19:17:19.992 [main] DEBUG org.apache.http.wire -  << "*[0x8f][0xcc][0x92][0xdc][0xfc][0xbc][0x9c]T[0xcc].[0xa5]kYj^fj[0x89]Bqf[0x9]([0xe0]SsrR[0xf3]R@Q[0x9d][0x9a][0x3][0x8b][0x95]b[0xa4][0x96]kfi1[0xca]m[0x9c]&[0x6][0x14][0xe]_[0x99][0x18] [0xad]C$[0xf9][0x82]:[0x13][0x3][\n]"
19:17:19.992 [main] DEBUG org.apache.http.wire -  << "[0xc7][0xae]L[0xc]([0x1c][0xbb]21@[0x1a][0xbb]"3[0x9]Q[0xd6]*71[0xa0]pq[0xa2][0x89][0x1][0x85][0xe3]a&[0x6]H[0xe3]a[0xe4][0x85][0x81])e[0xcd]z[0x13][0x3]S[0xca][0xc6]_L[0xc][0x90]61[0x93][0xe9][0x5]b[0xcb]"[0xf0] [0x17][0xb6][0xb2][0x4]ic3[0x8e]AA[0xbc][0xa3][0x8a]&[0x6]H[0xe3]i8[0xc]@[0xf4]eL[0xc][0x90]v1[0xe3]PM[0xc8]:D[0xa4][0xe1]0[0x0][0xc5]:[0xc4] &[0x95][0xc6]kL[0xc][0x90][0xc6][0xb5][0xc8][0x8b]4[0xc2]+[0x6][0x9][0x85][0x1]"[0xf3][0x12][0x11][0x6]H[0x83]7[0xe4][0xb9][0x97][0xc2][0xd1][0x19][0x13][0x3][\n]"
19:17:19.992 [main] DEBUG org.apache.http.wire -  << "[0xc7]LL[0xc](\[0x3]hb[0x80]4[0xd4]A^[0x18]P8[0x8]ab[0x80]t[0xbf][0x10][0xd5]R"[0xd2][0xf6]W2}[0x85]([0xc0][0xa0][0xb3][0xfd][\n]"
19:17:19.992 [main] DEBUG org.apache.http.wire -  << "[0x5]E[0xf9])[0xa5]XF K22[0x8b][0x15]@#[0xbd][0x19][0xa9]05[\n]"
19:17:19.992 [main] DEBUG org.apache.http.wire -  << ")H{4[0xe1]#[0xec]&[0x6]H[0xe3][0x15][0x84]LE[0xce][0xab]H[0x83][0x15][0x84][0xb4][0x91][0xe2][0x18]D^[0xa1]Z[0xb8]#[0x8d]L[0xf8][0xa6][0x96]c[0xb4][0xde] [0xc7]y[0x97][0xa4][0xe6][0xa5][0x82][0xee][0xe0]I[0xcc][0xcb][0xcc][0xcd]T[0xc8]M[0xac][0xc8][0xcc]MUH-.Q([0xce][0xcf])-I[0x84][0xe][0xe2]f[0x16][0x14][0xa3][0x8c][0x85][0x9a][0x18] [0x8d]Z[0x90][0x17][0xa9]H[0x9b]a[0xa9][0x18][0x8e]H;d[0x9][0x99][0x8a][0x1c][0xa9]H[0xc7][0x87][0x12][0xd2]FB[0xa4]R8,bb[0x80][0xb4]([0x8e][0x9a][0xce]B[0xa4]5B[0xa6]"[0x85][0x91]![0xd2][0xf2]6B[0xda][0x88][0xf]#C[0xa4][0xb3]DIo[0xe2][0x1a]"[\r][0xba][0x90][0xa3][0x1b]Q[0xed][0x92][0x95][0x86][\r])[0xdc]qkb[0x88][0xb4][0xf8][0xcc]719[0x3][0xcb][0xc1][0x0][0xbe][0x99]y[0x99][0xb9][0x89][\n]"
19:17:19.992 [main] DEBUG org.apache.http.wire -  << "E[0xa9][0xb9][\n]"
19:17:19.992 [main] DEBUG org.apache.http.wire -  << "[0xf9]ii[0xa0][0xa1]S[0x5][0xd0][0xbd]Y[0x99]zJ[0xb5][0xb1][0xb5]\[0x0][0x0][0x0][0x0][0xff][0xff]"
19:17:19.992 [main] DEBUG org.apache.http.wire -  << "[\r][\n]"
19:17:19.992 [main] DEBUG org.apache.http.wire -  << "A[\r][\n]"
19:17:19.992 [main] DEBUG org.apache.http.wire -  << "[0x3][0x0][0x1f][0x81][0xbe][0xa0]Z)[0x1][0x0]"
19:17:19.992 [main] DEBUG org.apache.http.wire -  << "[\r][\n]"
19:17:19.993 [main] DEBUG org.apache.http.wire -  << "0[\r][\n]"
19:17:19.993 [main] DEBUG org.apache.http.wire -  << "[\r][\n]"
19:17:19.993 [main] DEBUG io.restassured.internal.RestAssuredHttpBuilder - Parsed data to instance of: class org.apache.http.conn.EofSensorInputStream
19:17:19.995 [main] DEBUG org.apache.http.impl.conn.BasicClientConnectionManager - Releasing connection org.apache.http.impl.conn.ManagedClientConnectionImpl@726a5e6a
19:17:19.995 [main] DEBUG org.apache.http.impl.conn.BasicClientConnectionManager - Connection can be kept alive indefinitely
19:17:20.017 [Finalizer] DEBUG org.apache.http.impl.conn.DefaultClientConnection - Connection 0.0.0.0:56821<->149.248.193.56:443 closed
19:17:20.018 [Finalizer] DEBUG org.apache.http.impl.conn.DefaultClientConnection - Connection 0.0.0.0:56820<->149.248.193.56:443 closed
19:17:20.018 [Finalizer] DEBUG org.apache.http.impl.conn.DefaultClientConnection - Connection 0.0.0.0:56824<->149.248.193.56:443 closed
19:17:20.019 [Finalizer] DEBUG org.apache.http.impl.conn.DefaultClientConnection - Connection 0.0.0.0:56823<->149.248.193.56:443 closed
19:17:20.019 [Finalizer] DEBUG org.apache.http.impl.conn.DefaultClientConnection - Connection 0.0.0.0:56822<->149.248.193.56:443 closed
19:17:20.053 [main] DEBUG net.thucydides.core.steps.StepInterceptor - STEP DONE: I send HTTP api GET request
  &amp#27;[32mWhen &amp#27;[0m&amp#27;[32mI send HTTP api GET request&amp#27;[0m                                         &amp#27;[90m# starter.stepdefinitions.ProductCategorySteps.iSendHTTPApiGETRequestcategory()&amp#27;[0m
19:17:20.061 [main] DEBUG net.thucydides.core.steps.StepInterceptor - STARTING STEP: ProductCategorySteps.iReceiveValidHTTPResponseCodeForGETAllProductCategory - I receive valid HTTP response code 200 for GET All product category
19:17:20.062 [main] DEBUG net.thucydides.core.steps.StepInterceptor - STEP DONE: I receive valid HTTP response code 200 for GET All product category
  &amp#27;[32mThen &amp#27;[0m&amp#27;[32mI receive valid HTTP response code &amp#27;[0m&amp#27;[32m&amp#27;[1m200&amp#27;[0m&amp#27;[32m for GET All product category&amp#27;[0m &amp#27;[90m# starter.stepdefinitions.ProductCategorySteps.iReceiveValidHTTPResponseCodeForGETAllProductCategory(int)&amp#27;[0m
19:17:20.070 [main] DEBUG net.thucydides.core.steps.StepInterceptor - STARTING STEP: ProductCategorySteps.iReceivedValidDataForAllProductCategory - I received valid data for all product category
19:17:20.071 [main] DEBUG net.thucydides.core.steps.StepInterceptor - STEP DONE: I received valid data for all product category
  &amp#27;[32mAnd &amp#27;[0m&amp#27;[32mI received valid data for all product category&amp#27;[0m                       &amp#27;[90m# starter.stepdefinitions.ProductCategorySteps.iReceivedValidDataForAllProductCategory()&amp#27;[0m
19:17:20.075 [main] INFO  - 
  _____   ___   ___   _____     ___     _     ___   ___   ___   ___  
 |_   _| | __| / __| |_   _|   | _ \   /_\   / __| / __| | __| |   \ 
   | |   | _|  \__ \   | |     |  _/  / _ \  \__ \ \__ \ | _|  | |) |
   |_|   |___| |___/   |_|     |_|   /_/ \_\ |___/ |___/ |___| |___/ 

GET  list of category
----------------------------------------------------------------------
]]></system-out>
  </testcase>
  <testcase name="POST As an admin I have be able to create new product category" classname="category" time="0.448">
    <system-out><![CDATA[
Scenario: POST As an admin I have be able to create new product category &amp#27;[90m# src/test/resources/api/productcategory.feature:8&amp#27;[0m
19:17:20.091 [main] INFO io.cucumber.core.plugin.SerenityReporter - Running feature from file:///E:/RestAPi/src/test/resources/api/productcategory.feature
19:17:20.091 [main] WARN io.cucumber.core.plugin.SerenityReporter - Feature from file:///E:/RestAPi/src/test/resources/api/productcategory.feature is not under the 'features' directory. Requirements report will not be correctly generated!
19:17:20.095 [main] INFO  - 
  _____   ___   ___   _____     ___   _____     _     ___   _____   ___   ___  
 |_   _| | __| / __| |_   _|   / __| |_   _|   /_\   | _ \ |_   _| | __| |   \ 
   | |   | _|  \__ \   | |     \__ \   | |    / _ \  |   /   | |   | _|  | |) |
   |_|   |___| |___/   |_|     |___/   |_|   /_/ \_\ |_|_\   |_|   |___| |___/ 

POST As an admin I have be able to create new product category(category;post-as-an-admin-i-have-be-able-to-create-new-product-category)
--------------------------------------------------------------------------------
19:17:20.154 [main] DEBUG net.thucydides.core.steps.StepInterceptor - STARTING STEP: ProductCategorySteps.iSetThePOSTApiEndpointsInCategory - I set the POST api endpoints in category
19:17:20.155 [main] DEBUG net.thucydides.core.steps.StepInterceptor - STEP DONE: I set the POST api endpoints in category
  &amp#27;[32mGiven &amp#27;[0m&amp#27;[32mI set the POST api endpoints in category&amp#27;[0m                         &amp#27;[90m# starter.stepdefinitions.ProductCategorySteps.iSetThePOSTApiEndpointsInCategory()&amp#27;[0m
19:17:20.172 [main] DEBUG net.thucydides.core.steps.StepInterceptor - STARTING STEP: ProductCategorySteps.iSendHTTPApiPOSTRequest - I send HTTP api POST request
19:17:20.174 [main] DEBUG net.thucydides.core.steps.StepInterceptor - STARTING STEP: PostProductCategory.HTTPApiPOSTRequest - I set the POST api endpoints in category
19:17:20.175 [main] DEBUG net.thucydides.core.steps.StepInterceptor - STEP DONE: I set the POST api endpoints in category
19:17:20.260 [main] DEBUG org.apache.http.impl.conn.BasicClientConnectionManager - Get connection for route {s}->https://altashop-api.fly.dev:443
19:17:20.260 [main] DEBUG org.apache.http.impl.conn.DefaultClientConnectionOperator - Connecting to altashop-api.fly.dev:443
19:17:20.410 [main] DEBUG org.apache.http.client.protocol.RequestAddCookies - CookieSpec selected: ignoreCookies
19:17:20.410 [main] DEBUG org.apache.http.client.protocol.RequestAuthCache - Auth cache not set in the context
19:17:20.410 [main] DEBUG org.apache.http.client.protocol.RequestProxyAuthentication - Proxy auth state: UNCHALLENGED
19:17:20.410 [main] DEBUG org.apache.http.impl.client.DefaultHttpClient - Attempt 1 to execute request
19:17:20.410 [main] DEBUG org.apache.http.impl.conn.DefaultClientConnection - Sending request: POST /api/categories HTTP/1.1
19:17:20.411 [main] DEBUG org.apache.http.wire -  >> "POST /api/categories HTTP/1.1[\r][\n]"
19:17:20.411 [main] DEBUG org.apache.http.wire -  >> "Authorization: Bearer eyJhbGciOiJIUzI1NiIsInR5cCI6IkpXVCJ9.eyJGdWxsbmFtZSI6IkdpdGEgTGVvbmkgZHdpIGZyaXAiLCJFbWFpbCI6ImdpdGFsZWUyMUBnbWFpbC5jb20ifQ.TGsRtCS1_W5fQoxLxVSMhDknX_uoRVw_0tYCGs1StVE[\r][\n]"
19:17:20.411 [main] DEBUG org.apache.http.wire -  >> "Accept: */*[\r][\n]"
19:17:20.411 [main] DEBUG org.apache.http.wire -  >> "Content-Type: application/json[\r][\n]"
19:17:20.411 [main] DEBUG org.apache.http.wire -  >> "Content-Length: 72[\r][\n]"
19:17:20.411 [main] DEBUG org.apache.http.wire -  >> "Host: altashop-api.fly.dev[\r][\n]"
19:17:20.411 [main] DEBUG org.apache.http.wire -  >> "Connection: Keep-Alive[\r][\n]"
19:17:20.411 [main] DEBUG org.apache.http.wire -  >> "User-Agent: Apache-HttpClient/4.5.13 (Java/19.0.2)[\r][\n]"
19:17:20.411 [main] DEBUG org.apache.http.wire -  >> "Accept-Encoding: gzip,deflate[\r][\n]"
19:17:20.411 [main] DEBUG org.apache.http.wire -  >> "[\r][\n]"
19:17:20.412 [main] DEBUG org.apache.http.headers - >> POST /api/categories HTTP/1.1
19:17:20.412 [main] DEBUG org.apache.http.headers - >> Authorization: Bearer eyJhbGciOiJIUzI1NiIsInR5cCI6IkpXVCJ9.eyJGdWxsbmFtZSI6IkdpdGEgTGVvbmkgZHdpIGZyaXAiLCJFbWFpbCI6ImdpdGFsZWUyMUBnbWFpbC5jb20ifQ.TGsRtCS1_W5fQoxLxVSMhDknX_uoRVw_0tYCGs1StVE
19:17:20.412 [main] DEBUG org.apache.http.headers - >> Accept: */*
19:17:20.412 [main] DEBUG org.apache.http.headers - >> Content-Type: application/json
19:17:20.412 [main] DEBUG org.apache.http.headers - >> Content-Length: 72
19:17:20.412 [main] DEBUG org.apache.http.headers - >> Host: altashop-api.fly.dev
19:17:20.412 [main] DEBUG org.apache.http.headers - >> Connection: Keep-Alive
19:17:20.412 [main] DEBUG org.apache.http.headers - >> User-Agent: Apache-HttpClient/4.5.13 (Java/19.0.2)
19:17:20.412 [main] DEBUG org.apache.http.headers - >> Accept-Encoding: gzip,deflate
19:17:20.412 [main] DEBUG org.apache.http.wire -  >> "{"name":"Skincare","description":"Skincare terbaik untuk merawat wajah"}"
19:17:20.477 [main] DEBUG org.apache.http.wire -  << "HTTP/1.1 200 OK[\r][\n]"
19:17:20.477 [main] DEBUG org.apache.http.wire -  << "content-type: application/json[\r][\n]"
19:17:20.477 [main] DEBUG org.apache.http.wire -  << "date: Wed, 10 May 2023 12:17:22 GMT[\r][\n]"
19:17:20.477 [main] DEBUG org.apache.http.wire -  << "content-encoding: gzip[\r][\n]"
19:17:20.477 [main] DEBUG org.apache.http.wire -  << "transfer-encoding: chunked[\r][\n]"
19:17:20.477 [main] DEBUG org.apache.http.wire -  << "server: Fly/3f2597ca (2023-05-03)[\r][\n]"
19:17:20.477 [main] DEBUG org.apache.http.wire -  << "via: 1.1 fly.io[\r][\n]"
19:17:20.477 [main] DEBUG org.apache.http.wire -  << "fly-request-id: 01H02SGEGYXGT8H8V95TE2YFKM-sin[\r][\n]"
19:17:20.477 [main] DEBUG org.apache.http.wire -  << "[\r][\n]"
19:17:20.477 [main] DEBUG org.apache.http.impl.conn.DefaultClientConnection - Receiving response: HTTP/1.1 200 OK
19:17:20.477 [main] DEBUG org.apache.http.headers - << HTTP/1.1 200 OK
19:17:20.477 [main] DEBUG org.apache.http.headers - << content-type: application/json
19:17:20.477 [main] DEBUG org.apache.http.headers - << date: Wed, 10 May 2023 12:17:22 GMT
19:17:20.477 [main] DEBUG org.apache.http.headers - << content-encoding: gzip
19:17:20.477 [main] DEBUG org.apache.http.headers - << transfer-encoding: chunked
19:17:20.477 [main] DEBUG org.apache.http.headers - << server: Fly/3f2597ca (2023-05-03)
19:17:20.477 [main] DEBUG org.apache.http.headers - << via: 1.1 fly.io
19:17:20.477 [main] DEBUG org.apache.http.headers - << fly-request-id: 01H02SGEGYXGT8H8V95TE2YFKM-sin
19:17:20.477 [main] DEBUG org.apache.http.impl.client.DefaultHttpClient - Connection can be kept alive indefinitely
19:17:20.478 [main] DEBUG io.restassured.internal.RestAssuredHttpBuilder - Parsing response as: application/json
19:17:20.478 [main] DEBUG org.apache.http.wire -  << "68[\r][\n]"
19:17:20.478 [main] DEBUG org.apache.http.wire -  << "[0x1f][0x8b][0x8][0x0][0x0][0x0][0x0][0x0][0x4][0xff][0xab]VJI,IT[0xb2][0xaa]V[0xf2]tQ[0xb2]2414[0xb0][0xd0]Q[0xf2]K[0xcc]MU[0xb2]R[\n]"
19:17:20.478 [main] DEBUG org.apache.http.wire -  << "[0xce][0xce][0xcc]KN,JU[0xd2]QrI-N.[0xca],([0xc9][0xcc][0xcf]C[0x92]P(I-JJ[0xcc][0xcc]V([0xcd]+)[0xcd]V[0xc8]M-J,O,Q(O[0xcc]J[0xcc]P[0xaa][0xad][0xe5][0x2][0x0]<[0xc4][0x81]][0x0][0x0][0x0]"
19:17:20.478 [main] DEBUG org.apache.http.wire -  << "[\r][\n]"
19:17:20.487 [main] DEBUG org.apache.http.wire -  << "0[\r][\n]"
19:17:20.487 [main] DEBUG org.apache.http.wire -  << "[\r][\n]"
19:17:20.487 [main] DEBUG io.restassured.internal.RestAssuredHttpBuilder - Parsed data to instance of: class org.apache.http.conn.EofSensorInputStream
19:17:20.489 [main] DEBUG org.apache.http.impl.conn.BasicClientConnectionManager - Releasing connection org.apache.http.impl.conn.ManagedClientConnectionImpl@36f497b1
19:17:20.489 [main] DEBUG org.apache.http.impl.conn.BasicClientConnectionManager - Connection can be kept alive indefinitely
19:17:20.490 [main] DEBUG net.thucydides.core.steps.StepInterceptor - STEP DONE: I send HTTP api POST request
  &amp#27;[32mWhen &amp#27;[0m&amp#27;[32mI send HTTP api POST request&amp#27;[0m                                      &amp#27;[90m# starter.stepdefinitions.ProductCategorySteps.iSendHTTPApiPOSTRequest()&amp#27;[0m
19:17:20.502 [main] DEBUG net.thucydides.core.steps.StepInterceptor - STARTING STEP: ProductCategorySteps.iReceiveValidHTTPResponseCodeInProductCategory - I receive valid HTTP response code 200 in product category
19:17:20.504 [main] DEBUG net.thucydides.core.steps.StepInterceptor - STEP DONE: I receive valid HTTP response code 200 in product category
  &amp#27;[32mThen &amp#27;[0m&amp#27;[32mI receive valid HTTP response code &amp#27;[0m&amp#27;[32m&amp#27;[1m200&amp#27;[0m&amp#27;[32m in product category&amp#27;[0m        &amp#27;[90m# starter.stepdefinitions.ProductCategorySteps.iReceiveValidHTTPResponseCodeInProductCategory(int)&amp#27;[0m
19:17:20.511 [main] DEBUG net.thucydides.core.steps.StepInterceptor - STARTING STEP: ProductCategorySteps.iReceiveValidDataForNewProductCategory - I receive valid data for new product category
19:17:20.511 [main] DEBUG net.thucydides.core.steps.StepInterceptor - STEP DONE: I receive valid data for new product category
  &amp#27;[32mAnd &amp#27;[0m&amp#27;[32mI receive valid data for new product category&amp#27;[0m                      &amp#27;[90m# starter.stepdefinitions.ProductCategorySteps.iReceiveValidDataForNewProductCategory()&amp#27;[0m
19:17:20.524 [main] INFO  - 
  _____   ___   ___   _____     ___     _     ___   ___   ___   ___  
 |_   _| | __| / __| |_   _|   | _ \   /_\   / __| / __| | __| |   \ 
   | |   | _|  \__ \   | |     |  _/  / _ \  \__ \ \__ \ | _|  | |) |
   |_|   |___| |___/   |_|     |_|   /_/ \_\ |___/ |___/ |___| |___/ 

POST As an admin I have be able to create new product category
----------------------------------------------------------------------
]]></system-out>
  </testcase>
  <testcase name="GET id product category" classname="category" time="0.309">
    <system-out><![CDATA[
Scenario: GET id product category                                         &amp#27;[90m# src/test/resources/api/productcategory.feature:14&amp#27;[0m
19:17:20.554 [main] INFO io.cucumber.core.plugin.SerenityReporter - Running feature from file:///E:/RestAPi/src/test/resources/api/productcategory.feature
19:17:20.554 [main] WARN io.cucumber.core.plugin.SerenityReporter - Feature from file:///E:/RestAPi/src/test/resources/api/productcategory.feature is not under the 'features' directory. Requirements report will not be correctly generated!
19:17:20.558 [main] INFO  - 
  _____   ___   ___   _____     ___   _____     _     ___   _____   ___   ___  
 |_   _| | __| / __| |_   _|   / __| |_   _|   /_\   | _ \ |_   _| | __| |   \ 
   | |   | _|  \__ \   | |     \__ \   | |    / _ \  |   /   | |   | _|  | |) |
   |_|   |___| |___/   |_|     |___/   |_|   /_/ \_\ |_|_\   |_|   |___| |___/ 

GET id product category(category;get-id-product-category)
--------------------------------------------------------------------------------
19:17:20.605 [main] DEBUG net.thucydides.core.steps.StepInterceptor - STARTING STEP: ProductCategorySteps.iSetTheGETApiEndpointsByIdcategory - I set the GET api endpoints by id
19:17:20.606 [main] DEBUG net.thucydides.core.steps.StepInterceptor - STEP DONE: I set the GET api endpoints by id
  &amp#27;[32mGiven &amp#27;[0m&amp#27;[32mI set the GET api endpoints by id&amp#27;[0m                                 &amp#27;[90m# starter.stepdefinitions.ProductCategorySteps.iSetTheGETApiEndpointsByIdcategory()&amp#27;[0m
19:17:20.637 [main] DEBUG net.thucydides.core.steps.StepInterceptor - STARTING STEP: ProductCategorySteps.iSendHTTPApiGETRequestByIdcategory - I send HTTP api GET request by id
19:17:20.642 [main] DEBUG net.thucydides.core.steps.StepInterceptor - STARTING STEP: GetIdProductCategory.GETRequestByIdcategory - I set the GET api endpoints by id
19:17:20.642 [main] DEBUG net.thucydides.core.steps.StepInterceptor - STEP DONE: I set the GET api endpoints by id
19:17:20.689 [main] DEBUG org.apache.http.impl.conn.BasicClientConnectionManager - Get connection for route {s}->https://altashop-api.fly.dev:443
19:17:20.690 [main] DEBUG org.apache.http.impl.conn.DefaultClientConnectionOperator - Connecting to altashop-api.fly.dev:443
19:17:20.775 [main] DEBUG org.apache.http.client.protocol.RequestAddCookies - CookieSpec selected: ignoreCookies
19:17:20.775 [main] DEBUG org.apache.http.client.protocol.RequestAuthCache - Auth cache not set in the context
19:17:20.775 [main] DEBUG org.apache.http.client.protocol.RequestTargetAuthentication - Target auth state: UNCHALLENGED
19:17:20.775 [main] DEBUG org.apache.http.client.protocol.RequestProxyAuthentication - Proxy auth state: UNCHALLENGED
19:17:20.775 [main] DEBUG org.apache.http.impl.client.DefaultHttpClient - Attempt 1 to execute request
19:17:20.775 [main] DEBUG org.apache.http.impl.conn.DefaultClientConnection - Sending request: GET /api/categories/13064 HTTP/1.1
19:17:20.775 [main] DEBUG org.apache.http.wire -  >> "GET /api/categories/13064 HTTP/1.1[\r][\n]"
19:17:20.775 [main] DEBUG org.apache.http.wire -  >> "Accept: */*[\r][\n]"
19:17:20.775 [main] DEBUG org.apache.http.wire -  >> "Host: altashop-api.fly.dev[\r][\n]"
19:17:20.776 [main] DEBUG org.apache.http.wire -  >> "Connection: Keep-Alive[\r][\n]"
19:17:20.776 [main] DEBUG org.apache.http.wire -  >> "User-Agent: Apache-HttpClient/4.5.13 (Java/19.0.2)[\r][\n]"
19:17:20.776 [main] DEBUG org.apache.http.wire -  >> "Accept-Encoding: gzip,deflate[\r][\n]"
19:17:20.776 [main] DEBUG org.apache.http.wire -  >> "[\r][\n]"
19:17:20.776 [main] DEBUG org.apache.http.headers - >> GET /api/categories/13064 HTTP/1.1
19:17:20.776 [main] DEBUG org.apache.http.headers - >> Accept: */*
19:17:20.776 [main] DEBUG org.apache.http.headers - >> Host: altashop-api.fly.dev
19:17:20.776 [main] DEBUG org.apache.http.headers - >> Connection: Keep-Alive
19:17:20.776 [main] DEBUG org.apache.http.headers - >> User-Agent: Apache-HttpClient/4.5.13 (Java/19.0.2)
19:17:20.776 [main] DEBUG org.apache.http.headers - >> Accept-Encoding: gzip,deflate
19:17:20.813 [main] DEBUG org.apache.http.wire -  << "HTTP/1.1 200 OK[\r][\n]"
19:17:20.814 [main] DEBUG org.apache.http.wire -  << "content-type: application/json[\r][\n]"
19:17:20.814 [main] DEBUG org.apache.http.wire -  << "date: Wed, 10 May 2023 12:17:22 GMT[\r][\n]"
19:17:20.814 [main] DEBUG org.apache.http.wire -  << "content-encoding: gzip[\r][\n]"
19:17:20.814 [main] DEBUG org.apache.http.wire -  << "transfer-encoding: chunked[\r][\n]"
19:17:20.814 [main] DEBUG org.apache.http.wire -  << "server: Fly/3f2597ca (2023-05-03)[\r][\n]"
19:17:20.814 [main] DEBUG org.apache.http.wire -  << "via: 1.1 fly.io[\r][\n]"
19:17:20.814 [main] DEBUG org.apache.http.wire -  << "fly-request-id: 01H02SGEVGNC25NJD730MCJRXG-sin[\r][\n]"
19:17:20.814 [main] DEBUG org.apache.http.wire -  << "[\r][\n]"
19:17:20.814 [main] DEBUG org.apache.http.impl.conn.DefaultClientConnection - Receiving response: HTTP/1.1 200 OK
19:17:20.814 [main] DEBUG org.apache.http.headers - << HTTP/1.1 200 OK
19:17:20.814 [main] DEBUG org.apache.http.headers - << content-type: application/json
19:17:20.814 [main] DEBUG org.apache.http.headers - << date: Wed, 10 May 2023 12:17:22 GMT
19:17:20.814 [main] DEBUG org.apache.http.headers - << content-encoding: gzip
19:17:20.814 [main] DEBUG org.apache.http.headers - << transfer-encoding: chunked
19:17:20.814 [main] DEBUG org.apache.http.headers - << server: Fly/3f2597ca (2023-05-03)
19:17:20.814 [main] DEBUG org.apache.http.headers - << via: 1.1 fly.io
19:17:20.814 [main] DEBUG org.apache.http.headers - << fly-request-id: 01H02SGEVGNC25NJD730MCJRXG-sin
19:17:20.814 [main] DEBUG org.apache.http.impl.client.DefaultHttpClient - Connection can be kept alive indefinitely
19:17:20.814 [main] DEBUG io.restassured.internal.RestAssuredHttpBuilder - Parsing response as: application/json
19:17:20.814 [main] DEBUG org.apache.http.wire -  << "5A[\r][\n]"
19:17:20.814 [main] DEBUG org.apache.http.wire -  << "[0x1f][0x8b][0x8][0x0][0x0][0x0][0x0][0x0][0x4][0xff][0xab]VJI,IT[0xb2][0xaa]V[0xf2]tQ[0xb2]24603[0xd1]Q[0xf2]K[0xcc]MU[0xb2]RJO[0xcc][0xcd][0xcc]KW[0xd2]QrI-N.[0xca],([0xc9][0xcc][0xcf]S[0xb2]RJ[0xcb]/R[0x80]H)[0x14][0x94][0x16][0x15][0xe4][0x17][0xa7][0x16]+[0xd5][0xd6]r[0x1][0x0][0x1a][0xaa]t[0xb4]J[0x0][0x0][0x0]"
19:17:20.814 [main] DEBUG org.apache.http.wire -  << "[\r][\n]"
19:17:20.815 [main] DEBUG org.apache.http.wire -  << "0[\r][\n]"
19:17:20.815 [main] DEBUG org.apache.http.wire -  << "[\r][\n]"
19:17:20.815 [main] DEBUG io.restassured.internal.RestAssuredHttpBuilder - Parsed data to instance of: class org.apache.http.conn.EofSensorInputStream
19:17:20.816 [main] DEBUG org.apache.http.impl.conn.BasicClientConnectionManager - Releasing connection org.apache.http.impl.conn.ManagedClientConnectionImpl@435a2c7d
19:17:20.816 [main] DEBUG org.apache.http.impl.conn.BasicClientConnectionManager - Connection can be kept alive indefinitely
19:17:20.817 [main] DEBUG net.thucydides.core.steps.StepInterceptor - STEP DONE: I send HTTP api GET request by id
  &amp#27;[32mWhen &amp#27;[0m&amp#27;[32mI send HTTP api GET request by id&amp#27;[0m                                  &amp#27;[90m# starter.stepdefinitions.ProductCategorySteps.iSendHTTPApiGETRequestByIdcategory()&amp#27;[0m
19:17:20.821 [main] DEBUG net.thucydides.core.steps.StepInterceptor - STARTING STEP: ProductCategorySteps.iReceiveValidHTTPResponseCodeForGETIdProductCategory - I receive valid HTTP response code 200 for GET id product category
19:17:20.823 [main] DEBUG net.thucydides.core.steps.StepInterceptor - STEP DONE: I receive valid HTTP response code 200 for GET id product category
  &amp#27;[32mThen &amp#27;[0m&amp#27;[32mI receive valid HTTP response code &amp#27;[0m&amp#27;[32m&amp#27;[1m200&amp#27;[0m&amp#27;[32m for GET id product category&amp#27;[0m &amp#27;[90m# starter.stepdefinitions.ProductCategorySteps.iReceiveValidHTTPResponseCodeForGETIdProductCategory(int)&amp#27;[0m
19:17:20.828 [main] DEBUG net.thucydides.core.steps.StepInterceptor - STARTING STEP: ProductCategorySteps.iReceivedValidDataForIdProductCategory - I received valid data for id product category
19:17:20.828 [main] DEBUG net.thucydides.core.steps.StepInterceptor - STEP DONE: I received valid data for id product category
  &amp#27;[32mAnd &amp#27;[0m&amp#27;[32mI received valid data for id product category&amp#27;[0m                       &amp#27;[90m# starter.stepdefinitions.ProductCategorySteps.iReceivedValidDataForIdProductCategory()&amp#27;[0m
19:17:20.833 [main] INFO  - 
  _____   ___   ___   _____     ___     _     ___   ___   ___   ___  
 |_   _| | __| / __| |_   _|   | _ \   /_\   / __| / __| | __| |   \ 
   | |   | _|  \__ \   | |     |  _/  / _ \  \__ \ \__ \ | _|  | |) |
   |_|   |___| |___/   |_|     |_|   /_/ \_\ |___/ |___/ |___| |___/ 

GET id product category
----------------------------------------------------------------------
]]></system-out>
  </testcase>
  <testcase name="DELETE category" classname="category" time="0.346">
    <system-out><![CDATA[
Scenario: DELETE category                                         &amp#27;[90m# src/test/resources/api/productcategory.feature:20&amp#27;[0m
19:17:20.856 [main] INFO io.cucumber.core.plugin.SerenityReporter - Running feature from file:///E:/RestAPi/src/test/resources/api/productcategory.feature
19:17:20.856 [main] WARN io.cucumber.core.plugin.SerenityReporter - Feature from file:///E:/RestAPi/src/test/resources/api/productcategory.feature is not under the 'features' directory. Requirements report will not be correctly generated!
19:17:20.861 [main] INFO  - 
  _____   ___   ___   _____     ___   _____     _     ___   _____   ___   ___  
 |_   _| | __| / __| |_   _|   / __| |_   _|   /_\   | _ \ |_   _| | __| |   \ 
   | |   | _|  \__ \   | |     \__ \   | |    / _ \  |   /   | |   | _|  | |) |
   |_|   |___| |___/   |_|     |___/   |_|   /_/ \_\ |_|_\   |_|   |___| |___/ 

DELETE category(category;delete-category)
--------------------------------------------------------------------------------
19:17:20.921 [main] DEBUG net.thucydides.core.steps.StepInterceptor - STARTING STEP: ProductCategorySteps.iSetTheDELETEApiEndpointscategory - I set the DELETE api endpoints
19:17:20.922 [main] DEBUG net.thucydides.core.steps.StepInterceptor - STEP DONE: I set the DELETE api endpoints
  &amp#27;[32mGiven &amp#27;[0m&amp#27;[32mI set the DELETE api endpoints&amp#27;[0m                            &amp#27;[90m# starter.stepdefinitions.ProductCategorySteps.iSetTheDELETEApiEndpointscategory()&amp#27;[0m
19:17:20.934 [main] DEBUG net.thucydides.core.steps.StepInterceptor - STARTING STEP: ProductCategorySteps.iSendHTTPApiDELETERequestForCategory - I send HTTP api DELETE request for category
19:17:20.942 [main] DEBUG net.thucydides.core.steps.StepInterceptor - STARTING STEP: DeleteProductCategory.DELETERequestForCategory - I set the DELETE api endpoints
19:17:20.942 [main] DEBUG net.thucydides.core.steps.StepInterceptor - STEP DONE: I set the DELETE api endpoints
19:17:20.970 [main] DEBUG org.apache.http.impl.conn.BasicClientConnectionManager - Get connection for route {s}->https://altashop-api.fly.dev:443
19:17:20.970 [main] DEBUG org.apache.http.impl.conn.DefaultClientConnectionOperator - Connecting to altashop-api.fly.dev:443
19:17:21.091 [main] DEBUG org.apache.http.client.protocol.RequestAddCookies - CookieSpec selected: ignoreCookies
19:17:21.091 [main] DEBUG org.apache.http.client.protocol.RequestAuthCache - Auth cache not set in the context
19:17:21.091 [main] DEBUG org.apache.http.client.protocol.RequestTargetAuthentication - Target auth state: UNCHALLENGED
19:17:21.091 [main] DEBUG org.apache.http.client.protocol.RequestProxyAuthentication - Proxy auth state: UNCHALLENGED
19:17:21.091 [main] DEBUG org.apache.http.impl.client.DefaultHttpClient - Attempt 1 to execute request
19:17:21.091 [main] DEBUG org.apache.http.impl.conn.DefaultClientConnection - Sending request: DELETE /api/categories/11320 HTTP/1.1
19:17:21.091 [main] DEBUG org.apache.http.wire -  >> "DELETE /api/categories/11320 HTTP/1.1[\r][\n]"
19:17:21.091 [main] DEBUG org.apache.http.wire -  >> "Accept: */*[\r][\n]"
19:17:21.091 [main] DEBUG org.apache.http.wire -  >> "Host: altashop-api.fly.dev[\r][\n]"
19:17:21.091 [main] DEBUG org.apache.http.wire -  >> "Connection: Keep-Alive[\r][\n]"
19:17:21.091 [main] DEBUG org.apache.http.wire -  >> "User-Agent: Apache-HttpClient/4.5.13 (Java/19.0.2)[\r][\n]"
19:17:21.091 [main] DEBUG org.apache.http.wire -  >> "Accept-Encoding: gzip,deflate[\r][\n]"
19:17:21.091 [main] DEBUG org.apache.http.wire -  >> "[\r][\n]"
19:17:21.091 [main] DEBUG org.apache.http.headers - >> DELETE /api/categories/11320 HTTP/1.1
19:17:21.091 [main] DEBUG org.apache.http.headers - >> Accept: */*
19:17:21.091 [main] DEBUG org.apache.http.headers - >> Host: altashop-api.fly.dev
19:17:21.091 [main] DEBUG org.apache.http.headers - >> Connection: Keep-Alive
19:17:21.091 [main] DEBUG org.apache.http.headers - >> User-Agent: Apache-HttpClient/4.5.13 (Java/19.0.2)
19:17:21.091 [main] DEBUG org.apache.http.headers - >> Accept-Encoding: gzip,deflate
19:17:21.175 [main] DEBUG org.apache.http.wire -  << "HTTP/1.1 200 OK[\r][\n]"
19:17:21.175 [main] DEBUG org.apache.http.wire -  << "content-type: application/json[\r][\n]"
19:17:21.175 [main] DEBUG org.apache.http.wire -  << "date: Wed, 10 May 2023 12:17:23 GMT[\r][\n]"
19:17:21.175 [main] DEBUG org.apache.http.wire -  << "content-encoding: gzip[\r][\n]"
19:17:21.175 [main] DEBUG org.apache.http.wire -  << "transfer-encoding: chunked[\r][\n]"
19:17:21.175 [main] DEBUG org.apache.http.wire -  << "server: Fly/3f2597ca (2023-05-03)[\r][\n]"
19:17:21.175 [main] DEBUG org.apache.http.wire -  << "via: 1.1 fly.io[\r][\n]"
19:17:21.176 [main] DEBUG org.apache.http.wire -  << "fly-request-id: 01H02SGF69W3VWM7WP49P45G67-sin[\r][\n]"
19:17:21.176 [main] DEBUG org.apache.http.wire -  << "[\r][\n]"
19:17:21.176 [main] DEBUG org.apache.http.impl.conn.DefaultClientConnection - Receiving response: HTTP/1.1 200 OK
19:17:21.176 [main] DEBUG org.apache.http.headers - << HTTP/1.1 200 OK
19:17:21.176 [main] DEBUG org.apache.http.headers - << content-type: application/json
19:17:21.176 [main] DEBUG org.apache.http.headers - << date: Wed, 10 May 2023 12:17:23 GMT
19:17:21.176 [main] DEBUG org.apache.http.headers - << content-encoding: gzip
19:17:21.176 [main] DEBUG org.apache.http.headers - << transfer-encoding: chunked
19:17:21.176 [main] DEBUG org.apache.http.headers - << server: Fly/3f2597ca (2023-05-03)
19:17:21.176 [main] DEBUG org.apache.http.headers - << via: 1.1 fly.io
19:17:21.176 [main] DEBUG org.apache.http.headers - << fly-request-id: 01H02SGF69W3VWM7WP49P45G67-sin
19:17:21.176 [main] DEBUG org.apache.http.impl.client.DefaultHttpClient - Connection can be kept alive indefinitely
19:17:21.176 [main] DEBUG io.restassured.internal.RestAssuredHttpBuilder - Parsing response as: application/json
19:17:21.176 [main] DEBUG org.apache.http.wire -  << "22[\r][\n]"
19:17:21.176 [main] DEBUG org.apache.http.wire -  << "[0x1f][0x8b][0x8][0x0][0x0][0x0][0x0][0x0][0x4][0xff][0xab]VJI,IT[0xb2][0xca]+[0xcd][0xc9][0xa9][0xe5][0x2][0x0][0xa3][0xab][0x8f]W[0xe][0x0][0x0][0x0]"
19:17:21.176 [main] DEBUG org.apache.http.wire -  << "[\r][\n]"
19:17:21.176 [main] DEBUG org.apache.http.wire -  << "0[\r][\n]"
19:17:21.176 [main] DEBUG org.apache.http.wire -  << "[\r][\n]"
19:17:21.176 [main] DEBUG io.restassured.internal.RestAssuredHttpBuilder - Parsed data to instance of: class org.apache.http.conn.EofSensorInputStream
19:17:21.178 [main] DEBUG org.apache.http.impl.conn.BasicClientConnectionManager - Releasing connection org.apache.http.impl.conn.ManagedClientConnectionImpl@2fe2fcc2
19:17:21.178 [main] DEBUG org.apache.http.impl.conn.BasicClientConnectionManager - Connection can be kept alive indefinitely
19:17:21.179 [main] DEBUG net.thucydides.core.steps.StepInterceptor - STEP DONE: I send HTTP api DELETE request for category
  &amp#27;[32mWhen &amp#27;[0m&amp#27;[32mI send HTTP api DELETE request for category&amp#27;[0m                &amp#27;[90m# starter.stepdefinitions.ProductCategorySteps.iSendHTTPApiDELETERequestForCategory()&amp#27;[0m
19:17:21.186 [main] DEBUG net.thucydides.core.steps.StepInterceptor - STARTING STEP: ProductCategorySteps.iReceiveValidHTTPResponseCodeForCategoryDELETE - I receive valid HTTP response code {int} for category DELETE
19:17:21.187 [main] DEBUG net.thucydides.core.steps.StepInterceptor - STEP DONE: I receive valid HTTP response code {int} for category DELETE
  &amp#27;[32mThen &amp#27;[0m&amp#27;[32mI receive valid HTTP response code &amp#27;[0m&amp#27;[32m&amp#27;[1m200&amp#27;[0m&amp#27;[32m for category DELETE&amp#27;[0m &amp#27;[90m# starter.stepdefinitions.ProductCategorySteps.iReceiveValidHTTPResponseCodeForCategoryDELETE(int)&amp#27;[0m
19:17:21.190 [main] INFO  - 
  _____   ___   ___   _____     ___     _     ___   ___   ___   ___  
 |_   _| | __| / __| |_   _|   | _ \   /_\   / __| / __| | __| |   \ 
   | |   | _|  \__ \   | |     |  _/  / _ \  \__ \ \__ \ | _|  | |) |
   |_|   |___| |___/   |_|     |_|   /_/ \_\ |___/ |___/ |___| |___/ 

DELETE category
----------------------------------------------------------------------
]]></system-out>
  </testcase>
</testsuite>